ERROR - 2024-09-14 05:52:20 --> mysqli_sql_exception: Table 'if0_34654888_invoices.payments' doesn't exist in /home/vol18_1/infinityfree.com/if0_34654888/htdocs/office/codeigniter/system/Database/MySQLi/Connection.php:312
Stack trace:
#0 /home/vol18_1/infinityfree.com/if0_34654888/htdocs/office/codeigniter/system/Database/MySQLi/Connection.php(312): mysqli->query('SELECT * FROM p...', 0)
#1 /home/vol18_1/infinityfree.com/if0_34654888/htdocs/office/codeigniter/system/Database/BaseConnection.php(734): CodeIgniter\Database\MySQLi\Connection->execute('SELECT * FROM p...')
#2 /home/vol18_1/infinityfree.com/if0_34654888/htdocs/office/codeigniter/system/Database/BaseConnection.php(648): CodeIgniter\Database\BaseConnection->simpleQuery('SELECT * FROM p...')
#3 /home/vol18_1/infinityfree.com/if0_34654888/htdocs/office/codeigniter/app/Models/DailyModel.php(397): CodeIgniter\Database\BaseConnection->query('SELECT * FROM p...')
#4 /home/vol18_1/infinityfree.com/if0_34654888/htdocs/office/codeigniter/app/Controllers/Paymentreports.php(21): App\Models\DailyModel->chequereports()
#5 /home/vol18_1/infinityfree.com/if0_34654888/htdocs/office/codeigniter/system/CodeIgniter.php(933): App\Controllers\Paymentreports->index()
#6 /home/vol18_1/infinityfree.com/if0_34654888/htdocs/office/codeigniter/system/CodeIgniter.php(509): CodeIgniter\CodeIgniter->runController(Object(App\Controllers\Paymentreports))
#7 /home/vol18_1/infinityfree.com/if0_34654888/htdocs/office/codeigniter/system/CodeIgniter.php(355): CodeIgniter\CodeIgniter->handleRequest(NULL, Object(Config\Cache), false)
#8 /home/vol18_1/infinityfree.com/if0_34654888/htdocs/office/codeigniter/system/Boot.php(325): CodeIgniter\CodeIgniter->run()
#9 /home/vol18_1/infinityfree.com/if0_34654888/htdocs/office/codeigniter/system/Boot.php(67): CodeIgniter\Boot::runCodeIgniter(Object(CodeIgniter\CodeIgniter))
#10 /home/vol18_1/infinityfree.com/if0_34654888/htdocs/office/codeigniter/public/index.php(56): CodeIgniter\Boot::bootWeb(Object(Config\Paths))
#11 {main}
CRITICAL - 2024-09-14 05:52:20 --> CodeIgniter\Database\Exceptions\DatabaseException: Table 'if0_34654888_invoices.payments' doesn't exist
[Method: GET, Route: chequereports]
in SYSTEMPATH/Database/BaseConnection.php on line 688.
 1 APPPATH/Models/DailyModel.php(397): CodeIgniter\Database\BaseConnection->query('SELECT * FROM payments WHERE ptype=\'1\'')
 2 APPPATH/Controllers/Paymentreports.php(21): App\Models\DailyModel->chequereports()
 3 SYSTEMPATH/CodeIgniter.php(933): App\Controllers\Paymentreports->index()
 4 SYSTEMPATH/CodeIgniter.php(509): CodeIgniter\CodeIgniter->runController(Object(App\Controllers\Paymentreports))
 5 SYSTEMPATH/CodeIgniter.php(355): CodeIgniter\CodeIgniter->handleRequest(null, Object(Config\Cache), false)
 6 SYSTEMPATH/Boot.php(325): CodeIgniter\CodeIgniter->run()
 7 SYSTEMPATH/Boot.php(67): CodeIgniter\Boot::runCodeIgniter(Object(CodeIgniter\CodeIgniter))
 8 FCPATH/index.php(56): CodeIgniter\Boot::bootWeb(Object(Config\Paths))
CRITICAL - 2024-09-14 05:52:20 --> [Caused by] CodeIgniter\Database\Exceptions\DatabaseException: Table 'if0_34654888_invoices.payments' doesn't exist
in SYSTEMPATH/Database/MySQLi/Connection.php on line 317.
 1 SYSTEMPATH/Database/BaseConnection.php(734): CodeIgniter\Database\MySQLi\Connection->execute('SELECT * FROM payments WHERE ptype=\'1\'')
 2 SYSTEMPATH/Database/BaseConnection.php(648): CodeIgniter\Database\BaseConnection->simpleQuery('SELECT * FROM payments WHERE ptype=\'1\'')
 3 APPPATH/Models/DailyModel.php(397): CodeIgniter\Database\BaseConnection->query('SELECT * FROM payments WHERE ptype=\'1\'')
 4 APPPATH/Controllers/Paymentreports.php(21): App\Models\DailyModel->chequereports()
 5 SYSTEMPATH/CodeIgniter.php(933): App\Controllers\Paymentreports->index()
 6 SYSTEMPATH/CodeIgniter.php(509): CodeIgniter\CodeIgniter->runController(Object(App\Controllers\Paymentreports))
 7 SYSTEMPATH/CodeIgniter.php(355): CodeIgniter\CodeIgniter->handleRequest(null, Object(Config\Cache), false)
 8 SYSTEMPATH/Boot.php(325): CodeIgniter\CodeIgniter->run()
 9 SYSTEMPATH/Boot.php(67): CodeIgniter\Boot::runCodeIgniter(Object(CodeIgniter\CodeIgniter))
10 FCPATH/index.php(56): CodeIgniter\Boot::bootWeb(Object(Config\Paths))
CRITICAL - 2024-09-14 05:52:20 --> [Caused by] mysqli_sql_exception: Table 'if0_34654888_invoices.payments' doesn't exist
in SYSTEMPATH/Database/MySQLi/Connection.php on line 312.
 1 SYSTEMPATH/Database/MySQLi/Connection.php(312): mysqli->query('SELECT * FROM payments WHERE ptype=\'1\'', 0)
 2 SYSTEMPATH/Database/BaseConnection.php(734): CodeIgniter\Database\MySQLi\Connection->execute('SELECT * FROM payments WHERE ptype=\'1\'')
 3 SYSTEMPATH/Database/BaseConnection.php(648): CodeIgniter\Database\BaseConnection->simpleQuery('SELECT * FROM payments WHERE ptype=\'1\'')
 4 APPPATH/Models/DailyModel.php(397): CodeIgniter\Database\BaseConnection->query('SELECT * FROM payments WHERE ptype=\'1\'')
 5 APPPATH/Controllers/Paymentreports.php(21): App\Models\DailyModel->chequereports()
 6 SYSTEMPATH/CodeIgniter.php(933): App\Controllers\Paymentreports->index()
 7 SYSTEMPATH/CodeIgniter.php(509): CodeIgniter\CodeIgniter->runController(Object(App\Controllers\Paymentreports))
 8 SYSTEMPATH/CodeIgniter.php(355): CodeIgniter\CodeIgniter->handleRequest(null, Object(Config\Cache), false)
 9 SYSTEMPATH/Boot.php(325): CodeIgniter\CodeIgniter->run()
10 SYSTEMPATH/Boot.php(67): CodeIgniter\Boot::runCodeIgniter(Object(CodeIgniter\CodeIgniter))
11 FCPATH/index.php(56): CodeIgniter\Boot::bootWeb(Object(Config\Paths))
CRITICAL - 2024-09-14 09:39:42 --> ErrorException: Attempt to read property "dcnames" on null
[Method: GET, Route: chequereports]
in APPPATH/Helpers/fornames_helper.php on line 56.
 1 APPPATH/Helpers/fornames_helper.php(56): CodeIgniter\Debug\Exceptions->errorHandler(2, 'Attempt to read property "dcnames" on null', '/home/vol18_1/infinityfree.com/if0_34654888/htdocs/office/codeigniter/app/Helpers/fornames_helper.php', 56)
 2 APPPATH/Views/reports/chequereports.php(100): getdbc('12')
 3 SYSTEMPATH/View/View.php(234): include('/home/vol18_1/infinityfree.com/if0_34654888/htdocs/office/codeigniter/app/Views/reports/chequereports.php')
 4 SYSTEMPATH/View/View.php(237): CodeIgniter\View\View->CodeIgniter\View\{closure}()
 5 SYSTEMPATH/Common.php(1169): CodeIgniter\View\View->render('reports/chequereports', [], true)
 6 APPPATH/Controllers/Paymentreports.php(25): view('reports/chequereports', [...])
 7 SYSTEMPATH/CodeIgniter.php(933): App\Controllers\Paymentreports->index()
 8 SYSTEMPATH/CodeIgniter.php(509): CodeIgniter\CodeIgniter->runController(Object(App\Controllers\Paymentreports))
 9 SYSTEMPATH/CodeIgniter.php(355): CodeIgniter\CodeIgniter->handleRequest(null, Object(Config\Cache), false)
10 SYSTEMPATH/Boot.php(325): CodeIgniter\CodeIgniter->run()
11 SYSTEMPATH/Boot.php(67): CodeIgniter\Boot::runCodeIgniter(Object(CodeIgniter\CodeIgniter))
12 FCPATH/index.php(56): CodeIgniter\Boot::bootWeb(Object(Config\Paths))
CRITICAL - 2024-09-14 09:40:05 --> ErrorException: Attempt to read property "dcnames" on null
[Method: GET, Route: chequereports]
in APPPATH/Helpers/fornames_helper.php on line 56.
 1 APPPATH/Helpers/fornames_helper.php(56): CodeIgniter\Debug\Exceptions->errorHandler(2, 'Attempt to read property "dcnames" on null', '/home/vol18_1/infinityfree.com/if0_34654888/htdocs/office/codeigniter/app/Helpers/fornames_helper.php', 56)
 2 APPPATH/Views/reports/chequereports.php(100): getdbc('12')
 3 SYSTEMPATH/View/View.php(234): include('/home/vol18_1/infinityfree.com/if0_34654888/htdocs/office/codeigniter/app/Views/reports/chequereports.php')
 4 SYSTEMPATH/View/View.php(237): CodeIgniter\View\View->CodeIgniter\View\{closure}()
 5 SYSTEMPATH/Common.php(1169): CodeIgniter\View\View->render('reports/chequereports', [], true)
 6 APPPATH/Controllers/Paymentreports.php(25): view('reports/chequereports', [...])
 7 SYSTEMPATH/CodeIgniter.php(933): App\Controllers\Paymentreports->index()
 8 SYSTEMPATH/CodeIgniter.php(509): CodeIgniter\CodeIgniter->runController(Object(App\Controllers\Paymentreports))
 9 SYSTEMPATH/CodeIgniter.php(355): CodeIgniter\CodeIgniter->handleRequest(null, Object(Config\Cache), false)
10 SYSTEMPATH/Boot.php(325): CodeIgniter\CodeIgniter->run()
11 SYSTEMPATH/Boot.php(67): CodeIgniter\Boot::runCodeIgniter(Object(CodeIgniter\CodeIgniter))
12 FCPATH/index.php(56): CodeIgniter\Boot::bootWeb(Object(Config\Paths))
