ERROR - 2025-05-25 08:07:21 --> Session: Unable to obtain lock for file '/home/vol18_1/infinityfree.com/if0_34654888/htdocs/office/codeigniter/writable/session/ci_sessionb3858b345224a0153f4b8ded483240deb1fca3a1'.
CRITICAL - 2025-05-25 08:07:21 --> ErrorException: session_start(): Failed to read session data: user (path: /home/vol18_1/infinityfree.com/if0_34654888/htdocs/office/codeigniter/writable/session)
[Method: GET, Route: attendance/addPunch]
in SYSTEMPATH/Session/Session.php on line 920.
 1 [internal function]: CodeIgniter\Debug\Exceptions->errorHandler(2, 'session_start(): Failed to read session data: user (path: /home/vol18_1/infinityfree.com/if0_34654888/htdocs/office/codeigniter/writable/session)', '/home/vol18_1/infinityfree.com/if0_34654888/htdocs/office/codeigniter/system/Session/Session.php', 920)
 2 SYSTEMPATH/Session/Session.php(920): session_start()
 3 SYSTEMPATH/Session/Session.php(242): CodeIgniter\Session\Session->startSession()
 4 SYSTEMPATH/Config/Services.php(710): CodeIgniter\Session\Session->start()
 5 SYSTEMPATH/Config/BaseService.php(312): CodeIgniter\Config\Services::session(Object(Config\Session), false)
 6 SYSTEMPATH/Config/BaseService.php(251): CodeIgniter\Config\BaseService::__callStatic('session', [...])
 7 SYSTEMPATH/Config/Services.php(668): CodeIgniter\Config\BaseService::getSharedInstance('session', null)
 8 SYSTEMPATH/Config/BaseService.php(321): CodeIgniter\Config\Services::session()
 9 APPPATH/Controllers/BaseController.php(56): CodeIgniter\Config\BaseService::__callStatic('session', [])
10 SYSTEMPATH/CodeIgniter.php(904): App\Controllers\BaseController->initController(Object(CodeIgniter\HTTP\IncomingRequest), Object(CodeIgniter\HTTP\Response), Object(CodeIgniter\Log\Logger))
11 SYSTEMPATH/CodeIgniter.php(500): CodeIgniter\CodeIgniter->createController()
12 SYSTEMPATH/CodeIgniter.php(355): CodeIgniter\CodeIgniter->handleRequest(null, Object(Config\Cache), false)
13 SYSTEMPATH/Boot.php(325): CodeIgniter\CodeIgniter->run()
14 SYSTEMPATH/Boot.php(67): CodeIgniter\Boot::runCodeIgniter(Object(CodeIgniter\CodeIgniter))
15 FCPATH/index.php(56): CodeIgniter\Boot::bootWeb(Object(Config\Paths))
ERROR - 2025-05-25 09:24:44 --> Error connecting to the database: mysqli_sql_exception: Connection timed out in /home/vol18_1/infinityfree.com/if0_34654888/htdocs/office/codeigniter/system/Database/MySQLi/Connection.php:186
Stack trace:
#0 /home/vol18_1/infinityfree.com/if0_34654888/htdocs/office/codeigniter/system/Database/MySQLi/Connection.php(186): mysqli->real_connect('sql101.infinity...', 'if0_34654888', Object(SensitiveParameterValue), 'if0_34654888_in...', 3306, '', 0)
#1 /home/vol18_1/infinityfree.com/if0_34654888/htdocs/office/codeigniter/system/Database/BaseConnection.php(421): CodeIgniter\Database\MySQLi\Connection->connect(false)
#2 /home/vol18_1/infinityfree.com/if0_34654888/htdocs/office/codeigniter/system/Database/BaseConnection.php(616): CodeIgniter\Database\BaseConnection->initialize()
#3 /home/vol18_1/infinityfree.com/if0_34654888/htdocs/office/codeigniter/app/Models/attendance/AttendanceModel.php(414): CodeIgniter\Database\BaseConnection->query('\n\t\t\t\tSELECT * \n...')
#4 /home/vol18_1/infinityfree.com/if0_34654888/htdocs/office/codeigniter/app/Controllers/attendance/Attendance.php(649): App\Models\attendance\AttendanceModel->searchAttendanceTol(Array)
#5 /home/vol18_1/infinityfree.com/if0_34654888/htdocs/office/codeigniter/system/CodeIgniter.php(933): App\Controllers\attendance\Attendance->bringAtt()
#6 /home/vol18_1/infinityfree.com/if0_34654888/htdocs/office/codeigniter/system/CodeIgniter.php(509): CodeIgniter\CodeIgniter->runController(Object(App\Controllers\attendance\Attendance))
#7 /home/vol18_1/infinityfree.com/if0_34654888/htdocs/office/codeigniter/system/CodeIgniter.php(355): CodeIgniter\CodeIgniter->handleRequest(NULL, Object(Config\Cache), false)
#8 /home/vol18_1/infinityfree.com/if0_34654888/htdocs/office/codeigniter/system/Boot.php(325): CodeIgniter\CodeIgniter->run()
#9 /home/vol18_1/infinityfree.com/if0_34654888/htdocs/office/codeigniter/system/Boot.php(67): CodeIgniter\Boot::runCodeIgniter(Object(CodeIgniter\CodeIgniter))
#10 /home/vol18_1/infinityfree.com/if0_34654888/htdocs/office/codeigniter/public/index.php(56): CodeIgniter\Boot::bootWeb(Object(Config\Paths))
#11 {main}

Next CodeIgniter\Database\Exceptions\DatabaseException: Connection timed out in /home/vol18_1/infinityfree.com/if0_34654888/htdocs/office/codeigniter/system/Database/MySQLi/Connection.php:231
Stack trace:
#0 /home/vol18_1/infinityfree.com/if0_34654888/htdocs/office/codeigniter/system/Database/BaseConnection.php(421): CodeIgniter\Database\MySQLi\Connection->connect(false)
#1 /home/vol18_1/infinityfree.com/if0_34654888/htdocs/office/codeigniter/system/Database/BaseConnection.php(616): CodeIgniter\Database\BaseConnection->initialize()
#2 /home/vol18_1/infinityfree.com/if0_34654888/htdocs/office/codeigniter/app/Models/attendance/AttendanceModel.php(414): CodeIgniter\Database\BaseConnection->query('\n\t\t\t\tSELECT * \n...')
#3 /home/vol18_1/infinityfree.com/if0_34654888/htdocs/office/codeigniter/app/Controllers/attendance/Attendance.php(649): App\Models\attendance\AttendanceModel->searchAttendanceTol(Array)
#4 /home/vol18_1/infinityfree.com/if0_34654888/htdocs/office/codeigniter/system/CodeIgniter.php(933): App\Controllers\attendance\Attendance->bringAtt()
#5 /home/vol18_1/infinityfree.com/if0_34654888/htdocs/office/codeigniter/system/CodeIgniter.php(509): CodeIgniter\CodeIgniter->runController(Object(App\Controllers\attendance\Attendance))
#6 /home/vol18_1/infinityfree.com/if0_34654888/htdocs/office/codeigniter/system/CodeIgniter.php(355): CodeIgniter\CodeIgniter->handleRequest(NULL, Object(Config\Cache), false)
#7 /home/vol18_1/infinityfree.com/if0_34654888/htdocs/office/codeigniter/system/Boot.php(325): CodeIgniter\CodeIgniter->run()
#8 /home/vol18_1/infinityfree.com/if0_34654888/htdocs/office/codeigniter/system/Boot.php(67): CodeIgniter\Boot::runCodeIgniter(Object(CodeIgniter\CodeIgniter))
#9 /home/vol18_1/infinityfree.com/if0_34654888/htdocs/office/codeigniter/public/index.php(56): CodeIgniter\Boot::bootWeb(Object(Config\Paths))
#10 {main}
CRITICAL - 2025-05-25 09:24:44 --> CodeIgniter\Database\Exceptions\DatabaseException: Unable to connect to the database.
Main connection [MySQLi]: Connection timed out
[Method: GET, Route: attendance/bringAtt]
in SYSTEMPATH/Database/BaseConnection.php on line 467.
 1 SYSTEMPATH/Database/BaseConnection.php(616): CodeIgniter\Database\BaseConnection->initialize()
 2 APPPATH/Models/attendance/AttendanceModel.php(414): CodeIgniter\Database\BaseConnection->query('
				SELECT * 
				FROM tinout 
				WHERE 1 AND pdate BETWEEN \'2025-05-01\' AND \'2025-05-25\' AND location=7 AND empId=14
				ORDER BY pdate;

			')
 3 APPPATH/Controllers/attendance/Attendance.php(649): App\Models\attendance\AttendanceModel->searchAttendanceTol([...])
 4 SYSTEMPATH/CodeIgniter.php(933): App\Controllers\attendance\Attendance->bringAtt()
 5 SYSTEMPATH/CodeIgniter.php(509): CodeIgniter\CodeIgniter->runController(Object(App\Controllers\attendance\Attendance))
 6 SYSTEMPATH/CodeIgniter.php(355): CodeIgniter\CodeIgniter->handleRequest(null, Object(Config\Cache), false)
 7 SYSTEMPATH/Boot.php(325): CodeIgniter\CodeIgniter->run()
 8 SYSTEMPATH/Boot.php(67): CodeIgniter\Boot::runCodeIgniter(Object(CodeIgniter\CodeIgniter))
 9 FCPATH/index.php(56): CodeIgniter\Boot::bootWeb(Object(Config\Paths))
