ERROR - 2024-11-09 06:15:09 --> mysqli_sql_exception: Column 'userid' cannot be null in /home/vol18_1/infinityfree.com/if0_34654888/htdocs/office/codeigniter/system/Database/MySQLi/Connection.php:312
Stack trace:
#0 /home/vol18_1/infinityfree.com/if0_34654888/htdocs/office/codeigniter/system/Database/MySQLi/Connection.php(312): mysqli->query('INSERT INTO `ci...', 0)
#1 /home/vol18_1/infinityfree.com/if0_34654888/htdocs/office/codeigniter/system/Database/BaseConnection.php(734): CodeIgniter\Database\MySQLi\Connection->execute('INSERT INTO `ci...')
#2 /home/vol18_1/infinityfree.com/if0_34654888/htdocs/office/codeigniter/system/Database/BaseConnection.php(648): CodeIgniter\Database\BaseConnection->simpleQuery('INSERT INTO `ci...')
#3 /home/vol18_1/infinityfree.com/if0_34654888/htdocs/office/codeigniter/system/Database/BaseBuilder.php(2340): CodeIgniter\Database\BaseConnection->query('INSERT INTO `ci...', Array, false)
#4 /home/vol18_1/infinityfree.com/if0_34654888/htdocs/office/codeigniter/app/Models/DailyModel.php(355): CodeIgniter\Database\BaseBuilder->insert(Array)
#5 /home/vol18_1/infinityfree.com/if0_34654888/htdocs/office/codeigniter/app/Controllers/Cinout.php(136): App\Models\DailyModel->savedc(Array, 'cinout')
#6 /home/vol18_1/infinityfree.com/if0_34654888/htdocs/office/codeigniter/system/CodeIgniter.php(933): App\Controllers\Cinout->save()
#7 /home/vol18_1/infinityfree.com/if0_34654888/htdocs/office/codeigniter/system/CodeIgniter.php(509): CodeIgniter\CodeIgniter->runController(Object(App\Controllers\Cinout))
#8 /home/vol18_1/infinityfree.com/if0_34654888/htdocs/office/codeigniter/system/CodeIgniter.php(355): CodeIgniter\CodeIgniter->handleRequest(NULL, Object(Config\Cache), false)
#9 /home/vol18_1/infinityfree.com/if0_34654888/htdocs/office/codeigniter/system/Boot.php(325): CodeIgniter\CodeIgniter->run()
#10 /home/vol18_1/infinityfree.com/if0_34654888/htdocs/office/codeigniter/system/Boot.php(67): CodeIgniter\Boot::runCodeIgniter(Object(CodeIgniter\CodeIgniter))
#11 /home/vol18_1/infinityfree.com/if0_34654888/htdocs/office/codeigniter/public/index.php(56): CodeIgniter\Boot::bootWeb(Object(Config\Paths))
#12 {main}
CRITICAL - 2024-11-09 06:15:09 --> CodeIgniter\Database\Exceptions\DatabaseException: Column 'userid' cannot be null
[Method: POST, Route: cinoutsave]
in SYSTEMPATH/Database/BaseConnection.php on line 688.
 1 SYSTEMPATH/Database/BaseBuilder.php(2340): CodeIgniter\Database\BaseConnection->query('INSERT INTO `cinout` (`shop`, `cin`, `purchase`, `purchasenot`, `local`, `foreigner`, `remark`, `userid`, `username`, `saveDate`) VALUES (:shop:, :cin:, :purchase:, :purchasenot:, :local:, :foreigner:, :remark:, :userid:, :username:, :saveDate:)', [...], false)
 2 APPPATH/Models/DailyModel.php(355): CodeIgniter\Database\BaseBuilder->insert([...])
 3 APPPATH/Controllers/Cinout.php(136): App\Models\DailyModel->savedc([...], 'cinout')
 4 SYSTEMPATH/CodeIgniter.php(933): App\Controllers\Cinout->save()
 5 SYSTEMPATH/CodeIgniter.php(509): CodeIgniter\CodeIgniter->runController(Object(App\Controllers\Cinout))
 6 SYSTEMPATH/CodeIgniter.php(355): CodeIgniter\CodeIgniter->handleRequest(null, Object(Config\Cache), false)
 7 SYSTEMPATH/Boot.php(325): CodeIgniter\CodeIgniter->run()
 8 SYSTEMPATH/Boot.php(67): CodeIgniter\Boot::runCodeIgniter(Object(CodeIgniter\CodeIgniter))
 9 FCPATH/index.php(56): CodeIgniter\Boot::bootWeb(Object(Config\Paths))
CRITICAL - 2024-11-09 06:15:09 --> [Caused by] CodeIgniter\Database\Exceptions\DatabaseException: Column 'userid' cannot be null
in SYSTEMPATH/Database/MySQLi/Connection.php on line 317.
 1 SYSTEMPATH/Database/BaseConnection.php(734): CodeIgniter\Database\MySQLi\Connection->execute('INSERT INTO `cinout` (`shop`, `cin`, `purchase`, `purchasenot`, `local`, `foreigner`, `remark`, `userid`, `username`, `saveDate`) VALUES (\'3\', \'1\', 1, 0, 0, 1, \'BRAND&89\', NULL, NULL, \'2024-11-09 06:15:09\')')
 2 SYSTEMPATH/Database/BaseConnection.php(648): CodeIgniter\Database\BaseConnection->simpleQuery('INSERT INTO `cinout` (`shop`, `cin`, `purchase`, `purchasenot`, `local`, `foreigner`, `remark`, `userid`, `username`, `saveDate`) VALUES (\'3\', \'1\', 1, 0, 0, 1, \'BRAND&89\', NULL, NULL, \'2024-11-09 06:15:09\')')
 3 SYSTEMPATH/Database/BaseBuilder.php(2340): CodeIgniter\Database\BaseConnection->query('INSERT INTO `cinout` (`shop`, `cin`, `purchase`, `purchasenot`, `local`, `foreigner`, `remark`, `userid`, `username`, `saveDate`) VALUES (:shop:, :cin:, :purchase:, :purchasenot:, :local:, :foreigner:, :remark:, :userid:, :username:, :saveDate:)', [...], false)
 4 APPPATH/Models/DailyModel.php(355): CodeIgniter\Database\BaseBuilder->insert([...])
 5 APPPATH/Controllers/Cinout.php(136): App\Models\DailyModel->savedc([...], 'cinout')
 6 SYSTEMPATH/CodeIgniter.php(933): App\Controllers\Cinout->save()
 7 SYSTEMPATH/CodeIgniter.php(509): CodeIgniter\CodeIgniter->runController(Object(App\Controllers\Cinout))
 8 SYSTEMPATH/CodeIgniter.php(355): CodeIgniter\CodeIgniter->handleRequest(null, Object(Config\Cache), false)
 9 SYSTEMPATH/Boot.php(325): CodeIgniter\CodeIgniter->run()
10 SYSTEMPATH/Boot.php(67): CodeIgniter\Boot::runCodeIgniter(Object(CodeIgniter\CodeIgniter))
11 FCPATH/index.php(56): CodeIgniter\Boot::bootWeb(Object(Config\Paths))
CRITICAL - 2024-11-09 06:15:09 --> [Caused by] mysqli_sql_exception: Column 'userid' cannot be null
in SYSTEMPATH/Database/MySQLi/Connection.php on line 312.
 1 SYSTEMPATH/Database/MySQLi/Connection.php(312): mysqli->query('INSERT INTO `cinout` (`shop`, `cin`, `purchase`, `purchasenot`, `local`, `foreigner`, `remark`, `userid`, `username`, `saveDate`) VALUES (\'3\', \'1\', 1, 0, 0, 1, \'BRAND&89\', NULL, NULL, \'2024-11-09 06:15:09\')', 0)
 2 SYSTEMPATH/Database/BaseConnection.php(734): CodeIgniter\Database\MySQLi\Connection->execute('INSERT INTO `cinout` (`shop`, `cin`, `purchase`, `purchasenot`, `local`, `foreigner`, `remark`, `userid`, `username`, `saveDate`) VALUES (\'3\', \'1\', 1, 0, 0, 1, \'BRAND&89\', NULL, NULL, \'2024-11-09 06:15:09\')')
 3 SYSTEMPATH/Database/BaseConnection.php(648): CodeIgniter\Database\BaseConnection->simpleQuery('INSERT INTO `cinout` (`shop`, `cin`, `purchase`, `purchasenot`, `local`, `foreigner`, `remark`, `userid`, `username`, `saveDate`) VALUES (\'3\', \'1\', 1, 0, 0, 1, \'BRAND&89\', NULL, NULL, \'2024-11-09 06:15:09\')')
 4 SYSTEMPATH/Database/BaseBuilder.php(2340): CodeIgniter\Database\BaseConnection->query('INSERT INTO `cinout` (`shop`, `cin`, `purchase`, `purchasenot`, `local`, `foreigner`, `remark`, `userid`, `username`, `saveDate`) VALUES (:shop:, :cin:, :purchase:, :purchasenot:, :local:, :foreigner:, :remark:, :userid:, :username:, :saveDate:)', [...], false)
 5 APPPATH/Models/DailyModel.php(355): CodeIgniter\Database\BaseBuilder->insert([...])
 6 APPPATH/Controllers/Cinout.php(136): App\Models\DailyModel->savedc([...], 'cinout')
 7 SYSTEMPATH/CodeIgniter.php(933): App\Controllers\Cinout->save()
 8 SYSTEMPATH/CodeIgniter.php(509): CodeIgniter\CodeIgniter->runController(Object(App\Controllers\Cinout))
 9 SYSTEMPATH/CodeIgniter.php(355): CodeIgniter\CodeIgniter->handleRequest(null, Object(Config\Cache), false)
10 SYSTEMPATH/Boot.php(325): CodeIgniter\CodeIgniter->run()
11 SYSTEMPATH/Boot.php(67): CodeIgniter\Boot::runCodeIgniter(Object(CodeIgniter\CodeIgniter))
12 FCPATH/index.php(56): CodeIgniter\Boot::bootWeb(Object(Config\Paths))
ERROR - 2024-11-09 06:15:13 --> mysqli_sql_exception: Column 'userid' cannot be null in /home/vol18_1/infinityfree.com/if0_34654888/htdocs/office/codeigniter/system/Database/MySQLi/Connection.php:312
Stack trace:
#0 /home/vol18_1/infinityfree.com/if0_34654888/htdocs/office/codeigniter/system/Database/MySQLi/Connection.php(312): mysqli->query('INSERT INTO `ci...', 0)
#1 /home/vol18_1/infinityfree.com/if0_34654888/htdocs/office/codeigniter/system/Database/BaseConnection.php(734): CodeIgniter\Database\MySQLi\Connection->execute('INSERT INTO `ci...')
#2 /home/vol18_1/infinityfree.com/if0_34654888/htdocs/office/codeigniter/system/Database/BaseConnection.php(648): CodeIgniter\Database\BaseConnection->simpleQuery('INSERT INTO `ci...')
#3 /home/vol18_1/infinityfree.com/if0_34654888/htdocs/office/codeigniter/system/Database/BaseBuilder.php(2340): CodeIgniter\Database\BaseConnection->query('INSERT INTO `ci...', Array, false)
#4 /home/vol18_1/infinityfree.com/if0_34654888/htdocs/office/codeigniter/app/Models/DailyModel.php(355): CodeIgniter\Database\BaseBuilder->insert(Array)
#5 /home/vol18_1/infinityfree.com/if0_34654888/htdocs/office/codeigniter/app/Controllers/Cinout.php(136): App\Models\DailyModel->savedc(Array, 'cinout')
#6 /home/vol18_1/infinityfree.com/if0_34654888/htdocs/office/codeigniter/system/CodeIgniter.php(933): App\Controllers\Cinout->save()
#7 /home/vol18_1/infinityfree.com/if0_34654888/htdocs/office/codeigniter/system/CodeIgniter.php(509): CodeIgniter\CodeIgniter->runController(Object(App\Controllers\Cinout))
#8 /home/vol18_1/infinityfree.com/if0_34654888/htdocs/office/codeigniter/system/CodeIgniter.php(355): CodeIgniter\CodeIgniter->handleRequest(NULL, Object(Config\Cache), false)
#9 /home/vol18_1/infinityfree.com/if0_34654888/htdocs/office/codeigniter/system/Boot.php(325): CodeIgniter\CodeIgniter->run()
#10 /home/vol18_1/infinityfree.com/if0_34654888/htdocs/office/codeigniter/system/Boot.php(67): CodeIgniter\Boot::runCodeIgniter(Object(CodeIgniter\CodeIgniter))
#11 /home/vol18_1/infinityfree.com/if0_34654888/htdocs/office/codeigniter/public/index.php(56): CodeIgniter\Boot::bootWeb(Object(Config\Paths))
#12 {main}
CRITICAL - 2024-11-09 06:15:13 --> CodeIgniter\Database\Exceptions\DatabaseException: Column 'userid' cannot be null
[Method: POST, Route: cinoutsave]
in SYSTEMPATH/Database/BaseConnection.php on line 688.
 1 SYSTEMPATH/Database/BaseBuilder.php(2340): CodeIgniter\Database\BaseConnection->query('INSERT INTO `cinout` (`shop`, `cin`, `purchase`, `purchasenot`, `local`, `foreigner`, `remark`, `userid`, `username`, `saveDate`) VALUES (:shop:, :cin:, :purchase:, :purchasenot:, :local:, :foreigner:, :remark:, :userid:, :username:, :saveDate:)', [...], false)
 2 APPPATH/Models/DailyModel.php(355): CodeIgniter\Database\BaseBuilder->insert([...])
 3 APPPATH/Controllers/Cinout.php(136): App\Models\DailyModel->savedc([...], 'cinout')
 4 SYSTEMPATH/CodeIgniter.php(933): App\Controllers\Cinout->save()
 5 SYSTEMPATH/CodeIgniter.php(509): CodeIgniter\CodeIgniter->runController(Object(App\Controllers\Cinout))
 6 SYSTEMPATH/CodeIgniter.php(355): CodeIgniter\CodeIgniter->handleRequest(null, Object(Config\Cache), false)
 7 SYSTEMPATH/Boot.php(325): CodeIgniter\CodeIgniter->run()
 8 SYSTEMPATH/Boot.php(67): CodeIgniter\Boot::runCodeIgniter(Object(CodeIgniter\CodeIgniter))
 9 FCPATH/index.php(56): CodeIgniter\Boot::bootWeb(Object(Config\Paths))
CRITICAL - 2024-11-09 06:15:13 --> [Caused by] CodeIgniter\Database\Exceptions\DatabaseException: Column 'userid' cannot be null
in SYSTEMPATH/Database/MySQLi/Connection.php on line 317.
 1 SYSTEMPATH/Database/BaseConnection.php(734): CodeIgniter\Database\MySQLi\Connection->execute('INSERT INTO `cinout` (`shop`, `cin`, `purchase`, `purchasenot`, `local`, `foreigner`, `remark`, `userid`, `username`, `saveDate`) VALUES (\'3\', \'1\', 1, 0, 0, 1, \'BRAND&89\', NULL, NULL, \'2024-11-09 06:15:13\')')
 2 SYSTEMPATH/Database/BaseConnection.php(648): CodeIgniter\Database\BaseConnection->simpleQuery('INSERT INTO `cinout` (`shop`, `cin`, `purchase`, `purchasenot`, `local`, `foreigner`, `remark`, `userid`, `username`, `saveDate`) VALUES (\'3\', \'1\', 1, 0, 0, 1, \'BRAND&89\', NULL, NULL, \'2024-11-09 06:15:13\')')
 3 SYSTEMPATH/Database/BaseBuilder.php(2340): CodeIgniter\Database\BaseConnection->query('INSERT INTO `cinout` (`shop`, `cin`, `purchase`, `purchasenot`, `local`, `foreigner`, `remark`, `userid`, `username`, `saveDate`) VALUES (:shop:, :cin:, :purchase:, :purchasenot:, :local:, :foreigner:, :remark:, :userid:, :username:, :saveDate:)', [...], false)
 4 APPPATH/Models/DailyModel.php(355): CodeIgniter\Database\BaseBuilder->insert([...])
 5 APPPATH/Controllers/Cinout.php(136): App\Models\DailyModel->savedc([...], 'cinout')
 6 SYSTEMPATH/CodeIgniter.php(933): App\Controllers\Cinout->save()
 7 SYSTEMPATH/CodeIgniter.php(509): CodeIgniter\CodeIgniter->runController(Object(App\Controllers\Cinout))
 8 SYSTEMPATH/CodeIgniter.php(355): CodeIgniter\CodeIgniter->handleRequest(null, Object(Config\Cache), false)
 9 SYSTEMPATH/Boot.php(325): CodeIgniter\CodeIgniter->run()
10 SYSTEMPATH/Boot.php(67): CodeIgniter\Boot::runCodeIgniter(Object(CodeIgniter\CodeIgniter))
11 FCPATH/index.php(56): CodeIgniter\Boot::bootWeb(Object(Config\Paths))
CRITICAL - 2024-11-09 06:15:13 --> [Caused by] mysqli_sql_exception: Column 'userid' cannot be null
in SYSTEMPATH/Database/MySQLi/Connection.php on line 312.
 1 SYSTEMPATH/Database/MySQLi/Connection.php(312): mysqli->query('INSERT INTO `cinout` (`shop`, `cin`, `purchase`, `purchasenot`, `local`, `foreigner`, `remark`, `userid`, `username`, `saveDate`) VALUES (\'3\', \'1\', 1, 0, 0, 1, \'BRAND&89\', NULL, NULL, \'2024-11-09 06:15:13\')', 0)
 2 SYSTEMPATH/Database/BaseConnection.php(734): CodeIgniter\Database\MySQLi\Connection->execute('INSERT INTO `cinout` (`shop`, `cin`, `purchase`, `purchasenot`, `local`, `foreigner`, `remark`, `userid`, `username`, `saveDate`) VALUES (\'3\', \'1\', 1, 0, 0, 1, \'BRAND&89\', NULL, NULL, \'2024-11-09 06:15:13\')')
 3 SYSTEMPATH/Database/BaseConnection.php(648): CodeIgniter\Database\BaseConnection->simpleQuery('INSERT INTO `cinout` (`shop`, `cin`, `purchase`, `purchasenot`, `local`, `foreigner`, `remark`, `userid`, `username`, `saveDate`) VALUES (\'3\', \'1\', 1, 0, 0, 1, \'BRAND&89\', NULL, NULL, \'2024-11-09 06:15:13\')')
 4 SYSTEMPATH/Database/BaseBuilder.php(2340): CodeIgniter\Database\BaseConnection->query('INSERT INTO `cinout` (`shop`, `cin`, `purchase`, `purchasenot`, `local`, `foreigner`, `remark`, `userid`, `username`, `saveDate`) VALUES (:shop:, :cin:, :purchase:, :purchasenot:, :local:, :foreigner:, :remark:, :userid:, :username:, :saveDate:)', [...], false)
 5 APPPATH/Models/DailyModel.php(355): CodeIgniter\Database\BaseBuilder->insert([...])
 6 APPPATH/Controllers/Cinout.php(136): App\Models\DailyModel->savedc([...], 'cinout')
 7 SYSTEMPATH/CodeIgniter.php(933): App\Controllers\Cinout->save()
 8 SYSTEMPATH/CodeIgniter.php(509): CodeIgniter\CodeIgniter->runController(Object(App\Controllers\Cinout))
 9 SYSTEMPATH/CodeIgniter.php(355): CodeIgniter\CodeIgniter->handleRequest(null, Object(Config\Cache), false)
10 SYSTEMPATH/Boot.php(325): CodeIgniter\CodeIgniter->run()
11 SYSTEMPATH/Boot.php(67): CodeIgniter\Boot::runCodeIgniter(Object(CodeIgniter\CodeIgniter))
12 FCPATH/index.php(56): CodeIgniter\Boot::bootWeb(Object(Config\Paths))
ERROR - 2024-11-09 12:08:31 --> mysqli_sql_exception: Column 'crno' cannot be null in /home/vol18_1/infinityfree.com/if0_34654888/htdocs/office/codeigniter/system/Database/MySQLi/Connection.php:312
Stack trace:
#0 /home/vol18_1/infinityfree.com/if0_34654888/htdocs/office/codeigniter/system/Database/MySQLi/Connection.php(312): mysqli->query('INSERT INTO `ex...', 0)
#1 /home/vol18_1/infinityfree.com/if0_34654888/htdocs/office/codeigniter/system/Database/BaseConnection.php(734): CodeIgniter\Database\MySQLi\Connection->execute('INSERT INTO `ex...')
#2 /home/vol18_1/infinityfree.com/if0_34654888/htdocs/office/codeigniter/system/Database/BaseConnection.php(648): CodeIgniter\Database\BaseConnection->simpleQuery('INSERT INTO `ex...')
#3 /home/vol18_1/infinityfree.com/if0_34654888/htdocs/office/codeigniter/system/Database/BaseBuilder.php(2340): CodeIgniter\Database\BaseConnection->query('INSERT INTO `ex...', Array, false)
#4 /home/vol18_1/infinityfree.com/if0_34654888/htdocs/office/codeigniter/app/Models/expenses/ExpensesModel.php(12): CodeIgniter\Database\BaseBuilder->insert(Array)
#5 /home/vol18_1/infinityfree.com/if0_34654888/htdocs/office/codeigniter/app/Controllers/expenses/Expenses.php(178): App\Models\expenses\ExpensesModel->saveRecord(Array, 'expenses')
#6 /home/vol18_1/infinityfree.com/if0_34654888/htdocs/office/codeigniter/system/CodeIgniter.php(933): App\Controllers\expenses\Expenses->save()
#7 /home/vol18_1/infinityfree.com/if0_34654888/htdocs/office/codeigniter/system/CodeIgniter.php(509): CodeIgniter\CodeIgniter->runController(Object(App\Controllers\expenses\Expenses))
#8 /home/vol18_1/infinityfree.com/if0_34654888/htdocs/office/codeigniter/system/CodeIgniter.php(355): CodeIgniter\CodeIgniter->handleRequest(NULL, Object(Config\Cache), false)
#9 /home/vol18_1/infinityfree.com/if0_34654888/htdocs/office/codeigniter/system/Boot.php(325): CodeIgniter\CodeIgniter->run()
#10 /home/vol18_1/infinityfree.com/if0_34654888/htdocs/office/codeigniter/system/Boot.php(67): CodeIgniter\Boot::runCodeIgniter(Object(CodeIgniter\CodeIgniter))
#11 /home/vol18_1/infinityfree.com/if0_34654888/htdocs/office/codeigniter/public/index.php(56): CodeIgniter\Boot::bootWeb(Object(Config\Paths))
#12 {main}
CRITICAL - 2024-11-09 12:08:31 --> CodeIgniter\Database\Exceptions\DatabaseException: Column 'crno' cannot be null
[Method: POST, Route: expenses/save]
in SYSTEMPATH/Database/BaseConnection.php on line 688.
 1 SYSTEMPATH/Database/BaseBuilder.php(2340): CodeIgniter\Database\BaseConnection->query('INSERT INTO `expenses` (`pdate`, `amount`, `ptype`, `crno`, `groupe`, `category`, `subcategory`, `des`, `cno`, `userid`, `username`, `saveDate`) VALUES (:pdate:, :amount:, :ptype:, :crno:, :groupe:, :category:, :subcategory:, :des:, :cno:, :userid:, :username:, :saveDate:)', [...], false)
 2 APPPATH/Models/expenses/ExpensesModel.php(12): CodeIgniter\Database\BaseBuilder->insert([...])
 3 APPPATH/Controllers/expenses/Expenses.php(178): App\Models\expenses\ExpensesModel->saveRecord([...], 'expenses')
 4 SYSTEMPATH/CodeIgniter.php(933): App\Controllers\expenses\Expenses->save()
 5 SYSTEMPATH/CodeIgniter.php(509): CodeIgniter\CodeIgniter->runController(Object(App\Controllers\expenses\Expenses))
 6 SYSTEMPATH/CodeIgniter.php(355): CodeIgniter\CodeIgniter->handleRequest(null, Object(Config\Cache), false)
 7 SYSTEMPATH/Boot.php(325): CodeIgniter\CodeIgniter->run()
 8 SYSTEMPATH/Boot.php(67): CodeIgniter\Boot::runCodeIgniter(Object(CodeIgniter\CodeIgniter))
 9 FCPATH/index.php(56): CodeIgniter\Boot::bootWeb(Object(Config\Paths))
CRITICAL - 2024-11-09 12:08:31 --> [Caused by] CodeIgniter\Database\Exceptions\DatabaseException: Column 'crno' cannot be null
in SYSTEMPATH/Database/MySQLi/Connection.php on line 317.
 1 SYSTEMPATH/Database/BaseConnection.php(734): CodeIgniter\Database\MySQLi\Connection->execute('INSERT INTO `expenses` (`pdate`, `amount`, `ptype`, `crno`, `groupe`, `category`, `subcategory`, `des`, `cno`, `userid`, `username`, `saveDate`) VALUES (\'2024-11-01\', \'1904\', \'3\', NULL, \'2\', \'5\', \'\', \'GLC Cush Purchase\', \'\', \'5\', \'Valid\', \'2024-11-09 12:08:31\')')
 2 SYSTEMPATH/Database/BaseConnection.php(648): CodeIgniter\Database\BaseConnection->simpleQuery('INSERT INTO `expenses` (`pdate`, `amount`, `ptype`, `crno`, `groupe`, `category`, `subcategory`, `des`, `cno`, `userid`, `username`, `saveDate`) VALUES (\'2024-11-01\', \'1904\', \'3\', NULL, \'2\', \'5\', \'\', \'GLC Cush Purchase\', \'\', \'5\', \'Valid\', \'2024-11-09 12:08:31\')')
 3 SYSTEMPATH/Database/BaseBuilder.php(2340): CodeIgniter\Database\BaseConnection->query('INSERT INTO `expenses` (`pdate`, `amount`, `ptype`, `crno`, `groupe`, `category`, `subcategory`, `des`, `cno`, `userid`, `username`, `saveDate`) VALUES (:pdate:, :amount:, :ptype:, :crno:, :groupe:, :category:, :subcategory:, :des:, :cno:, :userid:, :username:, :saveDate:)', [...], false)
 4 APPPATH/Models/expenses/ExpensesModel.php(12): CodeIgniter\Database\BaseBuilder->insert([...])
 5 APPPATH/Controllers/expenses/Expenses.php(178): App\Models\expenses\ExpensesModel->saveRecord([...], 'expenses')
 6 SYSTEMPATH/CodeIgniter.php(933): App\Controllers\expenses\Expenses->save()
 7 SYSTEMPATH/CodeIgniter.php(509): CodeIgniter\CodeIgniter->runController(Object(App\Controllers\expenses\Expenses))
 8 SYSTEMPATH/CodeIgniter.php(355): CodeIgniter\CodeIgniter->handleRequest(null, Object(Config\Cache), false)
 9 SYSTEMPATH/Boot.php(325): CodeIgniter\CodeIgniter->run()
10 SYSTEMPATH/Boot.php(67): CodeIgniter\Boot::runCodeIgniter(Object(CodeIgniter\CodeIgniter))
11 FCPATH/index.php(56): CodeIgniter\Boot::bootWeb(Object(Config\Paths))
CRITICAL - 2024-11-09 12:08:31 --> [Caused by] mysqli_sql_exception: Column 'crno' cannot be null
in SYSTEMPATH/Database/MySQLi/Connection.php on line 312.
 1 SYSTEMPATH/Database/MySQLi/Connection.php(312): mysqli->query('INSERT INTO `expenses` (`pdate`, `amount`, `ptype`, `crno`, `groupe`, `category`, `subcategory`, `des`, `cno`, `userid`, `username`, `saveDate`) VALUES (\'2024-11-01\', \'1904\', \'3\', NULL, \'2\', \'5\', \'\', \'GLC Cush Purchase\', \'\', \'5\', \'Valid\', \'2024-11-09 12:08:31\')', 0)
 2 SYSTEMPATH/Database/BaseConnection.php(734): CodeIgniter\Database\MySQLi\Connection->execute('INSERT INTO `expenses` (`pdate`, `amount`, `ptype`, `crno`, `groupe`, `category`, `subcategory`, `des`, `cno`, `userid`, `username`, `saveDate`) VALUES (\'2024-11-01\', \'1904\', \'3\', NULL, \'2\', \'5\', \'\', \'GLC Cush Purchase\', \'\', \'5\', \'Valid\', \'2024-11-09 12:08:31\')')
 3 SYSTEMPATH/Database/BaseConnection.php(648): CodeIgniter\Database\BaseConnection->simpleQuery('INSERT INTO `expenses` (`pdate`, `amount`, `ptype`, `crno`, `groupe`, `category`, `subcategory`, `des`, `cno`, `userid`, `username`, `saveDate`) VALUES (\'2024-11-01\', \'1904\', \'3\', NULL, \'2\', \'5\', \'\', \'GLC Cush Purchase\', \'\', \'5\', \'Valid\', \'2024-11-09 12:08:31\')')
 4 SYSTEMPATH/Database/BaseBuilder.php(2340): CodeIgniter\Database\BaseConnection->query('INSERT INTO `expenses` (`pdate`, `amount`, `ptype`, `crno`, `groupe`, `category`, `subcategory`, `des`, `cno`, `userid`, `username`, `saveDate`) VALUES (:pdate:, :amount:, :ptype:, :crno:, :groupe:, :category:, :subcategory:, :des:, :cno:, :userid:, :username:, :saveDate:)', [...], false)
 5 APPPATH/Models/expenses/ExpensesModel.php(12): CodeIgniter\Database\BaseBuilder->insert([...])
 6 APPPATH/Controllers/expenses/Expenses.php(178): App\Models\expenses\ExpensesModel->saveRecord([...], 'expenses')
 7 SYSTEMPATH/CodeIgniter.php(933): App\Controllers\expenses\Expenses->save()
 8 SYSTEMPATH/CodeIgniter.php(509): CodeIgniter\CodeIgniter->runController(Object(App\Controllers\expenses\Expenses))
 9 SYSTEMPATH/CodeIgniter.php(355): CodeIgniter\CodeIgniter->handleRequest(null, Object(Config\Cache), false)
10 SYSTEMPATH/Boot.php(325): CodeIgniter\CodeIgniter->run()
11 SYSTEMPATH/Boot.php(67): CodeIgniter\Boot::runCodeIgniter(Object(CodeIgniter\CodeIgniter))
12 FCPATH/index.php(56): CodeIgniter\Boot::bootWeb(Object(Config\Paths))
ERROR - 2024-11-09 12:13:16 --> mysqli_sql_exception: Column 'crno' cannot be null in /home/vol18_1/infinityfree.com/if0_34654888/htdocs/office/codeigniter/system/Database/MySQLi/Connection.php:312
Stack trace:
#0 /home/vol18_1/infinityfree.com/if0_34654888/htdocs/office/codeigniter/system/Database/MySQLi/Connection.php(312): mysqli->query('INSERT INTO `ex...', 0)
#1 /home/vol18_1/infinityfree.com/if0_34654888/htdocs/office/codeigniter/system/Database/BaseConnection.php(734): CodeIgniter\Database\MySQLi\Connection->execute('INSERT INTO `ex...')
#2 /home/vol18_1/infinityfree.com/if0_34654888/htdocs/office/codeigniter/system/Database/BaseConnection.php(648): CodeIgniter\Database\BaseConnection->simpleQuery('INSERT INTO `ex...')
#3 /home/vol18_1/infinityfree.com/if0_34654888/htdocs/office/codeigniter/system/Database/BaseBuilder.php(2340): CodeIgniter\Database\BaseConnection->query('INSERT INTO `ex...', Array, false)
#4 /home/vol18_1/infinityfree.com/if0_34654888/htdocs/office/codeigniter/app/Models/expenses/ExpensesModel.php(12): CodeIgniter\Database\BaseBuilder->insert(Array)
#5 /home/vol18_1/infinityfree.com/if0_34654888/htdocs/office/codeigniter/app/Controllers/expenses/Expenses.php(178): App\Models\expenses\ExpensesModel->saveRecord(Array, 'expenses')
#6 /home/vol18_1/infinityfree.com/if0_34654888/htdocs/office/codeigniter/system/CodeIgniter.php(933): App\Controllers\expenses\Expenses->save()
#7 /home/vol18_1/infinityfree.com/if0_34654888/htdocs/office/codeigniter/system/CodeIgniter.php(509): CodeIgniter\CodeIgniter->runController(Object(App\Controllers\expenses\Expenses))
#8 /home/vol18_1/infinityfree.com/if0_34654888/htdocs/office/codeigniter/system/CodeIgniter.php(355): CodeIgniter\CodeIgniter->handleRequest(NULL, Object(Config\Cache), false)
#9 /home/vol18_1/infinityfree.com/if0_34654888/htdocs/office/codeigniter/system/Boot.php(325): CodeIgniter\CodeIgniter->run()
#10 /home/vol18_1/infinityfree.com/if0_34654888/htdocs/office/codeigniter/system/Boot.php(67): CodeIgniter\Boot::runCodeIgniter(Object(CodeIgniter\CodeIgniter))
#11 /home/vol18_1/infinityfree.com/if0_34654888/htdocs/office/codeigniter/public/index.php(56): CodeIgniter\Boot::bootWeb(Object(Config\Paths))
#12 {main}
CRITICAL - 2024-11-09 12:13:16 --> CodeIgniter\Database\Exceptions\DatabaseException: Column 'crno' cannot be null
[Method: POST, Route: expenses/save]
in SYSTEMPATH/Database/BaseConnection.php on line 688.
 1 SYSTEMPATH/Database/BaseBuilder.php(2340): CodeIgniter\Database\BaseConnection->query('INSERT INTO `expenses` (`pdate`, `amount`, `ptype`, `crno`, `groupe`, `category`, `subcategory`, `des`, `cno`, `userid`, `username`, `saveDate`) VALUES (:pdate:, :amount:, :ptype:, :crno:, :groupe:, :category:, :subcategory:, :des:, :cno:, :userid:, :username:, :saveDate:)', [...], false)
 2 APPPATH/Models/expenses/ExpensesModel.php(12): CodeIgniter\Database\BaseBuilder->insert([...])
 3 APPPATH/Controllers/expenses/Expenses.php(178): App\Models\expenses\ExpensesModel->saveRecord([...], 'expenses')
 4 SYSTEMPATH/CodeIgniter.php(933): App\Controllers\expenses\Expenses->save()
 5 SYSTEMPATH/CodeIgniter.php(509): CodeIgniter\CodeIgniter->runController(Object(App\Controllers\expenses\Expenses))
 6 SYSTEMPATH/CodeIgniter.php(355): CodeIgniter\CodeIgniter->handleRequest(null, Object(Config\Cache), false)
 7 SYSTEMPATH/Boot.php(325): CodeIgniter\CodeIgniter->run()
 8 SYSTEMPATH/Boot.php(67): CodeIgniter\Boot::runCodeIgniter(Object(CodeIgniter\CodeIgniter))
 9 FCPATH/index.php(56): CodeIgniter\Boot::bootWeb(Object(Config\Paths))
CRITICAL - 2024-11-09 12:13:16 --> [Caused by] CodeIgniter\Database\Exceptions\DatabaseException: Column 'crno' cannot be null
in SYSTEMPATH/Database/MySQLi/Connection.php on line 317.
 1 SYSTEMPATH/Database/BaseConnection.php(734): CodeIgniter\Database\MySQLi\Connection->execute('INSERT INTO `expenses` (`pdate`, `amount`, `ptype`, `crno`, `groupe`, `category`, `subcategory`, `des`, `cno`, `userid`, `username`, `saveDate`) VALUES (\'2024-11-01\', \'1904\', \'3\', NULL, \'2\', \'5\', \'\', \'GLC Cush Purchase\', \'\', \'5\', \'Valid\', \'2024-11-09 12:13:16\')')
 2 SYSTEMPATH/Database/BaseConnection.php(648): CodeIgniter\Database\BaseConnection->simpleQuery('INSERT INTO `expenses` (`pdate`, `amount`, `ptype`, `crno`, `groupe`, `category`, `subcategory`, `des`, `cno`, `userid`, `username`, `saveDate`) VALUES (\'2024-11-01\', \'1904\', \'3\', NULL, \'2\', \'5\', \'\', \'GLC Cush Purchase\', \'\', \'5\', \'Valid\', \'2024-11-09 12:13:16\')')
 3 SYSTEMPATH/Database/BaseBuilder.php(2340): CodeIgniter\Database\BaseConnection->query('INSERT INTO `expenses` (`pdate`, `amount`, `ptype`, `crno`, `groupe`, `category`, `subcategory`, `des`, `cno`, `userid`, `username`, `saveDate`) VALUES (:pdate:, :amount:, :ptype:, :crno:, :groupe:, :category:, :subcategory:, :des:, :cno:, :userid:, :username:, :saveDate:)', [...], false)
 4 APPPATH/Models/expenses/ExpensesModel.php(12): CodeIgniter\Database\BaseBuilder->insert([...])
 5 APPPATH/Controllers/expenses/Expenses.php(178): App\Models\expenses\ExpensesModel->saveRecord([...], 'expenses')
 6 SYSTEMPATH/CodeIgniter.php(933): App\Controllers\expenses\Expenses->save()
 7 SYSTEMPATH/CodeIgniter.php(509): CodeIgniter\CodeIgniter->runController(Object(App\Controllers\expenses\Expenses))
 8 SYSTEMPATH/CodeIgniter.php(355): CodeIgniter\CodeIgniter->handleRequest(null, Object(Config\Cache), false)
 9 SYSTEMPATH/Boot.php(325): CodeIgniter\CodeIgniter->run()
10 SYSTEMPATH/Boot.php(67): CodeIgniter\Boot::runCodeIgniter(Object(CodeIgniter\CodeIgniter))
11 FCPATH/index.php(56): CodeIgniter\Boot::bootWeb(Object(Config\Paths))
CRITICAL - 2024-11-09 12:13:16 --> [Caused by] mysqli_sql_exception: Column 'crno' cannot be null
in SYSTEMPATH/Database/MySQLi/Connection.php on line 312.
 1 SYSTEMPATH/Database/MySQLi/Connection.php(312): mysqli->query('INSERT INTO `expenses` (`pdate`, `amount`, `ptype`, `crno`, `groupe`, `category`, `subcategory`, `des`, `cno`, `userid`, `username`, `saveDate`) VALUES (\'2024-11-01\', \'1904\', \'3\', NULL, \'2\', \'5\', \'\', \'GLC Cush Purchase\', \'\', \'5\', \'Valid\', \'2024-11-09 12:13:16\')', 0)
 2 SYSTEMPATH/Database/BaseConnection.php(734): CodeIgniter\Database\MySQLi\Connection->execute('INSERT INTO `expenses` (`pdate`, `amount`, `ptype`, `crno`, `groupe`, `category`, `subcategory`, `des`, `cno`, `userid`, `username`, `saveDate`) VALUES (\'2024-11-01\', \'1904\', \'3\', NULL, \'2\', \'5\', \'\', \'GLC Cush Purchase\', \'\', \'5\', \'Valid\', \'2024-11-09 12:13:16\')')
 3 SYSTEMPATH/Database/BaseConnection.php(648): CodeIgniter\Database\BaseConnection->simpleQuery('INSERT INTO `expenses` (`pdate`, `amount`, `ptype`, `crno`, `groupe`, `category`, `subcategory`, `des`, `cno`, `userid`, `username`, `saveDate`) VALUES (\'2024-11-01\', \'1904\', \'3\', NULL, \'2\', \'5\', \'\', \'GLC Cush Purchase\', \'\', \'5\', \'Valid\', \'2024-11-09 12:13:16\')')
 4 SYSTEMPATH/Database/BaseBuilder.php(2340): CodeIgniter\Database\BaseConnection->query('INSERT INTO `expenses` (`pdate`, `amount`, `ptype`, `crno`, `groupe`, `category`, `subcategory`, `des`, `cno`, `userid`, `username`, `saveDate`) VALUES (:pdate:, :amount:, :ptype:, :crno:, :groupe:, :category:, :subcategory:, :des:, :cno:, :userid:, :username:, :saveDate:)', [...], false)
 5 APPPATH/Models/expenses/ExpensesModel.php(12): CodeIgniter\Database\BaseBuilder->insert([...])
 6 APPPATH/Controllers/expenses/Expenses.php(178): App\Models\expenses\ExpensesModel->saveRecord([...], 'expenses')
 7 SYSTEMPATH/CodeIgniter.php(933): App\Controllers\expenses\Expenses->save()
 8 SYSTEMPATH/CodeIgniter.php(509): CodeIgniter\CodeIgniter->runController(Object(App\Controllers\expenses\Expenses))
 9 SYSTEMPATH/CodeIgniter.php(355): CodeIgniter\CodeIgniter->handleRequest(null, Object(Config\Cache), false)
10 SYSTEMPATH/Boot.php(325): CodeIgniter\CodeIgniter->run()
11 SYSTEMPATH/Boot.php(67): CodeIgniter\Boot::runCodeIgniter(Object(CodeIgniter\CodeIgniter))
12 FCPATH/index.php(56): CodeIgniter\Boot::bootWeb(Object(Config\Paths))
ERROR - 2024-11-09 12:13:20 --> mysqli_sql_exception: Column 'crno' cannot be null in /home/vol18_1/infinityfree.com/if0_34654888/htdocs/office/codeigniter/system/Database/MySQLi/Connection.php:312
Stack trace:
#0 /home/vol18_1/infinityfree.com/if0_34654888/htdocs/office/codeigniter/system/Database/MySQLi/Connection.php(312): mysqli->query('INSERT INTO `ex...', 0)
#1 /home/vol18_1/infinityfree.com/if0_34654888/htdocs/office/codeigniter/system/Database/BaseConnection.php(734): CodeIgniter\Database\MySQLi\Connection->execute('INSERT INTO `ex...')
#2 /home/vol18_1/infinityfree.com/if0_34654888/htdocs/office/codeigniter/system/Database/BaseConnection.php(648): CodeIgniter\Database\BaseConnection->simpleQuery('INSERT INTO `ex...')
#3 /home/vol18_1/infinityfree.com/if0_34654888/htdocs/office/codeigniter/system/Database/BaseBuilder.php(2340): CodeIgniter\Database\BaseConnection->query('INSERT INTO `ex...', Array, false)
#4 /home/vol18_1/infinityfree.com/if0_34654888/htdocs/office/codeigniter/app/Models/expenses/ExpensesModel.php(12): CodeIgniter\Database\BaseBuilder->insert(Array)
#5 /home/vol18_1/infinityfree.com/if0_34654888/htdocs/office/codeigniter/app/Controllers/expenses/Expenses.php(178): App\Models\expenses\ExpensesModel->saveRecord(Array, 'expenses')
#6 /home/vol18_1/infinityfree.com/if0_34654888/htdocs/office/codeigniter/system/CodeIgniter.php(933): App\Controllers\expenses\Expenses->save()
#7 /home/vol18_1/infinityfree.com/if0_34654888/htdocs/office/codeigniter/system/CodeIgniter.php(509): CodeIgniter\CodeIgniter->runController(Object(App\Controllers\expenses\Expenses))
#8 /home/vol18_1/infinityfree.com/if0_34654888/htdocs/office/codeigniter/system/CodeIgniter.php(355): CodeIgniter\CodeIgniter->handleRequest(NULL, Object(Config\Cache), false)
#9 /home/vol18_1/infinityfree.com/if0_34654888/htdocs/office/codeigniter/system/Boot.php(325): CodeIgniter\CodeIgniter->run()
#10 /home/vol18_1/infinityfree.com/if0_34654888/htdocs/office/codeigniter/system/Boot.php(67): CodeIgniter\Boot::runCodeIgniter(Object(CodeIgniter\CodeIgniter))
#11 /home/vol18_1/infinityfree.com/if0_34654888/htdocs/office/codeigniter/public/index.php(56): CodeIgniter\Boot::bootWeb(Object(Config\Paths))
#12 {main}
CRITICAL - 2024-11-09 12:13:20 --> CodeIgniter\Database\Exceptions\DatabaseException: Column 'crno' cannot be null
[Method: POST, Route: expenses/save]
in SYSTEMPATH/Database/BaseConnection.php on line 688.
 1 SYSTEMPATH/Database/BaseBuilder.php(2340): CodeIgniter\Database\BaseConnection->query('INSERT INTO `expenses` (`pdate`, `amount`, `ptype`, `crno`, `groupe`, `category`, `subcategory`, `des`, `cno`, `userid`, `username`, `saveDate`) VALUES (:pdate:, :amount:, :ptype:, :crno:, :groupe:, :category:, :subcategory:, :des:, :cno:, :userid:, :username:, :saveDate:)', [...], false)
 2 APPPATH/Models/expenses/ExpensesModel.php(12): CodeIgniter\Database\BaseBuilder->insert([...])
 3 APPPATH/Controllers/expenses/Expenses.php(178): App\Models\expenses\ExpensesModel->saveRecord([...], 'expenses')
 4 SYSTEMPATH/CodeIgniter.php(933): App\Controllers\expenses\Expenses->save()
 5 SYSTEMPATH/CodeIgniter.php(509): CodeIgniter\CodeIgniter->runController(Object(App\Controllers\expenses\Expenses))
 6 SYSTEMPATH/CodeIgniter.php(355): CodeIgniter\CodeIgniter->handleRequest(null, Object(Config\Cache), false)
 7 SYSTEMPATH/Boot.php(325): CodeIgniter\CodeIgniter->run()
 8 SYSTEMPATH/Boot.php(67): CodeIgniter\Boot::runCodeIgniter(Object(CodeIgniter\CodeIgniter))
 9 FCPATH/index.php(56): CodeIgniter\Boot::bootWeb(Object(Config\Paths))
CRITICAL - 2024-11-09 12:13:20 --> [Caused by] CodeIgniter\Database\Exceptions\DatabaseException: Column 'crno' cannot be null
in SYSTEMPATH/Database/MySQLi/Connection.php on line 317.
 1 SYSTEMPATH/Database/BaseConnection.php(734): CodeIgniter\Database\MySQLi\Connection->execute('INSERT INTO `expenses` (`pdate`, `amount`, `ptype`, `crno`, `groupe`, `category`, `subcategory`, `des`, `cno`, `userid`, `username`, `saveDate`) VALUES (\'2024-11-01\', \'1904\', \'3\', NULL, \'2\', \'5\', \'\', \'GLC Cush Purchase\', \'\', \'5\', \'Valid\', \'2024-11-09 12:13:20\')')
 2 SYSTEMPATH/Database/BaseConnection.php(648): CodeIgniter\Database\BaseConnection->simpleQuery('INSERT INTO `expenses` (`pdate`, `amount`, `ptype`, `crno`, `groupe`, `category`, `subcategory`, `des`, `cno`, `userid`, `username`, `saveDate`) VALUES (\'2024-11-01\', \'1904\', \'3\', NULL, \'2\', \'5\', \'\', \'GLC Cush Purchase\', \'\', \'5\', \'Valid\', \'2024-11-09 12:13:20\')')
 3 SYSTEMPATH/Database/BaseBuilder.php(2340): CodeIgniter\Database\BaseConnection->query('INSERT INTO `expenses` (`pdate`, `amount`, `ptype`, `crno`, `groupe`, `category`, `subcategory`, `des`, `cno`, `userid`, `username`, `saveDate`) VALUES (:pdate:, :amount:, :ptype:, :crno:, :groupe:, :category:, :subcategory:, :des:, :cno:, :userid:, :username:, :saveDate:)', [...], false)
 4 APPPATH/Models/expenses/ExpensesModel.php(12): CodeIgniter\Database\BaseBuilder->insert([...])
 5 APPPATH/Controllers/expenses/Expenses.php(178): App\Models\expenses\ExpensesModel->saveRecord([...], 'expenses')
 6 SYSTEMPATH/CodeIgniter.php(933): App\Controllers\expenses\Expenses->save()
 7 SYSTEMPATH/CodeIgniter.php(509): CodeIgniter\CodeIgniter->runController(Object(App\Controllers\expenses\Expenses))
 8 SYSTEMPATH/CodeIgniter.php(355): CodeIgniter\CodeIgniter->handleRequest(null, Object(Config\Cache), false)
 9 SYSTEMPATH/Boot.php(325): CodeIgniter\CodeIgniter->run()
10 SYSTEMPATH/Boot.php(67): CodeIgniter\Boot::runCodeIgniter(Object(CodeIgniter\CodeIgniter))
11 FCPATH/index.php(56): CodeIgniter\Boot::bootWeb(Object(Config\Paths))
CRITICAL - 2024-11-09 12:13:20 --> [Caused by] mysqli_sql_exception: Column 'crno' cannot be null
in SYSTEMPATH/Database/MySQLi/Connection.php on line 312.
 1 SYSTEMPATH/Database/MySQLi/Connection.php(312): mysqli->query('INSERT INTO `expenses` (`pdate`, `amount`, `ptype`, `crno`, `groupe`, `category`, `subcategory`, `des`, `cno`, `userid`, `username`, `saveDate`) VALUES (\'2024-11-01\', \'1904\', \'3\', NULL, \'2\', \'5\', \'\', \'GLC Cush Purchase\', \'\', \'5\', \'Valid\', \'2024-11-09 12:13:20\')', 0)
 2 SYSTEMPATH/Database/BaseConnection.php(734): CodeIgniter\Database\MySQLi\Connection->execute('INSERT INTO `expenses` (`pdate`, `amount`, `ptype`, `crno`, `groupe`, `category`, `subcategory`, `des`, `cno`, `userid`, `username`, `saveDate`) VALUES (\'2024-11-01\', \'1904\', \'3\', NULL, \'2\', \'5\', \'\', \'GLC Cush Purchase\', \'\', \'5\', \'Valid\', \'2024-11-09 12:13:20\')')
 3 SYSTEMPATH/Database/BaseConnection.php(648): CodeIgniter\Database\BaseConnection->simpleQuery('INSERT INTO `expenses` (`pdate`, `amount`, `ptype`, `crno`, `groupe`, `category`, `subcategory`, `des`, `cno`, `userid`, `username`, `saveDate`) VALUES (\'2024-11-01\', \'1904\', \'3\', NULL, \'2\', \'5\', \'\', \'GLC Cush Purchase\', \'\', \'5\', \'Valid\', \'2024-11-09 12:13:20\')')
 4 SYSTEMPATH/Database/BaseBuilder.php(2340): CodeIgniter\Database\BaseConnection->query('INSERT INTO `expenses` (`pdate`, `amount`, `ptype`, `crno`, `groupe`, `category`, `subcategory`, `des`, `cno`, `userid`, `username`, `saveDate`) VALUES (:pdate:, :amount:, :ptype:, :crno:, :groupe:, :category:, :subcategory:, :des:, :cno:, :userid:, :username:, :saveDate:)', [...], false)
 5 APPPATH/Models/expenses/ExpensesModel.php(12): CodeIgniter\Database\BaseBuilder->insert([...])
 6 APPPATH/Controllers/expenses/Expenses.php(178): App\Models\expenses\ExpensesModel->saveRecord([...], 'expenses')
 7 SYSTEMPATH/CodeIgniter.php(933): App\Controllers\expenses\Expenses->save()
 8 SYSTEMPATH/CodeIgniter.php(509): CodeIgniter\CodeIgniter->runController(Object(App\Controllers\expenses\Expenses))
 9 SYSTEMPATH/CodeIgniter.php(355): CodeIgniter\CodeIgniter->handleRequest(null, Object(Config\Cache), false)
10 SYSTEMPATH/Boot.php(325): CodeIgniter\CodeIgniter->run()
11 SYSTEMPATH/Boot.php(67): CodeIgniter\Boot::runCodeIgniter(Object(CodeIgniter\CodeIgniter))
12 FCPATH/index.php(56): CodeIgniter\Boot::bootWeb(Object(Config\Paths))
ERROR - 2024-11-09 12:32:06 --> mysqli_sql_exception: Column 'crno' cannot be null in /home/vol18_1/infinityfree.com/if0_34654888/htdocs/office/codeigniter/system/Database/MySQLi/Connection.php:312
Stack trace:
#0 /home/vol18_1/infinityfree.com/if0_34654888/htdocs/office/codeigniter/system/Database/MySQLi/Connection.php(312): mysqli->query('INSERT INTO `lo...', 0)
#1 /home/vol18_1/infinityfree.com/if0_34654888/htdocs/office/codeigniter/system/Database/BaseConnection.php(734): CodeIgniter\Database\MySQLi\Connection->execute('INSERT INTO `lo...')
#2 /home/vol18_1/infinityfree.com/if0_34654888/htdocs/office/codeigniter/system/Database/BaseConnection.php(648): CodeIgniter\Database\BaseConnection->simpleQuery('INSERT INTO `lo...')
#3 /home/vol18_1/infinityfree.com/if0_34654888/htdocs/office/codeigniter/system/Database/BaseBuilder.php(2340): CodeIgniter\Database\BaseConnection->query('INSERT INTO `lo...', Array, false)
#4 /home/vol18_1/infinityfree.com/if0_34654888/htdocs/office/codeigniter/app/Models/expenses/ExpensesModel.php(12): CodeIgniter\Database\BaseBuilder->insert(Array)
#5 /home/vol18_1/infinityfree.com/if0_34654888/htdocs/office/codeigniter/app/Controllers/expenses/Expenses.php(348): App\Models\expenses\ExpensesModel->saveRecord(Array, 'logs')
#6 /home/vol18_1/infinityfree.com/if0_34654888/htdocs/office/codeigniter/system/CodeIgniter.php(933): App\Controllers\expenses\Expenses->editSave('89')
#7 /home/vol18_1/infinityfree.com/if0_34654888/htdocs/office/codeigniter/system/CodeIgniter.php(509): CodeIgniter\CodeIgniter->runController(Object(App\Controllers\expenses\Expenses))
#8 /home/vol18_1/infinityfree.com/if0_34654888/htdocs/office/codeigniter/system/CodeIgniter.php(355): CodeIgniter\CodeIgniter->handleRequest(NULL, Object(Config\Cache), false)
#9 /home/vol18_1/infinityfree.com/if0_34654888/htdocs/office/codeigniter/system/Boot.php(325): CodeIgniter\CodeIgniter->run()
#10 /home/vol18_1/infinityfree.com/if0_34654888/htdocs/office/codeigniter/system/Boot.php(67): CodeIgniter\Boot::runCodeIgniter(Object(CodeIgniter\CodeIgniter))
#11 /home/vol18_1/infinityfree.com/if0_34654888/htdocs/office/codeigniter/public/index.php(56): CodeIgniter\Boot::bootWeb(Object(Config\Paths))
#12 {main}
CRITICAL - 2024-11-09 12:32:06 --> CodeIgniter\Database\Exceptions\DatabaseException: Column 'crno' cannot be null
[Method: POST, Route: expenses/editSave/89]
in SYSTEMPATH/Database/BaseConnection.php on line 688.
 1 SYSTEMPATH/Database/BaseBuilder.php(2340): CodeIgniter\Database\BaseConnection->query('INSERT INTO `logs` (`pdate`, `crno`, `amount`, `ptype`, `groupe`, `category`, `subcategory`, `des`, `cno`, `tname`, `pid`, `userid`, `username`, `saveDate`) VALUES (:pdate:, :crno:, :amount:, :ptype:, :groupe:, :category:, :subcategory:, :des:, :cno:, :tname:, :pid:, :userid:, :username:, :saveDate:)', [...], false)
 2 APPPATH/Models/expenses/ExpensesModel.php(12): CodeIgniter\Database\BaseBuilder->insert([...])
 3 APPPATH/Controllers/expenses/Expenses.php(348): App\Models\expenses\ExpensesModel->saveRecord([...], 'logs')
 4 SYSTEMPATH/CodeIgniter.php(933): App\Controllers\expenses\Expenses->editSave('89')
 5 SYSTEMPATH/CodeIgniter.php(509): CodeIgniter\CodeIgniter->runController(Object(App\Controllers\expenses\Expenses))
 6 SYSTEMPATH/CodeIgniter.php(355): CodeIgniter\CodeIgniter->handleRequest(null, Object(Config\Cache), false)
 7 SYSTEMPATH/Boot.php(325): CodeIgniter\CodeIgniter->run()
 8 SYSTEMPATH/Boot.php(67): CodeIgniter\Boot::runCodeIgniter(Object(CodeIgniter\CodeIgniter))
 9 FCPATH/index.php(56): CodeIgniter\Boot::bootWeb(Object(Config\Paths))
CRITICAL - 2024-11-09 12:32:06 --> [Caused by] CodeIgniter\Database\Exceptions\DatabaseException: Column 'crno' cannot be null
in SYSTEMPATH/Database/MySQLi/Connection.php on line 317.
 1 SYSTEMPATH/Database/BaseConnection.php(734): CodeIgniter\Database\MySQLi\Connection->execute('INSERT INTO `logs` (`pdate`, `crno`, `amount`, `ptype`, `groupe`, `category`, `subcategory`, `des`, `cno`, `tname`, `pid`, `userid`, `username`, `saveDate`) VALUES (\'2024-11-01\', NULL, \'11723\', \'1\', \'2\', \'21\', \'\', \'\', 0, \'expenses\', \'89\', \'5\', \'Valid\', \'2024-11-09 12:32:06\')')
 2 SYSTEMPATH/Database/BaseConnection.php(648): CodeIgniter\Database\BaseConnection->simpleQuery('INSERT INTO `logs` (`pdate`, `crno`, `amount`, `ptype`, `groupe`, `category`, `subcategory`, `des`, `cno`, `tname`, `pid`, `userid`, `username`, `saveDate`) VALUES (\'2024-11-01\', NULL, \'11723\', \'1\', \'2\', \'21\', \'\', \'\', 0, \'expenses\', \'89\', \'5\', \'Valid\', \'2024-11-09 12:32:06\')')
 3 SYSTEMPATH/Database/BaseBuilder.php(2340): CodeIgniter\Database\BaseConnection->query('INSERT INTO `logs` (`pdate`, `crno`, `amount`, `ptype`, `groupe`, `category`, `subcategory`, `des`, `cno`, `tname`, `pid`, `userid`, `username`, `saveDate`) VALUES (:pdate:, :crno:, :amount:, :ptype:, :groupe:, :category:, :subcategory:, :des:, :cno:, :tname:, :pid:, :userid:, :username:, :saveDate:)', [...], false)
 4 APPPATH/Models/expenses/ExpensesModel.php(12): CodeIgniter\Database\BaseBuilder->insert([...])
 5 APPPATH/Controllers/expenses/Expenses.php(348): App\Models\expenses\ExpensesModel->saveRecord([...], 'logs')
 6 SYSTEMPATH/CodeIgniter.php(933): App\Controllers\expenses\Expenses->editSave('89')
 7 SYSTEMPATH/CodeIgniter.php(509): CodeIgniter\CodeIgniter->runController(Object(App\Controllers\expenses\Expenses))
 8 SYSTEMPATH/CodeIgniter.php(355): CodeIgniter\CodeIgniter->handleRequest(null, Object(Config\Cache), false)
 9 SYSTEMPATH/Boot.php(325): CodeIgniter\CodeIgniter->run()
10 SYSTEMPATH/Boot.php(67): CodeIgniter\Boot::runCodeIgniter(Object(CodeIgniter\CodeIgniter))
11 FCPATH/index.php(56): CodeIgniter\Boot::bootWeb(Object(Config\Paths))
CRITICAL - 2024-11-09 12:32:06 --> [Caused by] mysqli_sql_exception: Column 'crno' cannot be null
in SYSTEMPATH/Database/MySQLi/Connection.php on line 312.
 1 SYSTEMPATH/Database/MySQLi/Connection.php(312): mysqli->query('INSERT INTO `logs` (`pdate`, `crno`, `amount`, `ptype`, `groupe`, `category`, `subcategory`, `des`, `cno`, `tname`, `pid`, `userid`, `username`, `saveDate`) VALUES (\'2024-11-01\', NULL, \'11723\', \'1\', \'2\', \'21\', \'\', \'\', 0, \'expenses\', \'89\', \'5\', \'Valid\', \'2024-11-09 12:32:06\')', 0)
 2 SYSTEMPATH/Database/BaseConnection.php(734): CodeIgniter\Database\MySQLi\Connection->execute('INSERT INTO `logs` (`pdate`, `crno`, `amount`, `ptype`, `groupe`, `category`, `subcategory`, `des`, `cno`, `tname`, `pid`, `userid`, `username`, `saveDate`) VALUES (\'2024-11-01\', NULL, \'11723\', \'1\', \'2\', \'21\', \'\', \'\', 0, \'expenses\', \'89\', \'5\', \'Valid\', \'2024-11-09 12:32:06\')')
 3 SYSTEMPATH/Database/BaseConnection.php(648): CodeIgniter\Database\BaseConnection->simpleQuery('INSERT INTO `logs` (`pdate`, `crno`, `amount`, `ptype`, `groupe`, `category`, `subcategory`, `des`, `cno`, `tname`, `pid`, `userid`, `username`, `saveDate`) VALUES (\'2024-11-01\', NULL, \'11723\', \'1\', \'2\', \'21\', \'\', \'\', 0, \'expenses\', \'89\', \'5\', \'Valid\', \'2024-11-09 12:32:06\')')
 4 SYSTEMPATH/Database/BaseBuilder.php(2340): CodeIgniter\Database\BaseConnection->query('INSERT INTO `logs` (`pdate`, `crno`, `amount`, `ptype`, `groupe`, `category`, `subcategory`, `des`, `cno`, `tname`, `pid`, `userid`, `username`, `saveDate`) VALUES (:pdate:, :crno:, :amount:, :ptype:, :groupe:, :category:, :subcategory:, :des:, :cno:, :tname:, :pid:, :userid:, :username:, :saveDate:)', [...], false)
 5 APPPATH/Models/expenses/ExpensesModel.php(12): CodeIgniter\Database\BaseBuilder->insert([...])
 6 APPPATH/Controllers/expenses/Expenses.php(348): App\Models\expenses\ExpensesModel->saveRecord([...], 'logs')
 7 SYSTEMPATH/CodeIgniter.php(933): App\Controllers\expenses\Expenses->editSave('89')
 8 SYSTEMPATH/CodeIgniter.php(509): CodeIgniter\CodeIgniter->runController(Object(App\Controllers\expenses\Expenses))
 9 SYSTEMPATH/CodeIgniter.php(355): CodeIgniter\CodeIgniter->handleRequest(null, Object(Config\Cache), false)
10 SYSTEMPATH/Boot.php(325): CodeIgniter\CodeIgniter->run()
11 SYSTEMPATH/Boot.php(67): CodeIgniter\Boot::runCodeIgniter(Object(CodeIgniter\CodeIgniter))
12 FCPATH/index.php(56): CodeIgniter\Boot::bootWeb(Object(Config\Paths))
ERROR - 2024-11-09 12:32:15 --> mysqli_sql_exception: Column 'crno' cannot be null in /home/vol18_1/infinityfree.com/if0_34654888/htdocs/office/codeigniter/system/Database/MySQLi/Connection.php:312
Stack trace:
#0 /home/vol18_1/infinityfree.com/if0_34654888/htdocs/office/codeigniter/system/Database/MySQLi/Connection.php(312): mysqli->query('INSERT INTO `lo...', 0)
#1 /home/vol18_1/infinityfree.com/if0_34654888/htdocs/office/codeigniter/system/Database/BaseConnection.php(734): CodeIgniter\Database\MySQLi\Connection->execute('INSERT INTO `lo...')
#2 /home/vol18_1/infinityfree.com/if0_34654888/htdocs/office/codeigniter/system/Database/BaseConnection.php(648): CodeIgniter\Database\BaseConnection->simpleQuery('INSERT INTO `lo...')
#3 /home/vol18_1/infinityfree.com/if0_34654888/htdocs/office/codeigniter/system/Database/BaseBuilder.php(2340): CodeIgniter\Database\BaseConnection->query('INSERT INTO `lo...', Array, false)
#4 /home/vol18_1/infinityfree.com/if0_34654888/htdocs/office/codeigniter/app/Models/expenses/ExpensesModel.php(12): CodeIgniter\Database\BaseBuilder->insert(Array)
#5 /home/vol18_1/infinityfree.com/if0_34654888/htdocs/office/codeigniter/app/Controllers/expenses/Expenses.php(348): App\Models\expenses\ExpensesModel->saveRecord(Array, 'logs')
#6 /home/vol18_1/infinityfree.com/if0_34654888/htdocs/office/codeigniter/system/CodeIgniter.php(933): App\Controllers\expenses\Expenses->editSave('89')
#7 /home/vol18_1/infinityfree.com/if0_34654888/htdocs/office/codeigniter/system/CodeIgniter.php(509): CodeIgniter\CodeIgniter->runController(Object(App\Controllers\expenses\Expenses))
#8 /home/vol18_1/infinityfree.com/if0_34654888/htdocs/office/codeigniter/system/CodeIgniter.php(355): CodeIgniter\CodeIgniter->handleRequest(NULL, Object(Config\Cache), false)
#9 /home/vol18_1/infinityfree.com/if0_34654888/htdocs/office/codeigniter/system/Boot.php(325): CodeIgniter\CodeIgniter->run()
#10 /home/vol18_1/infinityfree.com/if0_34654888/htdocs/office/codeigniter/system/Boot.php(67): CodeIgniter\Boot::runCodeIgniter(Object(CodeIgniter\CodeIgniter))
#11 /home/vol18_1/infinityfree.com/if0_34654888/htdocs/office/codeigniter/public/index.php(56): CodeIgniter\Boot::bootWeb(Object(Config\Paths))
#12 {main}
CRITICAL - 2024-11-09 12:32:15 --> CodeIgniter\Database\Exceptions\DatabaseException: Column 'crno' cannot be null
[Method: POST, Route: expenses/editSave/89]
in SYSTEMPATH/Database/BaseConnection.php on line 688.
 1 SYSTEMPATH/Database/BaseBuilder.php(2340): CodeIgniter\Database\BaseConnection->query('INSERT INTO `logs` (`pdate`, `crno`, `amount`, `ptype`, `groupe`, `category`, `subcategory`, `des`, `cno`, `tname`, `pid`, `userid`, `username`, `saveDate`) VALUES (:pdate:, :crno:, :amount:, :ptype:, :groupe:, :category:, :subcategory:, :des:, :cno:, :tname:, :pid:, :userid:, :username:, :saveDate:)', [...], false)
 2 APPPATH/Models/expenses/ExpensesModel.php(12): CodeIgniter\Database\BaseBuilder->insert([...])
 3 APPPATH/Controllers/expenses/Expenses.php(348): App\Models\expenses\ExpensesModel->saveRecord([...], 'logs')
 4 SYSTEMPATH/CodeIgniter.php(933): App\Controllers\expenses\Expenses->editSave('89')
 5 SYSTEMPATH/CodeIgniter.php(509): CodeIgniter\CodeIgniter->runController(Object(App\Controllers\expenses\Expenses))
 6 SYSTEMPATH/CodeIgniter.php(355): CodeIgniter\CodeIgniter->handleRequest(null, Object(Config\Cache), false)
 7 SYSTEMPATH/Boot.php(325): CodeIgniter\CodeIgniter->run()
 8 SYSTEMPATH/Boot.php(67): CodeIgniter\Boot::runCodeIgniter(Object(CodeIgniter\CodeIgniter))
 9 FCPATH/index.php(56): CodeIgniter\Boot::bootWeb(Object(Config\Paths))
CRITICAL - 2024-11-09 12:32:15 --> [Caused by] CodeIgniter\Database\Exceptions\DatabaseException: Column 'crno' cannot be null
in SYSTEMPATH/Database/MySQLi/Connection.php on line 317.
 1 SYSTEMPATH/Database/BaseConnection.php(734): CodeIgniter\Database\MySQLi\Connection->execute('INSERT INTO `logs` (`pdate`, `crno`, `amount`, `ptype`, `groupe`, `category`, `subcategory`, `des`, `cno`, `tname`, `pid`, `userid`, `username`, `saveDate`) VALUES (\'2024-11-01\', NULL, \'11723\', \'1\', \'2\', \'21\', \'\', \'\', 0, \'expenses\', \'89\', \'5\', \'Valid\', \'2024-11-09 12:32:15\')')
 2 SYSTEMPATH/Database/BaseConnection.php(648): CodeIgniter\Database\BaseConnection->simpleQuery('INSERT INTO `logs` (`pdate`, `crno`, `amount`, `ptype`, `groupe`, `category`, `subcategory`, `des`, `cno`, `tname`, `pid`, `userid`, `username`, `saveDate`) VALUES (\'2024-11-01\', NULL, \'11723\', \'1\', \'2\', \'21\', \'\', \'\', 0, \'expenses\', \'89\', \'5\', \'Valid\', \'2024-11-09 12:32:15\')')
 3 SYSTEMPATH/Database/BaseBuilder.php(2340): CodeIgniter\Database\BaseConnection->query('INSERT INTO `logs` (`pdate`, `crno`, `amount`, `ptype`, `groupe`, `category`, `subcategory`, `des`, `cno`, `tname`, `pid`, `userid`, `username`, `saveDate`) VALUES (:pdate:, :crno:, :amount:, :ptype:, :groupe:, :category:, :subcategory:, :des:, :cno:, :tname:, :pid:, :userid:, :username:, :saveDate:)', [...], false)
 4 APPPATH/Models/expenses/ExpensesModel.php(12): CodeIgniter\Database\BaseBuilder->insert([...])
 5 APPPATH/Controllers/expenses/Expenses.php(348): App\Models\expenses\ExpensesModel->saveRecord([...], 'logs')
 6 SYSTEMPATH/CodeIgniter.php(933): App\Controllers\expenses\Expenses->editSave('89')
 7 SYSTEMPATH/CodeIgniter.php(509): CodeIgniter\CodeIgniter->runController(Object(App\Controllers\expenses\Expenses))
 8 SYSTEMPATH/CodeIgniter.php(355): CodeIgniter\CodeIgniter->handleRequest(null, Object(Config\Cache), false)
 9 SYSTEMPATH/Boot.php(325): CodeIgniter\CodeIgniter->run()
10 SYSTEMPATH/Boot.php(67): CodeIgniter\Boot::runCodeIgniter(Object(CodeIgniter\CodeIgniter))
11 FCPATH/index.php(56): CodeIgniter\Boot::bootWeb(Object(Config\Paths))
CRITICAL - 2024-11-09 12:32:15 --> [Caused by] mysqli_sql_exception: Column 'crno' cannot be null
in SYSTEMPATH/Database/MySQLi/Connection.php on line 312.
 1 SYSTEMPATH/Database/MySQLi/Connection.php(312): mysqli->query('INSERT INTO `logs` (`pdate`, `crno`, `amount`, `ptype`, `groupe`, `category`, `subcategory`, `des`, `cno`, `tname`, `pid`, `userid`, `username`, `saveDate`) VALUES (\'2024-11-01\', NULL, \'11723\', \'1\', \'2\', \'21\', \'\', \'\', 0, \'expenses\', \'89\', \'5\', \'Valid\', \'2024-11-09 12:32:15\')', 0)
 2 SYSTEMPATH/Database/BaseConnection.php(734): CodeIgniter\Database\MySQLi\Connection->execute('INSERT INTO `logs` (`pdate`, `crno`, `amount`, `ptype`, `groupe`, `category`, `subcategory`, `des`, `cno`, `tname`, `pid`, `userid`, `username`, `saveDate`) VALUES (\'2024-11-01\', NULL, \'11723\', \'1\', \'2\', \'21\', \'\', \'\', 0, \'expenses\', \'89\', \'5\', \'Valid\', \'2024-11-09 12:32:15\')')
 3 SYSTEMPATH/Database/BaseConnection.php(648): CodeIgniter\Database\BaseConnection->simpleQuery('INSERT INTO `logs` (`pdate`, `crno`, `amount`, `ptype`, `groupe`, `category`, `subcategory`, `des`, `cno`, `tname`, `pid`, `userid`, `username`, `saveDate`) VALUES (\'2024-11-01\', NULL, \'11723\', \'1\', \'2\', \'21\', \'\', \'\', 0, \'expenses\', \'89\', \'5\', \'Valid\', \'2024-11-09 12:32:15\')')
 4 SYSTEMPATH/Database/BaseBuilder.php(2340): CodeIgniter\Database\BaseConnection->query('INSERT INTO `logs` (`pdate`, `crno`, `amount`, `ptype`, `groupe`, `category`, `subcategory`, `des`, `cno`, `tname`, `pid`, `userid`, `username`, `saveDate`) VALUES (:pdate:, :crno:, :amount:, :ptype:, :groupe:, :category:, :subcategory:, :des:, :cno:, :tname:, :pid:, :userid:, :username:, :saveDate:)', [...], false)
 5 APPPATH/Models/expenses/ExpensesModel.php(12): CodeIgniter\Database\BaseBuilder->insert([...])
 6 APPPATH/Controllers/expenses/Expenses.php(348): App\Models\expenses\ExpensesModel->saveRecord([...], 'logs')
 7 SYSTEMPATH/CodeIgniter.php(933): App\Controllers\expenses\Expenses->editSave('89')
 8 SYSTEMPATH/CodeIgniter.php(509): CodeIgniter\CodeIgniter->runController(Object(App\Controllers\expenses\Expenses))
 9 SYSTEMPATH/CodeIgniter.php(355): CodeIgniter\CodeIgniter->handleRequest(null, Object(Config\Cache), false)
10 SYSTEMPATH/Boot.php(325): CodeIgniter\CodeIgniter->run()
11 SYSTEMPATH/Boot.php(67): CodeIgniter\Boot::runCodeIgniter(Object(CodeIgniter\CodeIgniter))
12 FCPATH/index.php(56): CodeIgniter\Boot::bootWeb(Object(Config\Paths))
ERROR - 2024-11-09 12:50:55 --> mysqli_sql_exception: Column 'crno' cannot be null in /home/vol18_1/infinityfree.com/if0_34654888/htdocs/office/codeigniter/system/Database/MySQLi/Connection.php:312
Stack trace:
#0 /home/vol18_1/infinityfree.com/if0_34654888/htdocs/office/codeigniter/system/Database/MySQLi/Connection.php(312): mysqli->query('INSERT INTO `lo...', 0)
#1 /home/vol18_1/infinityfree.com/if0_34654888/htdocs/office/codeigniter/system/Database/BaseConnection.php(734): CodeIgniter\Database\MySQLi\Connection->execute('INSERT INTO `lo...')
#2 /home/vol18_1/infinityfree.com/if0_34654888/htdocs/office/codeigniter/system/Database/BaseConnection.php(648): CodeIgniter\Database\BaseConnection->simpleQuery('INSERT INTO `lo...')
#3 /home/vol18_1/infinityfree.com/if0_34654888/htdocs/office/codeigniter/system/Database/BaseBuilder.php(2340): CodeIgniter\Database\BaseConnection->query('INSERT INTO `lo...', Array, false)
#4 /home/vol18_1/infinityfree.com/if0_34654888/htdocs/office/codeigniter/app/Models/expenses/ExpensesModel.php(12): CodeIgniter\Database\BaseBuilder->insert(Array)
#5 /home/vol18_1/infinityfree.com/if0_34654888/htdocs/office/codeigniter/app/Controllers/expenses/Expenses.php(348): App\Models\expenses\ExpensesModel->saveRecord(Array, 'logs')
#6 /home/vol18_1/infinityfree.com/if0_34654888/htdocs/office/codeigniter/system/CodeIgniter.php(933): App\Controllers\expenses\Expenses->editSave('93')
#7 /home/vol18_1/infinityfree.com/if0_34654888/htdocs/office/codeigniter/system/CodeIgniter.php(509): CodeIgniter\CodeIgniter->runController(Object(App\Controllers\expenses\Expenses))
#8 /home/vol18_1/infinityfree.com/if0_34654888/htdocs/office/codeigniter/system/CodeIgniter.php(355): CodeIgniter\CodeIgniter->handleRequest(NULL, Object(Config\Cache), false)
#9 /home/vol18_1/infinityfree.com/if0_34654888/htdocs/office/codeigniter/system/Boot.php(325): CodeIgniter\CodeIgniter->run()
#10 /home/vol18_1/infinityfree.com/if0_34654888/htdocs/office/codeigniter/system/Boot.php(67): CodeIgniter\Boot::runCodeIgniter(Object(CodeIgniter\CodeIgniter))
#11 /home/vol18_1/infinityfree.com/if0_34654888/htdocs/office/codeigniter/public/index.php(56): CodeIgniter\Boot::bootWeb(Object(Config\Paths))
#12 {main}
CRITICAL - 2024-11-09 12:50:55 --> CodeIgniter\Database\Exceptions\DatabaseException: Column 'crno' cannot be null
[Method: POST, Route: expenses/editSave/93]
in SYSTEMPATH/Database/BaseConnection.php on line 688.
 1 SYSTEMPATH/Database/BaseBuilder.php(2340): CodeIgniter\Database\BaseConnection->query('INSERT INTO `logs` (`pdate`, `crno`, `amount`, `ptype`, `groupe`, `category`, `subcategory`, `des`, `cno`, `tname`, `pid`, `userid`, `username`, `saveDate`) VALUES (:pdate:, :crno:, :amount:, :ptype:, :groupe:, :category:, :subcategory:, :des:, :cno:, :tname:, :pid:, :userid:, :username:, :saveDate:)', [...], false)
 2 APPPATH/Models/expenses/ExpensesModel.php(12): CodeIgniter\Database\BaseBuilder->insert([...])
 3 APPPATH/Controllers/expenses/Expenses.php(348): App\Models\expenses\ExpensesModel->saveRecord([...], 'logs')
 4 SYSTEMPATH/CodeIgniter.php(933): App\Controllers\expenses\Expenses->editSave('93')
 5 SYSTEMPATH/CodeIgniter.php(509): CodeIgniter\CodeIgniter->runController(Object(App\Controllers\expenses\Expenses))
 6 SYSTEMPATH/CodeIgniter.php(355): CodeIgniter\CodeIgniter->handleRequest(null, Object(Config\Cache), false)
 7 SYSTEMPATH/Boot.php(325): CodeIgniter\CodeIgniter->run()
 8 SYSTEMPATH/Boot.php(67): CodeIgniter\Boot::runCodeIgniter(Object(CodeIgniter\CodeIgniter))
 9 FCPATH/index.php(56): CodeIgniter\Boot::bootWeb(Object(Config\Paths))
CRITICAL - 2024-11-09 12:50:55 --> [Caused by] CodeIgniter\Database\Exceptions\DatabaseException: Column 'crno' cannot be null
in SYSTEMPATH/Database/MySQLi/Connection.php on line 317.
 1 SYSTEMPATH/Database/BaseConnection.php(734): CodeIgniter\Database\MySQLi\Connection->execute('INSERT INTO `logs` (`pdate`, `crno`, `amount`, `ptype`, `groupe`, `category`, `subcategory`, `des`, `cno`, `tname`, `pid`, `userid`, `username`, `saveDate`) VALUES (\'2024-11-04\', NULL, \'15000\', \'1\', \'1\', \'1\', \'4\', \'Segi Astana\', 0, \'expenses\', \'93\', \'5\', \'Valid\', \'2024-11-09 12:50:55\')')
 2 SYSTEMPATH/Database/BaseConnection.php(648): CodeIgniter\Database\BaseConnection->simpleQuery('INSERT INTO `logs` (`pdate`, `crno`, `amount`, `ptype`, `groupe`, `category`, `subcategory`, `des`, `cno`, `tname`, `pid`, `userid`, `username`, `saveDate`) VALUES (\'2024-11-04\', NULL, \'15000\', \'1\', \'1\', \'1\', \'4\', \'Segi Astana\', 0, \'expenses\', \'93\', \'5\', \'Valid\', \'2024-11-09 12:50:55\')')
 3 SYSTEMPATH/Database/BaseBuilder.php(2340): CodeIgniter\Database\BaseConnection->query('INSERT INTO `logs` (`pdate`, `crno`, `amount`, `ptype`, `groupe`, `category`, `subcategory`, `des`, `cno`, `tname`, `pid`, `userid`, `username`, `saveDate`) VALUES (:pdate:, :crno:, :amount:, :ptype:, :groupe:, :category:, :subcategory:, :des:, :cno:, :tname:, :pid:, :userid:, :username:, :saveDate:)', [...], false)
 4 APPPATH/Models/expenses/ExpensesModel.php(12): CodeIgniter\Database\BaseBuilder->insert([...])
 5 APPPATH/Controllers/expenses/Expenses.php(348): App\Models\expenses\ExpensesModel->saveRecord([...], 'logs')
 6 SYSTEMPATH/CodeIgniter.php(933): App\Controllers\expenses\Expenses->editSave('93')
 7 SYSTEMPATH/CodeIgniter.php(509): CodeIgniter\CodeIgniter->runController(Object(App\Controllers\expenses\Expenses))
 8 SYSTEMPATH/CodeIgniter.php(355): CodeIgniter\CodeIgniter->handleRequest(null, Object(Config\Cache), false)
 9 SYSTEMPATH/Boot.php(325): CodeIgniter\CodeIgniter->run()
10 SYSTEMPATH/Boot.php(67): CodeIgniter\Boot::runCodeIgniter(Object(CodeIgniter\CodeIgniter))
11 FCPATH/index.php(56): CodeIgniter\Boot::bootWeb(Object(Config\Paths))
CRITICAL - 2024-11-09 12:50:55 --> [Caused by] mysqli_sql_exception: Column 'crno' cannot be null
in SYSTEMPATH/Database/MySQLi/Connection.php on line 312.
 1 SYSTEMPATH/Database/MySQLi/Connection.php(312): mysqli->query('INSERT INTO `logs` (`pdate`, `crno`, `amount`, `ptype`, `groupe`, `category`, `subcategory`, `des`, `cno`, `tname`, `pid`, `userid`, `username`, `saveDate`) VALUES (\'2024-11-04\', NULL, \'15000\', \'1\', \'1\', \'1\', \'4\', \'Segi Astana\', 0, \'expenses\', \'93\', \'5\', \'Valid\', \'2024-11-09 12:50:55\')', 0)
 2 SYSTEMPATH/Database/BaseConnection.php(734): CodeIgniter\Database\MySQLi\Connection->execute('INSERT INTO `logs` (`pdate`, `crno`, `amount`, `ptype`, `groupe`, `category`, `subcategory`, `des`, `cno`, `tname`, `pid`, `userid`, `username`, `saveDate`) VALUES (\'2024-11-04\', NULL, \'15000\', \'1\', \'1\', \'1\', \'4\', \'Segi Astana\', 0, \'expenses\', \'93\', \'5\', \'Valid\', \'2024-11-09 12:50:55\')')
 3 SYSTEMPATH/Database/BaseConnection.php(648): CodeIgniter\Database\BaseConnection->simpleQuery('INSERT INTO `logs` (`pdate`, `crno`, `amount`, `ptype`, `groupe`, `category`, `subcategory`, `des`, `cno`, `tname`, `pid`, `userid`, `username`, `saveDate`) VALUES (\'2024-11-04\', NULL, \'15000\', \'1\', \'1\', \'1\', \'4\', \'Segi Astana\', 0, \'expenses\', \'93\', \'5\', \'Valid\', \'2024-11-09 12:50:55\')')
 4 SYSTEMPATH/Database/BaseBuilder.php(2340): CodeIgniter\Database\BaseConnection->query('INSERT INTO `logs` (`pdate`, `crno`, `amount`, `ptype`, `groupe`, `category`, `subcategory`, `des`, `cno`, `tname`, `pid`, `userid`, `username`, `saveDate`) VALUES (:pdate:, :crno:, :amount:, :ptype:, :groupe:, :category:, :subcategory:, :des:, :cno:, :tname:, :pid:, :userid:, :username:, :saveDate:)', [...], false)
 5 APPPATH/Models/expenses/ExpensesModel.php(12): CodeIgniter\Database\BaseBuilder->insert([...])
 6 APPPATH/Controllers/expenses/Expenses.php(348): App\Models\expenses\ExpensesModel->saveRecord([...], 'logs')
 7 SYSTEMPATH/CodeIgniter.php(933): App\Controllers\expenses\Expenses->editSave('93')
 8 SYSTEMPATH/CodeIgniter.php(509): CodeIgniter\CodeIgniter->runController(Object(App\Controllers\expenses\Expenses))
 9 SYSTEMPATH/CodeIgniter.php(355): CodeIgniter\CodeIgniter->handleRequest(null, Object(Config\Cache), false)
10 SYSTEMPATH/Boot.php(325): CodeIgniter\CodeIgniter->run()
11 SYSTEMPATH/Boot.php(67): CodeIgniter\Boot::runCodeIgniter(Object(CodeIgniter\CodeIgniter))
12 FCPATH/index.php(56): CodeIgniter\Boot::bootWeb(Object(Config\Paths))
ERROR - 2024-11-09 12:52:17 --> mysqli_sql_exception: Column 'crno' cannot be null in /home/vol18_1/infinityfree.com/if0_34654888/htdocs/office/codeigniter/system/Database/MySQLi/Connection.php:312
Stack trace:
#0 /home/vol18_1/infinityfree.com/if0_34654888/htdocs/office/codeigniter/system/Database/MySQLi/Connection.php(312): mysqli->query('INSERT INTO `lo...', 0)
#1 /home/vol18_1/infinityfree.com/if0_34654888/htdocs/office/codeigniter/system/Database/BaseConnection.php(734): CodeIgniter\Database\MySQLi\Connection->execute('INSERT INTO `lo...')
#2 /home/vol18_1/infinityfree.com/if0_34654888/htdocs/office/codeigniter/system/Database/BaseConnection.php(648): CodeIgniter\Database\BaseConnection->simpleQuery('INSERT INTO `lo...')
#3 /home/vol18_1/infinityfree.com/if0_34654888/htdocs/office/codeigniter/system/Database/BaseBuilder.php(2340): CodeIgniter\Database\BaseConnection->query('INSERT INTO `lo...', Array, false)
#4 /home/vol18_1/infinityfree.com/if0_34654888/htdocs/office/codeigniter/app/Models/expenses/ExpensesModel.php(12): CodeIgniter\Database\BaseBuilder->insert(Array)
#5 /home/vol18_1/infinityfree.com/if0_34654888/htdocs/office/codeigniter/app/Controllers/expenses/Expenses.php(348): App\Models\expenses\ExpensesModel->saveRecord(Array, 'logs')
#6 /home/vol18_1/infinityfree.com/if0_34654888/htdocs/office/codeigniter/system/CodeIgniter.php(933): App\Controllers\expenses\Expenses->editSave('93')
#7 /home/vol18_1/infinityfree.com/if0_34654888/htdocs/office/codeigniter/system/CodeIgniter.php(509): CodeIgniter\CodeIgniter->runController(Object(App\Controllers\expenses\Expenses))
#8 /home/vol18_1/infinityfree.com/if0_34654888/htdocs/office/codeigniter/system/CodeIgniter.php(355): CodeIgniter\CodeIgniter->handleRequest(NULL, Object(Config\Cache), false)
#9 /home/vol18_1/infinityfree.com/if0_34654888/htdocs/office/codeigniter/system/Boot.php(325): CodeIgniter\CodeIgniter->run()
#10 /home/vol18_1/infinityfree.com/if0_34654888/htdocs/office/codeigniter/system/Boot.php(67): CodeIgniter\Boot::runCodeIgniter(Object(CodeIgniter\CodeIgniter))
#11 /home/vol18_1/infinityfree.com/if0_34654888/htdocs/office/codeigniter/public/index.php(56): CodeIgniter\Boot::bootWeb(Object(Config\Paths))
#12 {main}
CRITICAL - 2024-11-09 12:52:17 --> CodeIgniter\Database\Exceptions\DatabaseException: Column 'crno' cannot be null
[Method: POST, Route: expenses/editSave/93]
in SYSTEMPATH/Database/BaseConnection.php on line 688.
 1 SYSTEMPATH/Database/BaseBuilder.php(2340): CodeIgniter\Database\BaseConnection->query('INSERT INTO `logs` (`pdate`, `crno`, `amount`, `ptype`, `groupe`, `category`, `subcategory`, `des`, `cno`, `tname`, `pid`, `userid`, `username`, `saveDate`) VALUES (:pdate:, :crno:, :amount:, :ptype:, :groupe:, :category:, :subcategory:, :des:, :cno:, :tname:, :pid:, :userid:, :username:, :saveDate:)', [...], false)
 2 APPPATH/Models/expenses/ExpensesModel.php(12): CodeIgniter\Database\BaseBuilder->insert([...])
 3 APPPATH/Controllers/expenses/Expenses.php(348): App\Models\expenses\ExpensesModel->saveRecord([...], 'logs')
 4 SYSTEMPATH/CodeIgniter.php(933): App\Controllers\expenses\Expenses->editSave('93')
 5 SYSTEMPATH/CodeIgniter.php(509): CodeIgniter\CodeIgniter->runController(Object(App\Controllers\expenses\Expenses))
 6 SYSTEMPATH/CodeIgniter.php(355): CodeIgniter\CodeIgniter->handleRequest(null, Object(Config\Cache), false)
 7 SYSTEMPATH/Boot.php(325): CodeIgniter\CodeIgniter->run()
 8 SYSTEMPATH/Boot.php(67): CodeIgniter\Boot::runCodeIgniter(Object(CodeIgniter\CodeIgniter))
 9 FCPATH/index.php(56): CodeIgniter\Boot::bootWeb(Object(Config\Paths))
CRITICAL - 2024-11-09 12:52:17 --> [Caused by] CodeIgniter\Database\Exceptions\DatabaseException: Column 'crno' cannot be null
in SYSTEMPATH/Database/MySQLi/Connection.php on line 317.
 1 SYSTEMPATH/Database/BaseConnection.php(734): CodeIgniter\Database\MySQLi\Connection->execute('INSERT INTO `logs` (`pdate`, `crno`, `amount`, `ptype`, `groupe`, `category`, `subcategory`, `des`, `cno`, `tname`, `pid`, `userid`, `username`, `saveDate`) VALUES (\'2024-11-04\', NULL, \'15000\', \'1\', \'1\', \'1\', \'4\', \'Segi Astana\', 0, \'expenses\', \'93\', \'5\', \'Valid\', \'2024-11-09 12:52:17\')')
 2 SYSTEMPATH/Database/BaseConnection.php(648): CodeIgniter\Database\BaseConnection->simpleQuery('INSERT INTO `logs` (`pdate`, `crno`, `amount`, `ptype`, `groupe`, `category`, `subcategory`, `des`, `cno`, `tname`, `pid`, `userid`, `username`, `saveDate`) VALUES (\'2024-11-04\', NULL, \'15000\', \'1\', \'1\', \'1\', \'4\', \'Segi Astana\', 0, \'expenses\', \'93\', \'5\', \'Valid\', \'2024-11-09 12:52:17\')')
 3 SYSTEMPATH/Database/BaseBuilder.php(2340): CodeIgniter\Database\BaseConnection->query('INSERT INTO `logs` (`pdate`, `crno`, `amount`, `ptype`, `groupe`, `category`, `subcategory`, `des`, `cno`, `tname`, `pid`, `userid`, `username`, `saveDate`) VALUES (:pdate:, :crno:, :amount:, :ptype:, :groupe:, :category:, :subcategory:, :des:, :cno:, :tname:, :pid:, :userid:, :username:, :saveDate:)', [...], false)
 4 APPPATH/Models/expenses/ExpensesModel.php(12): CodeIgniter\Database\BaseBuilder->insert([...])
 5 APPPATH/Controllers/expenses/Expenses.php(348): App\Models\expenses\ExpensesModel->saveRecord([...], 'logs')
 6 SYSTEMPATH/CodeIgniter.php(933): App\Controllers\expenses\Expenses->editSave('93')
 7 SYSTEMPATH/CodeIgniter.php(509): CodeIgniter\CodeIgniter->runController(Object(App\Controllers\expenses\Expenses))
 8 SYSTEMPATH/CodeIgniter.php(355): CodeIgniter\CodeIgniter->handleRequest(null, Object(Config\Cache), false)
 9 SYSTEMPATH/Boot.php(325): CodeIgniter\CodeIgniter->run()
10 SYSTEMPATH/Boot.php(67): CodeIgniter\Boot::runCodeIgniter(Object(CodeIgniter\CodeIgniter))
11 FCPATH/index.php(56): CodeIgniter\Boot::bootWeb(Object(Config\Paths))
CRITICAL - 2024-11-09 12:52:17 --> [Caused by] mysqli_sql_exception: Column 'crno' cannot be null
in SYSTEMPATH/Database/MySQLi/Connection.php on line 312.
 1 SYSTEMPATH/Database/MySQLi/Connection.php(312): mysqli->query('INSERT INTO `logs` (`pdate`, `crno`, `amount`, `ptype`, `groupe`, `category`, `subcategory`, `des`, `cno`, `tname`, `pid`, `userid`, `username`, `saveDate`) VALUES (\'2024-11-04\', NULL, \'15000\', \'1\', \'1\', \'1\', \'4\', \'Segi Astana\', 0, \'expenses\', \'93\', \'5\', \'Valid\', \'2024-11-09 12:52:17\')', 0)
 2 SYSTEMPATH/Database/BaseConnection.php(734): CodeIgniter\Database\MySQLi\Connection->execute('INSERT INTO `logs` (`pdate`, `crno`, `amount`, `ptype`, `groupe`, `category`, `subcategory`, `des`, `cno`, `tname`, `pid`, `userid`, `username`, `saveDate`) VALUES (\'2024-11-04\', NULL, \'15000\', \'1\', \'1\', \'1\', \'4\', \'Segi Astana\', 0, \'expenses\', \'93\', \'5\', \'Valid\', \'2024-11-09 12:52:17\')')
 3 SYSTEMPATH/Database/BaseConnection.php(648): CodeIgniter\Database\BaseConnection->simpleQuery('INSERT INTO `logs` (`pdate`, `crno`, `amount`, `ptype`, `groupe`, `category`, `subcategory`, `des`, `cno`, `tname`, `pid`, `userid`, `username`, `saveDate`) VALUES (\'2024-11-04\', NULL, \'15000\', \'1\', \'1\', \'1\', \'4\', \'Segi Astana\', 0, \'expenses\', \'93\', \'5\', \'Valid\', \'2024-11-09 12:52:17\')')
 4 SYSTEMPATH/Database/BaseBuilder.php(2340): CodeIgniter\Database\BaseConnection->query('INSERT INTO `logs` (`pdate`, `crno`, `amount`, `ptype`, `groupe`, `category`, `subcategory`, `des`, `cno`, `tname`, `pid`, `userid`, `username`, `saveDate`) VALUES (:pdate:, :crno:, :amount:, :ptype:, :groupe:, :category:, :subcategory:, :des:, :cno:, :tname:, :pid:, :userid:, :username:, :saveDate:)', [...], false)
 5 APPPATH/Models/expenses/ExpensesModel.php(12): CodeIgniter\Database\BaseBuilder->insert([...])
 6 APPPATH/Controllers/expenses/Expenses.php(348): App\Models\expenses\ExpensesModel->saveRecord([...], 'logs')
 7 SYSTEMPATH/CodeIgniter.php(933): App\Controllers\expenses\Expenses->editSave('93')
 8 SYSTEMPATH/CodeIgniter.php(509): CodeIgniter\CodeIgniter->runController(Object(App\Controllers\expenses\Expenses))
 9 SYSTEMPATH/CodeIgniter.php(355): CodeIgniter\CodeIgniter->handleRequest(null, Object(Config\Cache), false)
10 SYSTEMPATH/Boot.php(325): CodeIgniter\CodeIgniter->run()
11 SYSTEMPATH/Boot.php(67): CodeIgniter\Boot::runCodeIgniter(Object(CodeIgniter\CodeIgniter))
12 FCPATH/index.php(56): CodeIgniter\Boot::bootWeb(Object(Config\Paths))
ERROR - 2024-11-09 12:54:07 --> mysqli_sql_exception: Column 'crno' cannot be null in /home/vol18_1/infinityfree.com/if0_34654888/htdocs/office/codeigniter/system/Database/MySQLi/Connection.php:312
Stack trace:
#0 /home/vol18_1/infinityfree.com/if0_34654888/htdocs/office/codeigniter/system/Database/MySQLi/Connection.php(312): mysqli->query('INSERT INTO `lo...', 0)
#1 /home/vol18_1/infinityfree.com/if0_34654888/htdocs/office/codeigniter/system/Database/BaseConnection.php(734): CodeIgniter\Database\MySQLi\Connection->execute('INSERT INTO `lo...')
#2 /home/vol18_1/infinityfree.com/if0_34654888/htdocs/office/codeigniter/system/Database/BaseConnection.php(648): CodeIgniter\Database\BaseConnection->simpleQuery('INSERT INTO `lo...')
#3 /home/vol18_1/infinityfree.com/if0_34654888/htdocs/office/codeigniter/system/Database/BaseBuilder.php(2340): CodeIgniter\Database\BaseConnection->query('INSERT INTO `lo...', Array, false)
#4 /home/vol18_1/infinityfree.com/if0_34654888/htdocs/office/codeigniter/app/Models/expenses/ExpensesModel.php(12): CodeIgniter\Database\BaseBuilder->insert(Array)
#5 /home/vol18_1/infinityfree.com/if0_34654888/htdocs/office/codeigniter/app/Controllers/expenses/Expenses.php(348): App\Models\expenses\ExpensesModel->saveRecord(Array, 'logs')
#6 /home/vol18_1/infinityfree.com/if0_34654888/htdocs/office/codeigniter/system/CodeIgniter.php(933): App\Controllers\expenses\Expenses->editSave('93')
#7 /home/vol18_1/infinityfree.com/if0_34654888/htdocs/office/codeigniter/system/CodeIgniter.php(509): CodeIgniter\CodeIgniter->runController(Object(App\Controllers\expenses\Expenses))
#8 /home/vol18_1/infinityfree.com/if0_34654888/htdocs/office/codeigniter/system/CodeIgniter.php(355): CodeIgniter\CodeIgniter->handleRequest(NULL, Object(Config\Cache), false)
#9 /home/vol18_1/infinityfree.com/if0_34654888/htdocs/office/codeigniter/system/Boot.php(325): CodeIgniter\CodeIgniter->run()
#10 /home/vol18_1/infinityfree.com/if0_34654888/htdocs/office/codeigniter/system/Boot.php(67): CodeIgniter\Boot::runCodeIgniter(Object(CodeIgniter\CodeIgniter))
#11 /home/vol18_1/infinityfree.com/if0_34654888/htdocs/office/codeigniter/public/index.php(56): CodeIgniter\Boot::bootWeb(Object(Config\Paths))
#12 {main}
CRITICAL - 2024-11-09 12:54:07 --> CodeIgniter\Database\Exceptions\DatabaseException: Column 'crno' cannot be null
[Method: POST, Route: expenses/editSave/93]
in SYSTEMPATH/Database/BaseConnection.php on line 688.
 1 SYSTEMPATH/Database/BaseBuilder.php(2340): CodeIgniter\Database\BaseConnection->query('INSERT INTO `logs` (`pdate`, `crno`, `amount`, `ptype`, `groupe`, `category`, `subcategory`, `des`, `cno`, `tname`, `pid`, `userid`, `username`, `saveDate`) VALUES (:pdate:, :crno:, :amount:, :ptype:, :groupe:, :category:, :subcategory:, :des:, :cno:, :tname:, :pid:, :userid:, :username:, :saveDate:)', [...], false)
 2 APPPATH/Models/expenses/ExpensesModel.php(12): CodeIgniter\Database\BaseBuilder->insert([...])
 3 APPPATH/Controllers/expenses/Expenses.php(348): App\Models\expenses\ExpensesModel->saveRecord([...], 'logs')
 4 SYSTEMPATH/CodeIgniter.php(933): App\Controllers\expenses\Expenses->editSave('93')
 5 SYSTEMPATH/CodeIgniter.php(509): CodeIgniter\CodeIgniter->runController(Object(App\Controllers\expenses\Expenses))
 6 SYSTEMPATH/CodeIgniter.php(355): CodeIgniter\CodeIgniter->handleRequest(null, Object(Config\Cache), false)
 7 SYSTEMPATH/Boot.php(325): CodeIgniter\CodeIgniter->run()
 8 SYSTEMPATH/Boot.php(67): CodeIgniter\Boot::runCodeIgniter(Object(CodeIgniter\CodeIgniter))
 9 FCPATH/index.php(56): CodeIgniter\Boot::bootWeb(Object(Config\Paths))
CRITICAL - 2024-11-09 12:54:07 --> [Caused by] CodeIgniter\Database\Exceptions\DatabaseException: Column 'crno' cannot be null
in SYSTEMPATH/Database/MySQLi/Connection.php on line 317.
 1 SYSTEMPATH/Database/BaseConnection.php(734): CodeIgniter\Database\MySQLi\Connection->execute('INSERT INTO `logs` (`pdate`, `crno`, `amount`, `ptype`, `groupe`, `category`, `subcategory`, `des`, `cno`, `tname`, `pid`, `userid`, `username`, `saveDate`) VALUES (\'2024-11-04\', NULL, \'15000\', \'1\', \'1\', \'1\', \'4\', \'Segi Astana\', 0, \'expenses\', \'93\', \'5\', \'Valid\', \'2024-11-09 12:54:07\')')
 2 SYSTEMPATH/Database/BaseConnection.php(648): CodeIgniter\Database\BaseConnection->simpleQuery('INSERT INTO `logs` (`pdate`, `crno`, `amount`, `ptype`, `groupe`, `category`, `subcategory`, `des`, `cno`, `tname`, `pid`, `userid`, `username`, `saveDate`) VALUES (\'2024-11-04\', NULL, \'15000\', \'1\', \'1\', \'1\', \'4\', \'Segi Astana\', 0, \'expenses\', \'93\', \'5\', \'Valid\', \'2024-11-09 12:54:07\')')
 3 SYSTEMPATH/Database/BaseBuilder.php(2340): CodeIgniter\Database\BaseConnection->query('INSERT INTO `logs` (`pdate`, `crno`, `amount`, `ptype`, `groupe`, `category`, `subcategory`, `des`, `cno`, `tname`, `pid`, `userid`, `username`, `saveDate`) VALUES (:pdate:, :crno:, :amount:, :ptype:, :groupe:, :category:, :subcategory:, :des:, :cno:, :tname:, :pid:, :userid:, :username:, :saveDate:)', [...], false)
 4 APPPATH/Models/expenses/ExpensesModel.php(12): CodeIgniter\Database\BaseBuilder->insert([...])
 5 APPPATH/Controllers/expenses/Expenses.php(348): App\Models\expenses\ExpensesModel->saveRecord([...], 'logs')
 6 SYSTEMPATH/CodeIgniter.php(933): App\Controllers\expenses\Expenses->editSave('93')
 7 SYSTEMPATH/CodeIgniter.php(509): CodeIgniter\CodeIgniter->runController(Object(App\Controllers\expenses\Expenses))
 8 SYSTEMPATH/CodeIgniter.php(355): CodeIgniter\CodeIgniter->handleRequest(null, Object(Config\Cache), false)
 9 SYSTEMPATH/Boot.php(325): CodeIgniter\CodeIgniter->run()
10 SYSTEMPATH/Boot.php(67): CodeIgniter\Boot::runCodeIgniter(Object(CodeIgniter\CodeIgniter))
11 FCPATH/index.php(56): CodeIgniter\Boot::bootWeb(Object(Config\Paths))
CRITICAL - 2024-11-09 12:54:07 --> [Caused by] mysqli_sql_exception: Column 'crno' cannot be null
in SYSTEMPATH/Database/MySQLi/Connection.php on line 312.
 1 SYSTEMPATH/Database/MySQLi/Connection.php(312): mysqli->query('INSERT INTO `logs` (`pdate`, `crno`, `amount`, `ptype`, `groupe`, `category`, `subcategory`, `des`, `cno`, `tname`, `pid`, `userid`, `username`, `saveDate`) VALUES (\'2024-11-04\', NULL, \'15000\', \'1\', \'1\', \'1\', \'4\', \'Segi Astana\', 0, \'expenses\', \'93\', \'5\', \'Valid\', \'2024-11-09 12:54:07\')', 0)
 2 SYSTEMPATH/Database/BaseConnection.php(734): CodeIgniter\Database\MySQLi\Connection->execute('INSERT INTO `logs` (`pdate`, `crno`, `amount`, `ptype`, `groupe`, `category`, `subcategory`, `des`, `cno`, `tname`, `pid`, `userid`, `username`, `saveDate`) VALUES (\'2024-11-04\', NULL, \'15000\', \'1\', \'1\', \'1\', \'4\', \'Segi Astana\', 0, \'expenses\', \'93\', \'5\', \'Valid\', \'2024-11-09 12:54:07\')')
 3 SYSTEMPATH/Database/BaseConnection.php(648): CodeIgniter\Database\BaseConnection->simpleQuery('INSERT INTO `logs` (`pdate`, `crno`, `amount`, `ptype`, `groupe`, `category`, `subcategory`, `des`, `cno`, `tname`, `pid`, `userid`, `username`, `saveDate`) VALUES (\'2024-11-04\', NULL, \'15000\', \'1\', \'1\', \'1\', \'4\', \'Segi Astana\', 0, \'expenses\', \'93\', \'5\', \'Valid\', \'2024-11-09 12:54:07\')')
 4 SYSTEMPATH/Database/BaseBuilder.php(2340): CodeIgniter\Database\BaseConnection->query('INSERT INTO `logs` (`pdate`, `crno`, `amount`, `ptype`, `groupe`, `category`, `subcategory`, `des`, `cno`, `tname`, `pid`, `userid`, `username`, `saveDate`) VALUES (:pdate:, :crno:, :amount:, :ptype:, :groupe:, :category:, :subcategory:, :des:, :cno:, :tname:, :pid:, :userid:, :username:, :saveDate:)', [...], false)
 5 APPPATH/Models/expenses/ExpensesModel.php(12): CodeIgniter\Database\BaseBuilder->insert([...])
 6 APPPATH/Controllers/expenses/Expenses.php(348): App\Models\expenses\ExpensesModel->saveRecord([...], 'logs')
 7 SYSTEMPATH/CodeIgniter.php(933): App\Controllers\expenses\Expenses->editSave('93')
 8 SYSTEMPATH/CodeIgniter.php(509): CodeIgniter\CodeIgniter->runController(Object(App\Controllers\expenses\Expenses))
 9 SYSTEMPATH/CodeIgniter.php(355): CodeIgniter\CodeIgniter->handleRequest(null, Object(Config\Cache), false)
10 SYSTEMPATH/Boot.php(325): CodeIgniter\CodeIgniter->run()
11 SYSTEMPATH/Boot.php(67): CodeIgniter\Boot::runCodeIgniter(Object(CodeIgniter\CodeIgniter))
12 FCPATH/index.php(56): CodeIgniter\Boot::bootWeb(Object(Config\Paths))
ERROR - 2024-11-09 12:54:15 --> mysqli_sql_exception: Column 'crno' cannot be null in /home/vol18_1/infinityfree.com/if0_34654888/htdocs/office/codeigniter/system/Database/MySQLi/Connection.php:312
Stack trace:
#0 /home/vol18_1/infinityfree.com/if0_34654888/htdocs/office/codeigniter/system/Database/MySQLi/Connection.php(312): mysqli->query('INSERT INTO `lo...', 0)
#1 /home/vol18_1/infinityfree.com/if0_34654888/htdocs/office/codeigniter/system/Database/BaseConnection.php(734): CodeIgniter\Database\MySQLi\Connection->execute('INSERT INTO `lo...')
#2 /home/vol18_1/infinityfree.com/if0_34654888/htdocs/office/codeigniter/system/Database/BaseConnection.php(648): CodeIgniter\Database\BaseConnection->simpleQuery('INSERT INTO `lo...')
#3 /home/vol18_1/infinityfree.com/if0_34654888/htdocs/office/codeigniter/system/Database/BaseBuilder.php(2340): CodeIgniter\Database\BaseConnection->query('INSERT INTO `lo...', Array, false)
#4 /home/vol18_1/infinityfree.com/if0_34654888/htdocs/office/codeigniter/app/Models/expenses/ExpensesModel.php(12): CodeIgniter\Database\BaseBuilder->insert(Array)
#5 /home/vol18_1/infinityfree.com/if0_34654888/htdocs/office/codeigniter/app/Controllers/expenses/Expenses.php(348): App\Models\expenses\ExpensesModel->saveRecord(Array, 'logs')
#6 /home/vol18_1/infinityfree.com/if0_34654888/htdocs/office/codeigniter/system/CodeIgniter.php(933): App\Controllers\expenses\Expenses->editSave('93')
#7 /home/vol18_1/infinityfree.com/if0_34654888/htdocs/office/codeigniter/system/CodeIgniter.php(509): CodeIgniter\CodeIgniter->runController(Object(App\Controllers\expenses\Expenses))
#8 /home/vol18_1/infinityfree.com/if0_34654888/htdocs/office/codeigniter/system/CodeIgniter.php(355): CodeIgniter\CodeIgniter->handleRequest(NULL, Object(Config\Cache), false)
#9 /home/vol18_1/infinityfree.com/if0_34654888/htdocs/office/codeigniter/system/Boot.php(325): CodeIgniter\CodeIgniter->run()
#10 /home/vol18_1/infinityfree.com/if0_34654888/htdocs/office/codeigniter/system/Boot.php(67): CodeIgniter\Boot::runCodeIgniter(Object(CodeIgniter\CodeIgniter))
#11 /home/vol18_1/infinityfree.com/if0_34654888/htdocs/office/codeigniter/public/index.php(56): CodeIgniter\Boot::bootWeb(Object(Config\Paths))
#12 {main}
CRITICAL - 2024-11-09 12:54:15 --> CodeIgniter\Database\Exceptions\DatabaseException: Column 'crno' cannot be null
[Method: POST, Route: expenses/editSave/93]
in SYSTEMPATH/Database/BaseConnection.php on line 688.
 1 SYSTEMPATH/Database/BaseBuilder.php(2340): CodeIgniter\Database\BaseConnection->query('INSERT INTO `logs` (`pdate`, `crno`, `amount`, `ptype`, `groupe`, `category`, `subcategory`, `des`, `cno`, `tname`, `pid`, `userid`, `username`, `saveDate`) VALUES (:pdate:, :crno:, :amount:, :ptype:, :groupe:, :category:, :subcategory:, :des:, :cno:, :tname:, :pid:, :userid:, :username:, :saveDate:)', [...], false)
 2 APPPATH/Models/expenses/ExpensesModel.php(12): CodeIgniter\Database\BaseBuilder->insert([...])
 3 APPPATH/Controllers/expenses/Expenses.php(348): App\Models\expenses\ExpensesModel->saveRecord([...], 'logs')
 4 SYSTEMPATH/CodeIgniter.php(933): App\Controllers\expenses\Expenses->editSave('93')
 5 SYSTEMPATH/CodeIgniter.php(509): CodeIgniter\CodeIgniter->runController(Object(App\Controllers\expenses\Expenses))
 6 SYSTEMPATH/CodeIgniter.php(355): CodeIgniter\CodeIgniter->handleRequest(null, Object(Config\Cache), false)
 7 SYSTEMPATH/Boot.php(325): CodeIgniter\CodeIgniter->run()
 8 SYSTEMPATH/Boot.php(67): CodeIgniter\Boot::runCodeIgniter(Object(CodeIgniter\CodeIgniter))
 9 FCPATH/index.php(56): CodeIgniter\Boot::bootWeb(Object(Config\Paths))
CRITICAL - 2024-11-09 12:54:15 --> [Caused by] CodeIgniter\Database\Exceptions\DatabaseException: Column 'crno' cannot be null
in SYSTEMPATH/Database/MySQLi/Connection.php on line 317.
 1 SYSTEMPATH/Database/BaseConnection.php(734): CodeIgniter\Database\MySQLi\Connection->execute('INSERT INTO `logs` (`pdate`, `crno`, `amount`, `ptype`, `groupe`, `category`, `subcategory`, `des`, `cno`, `tname`, `pid`, `userid`, `username`, `saveDate`) VALUES (\'2024-11-04\', NULL, \'15000\', \'1\', \'1\', \'1\', \'4\', \'Segi Astana\', 0, \'expenses\', \'93\', \'5\', \'Valid\', \'2024-11-09 12:54:15\')')
 2 SYSTEMPATH/Database/BaseConnection.php(648): CodeIgniter\Database\BaseConnection->simpleQuery('INSERT INTO `logs` (`pdate`, `crno`, `amount`, `ptype`, `groupe`, `category`, `subcategory`, `des`, `cno`, `tname`, `pid`, `userid`, `username`, `saveDate`) VALUES (\'2024-11-04\', NULL, \'15000\', \'1\', \'1\', \'1\', \'4\', \'Segi Astana\', 0, \'expenses\', \'93\', \'5\', \'Valid\', \'2024-11-09 12:54:15\')')
 3 SYSTEMPATH/Database/BaseBuilder.php(2340): CodeIgniter\Database\BaseConnection->query('INSERT INTO `logs` (`pdate`, `crno`, `amount`, `ptype`, `groupe`, `category`, `subcategory`, `des`, `cno`, `tname`, `pid`, `userid`, `username`, `saveDate`) VALUES (:pdate:, :crno:, :amount:, :ptype:, :groupe:, :category:, :subcategory:, :des:, :cno:, :tname:, :pid:, :userid:, :username:, :saveDate:)', [...], false)
 4 APPPATH/Models/expenses/ExpensesModel.php(12): CodeIgniter\Database\BaseBuilder->insert([...])
 5 APPPATH/Controllers/expenses/Expenses.php(348): App\Models\expenses\ExpensesModel->saveRecord([...], 'logs')
 6 SYSTEMPATH/CodeIgniter.php(933): App\Controllers\expenses\Expenses->editSave('93')
 7 SYSTEMPATH/CodeIgniter.php(509): CodeIgniter\CodeIgniter->runController(Object(App\Controllers\expenses\Expenses))
 8 SYSTEMPATH/CodeIgniter.php(355): CodeIgniter\CodeIgniter->handleRequest(null, Object(Config\Cache), false)
 9 SYSTEMPATH/Boot.php(325): CodeIgniter\CodeIgniter->run()
10 SYSTEMPATH/Boot.php(67): CodeIgniter\Boot::runCodeIgniter(Object(CodeIgniter\CodeIgniter))
11 FCPATH/index.php(56): CodeIgniter\Boot::bootWeb(Object(Config\Paths))
CRITICAL - 2024-11-09 12:54:15 --> [Caused by] mysqli_sql_exception: Column 'crno' cannot be null
in SYSTEMPATH/Database/MySQLi/Connection.php on line 312.
 1 SYSTEMPATH/Database/MySQLi/Connection.php(312): mysqli->query('INSERT INTO `logs` (`pdate`, `crno`, `amount`, `ptype`, `groupe`, `category`, `subcategory`, `des`, `cno`, `tname`, `pid`, `userid`, `username`, `saveDate`) VALUES (\'2024-11-04\', NULL, \'15000\', \'1\', \'1\', \'1\', \'4\', \'Segi Astana\', 0, \'expenses\', \'93\', \'5\', \'Valid\', \'2024-11-09 12:54:15\')', 0)
 2 SYSTEMPATH/Database/BaseConnection.php(734): CodeIgniter\Database\MySQLi\Connection->execute('INSERT INTO `logs` (`pdate`, `crno`, `amount`, `ptype`, `groupe`, `category`, `subcategory`, `des`, `cno`, `tname`, `pid`, `userid`, `username`, `saveDate`) VALUES (\'2024-11-04\', NULL, \'15000\', \'1\', \'1\', \'1\', \'4\', \'Segi Astana\', 0, \'expenses\', \'93\', \'5\', \'Valid\', \'2024-11-09 12:54:15\')')
 3 SYSTEMPATH/Database/BaseConnection.php(648): CodeIgniter\Database\BaseConnection->simpleQuery('INSERT INTO `logs` (`pdate`, `crno`, `amount`, `ptype`, `groupe`, `category`, `subcategory`, `des`, `cno`, `tname`, `pid`, `userid`, `username`, `saveDate`) VALUES (\'2024-11-04\', NULL, \'15000\', \'1\', \'1\', \'1\', \'4\', \'Segi Astana\', 0, \'expenses\', \'93\', \'5\', \'Valid\', \'2024-11-09 12:54:15\')')
 4 SYSTEMPATH/Database/BaseBuilder.php(2340): CodeIgniter\Database\BaseConnection->query('INSERT INTO `logs` (`pdate`, `crno`, `amount`, `ptype`, `groupe`, `category`, `subcategory`, `des`, `cno`, `tname`, `pid`, `userid`, `username`, `saveDate`) VALUES (:pdate:, :crno:, :amount:, :ptype:, :groupe:, :category:, :subcategory:, :des:, :cno:, :tname:, :pid:, :userid:, :username:, :saveDate:)', [...], false)
 5 APPPATH/Models/expenses/ExpensesModel.php(12): CodeIgniter\Database\BaseBuilder->insert([...])
 6 APPPATH/Controllers/expenses/Expenses.php(348): App\Models\expenses\ExpensesModel->saveRecord([...], 'logs')
 7 SYSTEMPATH/CodeIgniter.php(933): App\Controllers\expenses\Expenses->editSave('93')
 8 SYSTEMPATH/CodeIgniter.php(509): CodeIgniter\CodeIgniter->runController(Object(App\Controllers\expenses\Expenses))
 9 SYSTEMPATH/CodeIgniter.php(355): CodeIgniter\CodeIgniter->handleRequest(null, Object(Config\Cache), false)
10 SYSTEMPATH/Boot.php(325): CodeIgniter\CodeIgniter->run()
11 SYSTEMPATH/Boot.php(67): CodeIgniter\Boot::runCodeIgniter(Object(CodeIgniter\CodeIgniter))
12 FCPATH/index.php(56): CodeIgniter\Boot::bootWeb(Object(Config\Paths))
