ERROR - 2024-11-18 05:45:08 --> mysqli_sql_exception: Column 'userid' cannot be null in /home/vol18_1/infinityfree.com/if0_34654888/htdocs/office/codeigniter/system/Database/MySQLi/Connection.php:312
Stack trace:
#0 /home/vol18_1/infinityfree.com/if0_34654888/htdocs/office/codeigniter/system/Database/MySQLi/Connection.php(312): mysqli->query('INSERT INTO `ci...', 0)
#1 /home/vol18_1/infinityfree.com/if0_34654888/htdocs/office/codeigniter/system/Database/BaseConnection.php(734): CodeIgniter\Database\MySQLi\Connection->execute('INSERT INTO `ci...')
#2 /home/vol18_1/infinityfree.com/if0_34654888/htdocs/office/codeigniter/system/Database/BaseConnection.php(648): CodeIgniter\Database\BaseConnection->simpleQuery('INSERT INTO `ci...')
#3 /home/vol18_1/infinityfree.com/if0_34654888/htdocs/office/codeigniter/system/Database/BaseBuilder.php(2340): CodeIgniter\Database\BaseConnection->query('INSERT INTO `ci...', Array, false)
#4 /home/vol18_1/infinityfree.com/if0_34654888/htdocs/office/codeigniter/app/Models/DailyModel.php(355): CodeIgniter\Database\BaseBuilder->insert(Array)
#5 /home/vol18_1/infinityfree.com/if0_34654888/htdocs/office/codeigniter/app/Controllers/Cinout.php(136): App\Models\DailyModel->savedc(Array, 'cinout')
#6 /home/vol18_1/infinityfree.com/if0_34654888/htdocs/office/codeigniter/system/CodeIgniter.php(933): App\Controllers\Cinout->save()
#7 /home/vol18_1/infinityfree.com/if0_34654888/htdocs/office/codeigniter/system/CodeIgniter.php(509): CodeIgniter\CodeIgniter->runController(Object(App\Controllers\Cinout))
#8 /home/vol18_1/infinityfree.com/if0_34654888/htdocs/office/codeigniter/system/CodeIgniter.php(355): CodeIgniter\CodeIgniter->handleRequest(NULL, Object(Config\Cache), false)
#9 /home/vol18_1/infinityfree.com/if0_34654888/htdocs/office/codeigniter/system/Boot.php(325): CodeIgniter\CodeIgniter->run()
#10 /home/vol18_1/infinityfree.com/if0_34654888/htdocs/office/codeigniter/system/Boot.php(67): CodeIgniter\Boot::runCodeIgniter(Object(CodeIgniter\CodeIgniter))
#11 /home/vol18_1/infinityfree.com/if0_34654888/htdocs/office/codeigniter/public/index.php(56): CodeIgniter\Boot::bootWeb(Object(Config\Paths))
#12 {main}
CRITICAL - 2024-11-18 05:45:08 --> CodeIgniter\Database\Exceptions\DatabaseException: Column 'userid' cannot be null
[Method: POST, Route: cinoutsave]
in SYSTEMPATH/Database/BaseConnection.php on line 688.
 1 SYSTEMPATH/Database/BaseBuilder.php(2340): CodeIgniter\Database\BaseConnection->query('INSERT INTO `cinout` (`shop`, `cin`, `purchase`, `purchasenot`, `local`, `foreigner`, `remark`, `userid`, `username`, `saveDate`) VALUES (:shop:, :cin:, :purchase:, :purchasenot:, :local:, :foreigner:, :remark:, :userid:, :username:, :saveDate:)', [...], false)
 2 APPPATH/Models/DailyModel.php(355): CodeIgniter\Database\BaseBuilder->insert([...])
 3 APPPATH/Controllers/Cinout.php(136): App\Models\DailyModel->savedc([...], 'cinout')
 4 SYSTEMPATH/CodeIgniter.php(933): App\Controllers\Cinout->save()
 5 SYSTEMPATH/CodeIgniter.php(509): CodeIgniter\CodeIgniter->runController(Object(App\Controllers\Cinout))
 6 SYSTEMPATH/CodeIgniter.php(355): CodeIgniter\CodeIgniter->handleRequest(null, Object(Config\Cache), false)
 7 SYSTEMPATH/Boot.php(325): CodeIgniter\CodeIgniter->run()
 8 SYSTEMPATH/Boot.php(67): CodeIgniter\Boot::runCodeIgniter(Object(CodeIgniter\CodeIgniter))
 9 FCPATH/index.php(56): CodeIgniter\Boot::bootWeb(Object(Config\Paths))
CRITICAL - 2024-11-18 05:45:08 --> [Caused by] CodeIgniter\Database\Exceptions\DatabaseException: Column 'userid' cannot be null
in SYSTEMPATH/Database/MySQLi/Connection.php on line 317.
 1 SYSTEMPATH/Database/BaseConnection.php(734): CodeIgniter\Database\MySQLi\Connection->execute('INSERT INTO `cinout` (`shop`, `cin`, `purchase`, `purchasenot`, `local`, `foreigner`, `remark`, `userid`, `username`, `saveDate`) VALUES (\'4\', \'1\', 1, 0, 1, 0, \'LOCAL BRAND\', NULL, NULL, \'2024-11-18 05:45:08\')')
 2 SYSTEMPATH/Database/BaseConnection.php(648): CodeIgniter\Database\BaseConnection->simpleQuery('INSERT INTO `cinout` (`shop`, `cin`, `purchase`, `purchasenot`, `local`, `foreigner`, `remark`, `userid`, `username`, `saveDate`) VALUES (\'4\', \'1\', 1, 0, 1, 0, \'LOCAL BRAND\', NULL, NULL, \'2024-11-18 05:45:08\')')
 3 SYSTEMPATH/Database/BaseBuilder.php(2340): CodeIgniter\Database\BaseConnection->query('INSERT INTO `cinout` (`shop`, `cin`, `purchase`, `purchasenot`, `local`, `foreigner`, `remark`, `userid`, `username`, `saveDate`) VALUES (:shop:, :cin:, :purchase:, :purchasenot:, :local:, :foreigner:, :remark:, :userid:, :username:, :saveDate:)', [...], false)
 4 APPPATH/Models/DailyModel.php(355): CodeIgniter\Database\BaseBuilder->insert([...])
 5 APPPATH/Controllers/Cinout.php(136): App\Models\DailyModel->savedc([...], 'cinout')
 6 SYSTEMPATH/CodeIgniter.php(933): App\Controllers\Cinout->save()
 7 SYSTEMPATH/CodeIgniter.php(509): CodeIgniter\CodeIgniter->runController(Object(App\Controllers\Cinout))
 8 SYSTEMPATH/CodeIgniter.php(355): CodeIgniter\CodeIgniter->handleRequest(null, Object(Config\Cache), false)
 9 SYSTEMPATH/Boot.php(325): CodeIgniter\CodeIgniter->run()
10 SYSTEMPATH/Boot.php(67): CodeIgniter\Boot::runCodeIgniter(Object(CodeIgniter\CodeIgniter))
11 FCPATH/index.php(56): CodeIgniter\Boot::bootWeb(Object(Config\Paths))
CRITICAL - 2024-11-18 05:45:08 --> [Caused by] mysqli_sql_exception: Column 'userid' cannot be null
in SYSTEMPATH/Database/MySQLi/Connection.php on line 312.
 1 SYSTEMPATH/Database/MySQLi/Connection.php(312): mysqli->query('INSERT INTO `cinout` (`shop`, `cin`, `purchase`, `purchasenot`, `local`, `foreigner`, `remark`, `userid`, `username`, `saveDate`) VALUES (\'4\', \'1\', 1, 0, 1, 0, \'LOCAL BRAND\', NULL, NULL, \'2024-11-18 05:45:08\')', 0)
 2 SYSTEMPATH/Database/BaseConnection.php(734): CodeIgniter\Database\MySQLi\Connection->execute('INSERT INTO `cinout` (`shop`, `cin`, `purchase`, `purchasenot`, `local`, `foreigner`, `remark`, `userid`, `username`, `saveDate`) VALUES (\'4\', \'1\', 1, 0, 1, 0, \'LOCAL BRAND\', NULL, NULL, \'2024-11-18 05:45:08\')')
 3 SYSTEMPATH/Database/BaseConnection.php(648): CodeIgniter\Database\BaseConnection->simpleQuery('INSERT INTO `cinout` (`shop`, `cin`, `purchase`, `purchasenot`, `local`, `foreigner`, `remark`, `userid`, `username`, `saveDate`) VALUES (\'4\', \'1\', 1, 0, 1, 0, \'LOCAL BRAND\', NULL, NULL, \'2024-11-18 05:45:08\')')
 4 SYSTEMPATH/Database/BaseBuilder.php(2340): CodeIgniter\Database\BaseConnection->query('INSERT INTO `cinout` (`shop`, `cin`, `purchase`, `purchasenot`, `local`, `foreigner`, `remark`, `userid`, `username`, `saveDate`) VALUES (:shop:, :cin:, :purchase:, :purchasenot:, :local:, :foreigner:, :remark:, :userid:, :username:, :saveDate:)', [...], false)
 5 APPPATH/Models/DailyModel.php(355): CodeIgniter\Database\BaseBuilder->insert([...])
 6 APPPATH/Controllers/Cinout.php(136): App\Models\DailyModel->savedc([...], 'cinout')
 7 SYSTEMPATH/CodeIgniter.php(933): App\Controllers\Cinout->save()
 8 SYSTEMPATH/CodeIgniter.php(509): CodeIgniter\CodeIgniter->runController(Object(App\Controllers\Cinout))
 9 SYSTEMPATH/CodeIgniter.php(355): CodeIgniter\CodeIgniter->handleRequest(null, Object(Config\Cache), false)
10 SYSTEMPATH/Boot.php(325): CodeIgniter\CodeIgniter->run()
11 SYSTEMPATH/Boot.php(67): CodeIgniter\Boot::runCodeIgniter(Object(CodeIgniter\CodeIgniter))
12 FCPATH/index.php(56): CodeIgniter\Boot::bootWeb(Object(Config\Paths))
ERROR - 2024-11-18 05:45:17 --> mysqli_sql_exception: Column 'userid' cannot be null in /home/vol18_1/infinityfree.com/if0_34654888/htdocs/office/codeigniter/system/Database/MySQLi/Connection.php:312
Stack trace:
#0 /home/vol18_1/infinityfree.com/if0_34654888/htdocs/office/codeigniter/system/Database/MySQLi/Connection.php(312): mysqli->query('INSERT INTO `ci...', 0)
#1 /home/vol18_1/infinityfree.com/if0_34654888/htdocs/office/codeigniter/system/Database/BaseConnection.php(734): CodeIgniter\Database\MySQLi\Connection->execute('INSERT INTO `ci...')
#2 /home/vol18_1/infinityfree.com/if0_34654888/htdocs/office/codeigniter/system/Database/BaseConnection.php(648): CodeIgniter\Database\BaseConnection->simpleQuery('INSERT INTO `ci...')
#3 /home/vol18_1/infinityfree.com/if0_34654888/htdocs/office/codeigniter/system/Database/BaseBuilder.php(2340): CodeIgniter\Database\BaseConnection->query('INSERT INTO `ci...', Array, false)
#4 /home/vol18_1/infinityfree.com/if0_34654888/htdocs/office/codeigniter/app/Models/DailyModel.php(355): CodeIgniter\Database\BaseBuilder->insert(Array)
#5 /home/vol18_1/infinityfree.com/if0_34654888/htdocs/office/codeigniter/app/Controllers/Cinout.php(136): App\Models\DailyModel->savedc(Array, 'cinout')
#6 /home/vol18_1/infinityfree.com/if0_34654888/htdocs/office/codeigniter/system/CodeIgniter.php(933): App\Controllers\Cinout->save()
#7 /home/vol18_1/infinityfree.com/if0_34654888/htdocs/office/codeigniter/system/CodeIgniter.php(509): CodeIgniter\CodeIgniter->runController(Object(App\Controllers\Cinout))
#8 /home/vol18_1/infinityfree.com/if0_34654888/htdocs/office/codeigniter/system/CodeIgniter.php(355): CodeIgniter\CodeIgniter->handleRequest(NULL, Object(Config\Cache), false)
#9 /home/vol18_1/infinityfree.com/if0_34654888/htdocs/office/codeigniter/system/Boot.php(325): CodeIgniter\CodeIgniter->run()
#10 /home/vol18_1/infinityfree.com/if0_34654888/htdocs/office/codeigniter/system/Boot.php(67): CodeIgniter\Boot::runCodeIgniter(Object(CodeIgniter\CodeIgniter))
#11 /home/vol18_1/infinityfree.com/if0_34654888/htdocs/office/codeigniter/public/index.php(56): CodeIgniter\Boot::bootWeb(Object(Config\Paths))
#12 {main}
CRITICAL - 2024-11-18 05:45:17 --> CodeIgniter\Database\Exceptions\DatabaseException: Column 'userid' cannot be null
[Method: POST, Route: cinoutsave]
in SYSTEMPATH/Database/BaseConnection.php on line 688.
 1 SYSTEMPATH/Database/BaseBuilder.php(2340): CodeIgniter\Database\BaseConnection->query('INSERT INTO `cinout` (`shop`, `cin`, `purchase`, `purchasenot`, `local`, `foreigner`, `remark`, `userid`, `username`, `saveDate`) VALUES (:shop:, :cin:, :purchase:, :purchasenot:, :local:, :foreigner:, :remark:, :userid:, :username:, :saveDate:)', [...], false)
 2 APPPATH/Models/DailyModel.php(355): CodeIgniter\Database\BaseBuilder->insert([...])
 3 APPPATH/Controllers/Cinout.php(136): App\Models\DailyModel->savedc([...], 'cinout')
 4 SYSTEMPATH/CodeIgniter.php(933): App\Controllers\Cinout->save()
 5 SYSTEMPATH/CodeIgniter.php(509): CodeIgniter\CodeIgniter->runController(Object(App\Controllers\Cinout))
 6 SYSTEMPATH/CodeIgniter.php(355): CodeIgniter\CodeIgniter->handleRequest(null, Object(Config\Cache), false)
 7 SYSTEMPATH/Boot.php(325): CodeIgniter\CodeIgniter->run()
 8 SYSTEMPATH/Boot.php(67): CodeIgniter\Boot::runCodeIgniter(Object(CodeIgniter\CodeIgniter))
 9 FCPATH/index.php(56): CodeIgniter\Boot::bootWeb(Object(Config\Paths))
CRITICAL - 2024-11-18 05:45:17 --> [Caused by] CodeIgniter\Database\Exceptions\DatabaseException: Column 'userid' cannot be null
in SYSTEMPATH/Database/MySQLi/Connection.php on line 317.
 1 SYSTEMPATH/Database/BaseConnection.php(734): CodeIgniter\Database\MySQLi\Connection->execute('INSERT INTO `cinout` (`shop`, `cin`, `purchase`, `purchasenot`, `local`, `foreigner`, `remark`, `userid`, `username`, `saveDate`) VALUES (\'4\', \'1\', 1, 0, 1, 0, \'LOCAL BRAND\', NULL, NULL, \'2024-11-18 05:45:17\')')
 2 SYSTEMPATH/Database/BaseConnection.php(648): CodeIgniter\Database\BaseConnection->simpleQuery('INSERT INTO `cinout` (`shop`, `cin`, `purchase`, `purchasenot`, `local`, `foreigner`, `remark`, `userid`, `username`, `saveDate`) VALUES (\'4\', \'1\', 1, 0, 1, 0, \'LOCAL BRAND\', NULL, NULL, \'2024-11-18 05:45:17\')')
 3 SYSTEMPATH/Database/BaseBuilder.php(2340): CodeIgniter\Database\BaseConnection->query('INSERT INTO `cinout` (`shop`, `cin`, `purchase`, `purchasenot`, `local`, `foreigner`, `remark`, `userid`, `username`, `saveDate`) VALUES (:shop:, :cin:, :purchase:, :purchasenot:, :local:, :foreigner:, :remark:, :userid:, :username:, :saveDate:)', [...], false)
 4 APPPATH/Models/DailyModel.php(355): CodeIgniter\Database\BaseBuilder->insert([...])
 5 APPPATH/Controllers/Cinout.php(136): App\Models\DailyModel->savedc([...], 'cinout')
 6 SYSTEMPATH/CodeIgniter.php(933): App\Controllers\Cinout->save()
 7 SYSTEMPATH/CodeIgniter.php(509): CodeIgniter\CodeIgniter->runController(Object(App\Controllers\Cinout))
 8 SYSTEMPATH/CodeIgniter.php(355): CodeIgniter\CodeIgniter->handleRequest(null, Object(Config\Cache), false)
 9 SYSTEMPATH/Boot.php(325): CodeIgniter\CodeIgniter->run()
10 SYSTEMPATH/Boot.php(67): CodeIgniter\Boot::runCodeIgniter(Object(CodeIgniter\CodeIgniter))
11 FCPATH/index.php(56): CodeIgniter\Boot::bootWeb(Object(Config\Paths))
CRITICAL - 2024-11-18 05:45:17 --> [Caused by] mysqli_sql_exception: Column 'userid' cannot be null
in SYSTEMPATH/Database/MySQLi/Connection.php on line 312.
 1 SYSTEMPATH/Database/MySQLi/Connection.php(312): mysqli->query('INSERT INTO `cinout` (`shop`, `cin`, `purchase`, `purchasenot`, `local`, `foreigner`, `remark`, `userid`, `username`, `saveDate`) VALUES (\'4\', \'1\', 1, 0, 1, 0, \'LOCAL BRAND\', NULL, NULL, \'2024-11-18 05:45:17\')', 0)
 2 SYSTEMPATH/Database/BaseConnection.php(734): CodeIgniter\Database\MySQLi\Connection->execute('INSERT INTO `cinout` (`shop`, `cin`, `purchase`, `purchasenot`, `local`, `foreigner`, `remark`, `userid`, `username`, `saveDate`) VALUES (\'4\', \'1\', 1, 0, 1, 0, \'LOCAL BRAND\', NULL, NULL, \'2024-11-18 05:45:17\')')
 3 SYSTEMPATH/Database/BaseConnection.php(648): CodeIgniter\Database\BaseConnection->simpleQuery('INSERT INTO `cinout` (`shop`, `cin`, `purchase`, `purchasenot`, `local`, `foreigner`, `remark`, `userid`, `username`, `saveDate`) VALUES (\'4\', \'1\', 1, 0, 1, 0, \'LOCAL BRAND\', NULL, NULL, \'2024-11-18 05:45:17\')')
 4 SYSTEMPATH/Database/BaseBuilder.php(2340): CodeIgniter\Database\BaseConnection->query('INSERT INTO `cinout` (`shop`, `cin`, `purchase`, `purchasenot`, `local`, `foreigner`, `remark`, `userid`, `username`, `saveDate`) VALUES (:shop:, :cin:, :purchase:, :purchasenot:, :local:, :foreigner:, :remark:, :userid:, :username:, :saveDate:)', [...], false)
 5 APPPATH/Models/DailyModel.php(355): CodeIgniter\Database\BaseBuilder->insert([...])
 6 APPPATH/Controllers/Cinout.php(136): App\Models\DailyModel->savedc([...], 'cinout')
 7 SYSTEMPATH/CodeIgniter.php(933): App\Controllers\Cinout->save()
 8 SYSTEMPATH/CodeIgniter.php(509): CodeIgniter\CodeIgniter->runController(Object(App\Controllers\Cinout))
 9 SYSTEMPATH/CodeIgniter.php(355): CodeIgniter\CodeIgniter->handleRequest(null, Object(Config\Cache), false)
10 SYSTEMPATH/Boot.php(325): CodeIgniter\CodeIgniter->run()
11 SYSTEMPATH/Boot.php(67): CodeIgniter\Boot::runCodeIgniter(Object(CodeIgniter\CodeIgniter))
12 FCPATH/index.php(56): CodeIgniter\Boot::bootWeb(Object(Config\Paths))
CRITICAL - 2024-11-18 11:21:43 --> CodeIgniter\HTTP\Exceptions\HTTPException: Could not move file "phpcQFQjJ" to "/home/vol18_1/infinityfree.com/if0_34654888/htdocs/office/codeigniter/public/uploads/profiles/". Reason: 
[Method: POST, Route: attendance/saveemp]
in SYSTEMPATH/HTTP/Files/UploadedFile.php on line 154.
 1 SYSTEMPATH/HTTP/Files/UploadedFile.php(154): CodeIgniter\HTTP\Exceptions\HTTPException::forMoveFailed('phpcQFQjJ', '/home/vol18_1/infinityfree.com/if0_34654888/htdocs/office/codeigniter/public/uploads/profiles/', '')
 2 APPPATH/Controllers/attendance/Attendance.php(643): CodeIgniter\HTTP\Files\UploadedFile->move('/home/vol18_1/infinityfree.com/if0_34654888/htdocs/office/codeigniter/public/uploads/profiles/', '5-SUGUNTI A/P MANIMARAN-1.jpg')
 3 APPPATH/Controllers/attendance/Attendance.php(110): App\Controllers\attendance\Attendance->upload(5, 'SUGUNTI A/P MANIMARAN')
 4 SYSTEMPATH/CodeIgniter.php(933): App\Controllers\attendance\Attendance->saveemp()
 5 SYSTEMPATH/CodeIgniter.php(509): CodeIgniter\CodeIgniter->runController(Object(App\Controllers\attendance\Attendance))
 6 SYSTEMPATH/CodeIgniter.php(355): CodeIgniter\CodeIgniter->handleRequest(null, Object(Config\Cache), false)
 7 SYSTEMPATH/Boot.php(325): CodeIgniter\CodeIgniter->run()
 8 SYSTEMPATH/Boot.php(67): CodeIgniter\Boot::runCodeIgniter(Object(CodeIgniter\CodeIgniter))
 9 FCPATH/index.php(56): CodeIgniter\Boot::bootWeb(Object(Config\Paths))
CRITICAL - 2024-11-18 11:24:14 --> CodeIgniter\HTTP\Exceptions\HTTPException: Could not move file "phpO0Z2J2" to "/home/vol18_1/infinityfree.com/if0_34654888/htdocs/office/codeigniter/public/uploads/profiles/". Reason: 
[Method: POST, Route: attendance/saveEmpUpdate/5]
in SYSTEMPATH/HTTP/Files/UploadedFile.php on line 154.
 1 SYSTEMPATH/HTTP/Files/UploadedFile.php(154): CodeIgniter\HTTP\Exceptions\HTTPException::forMoveFailed('phpO0Z2J2', '/home/vol18_1/infinityfree.com/if0_34654888/htdocs/office/codeigniter/public/uploads/profiles/', '')
 2 APPPATH/Controllers/attendance/Attendance.php(754): CodeIgniter\HTTP\Files\UploadedFile->move('/home/vol18_1/infinityfree.com/if0_34654888/htdocs/office/codeigniter/public/uploads/profiles/', '5-SUGUNTI A/P MANIMARAN-1.jpg')
 3 APPPATH/Controllers/attendance/Attendance.php(265): App\Controllers\attendance\Attendance->uploadEdit('5', 'SUGUNTI A/P MANIMARAN')
 4 SYSTEMPATH/CodeIgniter.php(933): App\Controllers\attendance\Attendance->saveEmpUpdate('5')
 5 SYSTEMPATH/CodeIgniter.php(509): CodeIgniter\CodeIgniter->runController(Object(App\Controllers\attendance\Attendance))
 6 SYSTEMPATH/CodeIgniter.php(355): CodeIgniter\CodeIgniter->handleRequest(null, Object(Config\Cache), false)
 7 SYSTEMPATH/Boot.php(325): CodeIgniter\CodeIgniter->run()
 8 SYSTEMPATH/Boot.php(67): CodeIgniter\Boot::runCodeIgniter(Object(CodeIgniter\CodeIgniter))
 9 FCPATH/index.php(56): CodeIgniter\Boot::bootWeb(Object(Config\Paths))
CRITICAL - 2024-11-18 11:25:04 --> CodeIgniter\HTTP\Exceptions\HTTPException: Could not move file "phpxmPe0y" to "/home/vol18_1/infinityfree.com/if0_34654888/htdocs/office/codeigniter/public/uploads/ids/". Reason: 
[Method: POST, Route: attendance/saveEmpUpdate/5]
in SYSTEMPATH/HTTP/Files/UploadedFile.php on line 154.
 1 SYSTEMPATH/HTTP/Files/UploadedFile.php(154): CodeIgniter\HTTP\Exceptions\HTTPException::forMoveFailed('phpxmPe0y', '/home/vol18_1/infinityfree.com/if0_34654888/htdocs/office/codeigniter/public/uploads/ids/', '')
 2 APPPATH/Controllers/attendance/Attendance.php(821): CodeIgniter\HTTP\Files\UploadedFile->move('/home/vol18_1/infinityfree.com/if0_34654888/htdocs/office/codeigniter/public/uploads/ids/', '5-SUGUNTI A/P MANIMARAN-2.jpg')
 3 APPPATH/Controllers/attendance/Attendance.php(266): App\Controllers\attendance\Attendance->uploadEditID('5', 'SUGUNTI A/P MANIMARAN')
 4 SYSTEMPATH/CodeIgniter.php(933): App\Controllers\attendance\Attendance->saveEmpUpdate('5')
 5 SYSTEMPATH/CodeIgniter.php(509): CodeIgniter\CodeIgniter->runController(Object(App\Controllers\attendance\Attendance))
 6 SYSTEMPATH/CodeIgniter.php(355): CodeIgniter\CodeIgniter->handleRequest(null, Object(Config\Cache), false)
 7 SYSTEMPATH/Boot.php(325): CodeIgniter\CodeIgniter->run()
 8 SYSTEMPATH/Boot.php(67): CodeIgniter\Boot::runCodeIgniter(Object(CodeIgniter\CodeIgniter))
 9 FCPATH/index.php(56): CodeIgniter\Boot::bootWeb(Object(Config\Paths))
CRITICAL - 2024-11-18 11:27:30 --> CodeIgniter\HTTP\Exceptions\HTTPException: Could not move file "phpM8ua2R" to "/home/vol18_1/infinityfree.com/if0_34654888/htdocs/office/codeigniter/public/uploads/profiles/". Reason: 
[Method: POST, Route: attendance/saveEmpUpdate/5]
in SYSTEMPATH/HTTP/Files/UploadedFile.php on line 154.
 1 SYSTEMPATH/HTTP/Files/UploadedFile.php(154): CodeIgniter\HTTP\Exceptions\HTTPException::forMoveFailed('phpM8ua2R', '/home/vol18_1/infinityfree.com/if0_34654888/htdocs/office/codeigniter/public/uploads/profiles/', '')
 2 APPPATH/Controllers/attendance/Attendance.php(754): CodeIgniter\HTTP\Files\UploadedFile->move('/home/vol18_1/infinityfree.com/if0_34654888/htdocs/office/codeigniter/public/uploads/profiles/', '5-SUGUNTI A/P MANIMARAN-1.png')
 3 APPPATH/Controllers/attendance/Attendance.php(265): App\Controllers\attendance\Attendance->uploadEdit('5', 'SUGUNTI A/P MANIMARAN')
 4 SYSTEMPATH/CodeIgniter.php(933): App\Controllers\attendance\Attendance->saveEmpUpdate('5')
 5 SYSTEMPATH/CodeIgniter.php(509): CodeIgniter\CodeIgniter->runController(Object(App\Controllers\attendance\Attendance))
 6 SYSTEMPATH/CodeIgniter.php(355): CodeIgniter\CodeIgniter->handleRequest(null, Object(Config\Cache), false)
 7 SYSTEMPATH/Boot.php(325): CodeIgniter\CodeIgniter->run()
 8 SYSTEMPATH/Boot.php(67): CodeIgniter\Boot::runCodeIgniter(Object(CodeIgniter\CodeIgniter))
 9 FCPATH/index.php(56): CodeIgniter\Boot::bootWeb(Object(Config\Paths))
CRITICAL - 2024-11-18 11:28:19 --> CodeIgniter\HTTP\Exceptions\HTTPException: Could not move file "phprLfWLp" to "/home/vol18_1/infinityfree.com/if0_34654888/htdocs/office/codeigniter/public/uploads/profiles/". Reason: 
[Method: POST, Route: attendance/saveEmpUpdate/5]
in SYSTEMPATH/HTTP/Files/UploadedFile.php on line 154.
 1 SYSTEMPATH/HTTP/Files/UploadedFile.php(154): CodeIgniter\HTTP\Exceptions\HTTPException::forMoveFailed('phprLfWLp', '/home/vol18_1/infinityfree.com/if0_34654888/htdocs/office/codeigniter/public/uploads/profiles/', '')
 2 APPPATH/Controllers/attendance/Attendance.php(754): CodeIgniter\HTTP\Files\UploadedFile->move('/home/vol18_1/infinityfree.com/if0_34654888/htdocs/office/codeigniter/public/uploads/profiles/', '5-SUGUNTI A/P MANIMARAN-1.png')
 3 APPPATH/Controllers/attendance/Attendance.php(265): App\Controllers\attendance\Attendance->uploadEdit('5', 'SUGUNTI A/P MANIMARAN')
 4 SYSTEMPATH/CodeIgniter.php(933): App\Controllers\attendance\Attendance->saveEmpUpdate('5')
 5 SYSTEMPATH/CodeIgniter.php(509): CodeIgniter\CodeIgniter->runController(Object(App\Controllers\attendance\Attendance))
 6 SYSTEMPATH/CodeIgniter.php(355): CodeIgniter\CodeIgniter->handleRequest(null, Object(Config\Cache), false)
 7 SYSTEMPATH/Boot.php(325): CodeIgniter\CodeIgniter->run()
 8 SYSTEMPATH/Boot.php(67): CodeIgniter\Boot::runCodeIgniter(Object(CodeIgniter\CodeIgniter))
 9 FCPATH/index.php(56): CodeIgniter\Boot::bootWeb(Object(Config\Paths))
CRITICAL - 2024-11-18 11:32:35 --> CodeIgniter\HTTP\Exceptions\HTTPException: Could not move file "phpxobXSm" to "/home/vol18_1/infinityfree.com/if0_34654888/htdocs/office/codeigniter/public/uploads/profiles/". Reason: 
[Method: POST, Route: attendance/saveEmpUpdate/5]
in SYSTEMPATH/HTTP/Files/UploadedFile.php on line 154.
 1 SYSTEMPATH/HTTP/Files/UploadedFile.php(154): CodeIgniter\HTTP\Exceptions\HTTPException::forMoveFailed('phpxobXSm', '/home/vol18_1/infinityfree.com/if0_34654888/htdocs/office/codeigniter/public/uploads/profiles/', '')
 2 APPPATH/Controllers/attendance/Attendance.php(754): CodeIgniter\HTTP\Files\UploadedFile->move('/home/vol18_1/infinityfree.com/if0_34654888/htdocs/office/codeigniter/public/uploads/profiles/', '5-SUGUNTI A/P MANIMARAN-1.png')
 3 APPPATH/Controllers/attendance/Attendance.php(265): App\Controllers\attendance\Attendance->uploadEdit('5', 'SUGUNTI A/P MANIMARAN')
 4 SYSTEMPATH/CodeIgniter.php(933): App\Controllers\attendance\Attendance->saveEmpUpdate('5')
 5 SYSTEMPATH/CodeIgniter.php(509): CodeIgniter\CodeIgniter->runController(Object(App\Controllers\attendance\Attendance))
 6 SYSTEMPATH/CodeIgniter.php(355): CodeIgniter\CodeIgniter->handleRequest(null, Object(Config\Cache), false)
 7 SYSTEMPATH/Boot.php(325): CodeIgniter\CodeIgniter->run()
 8 SYSTEMPATH/Boot.php(67): CodeIgniter\Boot::runCodeIgniter(Object(CodeIgniter\CodeIgniter))
 9 FCPATH/index.php(56): CodeIgniter\Boot::bootWeb(Object(Config\Paths))
CRITICAL - 2024-11-18 11:35:32 --> CodeIgniter\HTTP\Exceptions\HTTPException: Could not move file "phpFo5D3S" to "/home/vol18_1/infinityfree.com/if0_34654888/htdocs/office/codeigniter/public/uploads/profiles/". Reason: 
[Method: POST, Route: attendance/saveEmpUpdate/5]
in SYSTEMPATH/HTTP/Files/UploadedFile.php on line 154.
 1 SYSTEMPATH/HTTP/Files/UploadedFile.php(154): CodeIgniter\HTTP\Exceptions\HTTPException::forMoveFailed('phpFo5D3S', '/home/vol18_1/infinityfree.com/if0_34654888/htdocs/office/codeigniter/public/uploads/profiles/', '')
 2 APPPATH/Controllers/attendance/Attendance.php(754): CodeIgniter\HTTP\Files\UploadedFile->move('/home/vol18_1/infinityfree.com/if0_34654888/htdocs/office/codeigniter/public/uploads/profiles/', '5-SUGUNTI A/P MANIMARAN-1.png')
 3 APPPATH/Controllers/attendance/Attendance.php(265): App\Controllers\attendance\Attendance->uploadEdit('5', 'SUGUNTI A/P MANIMARAN')
 4 SYSTEMPATH/CodeIgniter.php(933): App\Controllers\attendance\Attendance->saveEmpUpdate('5')
 5 SYSTEMPATH/CodeIgniter.php(509): CodeIgniter\CodeIgniter->runController(Object(App\Controllers\attendance\Attendance))
 6 SYSTEMPATH/CodeIgniter.php(355): CodeIgniter\CodeIgniter->handleRequest(null, Object(Config\Cache), false)
 7 SYSTEMPATH/Boot.php(325): CodeIgniter\CodeIgniter->run()
 8 SYSTEMPATH/Boot.php(67): CodeIgniter\Boot::runCodeIgniter(Object(CodeIgniter\CodeIgniter))
 9 FCPATH/index.php(56): CodeIgniter\Boot::bootWeb(Object(Config\Paths))
CRITICAL - 2024-11-18 11:35:35 --> CodeIgniter\HTTP\Exceptions\HTTPException: Could not move file "phpMVF848" to "/home/vol18_1/infinityfree.com/if0_34654888/htdocs/office/codeigniter/public/uploads/profiles/". Reason: 
[Method: POST, Route: attendance/saveEmpUpdate/5]
in SYSTEMPATH/HTTP/Files/UploadedFile.php on line 154.
 1 SYSTEMPATH/HTTP/Files/UploadedFile.php(154): CodeIgniter\HTTP\Exceptions\HTTPException::forMoveFailed('phpMVF848', '/home/vol18_1/infinityfree.com/if0_34654888/htdocs/office/codeigniter/public/uploads/profiles/', '')
 2 APPPATH/Controllers/attendance/Attendance.php(754): CodeIgniter\HTTP\Files\UploadedFile->move('/home/vol18_1/infinityfree.com/if0_34654888/htdocs/office/codeigniter/public/uploads/profiles/', '5-SUGUNTI A/P MANIMARAN-1.png')
 3 APPPATH/Controllers/attendance/Attendance.php(265): App\Controllers\attendance\Attendance->uploadEdit('5', 'SUGUNTI A/P MANIMARAN')
 4 SYSTEMPATH/CodeIgniter.php(933): App\Controllers\attendance\Attendance->saveEmpUpdate('5')
 5 SYSTEMPATH/CodeIgniter.php(509): CodeIgniter\CodeIgniter->runController(Object(App\Controllers\attendance\Attendance))
 6 SYSTEMPATH/CodeIgniter.php(355): CodeIgniter\CodeIgniter->handleRequest(null, Object(Config\Cache), false)
 7 SYSTEMPATH/Boot.php(325): CodeIgniter\CodeIgniter->run()
 8 SYSTEMPATH/Boot.php(67): CodeIgniter\Boot::runCodeIgniter(Object(CodeIgniter\CodeIgniter))
 9 FCPATH/index.php(56): CodeIgniter\Boot::bootWeb(Object(Config\Paths))
CRITICAL - 2024-11-18 11:35:42 --> CodeIgniter\HTTP\Exceptions\HTTPException: Could not move file "phpqTYTQB" to "/home/vol18_1/infinityfree.com/if0_34654888/htdocs/office/codeigniter/public/uploads/profiles/". Reason: 
[Method: POST, Route: attendance/saveEmpUpdate/5]
in SYSTEMPATH/HTTP/Files/UploadedFile.php on line 154.
 1 SYSTEMPATH/HTTP/Files/UploadedFile.php(154): CodeIgniter\HTTP\Exceptions\HTTPException::forMoveFailed('phpqTYTQB', '/home/vol18_1/infinityfree.com/if0_34654888/htdocs/office/codeigniter/public/uploads/profiles/', '')
 2 APPPATH/Controllers/attendance/Attendance.php(754): CodeIgniter\HTTP\Files\UploadedFile->move('/home/vol18_1/infinityfree.com/if0_34654888/htdocs/office/codeigniter/public/uploads/profiles/', '5-SUGUNTI A/P MANIMARAN-1.png')
 3 APPPATH/Controllers/attendance/Attendance.php(265): App\Controllers\attendance\Attendance->uploadEdit('5', 'SUGUNTI A/P MANIMARAN')
 4 SYSTEMPATH/CodeIgniter.php(933): App\Controllers\attendance\Attendance->saveEmpUpdate('5')
 5 SYSTEMPATH/CodeIgniter.php(509): CodeIgniter\CodeIgniter->runController(Object(App\Controllers\attendance\Attendance))
 6 SYSTEMPATH/CodeIgniter.php(355): CodeIgniter\CodeIgniter->handleRequest(null, Object(Config\Cache), false)
 7 SYSTEMPATH/Boot.php(325): CodeIgniter\CodeIgniter->run()
 8 SYSTEMPATH/Boot.php(67): CodeIgniter\Boot::runCodeIgniter(Object(CodeIgniter\CodeIgniter))
 9 FCPATH/index.php(56): CodeIgniter\Boot::bootWeb(Object(Config\Paths))
CRITICAL - 2024-11-18 11:35:57 --> CodeIgniter\HTTP\Exceptions\HTTPException: Could not move file "phptnrA0q" to "/home/vol18_1/infinityfree.com/if0_34654888/htdocs/office/codeigniter/public/uploads/profiles/". Reason: 
[Method: POST, Route: attendance/saveEmpUpdate/5]
in SYSTEMPATH/HTTP/Files/UploadedFile.php on line 154.
 1 SYSTEMPATH/HTTP/Files/UploadedFile.php(154): CodeIgniter\HTTP\Exceptions\HTTPException::forMoveFailed('phptnrA0q', '/home/vol18_1/infinityfree.com/if0_34654888/htdocs/office/codeigniter/public/uploads/profiles/', '')
 2 APPPATH/Controllers/attendance/Attendance.php(754): CodeIgniter\HTTP\Files\UploadedFile->move('/home/vol18_1/infinityfree.com/if0_34654888/htdocs/office/codeigniter/public/uploads/profiles/', '5-SUGUNTI A/P MANIMARAN-1.png')
 3 APPPATH/Controllers/attendance/Attendance.php(265): App\Controllers\attendance\Attendance->uploadEdit('5', 'SUGUNTI A/P MANIMARAN')
 4 SYSTEMPATH/CodeIgniter.php(933): App\Controllers\attendance\Attendance->saveEmpUpdate('5')
 5 SYSTEMPATH/CodeIgniter.php(509): CodeIgniter\CodeIgniter->runController(Object(App\Controllers\attendance\Attendance))
 6 SYSTEMPATH/CodeIgniter.php(355): CodeIgniter\CodeIgniter->handleRequest(null, Object(Config\Cache), false)
 7 SYSTEMPATH/Boot.php(325): CodeIgniter\CodeIgniter->run()
 8 SYSTEMPATH/Boot.php(67): CodeIgniter\Boot::runCodeIgniter(Object(CodeIgniter\CodeIgniter))
 9 FCPATH/index.php(56): CodeIgniter\Boot::bootWeb(Object(Config\Paths))
