ERROR - 2025-08-04 04:53:25 --> Error connecting to the database: ErrorException: mysqli::real_connect(): php_network_getaddresses: getaddrinfo for sql101.infinityfree.com failed: No such host is known.  in C:\update3\htdocs\codeigniter\system\Database\MySQLi\Connection.php:186
Stack trace:
#0 [internal function]: CodeIgniter\Debug\Exceptions->errorHandler(2, 'mysqli::real_co...', 'C:\\update3\\htdo...', 186)
#1 C:\update3\htdocs\codeigniter\system\Database\MySQLi\Connection.php(186): mysqli->real_connect('sql101.infinity...', 'if0_34654888', Object(SensitiveParameterValue), 'if0_34654888_in...', 3306, '', 0)
#2 C:\update3\htdocs\codeigniter\system\Database\BaseConnection.php(421): CodeIgniter\Database\MySQLi\Connection->connect(false)
#3 C:\update3\htdocs\codeigniter\system\Database\BaseConnection.php(616): CodeIgniter\Database\BaseConnection->initialize()
#4 C:\update3\htdocs\codeigniter\app\Models\DailyModel.php(1016): CodeIgniter\Database\BaseConnection->query('SELECT * FROM u...')
#5 C:\update3\htdocs\codeigniter\app\Controllers\Login.php(32): App\Models\DailyModel->getUsername('Valid')
#6 C:\update3\htdocs\codeigniter\system\CodeIgniter.php(933): App\Controllers\Login->add()
#7 C:\update3\htdocs\codeigniter\system\CodeIgniter.php(509): CodeIgniter\CodeIgniter->runController(Object(App\Controllers\Login))
#8 C:\update3\htdocs\codeigniter\system\CodeIgniter.php(355): CodeIgniter\CodeIgniter->handleRequest(NULL, Object(Config\Cache), false)
#9 C:\update3\htdocs\codeigniter\system\Boot.php(325): CodeIgniter\CodeIgniter->run()
#10 C:\update3\htdocs\codeigniter\system\Boot.php(67): CodeIgniter\Boot::runCodeIgniter(Object(CodeIgniter\CodeIgniter))
#11 C:\update3\htdocs\codeigniter\public\index.php(56): CodeIgniter\Boot::bootWeb(Object(Config\Paths))
#12 {main}

Next mysqli_sql_exception: php_network_getaddresses: getaddrinfo for sql101.infinityfree.com failed: No such host is known.  in C:\update3\htdocs\codeigniter\system\Database\MySQLi\Connection.php:186
Stack trace:
#0 C:\update3\htdocs\codeigniter\system\Database\MySQLi\Connection.php(186): mysqli->real_connect('sql101.infinity...', 'if0_34654888', Object(SensitiveParameterValue), 'if0_34654888_in...', 3306, '', 0)
#1 C:\update3\htdocs\codeigniter\system\Database\BaseConnection.php(421): CodeIgniter\Database\MySQLi\Connection->connect(false)
#2 C:\update3\htdocs\codeigniter\system\Database\BaseConnection.php(616): CodeIgniter\Database\BaseConnection->initialize()
#3 C:\update3\htdocs\codeigniter\app\Models\DailyModel.php(1016): CodeIgniter\Database\BaseConnection->query('SELECT * FROM u...')
#4 C:\update3\htdocs\codeigniter\app\Controllers\Login.php(32): App\Models\DailyModel->getUsername('Valid')
#5 C:\update3\htdocs\codeigniter\system\CodeIgniter.php(933): App\Controllers\Login->add()
#6 C:\update3\htdocs\codeigniter\system\CodeIgniter.php(509): CodeIgniter\CodeIgniter->runController(Object(App\Controllers\Login))
#7 C:\update3\htdocs\codeigniter\system\CodeIgniter.php(355): CodeIgniter\CodeIgniter->handleRequest(NULL, Object(Config\Cache), false)
#8 C:\update3\htdocs\codeigniter\system\Boot.php(325): CodeIgniter\CodeIgniter->run()
#9 C:\update3\htdocs\codeigniter\system\Boot.php(67): CodeIgniter\Boot::runCodeIgniter(Object(CodeIgniter\CodeIgniter))
#10 C:\update3\htdocs\codeigniter\public\index.php(56): CodeIgniter\Boot::bootWeb(Object(Config\Paths))
#11 {main}

Next CodeIgniter\Database\Exceptions\DatabaseException: php_network_getaddresses: getaddrinfo for sql101.infinityfree.com failed: No such host is known.  in C:\update3\htdocs\codeigniter\system\Database\MySQLi\Connection.php:231
Stack trace:
#0 C:\update3\htdocs\codeigniter\system\Database\BaseConnection.php(421): CodeIgniter\Database\MySQLi\Connection->connect(false)
#1 C:\update3\htdocs\codeigniter\system\Database\BaseConnection.php(616): CodeIgniter\Database\BaseConnection->initialize()
#2 C:\update3\htdocs\codeigniter\app\Models\DailyModel.php(1016): CodeIgniter\Database\BaseConnection->query('SELECT * FROM u...')
#3 C:\update3\htdocs\codeigniter\app\Controllers\Login.php(32): App\Models\DailyModel->getUsername('Valid')
#4 C:\update3\htdocs\codeigniter\system\CodeIgniter.php(933): App\Controllers\Login->add()
#5 C:\update3\htdocs\codeigniter\system\CodeIgniter.php(509): CodeIgniter\CodeIgniter->runController(Object(App\Controllers\Login))
#6 C:\update3\htdocs\codeigniter\system\CodeIgniter.php(355): CodeIgniter\CodeIgniter->handleRequest(NULL, Object(Config\Cache), false)
#7 C:\update3\htdocs\codeigniter\system\Boot.php(325): CodeIgniter\CodeIgniter->run()
#8 C:\update3\htdocs\codeigniter\system\Boot.php(67): CodeIgniter\Boot::runCodeIgniter(Object(CodeIgniter\CodeIgniter))
#9 C:\update3\htdocs\codeigniter\public\index.php(56): CodeIgniter\Boot::bootWeb(Object(Config\Paths))
#10 {main}
CRITICAL - 2025-08-04 04:53:25 --> CodeIgniter\Database\Exceptions\DatabaseException: Unable to connect to the database.
Main connection [MySQLi]: php_network_getaddresses: getaddrinfo for sql101.infinityfree.com failed: No such host is known. 
[Method: POST, Route: loginadd]
in SYSTEMPATH\Database\BaseConnection.php on line 467.
 1 SYSTEMPATH\Database\BaseConnection.php(616): CodeIgniter\Database\BaseConnection->initialize()
 2 APPPATH\Models\DailyModel.php(1016): CodeIgniter\Database\BaseConnection->query('SELECT * FROM users WHERE uname=\'Valid\'')
 3 APPPATH\Controllers\Login.php(32): App\Models\DailyModel->getUsername('Valid')
 4 SYSTEMPATH\CodeIgniter.php(933): App\Controllers\Login->add()
 5 SYSTEMPATH\CodeIgniter.php(509): CodeIgniter\CodeIgniter->runController(Object(App\Controllers\Login))
 6 SYSTEMPATH\CodeIgniter.php(355): CodeIgniter\CodeIgniter->handleRequest(null, Object(Config\Cache), false)
 7 SYSTEMPATH\Boot.php(325): CodeIgniter\CodeIgniter->run()
 8 SYSTEMPATH\Boot.php(67): CodeIgniter\Boot::runCodeIgniter(Object(CodeIgniter\CodeIgniter))
 9 FCPATH\index.php(56): CodeIgniter\Boot::bootWeb(Object(Config\Paths))
