CRITICAL - 2025-04-10 07:28:43 --> ParseError: syntax error, unexpected single-quoted string "ic", expecting ")"
[Method: GET, Route: attendance/viewemp/22/2]
in APPPATH/Controllers/attendance/Attendance.php on line 410.
 1 SYSTEMPATH/Autoloader/Autoloader.php(296): CodeIgniter\Autoloader\Autoloader->includeFile('/home/vol18_1/infinityfree.com/if0_34654888/htdocs/office/codeigniter/app/Controllers/attendance/Attendance.php')
 2 SYSTEMPATH/Autoloader/Autoloader.php(272): CodeIgniter\Autoloader\Autoloader->loadInNamespace('App\\Controllers\\attendance\\Attendance')
 3 [internal function]: CodeIgniter\Autoloader\Autoloader->loadClass('App\\Controllers\\attendance\\Attendance')
 4 SYSTEMPATH/CodeIgniter.php(887): class_exists('\\App\\Controllers\\attendance\\Attendance', true)
 5 SYSTEMPATH/CodeIgniter.php(496): CodeIgniter\CodeIgniter->startController()
 6 SYSTEMPATH/CodeIgniter.php(355): CodeIgniter\CodeIgniter->handleRequest(null, Object(Config\Cache), false)
 7 SYSTEMPATH/Boot.php(325): CodeIgniter\CodeIgniter->run()
 8 SYSTEMPATH/Boot.php(67): CodeIgniter\Boot::runCodeIgniter(Object(CodeIgniter\CodeIgniter))
 9 FCPATH/index.php(56): CodeIgniter\Boot::bootWeb(Object(Config\Paths))
CRITICAL - 2025-04-10 07:39:57 --> ParseError: syntax error, unexpected token ","
[Method: GET, Route: salary/generatePayslipt/52]
in APPPATH/Controllers/salary/Printpdf.php on line 52.
 1 SYSTEMPATH/Autoloader/Autoloader.php(296): CodeIgniter\Autoloader\Autoloader->includeFile('/home/vol18_1/infinityfree.com/if0_34654888/htdocs/office/codeigniter/app/Controllers/salary/Printpdf.php')
 2 SYSTEMPATH/Autoloader/Autoloader.php(272): CodeIgniter\Autoloader\Autoloader->loadInNamespace('App\\Controllers\\salary\\Printpdf')
 3 [internal function]: CodeIgniter\Autoloader\Autoloader->loadClass('App\\Controllers\\salary\\Printpdf')
 4 SYSTEMPATH/CodeIgniter.php(887): class_exists('\\App\\Controllers\\salary\\Printpdf', true)
 5 SYSTEMPATH/CodeIgniter.php(496): CodeIgniter\CodeIgniter->startController()
 6 SYSTEMPATH/CodeIgniter.php(355): CodeIgniter\CodeIgniter->handleRequest(null, Object(Config\Cache), false)
 7 SYSTEMPATH/Boot.php(325): CodeIgniter\CodeIgniter->run()
 8 SYSTEMPATH/Boot.php(67): CodeIgniter\Boot::runCodeIgniter(Object(CodeIgniter\CodeIgniter))
 9 FCPATH/index.php(56): CodeIgniter\Boot::bootWeb(Object(Config\Paths))
CRITICAL - 2025-04-10 07:40:40 --> ErrorException: Undefined property: stdClass::$ic
[Method: GET, Route: salary/generatePayslipt/52]
in APPPATH/Controllers/salary/Printpdf.php on line 52.
 1 APPPATH/Controllers/salary/Printpdf.php(52): CodeIgniter\Debug\Exceptions->errorHandler(2, 'Undefined property: stdClass::$ic', '/home/vol18_1/infinityfree.com/if0_34654888/htdocs/office/codeigniter/app/Controllers/salary/Printpdf.php', 52)
 2 SYSTEMPATH/CodeIgniter.php(933): App\Controllers\salary\Printpdf->generatePayslipt('52')
 3 SYSTEMPATH/CodeIgniter.php(509): CodeIgniter\CodeIgniter->runController(Object(App\Controllers\salary\Printpdf))
 4 SYSTEMPATH/CodeIgniter.php(355): CodeIgniter\CodeIgniter->handleRequest(null, Object(Config\Cache), false)
 5 SYSTEMPATH/Boot.php(325): CodeIgniter\CodeIgniter->run()
 6 SYSTEMPATH/Boot.php(67): CodeIgniter\Boot::runCodeIgniter(Object(CodeIgniter\CodeIgniter))
 7 FCPATH/index.php(56): CodeIgniter\Boot::bootWeb(Object(Config\Paths))
CRITICAL - 2025-04-10 07:41:50 --> ErrorException: Undefined property: stdClass::$ic
[Method: GET, Route: salary/generatePayslipt/52]
in APPPATH/Controllers/salary/Printpdf.php on line 52.
 1 APPPATH/Controllers/salary/Printpdf.php(52): CodeIgniter\Debug\Exceptions->errorHandler(2, 'Undefined property: stdClass::$ic', '/home/vol18_1/infinityfree.com/if0_34654888/htdocs/office/codeigniter/app/Controllers/salary/Printpdf.php', 52)
 2 SYSTEMPATH/CodeIgniter.php(933): App\Controllers\salary\Printpdf->generatePayslipt('52')
 3 SYSTEMPATH/CodeIgniter.php(509): CodeIgniter\CodeIgniter->runController(Object(App\Controllers\salary\Printpdf))
 4 SYSTEMPATH/CodeIgniter.php(355): CodeIgniter\CodeIgniter->handleRequest(null, Object(Config\Cache), false)
 5 SYSTEMPATH/Boot.php(325): CodeIgniter\CodeIgniter->run()
 6 SYSTEMPATH/Boot.php(67): CodeIgniter\Boot::runCodeIgniter(Object(CodeIgniter\CodeIgniter))
 7 FCPATH/index.php(56): CodeIgniter\Boot::bootWeb(Object(Config\Paths))
CRITICAL - 2025-04-10 07:48:00 --> ParseError: syntax error, unexpected token ","
[Method: GET, Route: salary/generatePayslipt/52]
in APPPATH/Controllers/salary/Printpdf.php on line 49.
 1 SYSTEMPATH/Autoloader/Autoloader.php(296): CodeIgniter\Autoloader\Autoloader->includeFile('/home/vol18_1/infinityfree.com/if0_34654888/htdocs/office/codeigniter/app/Controllers/salary/Printpdf.php')
 2 SYSTEMPATH/Autoloader/Autoloader.php(272): CodeIgniter\Autoloader\Autoloader->loadInNamespace('App\\Controllers\\salary\\Printpdf')
 3 [internal function]: CodeIgniter\Autoloader\Autoloader->loadClass('App\\Controllers\\salary\\Printpdf')
 4 SYSTEMPATH/CodeIgniter.php(887): class_exists('\\App\\Controllers\\salary\\Printpdf', true)
 5 SYSTEMPATH/CodeIgniter.php(496): CodeIgniter\CodeIgniter->startController()
 6 SYSTEMPATH/CodeIgniter.php(355): CodeIgniter\CodeIgniter->handleRequest(null, Object(Config\Cache), false)
 7 SYSTEMPATH/Boot.php(325): CodeIgniter\CodeIgniter->run()
 8 SYSTEMPATH/Boot.php(67): CodeIgniter\Boot::runCodeIgniter(Object(CodeIgniter\CodeIgniter))
 9 FCPATH/index.php(56): CodeIgniter\Boot::bootWeb(Object(Config\Paths))
CRITICAL - 2025-04-10 07:48:03 --> ParseError: syntax error, unexpected token ","
[Method: GET, Route: salary/generatePayslipt/52]
in APPPATH/Controllers/salary/Printpdf.php on line 49.
 1 SYSTEMPATH/Autoloader/Autoloader.php(296): CodeIgniter\Autoloader\Autoloader->includeFile('/home/vol18_1/infinityfree.com/if0_34654888/htdocs/office/codeigniter/app/Controllers/salary/Printpdf.php')
 2 SYSTEMPATH/Autoloader/Autoloader.php(272): CodeIgniter\Autoloader\Autoloader->loadInNamespace('App\\Controllers\\salary\\Printpdf')
 3 [internal function]: CodeIgniter\Autoloader\Autoloader->loadClass('App\\Controllers\\salary\\Printpdf')
 4 SYSTEMPATH/CodeIgniter.php(887): class_exists('\\App\\Controllers\\salary\\Printpdf', true)
 5 SYSTEMPATH/CodeIgniter.php(496): CodeIgniter\CodeIgniter->startController()
 6 SYSTEMPATH/CodeIgniter.php(355): CodeIgniter\CodeIgniter->handleRequest(null, Object(Config\Cache), false)
 7 SYSTEMPATH/Boot.php(325): CodeIgniter\CodeIgniter->run()
 8 SYSTEMPATH/Boot.php(67): CodeIgniter\Boot::runCodeIgniter(Object(CodeIgniter\CodeIgniter))
 9 FCPATH/index.php(56): CodeIgniter\Boot::bootWeb(Object(Config\Paths))
CRITICAL - 2025-04-10 08:15:36 --> ErrorException: Cannot redeclare getDep() (previously declared in /home/vol18_1/infinityfree.com/if0_34654888/htdocs/office/codeigniter/app/Helpers/fornames_helper.php:187)
[Method: GET, Route: salary/generatePayslipt/52]
in APPPATH/Helpers/fornames_helper.php on line 240.
 1 [internal function]: CodeIgniter\Debug\Exceptions->shutdownHandler()
