ERROR - 2025-03-30 05:58:45 --> mysqli_sql_exception: Column 'userid' cannot be null in /home/vol18_1/infinityfree.com/if0_34654888/htdocs/office/codeigniter/system/Database/MySQLi/Connection.php:312
Stack trace:
#0 /home/vol18_1/infinityfree.com/if0_34654888/htdocs/office/codeigniter/system/Database/MySQLi/Connection.php(312): mysqli->query('INSERT INTO `ci...', 0)
#1 /home/vol18_1/infinityfree.com/if0_34654888/htdocs/office/codeigniter/system/Database/BaseConnection.php(734): CodeIgniter\Database\MySQLi\Connection->execute('INSERT INTO `ci...')
#2 /home/vol18_1/infinityfree.com/if0_34654888/htdocs/office/codeigniter/system/Database/BaseConnection.php(648): CodeIgniter\Database\BaseConnection->simpleQuery('INSERT INTO `ci...')
#3 /home/vol18_1/infinityfree.com/if0_34654888/htdocs/office/codeigniter/system/Database/BaseBuilder.php(2340): CodeIgniter\Database\BaseConnection->query('INSERT INTO `ci...', Array, false)
#4 /home/vol18_1/infinityfree.com/if0_34654888/htdocs/office/codeigniter/app/Models/DailyModel.php(388): CodeIgniter\Database\BaseBuilder->insert(Array)
#5 /home/vol18_1/infinityfree.com/if0_34654888/htdocs/office/codeigniter/app/Controllers/Cinout.php(137): App\Models\DailyModel->savedc(Array, 'cinout')
#6 /home/vol18_1/infinityfree.com/if0_34654888/htdocs/office/codeigniter/system/CodeIgniter.php(933): App\Controllers\Cinout->save()
#7 /home/vol18_1/infinityfree.com/if0_34654888/htdocs/office/codeigniter/system/CodeIgniter.php(509): CodeIgniter\CodeIgniter->runController(Object(App\Controllers\Cinout))
#8 /home/vol18_1/infinityfree.com/if0_34654888/htdocs/office/codeigniter/system/CodeIgniter.php(355): CodeIgniter\CodeIgniter->handleRequest(NULL, Object(Config\Cache), false)
#9 /home/vol18_1/infinityfree.com/if0_34654888/htdocs/office/codeigniter/system/Boot.php(325): CodeIgniter\CodeIgniter->run()
#10 /home/vol18_1/infinityfree.com/if0_34654888/htdocs/office/codeigniter/system/Boot.php(67): CodeIgniter\Boot::runCodeIgniter(Object(CodeIgniter\CodeIgniter))
#11 /home/vol18_1/infinityfree.com/if0_34654888/htdocs/office/codeigniter/public/index.php(56): CodeIgniter\Boot::bootWeb(Object(Config\Paths))
#12 {main}
CRITICAL - 2025-03-30 05:58:45 --> CodeIgniter\Database\Exceptions\DatabaseException: Column 'userid' cannot be null
[Method: POST, Route: cinoutsave]
in SYSTEMPATH/Database/BaseConnection.php on line 688.
 1 SYSTEMPATH/Database/BaseBuilder.php(2340): CodeIgniter\Database\BaseConnection->query('INSERT INTO `cinout` (`shop`, `cin`, `purchase`, `purchasenot`, `local`, `foreigner`, `remark`, `userid`, `username`, `saveDate`) VALUES (:shop:, :cin:, :purchase:, :purchasenot:, :local:, :foreigner:, :remark:, :userid:, :username:, :saveDate:)', [...], false)
 2 APPPATH/Models/DailyModel.php(388): CodeIgniter\Database\BaseBuilder->insert([...])
 3 APPPATH/Controllers/Cinout.php(137): App\Models\DailyModel->savedc([...], 'cinout')
 4 SYSTEMPATH/CodeIgniter.php(933): App\Controllers\Cinout->save()
 5 SYSTEMPATH/CodeIgniter.php(509): CodeIgniter\CodeIgniter->runController(Object(App\Controllers\Cinout))
 6 SYSTEMPATH/CodeIgniter.php(355): CodeIgniter\CodeIgniter->handleRequest(null, Object(Config\Cache), false)
 7 SYSTEMPATH/Boot.php(325): CodeIgniter\CodeIgniter->run()
 8 SYSTEMPATH/Boot.php(67): CodeIgniter\Boot::runCodeIgniter(Object(CodeIgniter\CodeIgniter))
 9 FCPATH/index.php(56): CodeIgniter\Boot::bootWeb(Object(Config\Paths))
CRITICAL - 2025-03-30 05:58:45 --> [Caused by] CodeIgniter\Database\Exceptions\DatabaseException: Column 'userid' cannot be null
in SYSTEMPATH/Database/MySQLi/Connection.php on line 317.
 1 SYSTEMPATH/Database/BaseConnection.php(734): CodeIgniter\Database\MySQLi\Connection->execute('INSERT INTO `cinout` (`shop`, `cin`, `purchase`, `purchasenot`, `local`, `foreigner`, `remark`, `userid`, `username`, `saveDate`) VALUES (\'6\', \'1\', 0, 1, 1, 0, \'\', NULL, NULL, \'2025-03-30 05:58:45\')')
 2 SYSTEMPATH/Database/BaseConnection.php(648): CodeIgniter\Database\BaseConnection->simpleQuery('INSERT INTO `cinout` (`shop`, `cin`, `purchase`, `purchasenot`, `local`, `foreigner`, `remark`, `userid`, `username`, `saveDate`) VALUES (\'6\', \'1\', 0, 1, 1, 0, \'\', NULL, NULL, \'2025-03-30 05:58:45\')')
 3 SYSTEMPATH/Database/BaseBuilder.php(2340): CodeIgniter\Database\BaseConnection->query('INSERT INTO `cinout` (`shop`, `cin`, `purchase`, `purchasenot`, `local`, `foreigner`, `remark`, `userid`, `username`, `saveDate`) VALUES (:shop:, :cin:, :purchase:, :purchasenot:, :local:, :foreigner:, :remark:, :userid:, :username:, :saveDate:)', [...], false)
 4 APPPATH/Models/DailyModel.php(388): CodeIgniter\Database\BaseBuilder->insert([...])
 5 APPPATH/Controllers/Cinout.php(137): App\Models\DailyModel->savedc([...], 'cinout')
 6 SYSTEMPATH/CodeIgniter.php(933): App\Controllers\Cinout->save()
 7 SYSTEMPATH/CodeIgniter.php(509): CodeIgniter\CodeIgniter->runController(Object(App\Controllers\Cinout))
 8 SYSTEMPATH/CodeIgniter.php(355): CodeIgniter\CodeIgniter->handleRequest(null, Object(Config\Cache), false)
 9 SYSTEMPATH/Boot.php(325): CodeIgniter\CodeIgniter->run()
10 SYSTEMPATH/Boot.php(67): CodeIgniter\Boot::runCodeIgniter(Object(CodeIgniter\CodeIgniter))
11 FCPATH/index.php(56): CodeIgniter\Boot::bootWeb(Object(Config\Paths))
CRITICAL - 2025-03-30 05:58:45 --> [Caused by] mysqli_sql_exception: Column 'userid' cannot be null
in SYSTEMPATH/Database/MySQLi/Connection.php on line 312.
 1 SYSTEMPATH/Database/MySQLi/Connection.php(312): mysqli->query('INSERT INTO `cinout` (`shop`, `cin`, `purchase`, `purchasenot`, `local`, `foreigner`, `remark`, `userid`, `username`, `saveDate`) VALUES (\'6\', \'1\', 0, 1, 1, 0, \'\', NULL, NULL, \'2025-03-30 05:58:45\')', 0)
 2 SYSTEMPATH/Database/BaseConnection.php(734): CodeIgniter\Database\MySQLi\Connection->execute('INSERT INTO `cinout` (`shop`, `cin`, `purchase`, `purchasenot`, `local`, `foreigner`, `remark`, `userid`, `username`, `saveDate`) VALUES (\'6\', \'1\', 0, 1, 1, 0, \'\', NULL, NULL, \'2025-03-30 05:58:45\')')
 3 SYSTEMPATH/Database/BaseConnection.php(648): CodeIgniter\Database\BaseConnection->simpleQuery('INSERT INTO `cinout` (`shop`, `cin`, `purchase`, `purchasenot`, `local`, `foreigner`, `remark`, `userid`, `username`, `saveDate`) VALUES (\'6\', \'1\', 0, 1, 1, 0, \'\', NULL, NULL, \'2025-03-30 05:58:45\')')
 4 SYSTEMPATH/Database/BaseBuilder.php(2340): CodeIgniter\Database\BaseConnection->query('INSERT INTO `cinout` (`shop`, `cin`, `purchase`, `purchasenot`, `local`, `foreigner`, `remark`, `userid`, `username`, `saveDate`) VALUES (:shop:, :cin:, :purchase:, :purchasenot:, :local:, :foreigner:, :remark:, :userid:, :username:, :saveDate:)', [...], false)
 5 APPPATH/Models/DailyModel.php(388): CodeIgniter\Database\BaseBuilder->insert([...])
 6 APPPATH/Controllers/Cinout.php(137): App\Models\DailyModel->savedc([...], 'cinout')
 7 SYSTEMPATH/CodeIgniter.php(933): App\Controllers\Cinout->save()
 8 SYSTEMPATH/CodeIgniter.php(509): CodeIgniter\CodeIgniter->runController(Object(App\Controllers\Cinout))
 9 SYSTEMPATH/CodeIgniter.php(355): CodeIgniter\CodeIgniter->handleRequest(null, Object(Config\Cache), false)
10 SYSTEMPATH/Boot.php(325): CodeIgniter\CodeIgniter->run()
11 SYSTEMPATH/Boot.php(67): CodeIgniter\Boot::runCodeIgniter(Object(CodeIgniter\CodeIgniter))
12 FCPATH/index.php(56): CodeIgniter\Boot::bootWeb(Object(Config\Paths))
ERROR - 2025-03-30 05:58:49 --> mysqli_sql_exception: Column 'userid' cannot be null in /home/vol18_1/infinityfree.com/if0_34654888/htdocs/office/codeigniter/system/Database/MySQLi/Connection.php:312
Stack trace:
#0 /home/vol18_1/infinityfree.com/if0_34654888/htdocs/office/codeigniter/system/Database/MySQLi/Connection.php(312): mysqli->query('INSERT INTO `ci...', 0)
#1 /home/vol18_1/infinityfree.com/if0_34654888/htdocs/office/codeigniter/system/Database/BaseConnection.php(734): CodeIgniter\Database\MySQLi\Connection->execute('INSERT INTO `ci...')
#2 /home/vol18_1/infinityfree.com/if0_34654888/htdocs/office/codeigniter/system/Database/BaseConnection.php(648): CodeIgniter\Database\BaseConnection->simpleQuery('INSERT INTO `ci...')
#3 /home/vol18_1/infinityfree.com/if0_34654888/htdocs/office/codeigniter/system/Database/BaseBuilder.php(2340): CodeIgniter\Database\BaseConnection->query('INSERT INTO `ci...', Array, false)
#4 /home/vol18_1/infinityfree.com/if0_34654888/htdocs/office/codeigniter/app/Models/DailyModel.php(388): CodeIgniter\Database\BaseBuilder->insert(Array)
#5 /home/vol18_1/infinityfree.com/if0_34654888/htdocs/office/codeigniter/app/Controllers/Cinout.php(137): App\Models\DailyModel->savedc(Array, 'cinout')
#6 /home/vol18_1/infinityfree.com/if0_34654888/htdocs/office/codeigniter/system/CodeIgniter.php(933): App\Controllers\Cinout->save()
#7 /home/vol18_1/infinityfree.com/if0_34654888/htdocs/office/codeigniter/system/CodeIgniter.php(509): CodeIgniter\CodeIgniter->runController(Object(App\Controllers\Cinout))
#8 /home/vol18_1/infinityfree.com/if0_34654888/htdocs/office/codeigniter/system/CodeIgniter.php(355): CodeIgniter\CodeIgniter->handleRequest(NULL, Object(Config\Cache), false)
#9 /home/vol18_1/infinityfree.com/if0_34654888/htdocs/office/codeigniter/system/Boot.php(325): CodeIgniter\CodeIgniter->run()
#10 /home/vol18_1/infinityfree.com/if0_34654888/htdocs/office/codeigniter/system/Boot.php(67): CodeIgniter\Boot::runCodeIgniter(Object(CodeIgniter\CodeIgniter))
#11 /home/vol18_1/infinityfree.com/if0_34654888/htdocs/office/codeigniter/public/index.php(56): CodeIgniter\Boot::bootWeb(Object(Config\Paths))
#12 {main}
CRITICAL - 2025-03-30 05:58:49 --> CodeIgniter\Database\Exceptions\DatabaseException: Column 'userid' cannot be null
[Method: POST, Route: cinoutsave]
in SYSTEMPATH/Database/BaseConnection.php on line 688.
 1 SYSTEMPATH/Database/BaseBuilder.php(2340): CodeIgniter\Database\BaseConnection->query('INSERT INTO `cinout` (`shop`, `cin`, `purchase`, `purchasenot`, `local`, `foreigner`, `remark`, `userid`, `username`, `saveDate`) VALUES (:shop:, :cin:, :purchase:, :purchasenot:, :local:, :foreigner:, :remark:, :userid:, :username:, :saveDate:)', [...], false)
 2 APPPATH/Models/DailyModel.php(388): CodeIgniter\Database\BaseBuilder->insert([...])
 3 APPPATH/Controllers/Cinout.php(137): App\Models\DailyModel->savedc([...], 'cinout')
 4 SYSTEMPATH/CodeIgniter.php(933): App\Controllers\Cinout->save()
 5 SYSTEMPATH/CodeIgniter.php(509): CodeIgniter\CodeIgniter->runController(Object(App\Controllers\Cinout))
 6 SYSTEMPATH/CodeIgniter.php(355): CodeIgniter\CodeIgniter->handleRequest(null, Object(Config\Cache), false)
 7 SYSTEMPATH/Boot.php(325): CodeIgniter\CodeIgniter->run()
 8 SYSTEMPATH/Boot.php(67): CodeIgniter\Boot::runCodeIgniter(Object(CodeIgniter\CodeIgniter))
 9 FCPATH/index.php(56): CodeIgniter\Boot::bootWeb(Object(Config\Paths))
CRITICAL - 2025-03-30 05:58:49 --> [Caused by] CodeIgniter\Database\Exceptions\DatabaseException: Column 'userid' cannot be null
in SYSTEMPATH/Database/MySQLi/Connection.php on line 317.
 1 SYSTEMPATH/Database/BaseConnection.php(734): CodeIgniter\Database\MySQLi\Connection->execute('INSERT INTO `cinout` (`shop`, `cin`, `purchase`, `purchasenot`, `local`, `foreigner`, `remark`, `userid`, `username`, `saveDate`) VALUES (\'6\', \'1\', 0, 1, 1, 0, \'\', NULL, NULL, \'2025-03-30 05:58:49\')')
 2 SYSTEMPATH/Database/BaseConnection.php(648): CodeIgniter\Database\BaseConnection->simpleQuery('INSERT INTO `cinout` (`shop`, `cin`, `purchase`, `purchasenot`, `local`, `foreigner`, `remark`, `userid`, `username`, `saveDate`) VALUES (\'6\', \'1\', 0, 1, 1, 0, \'\', NULL, NULL, \'2025-03-30 05:58:49\')')
 3 SYSTEMPATH/Database/BaseBuilder.php(2340): CodeIgniter\Database\BaseConnection->query('INSERT INTO `cinout` (`shop`, `cin`, `purchase`, `purchasenot`, `local`, `foreigner`, `remark`, `userid`, `username`, `saveDate`) VALUES (:shop:, :cin:, :purchase:, :purchasenot:, :local:, :foreigner:, :remark:, :userid:, :username:, :saveDate:)', [...], false)
 4 APPPATH/Models/DailyModel.php(388): CodeIgniter\Database\BaseBuilder->insert([...])
 5 APPPATH/Controllers/Cinout.php(137): App\Models\DailyModel->savedc([...], 'cinout')
 6 SYSTEMPATH/CodeIgniter.php(933): App\Controllers\Cinout->save()
 7 SYSTEMPATH/CodeIgniter.php(509): CodeIgniter\CodeIgniter->runController(Object(App\Controllers\Cinout))
 8 SYSTEMPATH/CodeIgniter.php(355): CodeIgniter\CodeIgniter->handleRequest(null, Object(Config\Cache), false)
 9 SYSTEMPATH/Boot.php(325): CodeIgniter\CodeIgniter->run()
10 SYSTEMPATH/Boot.php(67): CodeIgniter\Boot::runCodeIgniter(Object(CodeIgniter\CodeIgniter))
11 FCPATH/index.php(56): CodeIgniter\Boot::bootWeb(Object(Config\Paths))
CRITICAL - 2025-03-30 05:58:49 --> [Caused by] mysqli_sql_exception: Column 'userid' cannot be null
in SYSTEMPATH/Database/MySQLi/Connection.php on line 312.
 1 SYSTEMPATH/Database/MySQLi/Connection.php(312): mysqli->query('INSERT INTO `cinout` (`shop`, `cin`, `purchase`, `purchasenot`, `local`, `foreigner`, `remark`, `userid`, `username`, `saveDate`) VALUES (\'6\', \'1\', 0, 1, 1, 0, \'\', NULL, NULL, \'2025-03-30 05:58:49\')', 0)
 2 SYSTEMPATH/Database/BaseConnection.php(734): CodeIgniter\Database\MySQLi\Connection->execute('INSERT INTO `cinout` (`shop`, `cin`, `purchase`, `purchasenot`, `local`, `foreigner`, `remark`, `userid`, `username`, `saveDate`) VALUES (\'6\', \'1\', 0, 1, 1, 0, \'\', NULL, NULL, \'2025-03-30 05:58:49\')')
 3 SYSTEMPATH/Database/BaseConnection.php(648): CodeIgniter\Database\BaseConnection->simpleQuery('INSERT INTO `cinout` (`shop`, `cin`, `purchase`, `purchasenot`, `local`, `foreigner`, `remark`, `userid`, `username`, `saveDate`) VALUES (\'6\', \'1\', 0, 1, 1, 0, \'\', NULL, NULL, \'2025-03-30 05:58:49\')')
 4 SYSTEMPATH/Database/BaseBuilder.php(2340): CodeIgniter\Database\BaseConnection->query('INSERT INTO `cinout` (`shop`, `cin`, `purchase`, `purchasenot`, `local`, `foreigner`, `remark`, `userid`, `username`, `saveDate`) VALUES (:shop:, :cin:, :purchase:, :purchasenot:, :local:, :foreigner:, :remark:, :userid:, :username:, :saveDate:)', [...], false)
 5 APPPATH/Models/DailyModel.php(388): CodeIgniter\Database\BaseBuilder->insert([...])
 6 APPPATH/Controllers/Cinout.php(137): App\Models\DailyModel->savedc([...], 'cinout')
 7 SYSTEMPATH/CodeIgniter.php(933): App\Controllers\Cinout->save()
 8 SYSTEMPATH/CodeIgniter.php(509): CodeIgniter\CodeIgniter->runController(Object(App\Controllers\Cinout))
 9 SYSTEMPATH/CodeIgniter.php(355): CodeIgniter\CodeIgniter->handleRequest(null, Object(Config\Cache), false)
10 SYSTEMPATH/Boot.php(325): CodeIgniter\CodeIgniter->run()
11 SYSTEMPATH/Boot.php(67): CodeIgniter\Boot::runCodeIgniter(Object(CodeIgniter\CodeIgniter))
12 FCPATH/index.php(56): CodeIgniter\Boot::bootWeb(Object(Config\Paths))
ERROR - 2025-03-30 09:22:37 --> mysqli_sql_exception: Column 'userid' cannot be null in /home/vol18_1/infinityfree.com/if0_34654888/htdocs/office/codeigniter/system/Database/MySQLi/Connection.php:312
Stack trace:
#0 /home/vol18_1/infinityfree.com/if0_34654888/htdocs/office/codeigniter/system/Database/MySQLi/Connection.php(312): mysqli->query('INSERT INTO `ci...', 0)
#1 /home/vol18_1/infinityfree.com/if0_34654888/htdocs/office/codeigniter/system/Database/BaseConnection.php(734): CodeIgniter\Database\MySQLi\Connection->execute('INSERT INTO `ci...')
#2 /home/vol18_1/infinityfree.com/if0_34654888/htdocs/office/codeigniter/system/Database/BaseConnection.php(648): CodeIgniter\Database\BaseConnection->simpleQuery('INSERT INTO `ci...')
#3 /home/vol18_1/infinityfree.com/if0_34654888/htdocs/office/codeigniter/system/Database/BaseBuilder.php(2340): CodeIgniter\Database\BaseConnection->query('INSERT INTO `ci...', Array, false)
#4 /home/vol18_1/infinityfree.com/if0_34654888/htdocs/office/codeigniter/app/Models/DailyModel.php(388): CodeIgniter\Database\BaseBuilder->insert(Array)
#5 /home/vol18_1/infinityfree.com/if0_34654888/htdocs/office/codeigniter/app/Controllers/Cinout.php(137): App\Models\DailyModel->savedc(Array, 'cinout')
#6 /home/vol18_1/infinityfree.com/if0_34654888/htdocs/office/codeigniter/system/CodeIgniter.php(933): App\Controllers\Cinout->save()
#7 /home/vol18_1/infinityfree.com/if0_34654888/htdocs/office/codeigniter/system/CodeIgniter.php(509): CodeIgniter\CodeIgniter->runController(Object(App\Controllers\Cinout))
#8 /home/vol18_1/infinityfree.com/if0_34654888/htdocs/office/codeigniter/system/CodeIgniter.php(355): CodeIgniter\CodeIgniter->handleRequest(NULL, Object(Config\Cache), false)
#9 /home/vol18_1/infinityfree.com/if0_34654888/htdocs/office/codeigniter/system/Boot.php(325): CodeIgniter\CodeIgniter->run()
#10 /home/vol18_1/infinityfree.com/if0_34654888/htdocs/office/codeigniter/system/Boot.php(67): CodeIgniter\Boot::runCodeIgniter(Object(CodeIgniter\CodeIgniter))
#11 /home/vol18_1/infinityfree.com/if0_34654888/htdocs/office/codeigniter/public/index.php(56): CodeIgniter\Boot::bootWeb(Object(Config\Paths))
#12 {main}
CRITICAL - 2025-03-30 09:22:37 --> CodeIgniter\Database\Exceptions\DatabaseException: Column 'userid' cannot be null
[Method: POST, Route: cinoutsave]
in SYSTEMPATH/Database/BaseConnection.php on line 688.
 1 SYSTEMPATH/Database/BaseBuilder.php(2340): CodeIgniter\Database\BaseConnection->query('INSERT INTO `cinout` (`shop`, `cin`, `purchase`, `purchasenot`, `local`, `foreigner`, `remark`, `userid`, `username`, `saveDate`) VALUES (:shop:, :cin:, :purchase:, :purchasenot:, :local:, :foreigner:, :remark:, :userid:, :username:, :saveDate:)', [...], false)
 2 APPPATH/Models/DailyModel.php(388): CodeIgniter\Database\BaseBuilder->insert([...])
 3 APPPATH/Controllers/Cinout.php(137): App\Models\DailyModel->savedc([...], 'cinout')
 4 SYSTEMPATH/CodeIgniter.php(933): App\Controllers\Cinout->save()
 5 SYSTEMPATH/CodeIgniter.php(509): CodeIgniter\CodeIgniter->runController(Object(App\Controllers\Cinout))
 6 SYSTEMPATH/CodeIgniter.php(355): CodeIgniter\CodeIgniter->handleRequest(null, Object(Config\Cache), false)
 7 SYSTEMPATH/Boot.php(325): CodeIgniter\CodeIgniter->run()
 8 SYSTEMPATH/Boot.php(67): CodeIgniter\Boot::runCodeIgniter(Object(CodeIgniter\CodeIgniter))
 9 FCPATH/index.php(56): CodeIgniter\Boot::bootWeb(Object(Config\Paths))
CRITICAL - 2025-03-30 09:22:37 --> [Caused by] CodeIgniter\Database\Exceptions\DatabaseException: Column 'userid' cannot be null
in SYSTEMPATH/Database/MySQLi/Connection.php on line 317.
 1 SYSTEMPATH/Database/BaseConnection.php(734): CodeIgniter\Database\MySQLi\Connection->execute('INSERT INTO `cinout` (`shop`, `cin`, `purchase`, `purchasenot`, `local`, `foreigner`, `remark`, `userid`, `username`, `saveDate`) VALUES (\'6\', \'1\', 0, 1, 1, 0, \'\', NULL, NULL, \'2025-03-30 09:22:37\')')
 2 SYSTEMPATH/Database/BaseConnection.php(648): CodeIgniter\Database\BaseConnection->simpleQuery('INSERT INTO `cinout` (`shop`, `cin`, `purchase`, `purchasenot`, `local`, `foreigner`, `remark`, `userid`, `username`, `saveDate`) VALUES (\'6\', \'1\', 0, 1, 1, 0, \'\', NULL, NULL, \'2025-03-30 09:22:37\')')
 3 SYSTEMPATH/Database/BaseBuilder.php(2340): CodeIgniter\Database\BaseConnection->query('INSERT INTO `cinout` (`shop`, `cin`, `purchase`, `purchasenot`, `local`, `foreigner`, `remark`, `userid`, `username`, `saveDate`) VALUES (:shop:, :cin:, :purchase:, :purchasenot:, :local:, :foreigner:, :remark:, :userid:, :username:, :saveDate:)', [...], false)
 4 APPPATH/Models/DailyModel.php(388): CodeIgniter\Database\BaseBuilder->insert([...])
 5 APPPATH/Controllers/Cinout.php(137): App\Models\DailyModel->savedc([...], 'cinout')
 6 SYSTEMPATH/CodeIgniter.php(933): App\Controllers\Cinout->save()
 7 SYSTEMPATH/CodeIgniter.php(509): CodeIgniter\CodeIgniter->runController(Object(App\Controllers\Cinout))
 8 SYSTEMPATH/CodeIgniter.php(355): CodeIgniter\CodeIgniter->handleRequest(null, Object(Config\Cache), false)
 9 SYSTEMPATH/Boot.php(325): CodeIgniter\CodeIgniter->run()
10 SYSTEMPATH/Boot.php(67): CodeIgniter\Boot::runCodeIgniter(Object(CodeIgniter\CodeIgniter))
11 FCPATH/index.php(56): CodeIgniter\Boot::bootWeb(Object(Config\Paths))
CRITICAL - 2025-03-30 09:22:37 --> [Caused by] mysqli_sql_exception: Column 'userid' cannot be null
in SYSTEMPATH/Database/MySQLi/Connection.php on line 312.
 1 SYSTEMPATH/Database/MySQLi/Connection.php(312): mysqli->query('INSERT INTO `cinout` (`shop`, `cin`, `purchase`, `purchasenot`, `local`, `foreigner`, `remark`, `userid`, `username`, `saveDate`) VALUES (\'6\', \'1\', 0, 1, 1, 0, \'\', NULL, NULL, \'2025-03-30 09:22:37\')', 0)
 2 SYSTEMPATH/Database/BaseConnection.php(734): CodeIgniter\Database\MySQLi\Connection->execute('INSERT INTO `cinout` (`shop`, `cin`, `purchase`, `purchasenot`, `local`, `foreigner`, `remark`, `userid`, `username`, `saveDate`) VALUES (\'6\', \'1\', 0, 1, 1, 0, \'\', NULL, NULL, \'2025-03-30 09:22:37\')')
 3 SYSTEMPATH/Database/BaseConnection.php(648): CodeIgniter\Database\BaseConnection->simpleQuery('INSERT INTO `cinout` (`shop`, `cin`, `purchase`, `purchasenot`, `local`, `foreigner`, `remark`, `userid`, `username`, `saveDate`) VALUES (\'6\', \'1\', 0, 1, 1, 0, \'\', NULL, NULL, \'2025-03-30 09:22:37\')')
 4 SYSTEMPATH/Database/BaseBuilder.php(2340): CodeIgniter\Database\BaseConnection->query('INSERT INTO `cinout` (`shop`, `cin`, `purchase`, `purchasenot`, `local`, `foreigner`, `remark`, `userid`, `username`, `saveDate`) VALUES (:shop:, :cin:, :purchase:, :purchasenot:, :local:, :foreigner:, :remark:, :userid:, :username:, :saveDate:)', [...], false)
 5 APPPATH/Models/DailyModel.php(388): CodeIgniter\Database\BaseBuilder->insert([...])
 6 APPPATH/Controllers/Cinout.php(137): App\Models\DailyModel->savedc([...], 'cinout')
 7 SYSTEMPATH/CodeIgniter.php(933): App\Controllers\Cinout->save()
 8 SYSTEMPATH/CodeIgniter.php(509): CodeIgniter\CodeIgniter->runController(Object(App\Controllers\Cinout))
 9 SYSTEMPATH/CodeIgniter.php(355): CodeIgniter\CodeIgniter->handleRequest(null, Object(Config\Cache), false)
10 SYSTEMPATH/Boot.php(325): CodeIgniter\CodeIgniter->run()
11 SYSTEMPATH/Boot.php(67): CodeIgniter\Boot::runCodeIgniter(Object(CodeIgniter\CodeIgniter))
12 FCPATH/index.php(56): CodeIgniter\Boot::bootWeb(Object(Config\Paths))
ERROR - 2025-03-30 10:34:47 --> mysqli_sql_exception: Column 'userid' cannot be null in /home/vol18_1/infinityfree.com/if0_34654888/htdocs/office/codeigniter/system/Database/MySQLi/Connection.php:312
Stack trace:
#0 /home/vol18_1/infinityfree.com/if0_34654888/htdocs/office/codeigniter/system/Database/MySQLi/Connection.php(312): mysqli->query('INSERT INTO `ti...', 0)
#1 /home/vol18_1/infinityfree.com/if0_34654888/htdocs/office/codeigniter/system/Database/BaseConnection.php(734): CodeIgniter\Database\MySQLi\Connection->execute('INSERT INTO `ti...')
#2 /home/vol18_1/infinityfree.com/if0_34654888/htdocs/office/codeigniter/system/Database/BaseConnection.php(648): CodeIgniter\Database\BaseConnection->simpleQuery('INSERT INTO `ti...')
#3 /home/vol18_1/infinityfree.com/if0_34654888/htdocs/office/codeigniter/system/Database/BaseBuilder.php(2340): CodeIgniter\Database\BaseConnection->query('INSERT INTO `ti...', Array, false)
#4 /home/vol18_1/infinityfree.com/if0_34654888/htdocs/office/codeigniter/system/Model.php(394): CodeIgniter\Database\BaseBuilder->insert()
#5 /home/vol18_1/infinityfree.com/if0_34654888/htdocs/office/codeigniter/system/BaseModel.php(840): CodeIgniter\Model->doInsert(Array)
#6 /home/vol18_1/infinityfree.com/if0_34654888/htdocs/office/codeigniter/system/Model.php(802): CodeIgniter\BaseModel->insert(Array, false)
#7 /home/vol18_1/infinityfree.com/if0_34654888/htdocs/office/codeigniter/system/BaseModel.php(751): CodeIgniter\Model->insert(Array, false)
#8 /home/vol18_1/infinityfree.com/if0_34654888/htdocs/office/codeigniter/app/Controllers/attendance/Attendance.php(602): CodeIgniter\BaseModel->save(Array)
#9 /home/vol18_1/infinityfree.com/if0_34654888/htdocs/office/codeigniter/system/CodeIgniter.php(933): App\Controllers\attendance\Attendance->savePunch('IN')
#10 /home/vol18_1/infinityfree.com/if0_34654888/htdocs/office/codeigniter/system/CodeIgniter.php(509): CodeIgniter\CodeIgniter->runController(Object(App\Controllers\attendance\Attendance))
#11 /home/vol18_1/infinityfree.com/if0_34654888/htdocs/office/codeigniter/system/CodeIgniter.php(355): CodeIgniter\CodeIgniter->handleRequest(NULL, Object(Config\Cache), false)
#12 /home/vol18_1/infinityfree.com/if0_34654888/htdocs/office/codeigniter/system/Boot.php(325): CodeIgniter\CodeIgniter->run()
#13 /home/vol18_1/infinityfree.com/if0_34654888/htdocs/office/codeigniter/system/Boot.php(67): CodeIgniter\Boot::runCodeIgniter(Object(CodeIgniter\CodeIgniter))
#14 /home/vol18_1/infinityfree.com/if0_34654888/htdocs/office/codeigniter/public/index.php(56): CodeIgniter\Boot::bootWeb(Object(Config\Paths))
#15 {main}
CRITICAL - 2025-03-30 10:34:47 --> CodeIgniter\Database\Exceptions\DatabaseException: Column 'userid' cannot be null
[Method: GET, Route: attendance/savePunch/IN]
in SYSTEMPATH/Database/BaseConnection.php on line 688.
 1 SYSTEMPATH/Database/BaseBuilder.php(2340): CodeIgniter\Database\BaseConnection->query('INSERT INTO `tinout` (`in`, `empId`, `pdate`, `location`, `userid`, `username`, `saveDate`) VALUES (:in:, :empId:, :pdate:, :location:, :userid:, :username:, :saveDate:)', [...], false)
 2 SYSTEMPATH/Model.php(394): CodeIgniter\Database\BaseBuilder->insert()
 3 SYSTEMPATH/BaseModel.php(840): CodeIgniter\Model->doInsert([...])
 4 SYSTEMPATH/Model.php(802): CodeIgniter\BaseModel->insert([...], false)
 5 SYSTEMPATH/BaseModel.php(751): CodeIgniter\Model->insert([...], false)
 6 APPPATH/Controllers/attendance/Attendance.php(602): CodeIgniter\BaseModel->save([...])
 7 SYSTEMPATH/CodeIgniter.php(933): App\Controllers\attendance\Attendance->savePunch('IN')
 8 SYSTEMPATH/CodeIgniter.php(509): CodeIgniter\CodeIgniter->runController(Object(App\Controllers\attendance\Attendance))
 9 SYSTEMPATH/CodeIgniter.php(355): CodeIgniter\CodeIgniter->handleRequest(null, Object(Config\Cache), false)
10 SYSTEMPATH/Boot.php(325): CodeIgniter\CodeIgniter->run()
11 SYSTEMPATH/Boot.php(67): CodeIgniter\Boot::runCodeIgniter(Object(CodeIgniter\CodeIgniter))
12 FCPATH/index.php(56): CodeIgniter\Boot::bootWeb(Object(Config\Paths))
CRITICAL - 2025-03-30 10:34:47 --> [Caused by] CodeIgniter\Database\Exceptions\DatabaseException: Column 'userid' cannot be null
in SYSTEMPATH/Database/MySQLi/Connection.php on line 317.
 1 SYSTEMPATH/Database/BaseConnection.php(734): CodeIgniter\Database\MySQLi\Connection->execute('INSERT INTO `tinout` (`in`, `empId`, `pdate`, `location`, `userid`, `username`, `saveDate`) VALUES (\'16:05\', \'51\', \'2025-03-28\', \'13\', NULL, NULL, \'2025-03-30 10:34:47\')')
 2 SYSTEMPATH/Database/BaseConnection.php(648): CodeIgniter\Database\BaseConnection->simpleQuery('INSERT INTO `tinout` (`in`, `empId`, `pdate`, `location`, `userid`, `username`, `saveDate`) VALUES (\'16:05\', \'51\', \'2025-03-28\', \'13\', NULL, NULL, \'2025-03-30 10:34:47\')')
 3 SYSTEMPATH/Database/BaseBuilder.php(2340): CodeIgniter\Database\BaseConnection->query('INSERT INTO `tinout` (`in`, `empId`, `pdate`, `location`, `userid`, `username`, `saveDate`) VALUES (:in:, :empId:, :pdate:, :location:, :userid:, :username:, :saveDate:)', [...], false)
 4 SYSTEMPATH/Model.php(394): CodeIgniter\Database\BaseBuilder->insert()
 5 SYSTEMPATH/BaseModel.php(840): CodeIgniter\Model->doInsert([...])
 6 SYSTEMPATH/Model.php(802): CodeIgniter\BaseModel->insert([...], false)
 7 SYSTEMPATH/BaseModel.php(751): CodeIgniter\Model->insert([...], false)
 8 APPPATH/Controllers/attendance/Attendance.php(602): CodeIgniter\BaseModel->save([...])
 9 SYSTEMPATH/CodeIgniter.php(933): App\Controllers\attendance\Attendance->savePunch('IN')
10 SYSTEMPATH/CodeIgniter.php(509): CodeIgniter\CodeIgniter->runController(Object(App\Controllers\attendance\Attendance))
11 SYSTEMPATH/CodeIgniter.php(355): CodeIgniter\CodeIgniter->handleRequest(null, Object(Config\Cache), false)
12 SYSTEMPATH/Boot.php(325): CodeIgniter\CodeIgniter->run()
13 SYSTEMPATH/Boot.php(67): CodeIgniter\Boot::runCodeIgniter(Object(CodeIgniter\CodeIgniter))
14 FCPATH/index.php(56): CodeIgniter\Boot::bootWeb(Object(Config\Paths))
CRITICAL - 2025-03-30 10:34:47 --> [Caused by] mysqli_sql_exception: Column 'userid' cannot be null
in SYSTEMPATH/Database/MySQLi/Connection.php on line 312.
 1 SYSTEMPATH/Database/MySQLi/Connection.php(312): mysqli->query('INSERT INTO `tinout` (`in`, `empId`, `pdate`, `location`, `userid`, `username`, `saveDate`) VALUES (\'16:05\', \'51\', \'2025-03-28\', \'13\', NULL, NULL, \'2025-03-30 10:34:47\')', 0)
 2 SYSTEMPATH/Database/BaseConnection.php(734): CodeIgniter\Database\MySQLi\Connection->execute('INSERT INTO `tinout` (`in`, `empId`, `pdate`, `location`, `userid`, `username`, `saveDate`) VALUES (\'16:05\', \'51\', \'2025-03-28\', \'13\', NULL, NULL, \'2025-03-30 10:34:47\')')
 3 SYSTEMPATH/Database/BaseConnection.php(648): CodeIgniter\Database\BaseConnection->simpleQuery('INSERT INTO `tinout` (`in`, `empId`, `pdate`, `location`, `userid`, `username`, `saveDate`) VALUES (\'16:05\', \'51\', \'2025-03-28\', \'13\', NULL, NULL, \'2025-03-30 10:34:47\')')
 4 SYSTEMPATH/Database/BaseBuilder.php(2340): CodeIgniter\Database\BaseConnection->query('INSERT INTO `tinout` (`in`, `empId`, `pdate`, `location`, `userid`, `username`, `saveDate`) VALUES (:in:, :empId:, :pdate:, :location:, :userid:, :username:, :saveDate:)', [...], false)
 5 SYSTEMPATH/Model.php(394): CodeIgniter\Database\BaseBuilder->insert()
 6 SYSTEMPATH/BaseModel.php(840): CodeIgniter\Model->doInsert([...])
 7 SYSTEMPATH/Model.php(802): CodeIgniter\BaseModel->insert([...], false)
 8 SYSTEMPATH/BaseModel.php(751): CodeIgniter\Model->insert([...], false)
 9 APPPATH/Controllers/attendance/Attendance.php(602): CodeIgniter\BaseModel->save([...])
10 SYSTEMPATH/CodeIgniter.php(933): App\Controllers\attendance\Attendance->savePunch('IN')
11 SYSTEMPATH/CodeIgniter.php(509): CodeIgniter\CodeIgniter->runController(Object(App\Controllers\attendance\Attendance))
12 SYSTEMPATH/CodeIgniter.php(355): CodeIgniter\CodeIgniter->handleRequest(null, Object(Config\Cache), false)
13 SYSTEMPATH/Boot.php(325): CodeIgniter\CodeIgniter->run()
14 SYSTEMPATH/Boot.php(67): CodeIgniter\Boot::runCodeIgniter(Object(CodeIgniter\CodeIgniter))
15 FCPATH/index.php(56): CodeIgniter\Boot::bootWeb(Object(Config\Paths))
