CRITICAL - 2024-10-19 10:08:52 --> TypeError: round(): Argument #1 ($num) must be of type int|float, string given
[Method: GET, Route: printpdfcdbc/14]
in APPPATH/Controllers/Printpdfcdbc.php on line 111.
 1 APPPATH/Controllers/Printpdfcdbc.php(111): round('', 2)
 2 SYSTEMPATH/CodeIgniter.php(933): App\Controllers\Printpdfcdbc->index('14')
 3 SYSTEMPATH/CodeIgniter.php(509): CodeIgniter\CodeIgniter->runController(Object(App\Controllers\Printpdfcdbc))
 4 SYSTEMPATH/CodeIgniter.php(355): CodeIgniter\CodeIgniter->handleRequest(null, Object(Config\Cache), false)
 5 SYSTEMPATH/Boot.php(325): CodeIgniter\CodeIgniter->run()
 6 SYSTEMPATH/Boot.php(67): CodeIgniter\Boot::runCodeIgniter(Object(CodeIgniter\CodeIgniter))
 7 FCPATH/index.php(56): CodeIgniter\Boot::bootWeb(Object(Config\Paths))
CRITICAL - 2024-10-19 11:04:51 --> Error: Call to undefined function CodeIgniter\Session\Handlers\chmod()
[Method: GET, Route: cinoutmain]
in SYSTEMPATH/Session/Handlers/FileHandler.php on line 149.
 1 [internal function]: CodeIgniter\Session\Handlers\FileHandler->read('b1b8e50cda3b1aa728067bbf31db2781a80bfff0')
 2 SYSTEMPATH/Session/Session.php(401): session_regenerate_id(false)
 3 SYSTEMPATH/Session/Session.php(251): CodeIgniter\Session\Session->regenerate(false)
 4 SYSTEMPATH/Config/Services.php(710): CodeIgniter\Session\Session->start()
 5 SYSTEMPATH/Config/BaseService.php(312): CodeIgniter\Config\Services::session(Object(Config\Session), false)
 6 SYSTEMPATH/Config/BaseService.php(251): CodeIgniter\Config\BaseService::__callStatic('session', [...])
 7 SYSTEMPATH/Config/Services.php(668): CodeIgniter\Config\BaseService::getSharedInstance('session', null)
 8 SYSTEMPATH/Config/BaseService.php(321): CodeIgniter\Config\Services::session()
 9 APPPATH/Controllers/BaseController.php(56): CodeIgniter\Config\BaseService::__callStatic('session', [])
10 SYSTEMPATH/CodeIgniter.php(904): App\Controllers\BaseController->initController(Object(CodeIgniter\HTTP\IncomingRequest), Object(CodeIgniter\HTTP\Response), Object(CodeIgniter\Log\Logger))
11 SYSTEMPATH/CodeIgniter.php(500): CodeIgniter\CodeIgniter->createController()
12 SYSTEMPATH/CodeIgniter.php(355): CodeIgniter\CodeIgniter->handleRequest(null, Object(Config\Cache), false)
13 SYSTEMPATH/Boot.php(325): CodeIgniter\CodeIgniter->run()
14 SYSTEMPATH/Boot.php(67): CodeIgniter\Boot::runCodeIgniter(Object(CodeIgniter\CodeIgniter))
15 FCPATH/index.php(56): CodeIgniter\Boot::bootWeb(Object(Config\Paths))
CRITICAL - 2024-10-19 11:18:15 --> Error: Call to undefined function CodeIgniter\Session\Handlers\chmod()
[Method: GET, Route: login]
in SYSTEMPATH/Session/Handlers/FileHandler.php on line 149.
 1 [internal function]: CodeIgniter\Session\Handlers\FileHandler->read('fc1de28f9da5ad11fc68d82b1e7194f7893c3ec1')
 2 SYSTEMPATH/Session/Session.php(401): session_regenerate_id(false)
 3 SYSTEMPATH/Session/Session.php(251): CodeIgniter\Session\Session->regenerate(false)
 4 SYSTEMPATH/Config/Services.php(710): CodeIgniter\Session\Session->start()
 5 SYSTEMPATH/Config/BaseService.php(312): CodeIgniter\Config\Services::session(Object(Config\Session), false)
 6 SYSTEMPATH/Config/BaseService.php(251): CodeIgniter\Config\BaseService::__callStatic('session', [...])
 7 SYSTEMPATH/Config/Services.php(668): CodeIgniter\Config\BaseService::getSharedInstance('session', null)
 8 SYSTEMPATH/Config/BaseService.php(321): CodeIgniter\Config\Services::session()
 9 APPPATH/Controllers/Login.php(11): CodeIgniter\Config\BaseService::__callStatic('session', [])
10 SYSTEMPATH/CodeIgniter.php(903): App\Controllers\Login->__construct()
11 SYSTEMPATH/CodeIgniter.php(500): CodeIgniter\CodeIgniter->createController()
12 SYSTEMPATH/CodeIgniter.php(355): CodeIgniter\CodeIgniter->handleRequest(null, Object(Config\Cache), false)
13 SYSTEMPATH/Boot.php(325): CodeIgniter\CodeIgniter->run()
14 SYSTEMPATH/Boot.php(67): CodeIgniter\Boot::runCodeIgniter(Object(CodeIgniter\CodeIgniter))
15 FCPATH/index.php(56): CodeIgniter\Boot::bootWeb(Object(Config\Paths))
CRITICAL - 2024-10-19 11:22:56 --> Error: Call to undefined function CodeIgniter\Session\Handlers\chmod()
[Method: GET, Route: cinoutmain]
in SYSTEMPATH/Session/Handlers/FileHandler.php on line 149.
 1 [internal function]: CodeIgniter\Session\Handlers\FileHandler->read('459c2fa11cc4f9934e8eebe97c9b065efd506d86')
 2 SYSTEMPATH/Session/Session.php(401): session_regenerate_id(false)
 3 SYSTEMPATH/Session/Session.php(251): CodeIgniter\Session\Session->regenerate(false)
 4 SYSTEMPATH/Config/Services.php(710): CodeIgniter\Session\Session->start()
 5 SYSTEMPATH/Config/BaseService.php(312): CodeIgniter\Config\Services::session(Object(Config\Session), false)
 6 SYSTEMPATH/Config/BaseService.php(251): CodeIgniter\Config\BaseService::__callStatic('session', [...])
 7 SYSTEMPATH/Config/Services.php(668): CodeIgniter\Config\BaseService::getSharedInstance('session', null)
 8 SYSTEMPATH/Config/BaseService.php(321): CodeIgniter\Config\Services::session()
 9 APPPATH/Controllers/BaseController.php(56): CodeIgniter\Config\BaseService::__callStatic('session', [])
10 SYSTEMPATH/CodeIgniter.php(904): App\Controllers\BaseController->initController(Object(CodeIgniter\HTTP\IncomingRequest), Object(CodeIgniter\HTTP\Response), Object(CodeIgniter\Log\Logger))
11 SYSTEMPATH/CodeIgniter.php(500): CodeIgniter\CodeIgniter->createController()
12 SYSTEMPATH/CodeIgniter.php(355): CodeIgniter\CodeIgniter->handleRequest(null, Object(Config\Cache), false)
13 SYSTEMPATH/Boot.php(325): CodeIgniter\CodeIgniter->run()
14 SYSTEMPATH/Boot.php(67): CodeIgniter\Boot::runCodeIgniter(Object(CodeIgniter\CodeIgniter))
15 FCPATH/index.php(56): CodeIgniter\Boot::bootWeb(Object(Config\Paths))
CRITICAL - 2024-10-19 11:27:30 --> Error: Call to undefined function CodeIgniter\Session\Handlers\chmod()
[Method: GET, Route: login]
in SYSTEMPATH/Session/Handlers/FileHandler.php on line 149.
 1 [internal function]: CodeIgniter\Session\Handlers\FileHandler->read('d34800abbca162d82755b7297d9980627f755496')
 2 SYSTEMPATH/Session/Session.php(401): session_regenerate_id(false)
 3 SYSTEMPATH/Session/Session.php(251): CodeIgniter\Session\Session->regenerate(false)
 4 SYSTEMPATH/Config/Services.php(710): CodeIgniter\Session\Session->start()
 5 SYSTEMPATH/Config/BaseService.php(312): CodeIgniter\Config\Services::session(Object(Config\Session), false)
 6 SYSTEMPATH/Config/BaseService.php(251): CodeIgniter\Config\BaseService::__callStatic('session', [...])
 7 SYSTEMPATH/Config/Services.php(668): CodeIgniter\Config\BaseService::getSharedInstance('session', null)
 8 SYSTEMPATH/Config/BaseService.php(321): CodeIgniter\Config\Services::session()
 9 APPPATH/Controllers/Login.php(11): CodeIgniter\Config\BaseService::__callStatic('session', [])
10 SYSTEMPATH/CodeIgniter.php(903): App\Controllers\Login->__construct()
11 SYSTEMPATH/CodeIgniter.php(500): CodeIgniter\CodeIgniter->createController()
12 SYSTEMPATH/CodeIgniter.php(355): CodeIgniter\CodeIgniter->handleRequest(null, Object(Config\Cache), false)
13 SYSTEMPATH/Boot.php(325): CodeIgniter\CodeIgniter->run()
14 SYSTEMPATH/Boot.php(67): CodeIgniter\Boot::runCodeIgniter(Object(CodeIgniter\CodeIgniter))
15 FCPATH/index.php(56): CodeIgniter\Boot::bootWeb(Object(Config\Paths))
CRITICAL - 2024-10-19 11:28:14 --> Error: Call to undefined function CodeIgniter\Session\Handlers\chmod()
[Method: GET, Route: cinoutmain]
in SYSTEMPATH/Session/Handlers/FileHandler.php on line 149.
 1 [internal function]: CodeIgniter\Session\Handlers\FileHandler->read('e95cd29733ffd3141edbc2ed90e8d498f719ef1b')
 2 SYSTEMPATH/Session/Session.php(401): session_regenerate_id(false)
 3 SYSTEMPATH/Session/Session.php(251): CodeIgniter\Session\Session->regenerate(false)
 4 SYSTEMPATH/Config/Services.php(710): CodeIgniter\Session\Session->start()
 5 SYSTEMPATH/Config/BaseService.php(312): CodeIgniter\Config\Services::session(Object(Config\Session), false)
 6 SYSTEMPATH/Config/BaseService.php(251): CodeIgniter\Config\BaseService::__callStatic('session', [...])
 7 SYSTEMPATH/Config/Services.php(668): CodeIgniter\Config\BaseService::getSharedInstance('session', null)
 8 SYSTEMPATH/Config/BaseService.php(321): CodeIgniter\Config\Services::session()
 9 APPPATH/Controllers/BaseController.php(56): CodeIgniter\Config\BaseService::__callStatic('session', [])
10 SYSTEMPATH/CodeIgniter.php(904): App\Controllers\BaseController->initController(Object(CodeIgniter\HTTP\IncomingRequest), Object(CodeIgniter\HTTP\Response), Object(CodeIgniter\Log\Logger))
11 SYSTEMPATH/CodeIgniter.php(500): CodeIgniter\CodeIgniter->createController()
12 SYSTEMPATH/CodeIgniter.php(355): CodeIgniter\CodeIgniter->handleRequest(null, Object(Config\Cache), false)
13 SYSTEMPATH/Boot.php(325): CodeIgniter\CodeIgniter->run()
14 SYSTEMPATH/Boot.php(67): CodeIgniter\Boot::runCodeIgniter(Object(CodeIgniter\CodeIgniter))
15 FCPATH/index.php(56): CodeIgniter\Boot::bootWeb(Object(Config\Paths))
CRITICAL - 2024-10-19 11:30:00 --> Error: Call to undefined function CodeIgniter\Session\Handlers\chmod()
[Method: GET, Route: login]
in SYSTEMPATH/Session/Handlers/FileHandler.php on line 149.
 1 [internal function]: CodeIgniter\Session\Handlers\FileHandler->read('50e0228846b1615d40ed999354dcc94d90239577')
 2 SYSTEMPATH/Session/Session.php(920): session_start()
 3 SYSTEMPATH/Session/Session.php(242): CodeIgniter\Session\Session->startSession()
 4 SYSTEMPATH/Config/Services.php(710): CodeIgniter\Session\Session->start()
 5 SYSTEMPATH/Config/BaseService.php(312): CodeIgniter\Config\Services::session(Object(Config\Session), false)
 6 SYSTEMPATH/Config/BaseService.php(251): CodeIgniter\Config\BaseService::__callStatic('session', [...])
 7 SYSTEMPATH/Config/Services.php(668): CodeIgniter\Config\BaseService::getSharedInstance('session', null)
 8 SYSTEMPATH/Config/BaseService.php(321): CodeIgniter\Config\Services::session()
 9 APPPATH/Controllers/Login.php(11): CodeIgniter\Config\BaseService::__callStatic('session', [])
10 SYSTEMPATH/CodeIgniter.php(903): App\Controllers\Login->__construct()
11 SYSTEMPATH/CodeIgniter.php(500): CodeIgniter\CodeIgniter->createController()
12 SYSTEMPATH/CodeIgniter.php(355): CodeIgniter\CodeIgniter->handleRequest(null, Object(Config\Cache), false)
13 SYSTEMPATH/Boot.php(325): CodeIgniter\CodeIgniter->run()
14 SYSTEMPATH/Boot.php(67): CodeIgniter\Boot::runCodeIgniter(Object(CodeIgniter\CodeIgniter))
15 FCPATH/index.php(56): CodeIgniter\Boot::bootWeb(Object(Config\Paths))
CRITICAL - 2024-10-19 12:36:13 --> Error: Call to undefined function CodeIgniter\Session\Handlers\chmod()
[Method: GET, Route: login]
in SYSTEMPATH/Session/Handlers/FileHandler.php on line 149.
 1 [internal function]: CodeIgniter\Session\Handlers\FileHandler->read('d632cdf1a9246f1ed21266dde8c64b2bd8f1514c')
 2 SYSTEMPATH/Session/Session.php(401): session_regenerate_id(false)
 3 SYSTEMPATH/Session/Session.php(251): CodeIgniter\Session\Session->regenerate(false)
 4 SYSTEMPATH/Config/Services.php(710): CodeIgniter\Session\Session->start()
 5 SYSTEMPATH/Config/BaseService.php(312): CodeIgniter\Config\Services::session(Object(Config\Session), false)
 6 SYSTEMPATH/Config/BaseService.php(251): CodeIgniter\Config\BaseService::__callStatic('session', [...])
 7 SYSTEMPATH/Config/Services.php(668): CodeIgniter\Config\BaseService::getSharedInstance('session', null)
 8 SYSTEMPATH/Config/BaseService.php(321): CodeIgniter\Config\Services::session()
 9 APPPATH/Controllers/Login.php(11): CodeIgniter\Config\BaseService::__callStatic('session', [])
10 SYSTEMPATH/CodeIgniter.php(903): App\Controllers\Login->__construct()
11 SYSTEMPATH/CodeIgniter.php(500): CodeIgniter\CodeIgniter->createController()
12 SYSTEMPATH/CodeIgniter.php(355): CodeIgniter\CodeIgniter->handleRequest(null, Object(Config\Cache), false)
13 SYSTEMPATH/Boot.php(325): CodeIgniter\CodeIgniter->run()
14 SYSTEMPATH/Boot.php(67): CodeIgniter\Boot::runCodeIgniter(Object(CodeIgniter\CodeIgniter))
15 FCPATH/index.php(56): CodeIgniter\Boot::bootWeb(Object(Config\Paths))
