ERROR - 2025-06-02 03:39:59 --> mysqli_sql_exception: Column 'userid' cannot be null in /home/vol18_1/infinityfree.com/if0_34654888/htdocs/office/codeigniter/system/Database/MySQLi/Connection.php:312
Stack trace:
#0 /home/vol18_1/infinityfree.com/if0_34654888/htdocs/office/codeigniter/system/Database/MySQLi/Connection.php(312): mysqli->query('INSERT INTO `ex...', 0)
#1 /home/vol18_1/infinityfree.com/if0_34654888/htdocs/office/codeigniter/system/Database/BaseConnection.php(734): CodeIgniter\Database\MySQLi\Connection->execute('INSERT INTO `ex...')
#2 /home/vol18_1/infinityfree.com/if0_34654888/htdocs/office/codeigniter/system/Database/BaseConnection.php(648): CodeIgniter\Database\BaseConnection->simpleQuery('INSERT INTO `ex...')
#3 /home/vol18_1/infinityfree.com/if0_34654888/htdocs/office/codeigniter/system/Database/BaseBuilder.php(2340): CodeIgniter\Database\BaseConnection->query('INSERT INTO `ex...', Array, false)
#4 /home/vol18_1/infinityfree.com/if0_34654888/htdocs/office/codeigniter/app/Models/expenses/ExpensesModel.php(12): CodeIgniter\Database\BaseBuilder->insert(Array)
#5 /home/vol18_1/infinityfree.com/if0_34654888/htdocs/office/codeigniter/app/Controllers/expenses/Expenses.php(178): App\Models\expenses\ExpensesModel->saveRecord(Array, 'expenses')
#6 /home/vol18_1/infinityfree.com/if0_34654888/htdocs/office/codeigniter/system/CodeIgniter.php(933): App\Controllers\expenses\Expenses->save()
#7 /home/vol18_1/infinityfree.com/if0_34654888/htdocs/office/codeigniter/system/CodeIgniter.php(509): CodeIgniter\CodeIgniter->runController(Object(App\Controllers\expenses\Expenses))
#8 /home/vol18_1/infinityfree.com/if0_34654888/htdocs/office/codeigniter/system/CodeIgniter.php(355): CodeIgniter\CodeIgniter->handleRequest(NULL, Object(Config\Cache), false)
#9 /home/vol18_1/infinityfree.com/if0_34654888/htdocs/office/codeigniter/system/Boot.php(325): CodeIgniter\CodeIgniter->run()
#10 /home/vol18_1/infinityfree.com/if0_34654888/htdocs/office/codeigniter/system/Boot.php(67): CodeIgniter\Boot::runCodeIgniter(Object(CodeIgniter\CodeIgniter))
#11 /home/vol18_1/infinityfree.com/if0_34654888/htdocs/office/codeigniter/public/index.php(56): CodeIgniter\Boot::bootWeb(Object(Config\Paths))
#12 {main}
CRITICAL - 2025-06-02 03:39:59 --> CodeIgniter\Database\Exceptions\DatabaseException: Column 'userid' cannot be null
[Method: POST, Route: expenses/save]
in SYSTEMPATH/Database/BaseConnection.php on line 688.
 1 SYSTEMPATH/Database/BaseBuilder.php(2340): CodeIgniter\Database\BaseConnection->query('INSERT INTO `expenses` (`pdate`, `amount`, `ptype`, `crno`, `groupe`, `category`, `subcategory`, `des`, `cno`, `userid`, `username`, `saveDate`) VALUES (:pdate:, :amount:, :ptype:, :crno:, :groupe:, :category:, :subcategory:, :des:, :cno:, :userid:, :username:, :saveDate:)', [...], false)
 2 APPPATH/Models/expenses/ExpensesModel.php(12): CodeIgniter\Database\BaseBuilder->insert([...])
 3 APPPATH/Controllers/expenses/Expenses.php(178): App\Models\expenses\ExpensesModel->saveRecord([...], 'expenses')
 4 SYSTEMPATH/CodeIgniter.php(933): App\Controllers\expenses\Expenses->save()
 5 SYSTEMPATH/CodeIgniter.php(509): CodeIgniter\CodeIgniter->runController(Object(App\Controllers\expenses\Expenses))
 6 SYSTEMPATH/CodeIgniter.php(355): CodeIgniter\CodeIgniter->handleRequest(null, Object(Config\Cache), false)
 7 SYSTEMPATH/Boot.php(325): CodeIgniter\CodeIgniter->run()
 8 SYSTEMPATH/Boot.php(67): CodeIgniter\Boot::runCodeIgniter(Object(CodeIgniter\CodeIgniter))
 9 FCPATH/index.php(56): CodeIgniter\Boot::bootWeb(Object(Config\Paths))
CRITICAL - 2025-06-02 03:39:59 --> [Caused by] CodeIgniter\Database\Exceptions\DatabaseException: Column 'userid' cannot be null
in SYSTEMPATH/Database/MySQLi/Connection.php on line 317.
 1 SYSTEMPATH/Database/BaseConnection.php(734): CodeIgniter\Database\MySQLi\Connection->execute('INSERT INTO `expenses` (`pdate`, `amount`, `ptype`, `crno`, `groupe`, `category`, `subcategory`, `des`, `cno`, `userid`, `username`, `saveDate`) VALUES (\'2025-05-31\', \'300\', \'1\', NULL, \'13\', \'12\', \'\', \'Booking fee  for new car\', \'\', NULL, NULL, \'2025-06-02 03:39:59\')')
 2 SYSTEMPATH/Database/BaseConnection.php(648): CodeIgniter\Database\BaseConnection->simpleQuery('INSERT INTO `expenses` (`pdate`, `amount`, `ptype`, `crno`, `groupe`, `category`, `subcategory`, `des`, `cno`, `userid`, `username`, `saveDate`) VALUES (\'2025-05-31\', \'300\', \'1\', NULL, \'13\', \'12\', \'\', \'Booking fee  for new car\', \'\', NULL, NULL, \'2025-06-02 03:39:59\')')
 3 SYSTEMPATH/Database/BaseBuilder.php(2340): CodeIgniter\Database\BaseConnection->query('INSERT INTO `expenses` (`pdate`, `amount`, `ptype`, `crno`, `groupe`, `category`, `subcategory`, `des`, `cno`, `userid`, `username`, `saveDate`) VALUES (:pdate:, :amount:, :ptype:, :crno:, :groupe:, :category:, :subcategory:, :des:, :cno:, :userid:, :username:, :saveDate:)', [...], false)
 4 APPPATH/Models/expenses/ExpensesModel.php(12): CodeIgniter\Database\BaseBuilder->insert([...])
 5 APPPATH/Controllers/expenses/Expenses.php(178): App\Models\expenses\ExpensesModel->saveRecord([...], 'expenses')
 6 SYSTEMPATH/CodeIgniter.php(933): App\Controllers\expenses\Expenses->save()
 7 SYSTEMPATH/CodeIgniter.php(509): CodeIgniter\CodeIgniter->runController(Object(App\Controllers\expenses\Expenses))
 8 SYSTEMPATH/CodeIgniter.php(355): CodeIgniter\CodeIgniter->handleRequest(null, Object(Config\Cache), false)
 9 SYSTEMPATH/Boot.php(325): CodeIgniter\CodeIgniter->run()
10 SYSTEMPATH/Boot.php(67): CodeIgniter\Boot::runCodeIgniter(Object(CodeIgniter\CodeIgniter))
11 FCPATH/index.php(56): CodeIgniter\Boot::bootWeb(Object(Config\Paths))
CRITICAL - 2025-06-02 03:39:59 --> [Caused by] mysqli_sql_exception: Column 'userid' cannot be null
in SYSTEMPATH/Database/MySQLi/Connection.php on line 312.
 1 SYSTEMPATH/Database/MySQLi/Connection.php(312): mysqli->query('INSERT INTO `expenses` (`pdate`, `amount`, `ptype`, `crno`, `groupe`, `category`, `subcategory`, `des`, `cno`, `userid`, `username`, `saveDate`) VALUES (\'2025-05-31\', \'300\', \'1\', NULL, \'13\', \'12\', \'\', \'Booking fee  for new car\', \'\', NULL, NULL, \'2025-06-02 03:39:59\')', 0)
 2 SYSTEMPATH/Database/BaseConnection.php(734): CodeIgniter\Database\MySQLi\Connection->execute('INSERT INTO `expenses` (`pdate`, `amount`, `ptype`, `crno`, `groupe`, `category`, `subcategory`, `des`, `cno`, `userid`, `username`, `saveDate`) VALUES (\'2025-05-31\', \'300\', \'1\', NULL, \'13\', \'12\', \'\', \'Booking fee  for new car\', \'\', NULL, NULL, \'2025-06-02 03:39:59\')')
 3 SYSTEMPATH/Database/BaseConnection.php(648): CodeIgniter\Database\BaseConnection->simpleQuery('INSERT INTO `expenses` (`pdate`, `amount`, `ptype`, `crno`, `groupe`, `category`, `subcategory`, `des`, `cno`, `userid`, `username`, `saveDate`) VALUES (\'2025-05-31\', \'300\', \'1\', NULL, \'13\', \'12\', \'\', \'Booking fee  for new car\', \'\', NULL, NULL, \'2025-06-02 03:39:59\')')
 4 SYSTEMPATH/Database/BaseBuilder.php(2340): CodeIgniter\Database\BaseConnection->query('INSERT INTO `expenses` (`pdate`, `amount`, `ptype`, `crno`, `groupe`, `category`, `subcategory`, `des`, `cno`, `userid`, `username`, `saveDate`) VALUES (:pdate:, :amount:, :ptype:, :crno:, :groupe:, :category:, :subcategory:, :des:, :cno:, :userid:, :username:, :saveDate:)', [...], false)
 5 APPPATH/Models/expenses/ExpensesModel.php(12): CodeIgniter\Database\BaseBuilder->insert([...])
 6 APPPATH/Controllers/expenses/Expenses.php(178): App\Models\expenses\ExpensesModel->saveRecord([...], 'expenses')
 7 SYSTEMPATH/CodeIgniter.php(933): App\Controllers\expenses\Expenses->save()
 8 SYSTEMPATH/CodeIgniter.php(509): CodeIgniter\CodeIgniter->runController(Object(App\Controllers\expenses\Expenses))
 9 SYSTEMPATH/CodeIgniter.php(355): CodeIgniter\CodeIgniter->handleRequest(null, Object(Config\Cache), false)
10 SYSTEMPATH/Boot.php(325): CodeIgniter\CodeIgniter->run()
11 SYSTEMPATH/Boot.php(67): CodeIgniter\Boot::runCodeIgniter(Object(CodeIgniter\CodeIgniter))
12 FCPATH/index.php(56): CodeIgniter\Boot::bootWeb(Object(Config\Paths))
ERROR - 2025-06-02 07:58:50 --> mysqli_sql_exception: Column 'userid' cannot be null in /home/vol18_1/infinityfree.com/if0_34654888/htdocs/office/codeigniter/system/Database/MySQLi/Connection.php:312
Stack trace:
#0 /home/vol18_1/infinityfree.com/if0_34654888/htdocs/office/codeigniter/system/Database/MySQLi/Connection.php(312): mysqli->query('INSERT INTO `ci...', 0)
#1 /home/vol18_1/infinityfree.com/if0_34654888/htdocs/office/codeigniter/system/Database/BaseConnection.php(734): CodeIgniter\Database\MySQLi\Connection->execute('INSERT INTO `ci...')
#2 /home/vol18_1/infinityfree.com/if0_34654888/htdocs/office/codeigniter/system/Database/BaseConnection.php(648): CodeIgniter\Database\BaseConnection->simpleQuery('INSERT INTO `ci...')
#3 /home/vol18_1/infinityfree.com/if0_34654888/htdocs/office/codeigniter/system/Database/BaseBuilder.php(2340): CodeIgniter\Database\BaseConnection->query('INSERT INTO `ci...', Array, false)
#4 /home/vol18_1/infinityfree.com/if0_34654888/htdocs/office/codeigniter/app/Models/DailyModel.php(388): CodeIgniter\Database\BaseBuilder->insert(Array)
#5 /home/vol18_1/infinityfree.com/if0_34654888/htdocs/office/codeigniter/app/Controllers/Cinout.php(146): App\Models\DailyModel->savedc(Array, 'cinout')
#6 /home/vol18_1/infinityfree.com/if0_34654888/htdocs/office/codeigniter/system/CodeIgniter.php(933): App\Controllers\Cinout->save()
#7 /home/vol18_1/infinityfree.com/if0_34654888/htdocs/office/codeigniter/system/CodeIgniter.php(509): CodeIgniter\CodeIgniter->runController(Object(App\Controllers\Cinout))
#8 /home/vol18_1/infinityfree.com/if0_34654888/htdocs/office/codeigniter/system/CodeIgniter.php(355): CodeIgniter\CodeIgniter->handleRequest(NULL, Object(Config\Cache), false)
#9 /home/vol18_1/infinityfree.com/if0_34654888/htdocs/office/codeigniter/system/Boot.php(325): CodeIgniter\CodeIgniter->run()
#10 /home/vol18_1/infinityfree.com/if0_34654888/htdocs/office/codeigniter/system/Boot.php(67): CodeIgniter\Boot::runCodeIgniter(Object(CodeIgniter\CodeIgniter))
#11 /home/vol18_1/infinityfree.com/if0_34654888/htdocs/office/codeigniter/public/index.php(56): CodeIgniter\Boot::bootWeb(Object(Config\Paths))
#12 {main}
CRITICAL - 2025-06-02 07:58:50 --> CodeIgniter\Database\Exceptions\DatabaseException: Column 'userid' cannot be null
[Method: POST, Route: cinoutsave]
in SYSTEMPATH/Database/BaseConnection.php on line 688.
 1 SYSTEMPATH/Database/BaseBuilder.php(2340): CodeIgniter\Database\BaseConnection->query('INSERT INTO `cinout` (`shop`, `cin`, `purchase`, `purchasenot`, `local`, `foreigner`, `remark`, `userid`, `username`, `saveDate`) VALUES (:shop:, :cin:, :purchase:, :purchasenot:, :local:, :foreigner:, :remark:, :userid:, :username:, :saveDate:)', [...], false)
 2 APPPATH/Models/DailyModel.php(388): CodeIgniter\Database\BaseBuilder->insert([...])
 3 APPPATH/Controllers/Cinout.php(146): App\Models\DailyModel->savedc([...], 'cinout')
 4 SYSTEMPATH/CodeIgniter.php(933): App\Controllers\Cinout->save()
 5 SYSTEMPATH/CodeIgniter.php(509): CodeIgniter\CodeIgniter->runController(Object(App\Controllers\Cinout))
 6 SYSTEMPATH/CodeIgniter.php(355): CodeIgniter\CodeIgniter->handleRequest(null, Object(Config\Cache), false)
 7 SYSTEMPATH/Boot.php(325): CodeIgniter\CodeIgniter->run()
 8 SYSTEMPATH/Boot.php(67): CodeIgniter\Boot::runCodeIgniter(Object(CodeIgniter\CodeIgniter))
 9 FCPATH/index.php(56): CodeIgniter\Boot::bootWeb(Object(Config\Paths))
CRITICAL - 2025-06-02 07:58:50 --> [Caused by] CodeIgniter\Database\Exceptions\DatabaseException: Column 'userid' cannot be null
in SYSTEMPATH/Database/MySQLi/Connection.php on line 317.
 1 SYSTEMPATH/Database/BaseConnection.php(734): CodeIgniter\Database\MySQLi\Connection->execute('INSERT INTO `cinout` (`shop`, `cin`, `purchase`, `purchasenot`, `local`, `foreigner`, `remark`, `userid`, `username`, `saveDate`) VALUES (\'5\', \'1\', 0, 1, 1, 0, \'JUST TRY\', NULL, NULL, \'2025-06-02 07:58:50\')')
 2 SYSTEMPATH/Database/BaseConnection.php(648): CodeIgniter\Database\BaseConnection->simpleQuery('INSERT INTO `cinout` (`shop`, `cin`, `purchase`, `purchasenot`, `local`, `foreigner`, `remark`, `userid`, `username`, `saveDate`) VALUES (\'5\', \'1\', 0, 1, 1, 0, \'JUST TRY\', NULL, NULL, \'2025-06-02 07:58:50\')')
 3 SYSTEMPATH/Database/BaseBuilder.php(2340): CodeIgniter\Database\BaseConnection->query('INSERT INTO `cinout` (`shop`, `cin`, `purchase`, `purchasenot`, `local`, `foreigner`, `remark`, `userid`, `username`, `saveDate`) VALUES (:shop:, :cin:, :purchase:, :purchasenot:, :local:, :foreigner:, :remark:, :userid:, :username:, :saveDate:)', [...], false)
 4 APPPATH/Models/DailyModel.php(388): CodeIgniter\Database\BaseBuilder->insert([...])
 5 APPPATH/Controllers/Cinout.php(146): App\Models\DailyModel->savedc([...], 'cinout')
 6 SYSTEMPATH/CodeIgniter.php(933): App\Controllers\Cinout->save()
 7 SYSTEMPATH/CodeIgniter.php(509): CodeIgniter\CodeIgniter->runController(Object(App\Controllers\Cinout))
 8 SYSTEMPATH/CodeIgniter.php(355): CodeIgniter\CodeIgniter->handleRequest(null, Object(Config\Cache), false)
 9 SYSTEMPATH/Boot.php(325): CodeIgniter\CodeIgniter->run()
10 SYSTEMPATH/Boot.php(67): CodeIgniter\Boot::runCodeIgniter(Object(CodeIgniter\CodeIgniter))
11 FCPATH/index.php(56): CodeIgniter\Boot::bootWeb(Object(Config\Paths))
CRITICAL - 2025-06-02 07:58:50 --> [Caused by] mysqli_sql_exception: Column 'userid' cannot be null
in SYSTEMPATH/Database/MySQLi/Connection.php on line 312.
 1 SYSTEMPATH/Database/MySQLi/Connection.php(312): mysqli->query('INSERT INTO `cinout` (`shop`, `cin`, `purchase`, `purchasenot`, `local`, `foreigner`, `remark`, `userid`, `username`, `saveDate`) VALUES (\'5\', \'1\', 0, 1, 1, 0, \'JUST TRY\', NULL, NULL, \'2025-06-02 07:58:50\')', 0)
 2 SYSTEMPATH/Database/BaseConnection.php(734): CodeIgniter\Database\MySQLi\Connection->execute('INSERT INTO `cinout` (`shop`, `cin`, `purchase`, `purchasenot`, `local`, `foreigner`, `remark`, `userid`, `username`, `saveDate`) VALUES (\'5\', \'1\', 0, 1, 1, 0, \'JUST TRY\', NULL, NULL, \'2025-06-02 07:58:50\')')
 3 SYSTEMPATH/Database/BaseConnection.php(648): CodeIgniter\Database\BaseConnection->simpleQuery('INSERT INTO `cinout` (`shop`, `cin`, `purchase`, `purchasenot`, `local`, `foreigner`, `remark`, `userid`, `username`, `saveDate`) VALUES (\'5\', \'1\', 0, 1, 1, 0, \'JUST TRY\', NULL, NULL, \'2025-06-02 07:58:50\')')
 4 SYSTEMPATH/Database/BaseBuilder.php(2340): CodeIgniter\Database\BaseConnection->query('INSERT INTO `cinout` (`shop`, `cin`, `purchase`, `purchasenot`, `local`, `foreigner`, `remark`, `userid`, `username`, `saveDate`) VALUES (:shop:, :cin:, :purchase:, :purchasenot:, :local:, :foreigner:, :remark:, :userid:, :username:, :saveDate:)', [...], false)
 5 APPPATH/Models/DailyModel.php(388): CodeIgniter\Database\BaseBuilder->insert([...])
 6 APPPATH/Controllers/Cinout.php(146): App\Models\DailyModel->savedc([...], 'cinout')
 7 SYSTEMPATH/CodeIgniter.php(933): App\Controllers\Cinout->save()
 8 SYSTEMPATH/CodeIgniter.php(509): CodeIgniter\CodeIgniter->runController(Object(App\Controllers\Cinout))
 9 SYSTEMPATH/CodeIgniter.php(355): CodeIgniter\CodeIgniter->handleRequest(null, Object(Config\Cache), false)
10 SYSTEMPATH/Boot.php(325): CodeIgniter\CodeIgniter->run()
11 SYSTEMPATH/Boot.php(67): CodeIgniter\Boot::runCodeIgniter(Object(CodeIgniter\CodeIgniter))
12 FCPATH/index.php(56): CodeIgniter\Boot::bootWeb(Object(Config\Paths))
