ERROR - 2025-02-10 03:48:54 --> mysqli_sql_exception: Table 'if0_34654888_invoices.allBanks' doesn't exist in /home/vol18_1/infinityfree.com/if0_34654888/htdocs/office/codeigniter/system/Database/MySQLi/Connection.php:312
Stack trace:
#0 /home/vol18_1/infinityfree.com/if0_34654888/htdocs/office/codeigniter/system/Database/MySQLi/Connection.php(312): mysqli->query('SELECT * From a...', 0)
#1 /home/vol18_1/infinityfree.com/if0_34654888/htdocs/office/codeigniter/system/Database/BaseConnection.php(734): CodeIgniter\Database\MySQLi\Connection->execute('SELECT * From a...')
#2 /home/vol18_1/infinityfree.com/if0_34654888/htdocs/office/codeigniter/system/Database/BaseConnection.php(648): CodeIgniter\Database\BaseConnection->simpleQuery('SELECT * From a...')
#3 /home/vol18_1/infinityfree.com/if0_34654888/htdocs/office/codeigniter/app/Models/attendance/AttendanceModel.php(391): CodeIgniter\Database\BaseConnection->query('SELECT * From a...')
#4 /home/vol18_1/infinityfree.com/if0_34654888/htdocs/office/codeigniter/app/Controllers/attendance/Attendance.php(58): App\Models\attendance\AttendanceModel->getBanks()
#5 /home/vol18_1/infinityfree.com/if0_34654888/htdocs/office/codeigniter/system/CodeIgniter.php(933): App\Controllers\attendance\Attendance->addemp()
#6 /home/vol18_1/infinityfree.com/if0_34654888/htdocs/office/codeigniter/system/CodeIgniter.php(509): CodeIgniter\CodeIgniter->runController(Object(App\Controllers\attendance\Attendance))
#7 /home/vol18_1/infinityfree.com/if0_34654888/htdocs/office/codeigniter/system/CodeIgniter.php(355): CodeIgniter\CodeIgniter->handleRequest(NULL, Object(Config\Cache), false)
#8 /home/vol18_1/infinityfree.com/if0_34654888/htdocs/office/codeigniter/system/Boot.php(325): CodeIgniter\CodeIgniter->run()
#9 /home/vol18_1/infinityfree.com/if0_34654888/htdocs/office/codeigniter/system/Boot.php(67): CodeIgniter\Boot::runCodeIgniter(Object(CodeIgniter\CodeIgniter))
#10 /home/vol18_1/infinityfree.com/if0_34654888/htdocs/office/codeigniter/public/index.php(56): CodeIgniter\Boot::bootWeb(Object(Config\Paths))
#11 {main}
CRITICAL - 2025-02-10 03:48:54 --> CodeIgniter\Database\Exceptions\DatabaseException: Table 'if0_34654888_invoices.allBanks' doesn't exist
[Method: GET, Route: attendance/addemp]
in SYSTEMPATH/Database/BaseConnection.php on line 688.
 1 APPPATH/Models/attendance/AttendanceModel.php(391): CodeIgniter\Database\BaseConnection->query('SELECT * From allBanks')
 2 APPPATH/Controllers/attendance/Attendance.php(58): App\Models\attendance\AttendanceModel->getBanks()
 3 SYSTEMPATH/CodeIgniter.php(933): App\Controllers\attendance\Attendance->addemp()
 4 SYSTEMPATH/CodeIgniter.php(509): CodeIgniter\CodeIgniter->runController(Object(App\Controllers\attendance\Attendance))
 5 SYSTEMPATH/CodeIgniter.php(355): CodeIgniter\CodeIgniter->handleRequest(null, Object(Config\Cache), false)
 6 SYSTEMPATH/Boot.php(325): CodeIgniter\CodeIgniter->run()
 7 SYSTEMPATH/Boot.php(67): CodeIgniter\Boot::runCodeIgniter(Object(CodeIgniter\CodeIgniter))
 8 FCPATH/index.php(56): CodeIgniter\Boot::bootWeb(Object(Config\Paths))
CRITICAL - 2025-02-10 03:48:54 --> [Caused by] CodeIgniter\Database\Exceptions\DatabaseException: Table 'if0_34654888_invoices.allBanks' doesn't exist
in SYSTEMPATH/Database/MySQLi/Connection.php on line 317.
 1 SYSTEMPATH/Database/BaseConnection.php(734): CodeIgniter\Database\MySQLi\Connection->execute('SELECT * From allBanks')
 2 SYSTEMPATH/Database/BaseConnection.php(648): CodeIgniter\Database\BaseConnection->simpleQuery('SELECT * From allBanks')
 3 APPPATH/Models/attendance/AttendanceModel.php(391): CodeIgniter\Database\BaseConnection->query('SELECT * From allBanks')
 4 APPPATH/Controllers/attendance/Attendance.php(58): App\Models\attendance\AttendanceModel->getBanks()
 5 SYSTEMPATH/CodeIgniter.php(933): App\Controllers\attendance\Attendance->addemp()
 6 SYSTEMPATH/CodeIgniter.php(509): CodeIgniter\CodeIgniter->runController(Object(App\Controllers\attendance\Attendance))
 7 SYSTEMPATH/CodeIgniter.php(355): CodeIgniter\CodeIgniter->handleRequest(null, Object(Config\Cache), false)
 8 SYSTEMPATH/Boot.php(325): CodeIgniter\CodeIgniter->run()
 9 SYSTEMPATH/Boot.php(67): CodeIgniter\Boot::runCodeIgniter(Object(CodeIgniter\CodeIgniter))
10 FCPATH/index.php(56): CodeIgniter\Boot::bootWeb(Object(Config\Paths))
CRITICAL - 2025-02-10 03:48:54 --> [Caused by] mysqli_sql_exception: Table 'if0_34654888_invoices.allBanks' doesn't exist
in SYSTEMPATH/Database/MySQLi/Connection.php on line 312.
 1 SYSTEMPATH/Database/MySQLi/Connection.php(312): mysqli->query('SELECT * From allBanks', 0)
 2 SYSTEMPATH/Database/BaseConnection.php(734): CodeIgniter\Database\MySQLi\Connection->execute('SELECT * From allBanks')
 3 SYSTEMPATH/Database/BaseConnection.php(648): CodeIgniter\Database\BaseConnection->simpleQuery('SELECT * From allBanks')
 4 APPPATH/Models/attendance/AttendanceModel.php(391): CodeIgniter\Database\BaseConnection->query('SELECT * From allBanks')
 5 APPPATH/Controllers/attendance/Attendance.php(58): App\Models\attendance\AttendanceModel->getBanks()
 6 SYSTEMPATH/CodeIgniter.php(933): App\Controllers\attendance\Attendance->addemp()
 7 SYSTEMPATH/CodeIgniter.php(509): CodeIgniter\CodeIgniter->runController(Object(App\Controllers\attendance\Attendance))
 8 SYSTEMPATH/CodeIgniter.php(355): CodeIgniter\CodeIgniter->handleRequest(null, Object(Config\Cache), false)
 9 SYSTEMPATH/Boot.php(325): CodeIgniter\CodeIgniter->run()
10 SYSTEMPATH/Boot.php(67): CodeIgniter\Boot::runCodeIgniter(Object(CodeIgniter\CodeIgniter))
11 FCPATH/index.php(56): CodeIgniter\Boot::bootWeb(Object(Config\Paths))
ERROR - 2025-02-10 03:49:13 --> mysqli_sql_exception: Table 'if0_34654888_invoices.allBanks' doesn't exist in /home/vol18_1/infinityfree.com/if0_34654888/htdocs/office/codeigniter/system/Database/MySQLi/Connection.php:312
Stack trace:
#0 /home/vol18_1/infinityfree.com/if0_34654888/htdocs/office/codeigniter/system/Database/MySQLi/Connection.php(312): mysqli->query('SELECT * From a...', 0)
#1 /home/vol18_1/infinityfree.com/if0_34654888/htdocs/office/codeigniter/system/Database/BaseConnection.php(734): CodeIgniter\Database\MySQLi\Connection->execute('SELECT * From a...')
#2 /home/vol18_1/infinityfree.com/if0_34654888/htdocs/office/codeigniter/system/Database/BaseConnection.php(648): CodeIgniter\Database\BaseConnection->simpleQuery('SELECT * From a...')
#3 /home/vol18_1/infinityfree.com/if0_34654888/htdocs/office/codeigniter/app/Models/attendance/AttendanceModel.php(391): CodeIgniter\Database\BaseConnection->query('SELECT * From a...')
#4 /home/vol18_1/infinityfree.com/if0_34654888/htdocs/office/codeigniter/app/Controllers/attendance/Attendance.php(58): App\Models\attendance\AttendanceModel->getBanks()
#5 /home/vol18_1/infinityfree.com/if0_34654888/htdocs/office/codeigniter/system/CodeIgniter.php(933): App\Controllers\attendance\Attendance->addemp()
#6 /home/vol18_1/infinityfree.com/if0_34654888/htdocs/office/codeigniter/system/CodeIgniter.php(509): CodeIgniter\CodeIgniter->runController(Object(App\Controllers\attendance\Attendance))
#7 /home/vol18_1/infinityfree.com/if0_34654888/htdocs/office/codeigniter/system/CodeIgniter.php(355): CodeIgniter\CodeIgniter->handleRequest(NULL, Object(Config\Cache), false)
#8 /home/vol18_1/infinityfree.com/if0_34654888/htdocs/office/codeigniter/system/Boot.php(325): CodeIgniter\CodeIgniter->run()
#9 /home/vol18_1/infinityfree.com/if0_34654888/htdocs/office/codeigniter/system/Boot.php(67): CodeIgniter\Boot::runCodeIgniter(Object(CodeIgniter\CodeIgniter))
#10 /home/vol18_1/infinityfree.com/if0_34654888/htdocs/office/codeigniter/public/index.php(56): CodeIgniter\Boot::bootWeb(Object(Config\Paths))
#11 {main}
CRITICAL - 2025-02-10 03:49:13 --> CodeIgniter\Database\Exceptions\DatabaseException: Table 'if0_34654888_invoices.allBanks' doesn't exist
[Method: GET, Route: attendance/addemp]
in SYSTEMPATH/Database/BaseConnection.php on line 688.
 1 APPPATH/Models/attendance/AttendanceModel.php(391): CodeIgniter\Database\BaseConnection->query('SELECT * From allBanks')
 2 APPPATH/Controllers/attendance/Attendance.php(58): App\Models\attendance\AttendanceModel->getBanks()
 3 SYSTEMPATH/CodeIgniter.php(933): App\Controllers\attendance\Attendance->addemp()
 4 SYSTEMPATH/CodeIgniter.php(509): CodeIgniter\CodeIgniter->runController(Object(App\Controllers\attendance\Attendance))
 5 SYSTEMPATH/CodeIgniter.php(355): CodeIgniter\CodeIgniter->handleRequest(null, Object(Config\Cache), false)
 6 SYSTEMPATH/Boot.php(325): CodeIgniter\CodeIgniter->run()
 7 SYSTEMPATH/Boot.php(67): CodeIgniter\Boot::runCodeIgniter(Object(CodeIgniter\CodeIgniter))
 8 FCPATH/index.php(56): CodeIgniter\Boot::bootWeb(Object(Config\Paths))
CRITICAL - 2025-02-10 03:49:13 --> [Caused by] CodeIgniter\Database\Exceptions\DatabaseException: Table 'if0_34654888_invoices.allBanks' doesn't exist
in SYSTEMPATH/Database/MySQLi/Connection.php on line 317.
 1 SYSTEMPATH/Database/BaseConnection.php(734): CodeIgniter\Database\MySQLi\Connection->execute('SELECT * From allBanks')
 2 SYSTEMPATH/Database/BaseConnection.php(648): CodeIgniter\Database\BaseConnection->simpleQuery('SELECT * From allBanks')
 3 APPPATH/Models/attendance/AttendanceModel.php(391): CodeIgniter\Database\BaseConnection->query('SELECT * From allBanks')
 4 APPPATH/Controllers/attendance/Attendance.php(58): App\Models\attendance\AttendanceModel->getBanks()
 5 SYSTEMPATH/CodeIgniter.php(933): App\Controllers\attendance\Attendance->addemp()
 6 SYSTEMPATH/CodeIgniter.php(509): CodeIgniter\CodeIgniter->runController(Object(App\Controllers\attendance\Attendance))
 7 SYSTEMPATH/CodeIgniter.php(355): CodeIgniter\CodeIgniter->handleRequest(null, Object(Config\Cache), false)
 8 SYSTEMPATH/Boot.php(325): CodeIgniter\CodeIgniter->run()
 9 SYSTEMPATH/Boot.php(67): CodeIgniter\Boot::runCodeIgniter(Object(CodeIgniter\CodeIgniter))
10 FCPATH/index.php(56): CodeIgniter\Boot::bootWeb(Object(Config\Paths))
CRITICAL - 2025-02-10 03:49:13 --> [Caused by] mysqli_sql_exception: Table 'if0_34654888_invoices.allBanks' doesn't exist
in SYSTEMPATH/Database/MySQLi/Connection.php on line 312.
 1 SYSTEMPATH/Database/MySQLi/Connection.php(312): mysqli->query('SELECT * From allBanks', 0)
 2 SYSTEMPATH/Database/BaseConnection.php(734): CodeIgniter\Database\MySQLi\Connection->execute('SELECT * From allBanks')
 3 SYSTEMPATH/Database/BaseConnection.php(648): CodeIgniter\Database\BaseConnection->simpleQuery('SELECT * From allBanks')
 4 APPPATH/Models/attendance/AttendanceModel.php(391): CodeIgniter\Database\BaseConnection->query('SELECT * From allBanks')
 5 APPPATH/Controllers/attendance/Attendance.php(58): App\Models\attendance\AttendanceModel->getBanks()
 6 SYSTEMPATH/CodeIgniter.php(933): App\Controllers\attendance\Attendance->addemp()
 7 SYSTEMPATH/CodeIgniter.php(509): CodeIgniter\CodeIgniter->runController(Object(App\Controllers\attendance\Attendance))
 8 SYSTEMPATH/CodeIgniter.php(355): CodeIgniter\CodeIgniter->handleRequest(null, Object(Config\Cache), false)
 9 SYSTEMPATH/Boot.php(325): CodeIgniter\CodeIgniter->run()
10 SYSTEMPATH/Boot.php(67): CodeIgniter\Boot::runCodeIgniter(Object(CodeIgniter\CodeIgniter))
11 FCPATH/index.php(56): CodeIgniter\Boot::bootWeb(Object(Config\Paths))
ERROR - 2025-02-10 03:53:57 --> mysqli_sql_exception: Table 'if0_34654888_invoices.allBanks' doesn't exist in /home/vol18_1/infinityfree.com/if0_34654888/htdocs/office/codeigniter/system/Database/MySQLi/Connection.php:312
Stack trace:
#0 /home/vol18_1/infinityfree.com/if0_34654888/htdocs/office/codeigniter/system/Database/MySQLi/Connection.php(312): mysqli->query('SELECT * From a...', 0)
#1 /home/vol18_1/infinityfree.com/if0_34654888/htdocs/office/codeigniter/system/Database/BaseConnection.php(734): CodeIgniter\Database\MySQLi\Connection->execute('SELECT * From a...')
#2 /home/vol18_1/infinityfree.com/if0_34654888/htdocs/office/codeigniter/system/Database/BaseConnection.php(648): CodeIgniter\Database\BaseConnection->simpleQuery('SELECT * From a...')
#3 /home/vol18_1/infinityfree.com/if0_34654888/htdocs/office/codeigniter/app/Models/attendance/AttendanceModel.php(391): CodeIgniter\Database\BaseConnection->query('SELECT * From a...')
#4 /home/vol18_1/infinityfree.com/if0_34654888/htdocs/office/codeigniter/app/Controllers/attendance/Attendance.php(58): App\Models\attendance\AttendanceModel->getBanks()
#5 /home/vol18_1/infinityfree.com/if0_34654888/htdocs/office/codeigniter/system/CodeIgniter.php(933): App\Controllers\attendance\Attendance->addemp()
#6 /home/vol18_1/infinityfree.com/if0_34654888/htdocs/office/codeigniter/system/CodeIgniter.php(509): CodeIgniter\CodeIgniter->runController(Object(App\Controllers\attendance\Attendance))
#7 /home/vol18_1/infinityfree.com/if0_34654888/htdocs/office/codeigniter/system/CodeIgniter.php(355): CodeIgniter\CodeIgniter->handleRequest(NULL, Object(Config\Cache), false)
#8 /home/vol18_1/infinityfree.com/if0_34654888/htdocs/office/codeigniter/system/Boot.php(325): CodeIgniter\CodeIgniter->run()
#9 /home/vol18_1/infinityfree.com/if0_34654888/htdocs/office/codeigniter/system/Boot.php(67): CodeIgniter\Boot::runCodeIgniter(Object(CodeIgniter\CodeIgniter))
#10 /home/vol18_1/infinityfree.com/if0_34654888/htdocs/office/codeigniter/public/index.php(56): CodeIgniter\Boot::bootWeb(Object(Config\Paths))
#11 {main}
CRITICAL - 2025-02-10 03:53:57 --> CodeIgniter\Database\Exceptions\DatabaseException: Table 'if0_34654888_invoices.allBanks' doesn't exist
[Method: GET, Route: attendance/addemp]
in SYSTEMPATH/Database/BaseConnection.php on line 688.
 1 APPPATH/Models/attendance/AttendanceModel.php(391): CodeIgniter\Database\BaseConnection->query('SELECT * From allBanks')
 2 APPPATH/Controllers/attendance/Attendance.php(58): App\Models\attendance\AttendanceModel->getBanks()
 3 SYSTEMPATH/CodeIgniter.php(933): App\Controllers\attendance\Attendance->addemp()
 4 SYSTEMPATH/CodeIgniter.php(509): CodeIgniter\CodeIgniter->runController(Object(App\Controllers\attendance\Attendance))
 5 SYSTEMPATH/CodeIgniter.php(355): CodeIgniter\CodeIgniter->handleRequest(null, Object(Config\Cache), false)
 6 SYSTEMPATH/Boot.php(325): CodeIgniter\CodeIgniter->run()
 7 SYSTEMPATH/Boot.php(67): CodeIgniter\Boot::runCodeIgniter(Object(CodeIgniter\CodeIgniter))
 8 FCPATH/index.php(56): CodeIgniter\Boot::bootWeb(Object(Config\Paths))
CRITICAL - 2025-02-10 03:53:57 --> [Caused by] CodeIgniter\Database\Exceptions\DatabaseException: Table 'if0_34654888_invoices.allBanks' doesn't exist
in SYSTEMPATH/Database/MySQLi/Connection.php on line 317.
 1 SYSTEMPATH/Database/BaseConnection.php(734): CodeIgniter\Database\MySQLi\Connection->execute('SELECT * From allBanks')
 2 SYSTEMPATH/Database/BaseConnection.php(648): CodeIgniter\Database\BaseConnection->simpleQuery('SELECT * From allBanks')
 3 APPPATH/Models/attendance/AttendanceModel.php(391): CodeIgniter\Database\BaseConnection->query('SELECT * From allBanks')
 4 APPPATH/Controllers/attendance/Attendance.php(58): App\Models\attendance\AttendanceModel->getBanks()
 5 SYSTEMPATH/CodeIgniter.php(933): App\Controllers\attendance\Attendance->addemp()
 6 SYSTEMPATH/CodeIgniter.php(509): CodeIgniter\CodeIgniter->runController(Object(App\Controllers\attendance\Attendance))
 7 SYSTEMPATH/CodeIgniter.php(355): CodeIgniter\CodeIgniter->handleRequest(null, Object(Config\Cache), false)
 8 SYSTEMPATH/Boot.php(325): CodeIgniter\CodeIgniter->run()
 9 SYSTEMPATH/Boot.php(67): CodeIgniter\Boot::runCodeIgniter(Object(CodeIgniter\CodeIgniter))
10 FCPATH/index.php(56): CodeIgniter\Boot::bootWeb(Object(Config\Paths))
CRITICAL - 2025-02-10 03:53:57 --> [Caused by] mysqli_sql_exception: Table 'if0_34654888_invoices.allBanks' doesn't exist
in SYSTEMPATH/Database/MySQLi/Connection.php on line 312.
 1 SYSTEMPATH/Database/MySQLi/Connection.php(312): mysqli->query('SELECT * From allBanks', 0)
 2 SYSTEMPATH/Database/BaseConnection.php(734): CodeIgniter\Database\MySQLi\Connection->execute('SELECT * From allBanks')
 3 SYSTEMPATH/Database/BaseConnection.php(648): CodeIgniter\Database\BaseConnection->simpleQuery('SELECT * From allBanks')
 4 APPPATH/Models/attendance/AttendanceModel.php(391): CodeIgniter\Database\BaseConnection->query('SELECT * From allBanks')
 5 APPPATH/Controllers/attendance/Attendance.php(58): App\Models\attendance\AttendanceModel->getBanks()
 6 SYSTEMPATH/CodeIgniter.php(933): App\Controllers\attendance\Attendance->addemp()
 7 SYSTEMPATH/CodeIgniter.php(509): CodeIgniter\CodeIgniter->runController(Object(App\Controllers\attendance\Attendance))
 8 SYSTEMPATH/CodeIgniter.php(355): CodeIgniter\CodeIgniter->handleRequest(null, Object(Config\Cache), false)
 9 SYSTEMPATH/Boot.php(325): CodeIgniter\CodeIgniter->run()
10 SYSTEMPATH/Boot.php(67): CodeIgniter\Boot::runCodeIgniter(Object(CodeIgniter\CodeIgniter))
11 FCPATH/index.php(56): CodeIgniter\Boot::bootWeb(Object(Config\Paths))
ERROR - 2025-02-10 04:00:02 --> mysqli_sql_exception: Table 'if0_34654888_invoices.allbanks' doesn't exist in /home/vol18_1/infinityfree.com/if0_34654888/htdocs/office/codeigniter/system/Database/MySQLi/Connection.php:312
Stack trace:
#0 /home/vol18_1/infinityfree.com/if0_34654888/htdocs/office/codeigniter/system/Database/MySQLi/Connection.php(312): mysqli->query('SELECT *\nFROM `...', 0)
#1 /home/vol18_1/infinityfree.com/if0_34654888/htdocs/office/codeigniter/system/Database/BaseConnection.php(734): CodeIgniter\Database\MySQLi\Connection->execute('SELECT *\nFROM `...')
#2 /home/vol18_1/infinityfree.com/if0_34654888/htdocs/office/codeigniter/system/Database/BaseConnection.php(648): CodeIgniter\Database\BaseConnection->simpleQuery('SELECT *\nFROM `...')
#3 /home/vol18_1/infinityfree.com/if0_34654888/htdocs/office/codeigniter/system/Database/BaseBuilder.php(1782): CodeIgniter\Database\BaseConnection->query('SELECT *\nFROM `...', Array, false)
#4 /home/vol18_1/infinityfree.com/if0_34654888/htdocs/office/codeigniter/app/Helpers/fornames_helper.php(332): CodeIgniter\Database\BaseBuilder->getWhere(Array)
#5 /home/vol18_1/infinityfree.com/if0_34654888/htdocs/office/codeigniter/app/Views/attendance/viewemp.php(108): getbname('1')
#6 /home/vol18_1/infinityfree.com/if0_34654888/htdocs/office/codeigniter/system/View/View.php(234): include('/home/vol18_1/i...')
#7 /home/vol18_1/infinityfree.com/if0_34654888/htdocs/office/codeigniter/system/View/View.php(237): CodeIgniter\View\View->CodeIgniter\View\{closure}()
#8 /home/vol18_1/infinityfree.com/if0_34654888/htdocs/office/codeigniter/system/Common.php(1169): CodeIgniter\View\View->render('attendance/view...', Array, true)
#9 /home/vol18_1/infinityfree.com/if0_34654888/htdocs/office/codeigniter/app/Controllers/attendance/Attendance.php(166): view('attendance/view...', Array)
#10 /home/vol18_1/infinityfree.com/if0_34654888/htdocs/office/codeigniter/system/CodeIgniter.php(933): App\Controllers\attendance\Attendance->viewemp('50', '1')
#11 /home/vol18_1/infinityfree.com/if0_34654888/htdocs/office/codeigniter/system/CodeIgniter.php(509): CodeIgniter\CodeIgniter->runController(Object(App\Controllers\attendance\Attendance))
#12 /home/vol18_1/infinityfree.com/if0_34654888/htdocs/office/codeigniter/system/CodeIgniter.php(355): CodeIgniter\CodeIgniter->handleRequest(NULL, Object(Config\Cache), false)
#13 /home/vol18_1/infinityfree.com/if0_34654888/htdocs/office/codeigniter/system/Boot.php(325): CodeIgniter\CodeIgniter->run()
#14 /home/vol18_1/infinityfree.com/if0_34654888/htdocs/office/codeigniter/system/Boot.php(67): CodeIgniter\Boot::runCodeIgniter(Object(CodeIgniter\CodeIgniter))
#15 /home/vol18_1/infinityfree.com/if0_34654888/htdocs/office/codeigniter/public/index.php(56): CodeIgniter\Boot::bootWeb(Object(Config\Paths))
#16 {main}
CRITICAL - 2025-02-10 04:00:02 --> CodeIgniter\Database\Exceptions\DatabaseException: Table 'if0_34654888_invoices.allbanks' doesn't exist
[Method: GET, Route: attendance/viewemp/50/1]
in SYSTEMPATH/Database/BaseConnection.php on line 688.
 1 SYSTEMPATH/Database/BaseBuilder.php(1782): CodeIgniter\Database\BaseConnection->query('SELECT *
FROM `allbanks`
WHERE `Id` = :Id:', [...], false)
 2 APPPATH/Helpers/fornames_helper.php(332): CodeIgniter\Database\BaseBuilder->getWhere([...])
 3 APPPATH/Views/attendance/viewemp.php(108): getbname('1')
 4 SYSTEMPATH/View/View.php(234): include('/home/vol18_1/infinityfree.com/if0_34654888/htdocs/office/codeigniter/app/Views/attendance/viewemp.php')
 5 SYSTEMPATH/View/View.php(237): CodeIgniter\View\View->CodeIgniter\View\{closure}()
 6 SYSTEMPATH/Common.php(1169): CodeIgniter\View\View->render('attendance/viewemp', [], true)
 7 APPPATH/Controllers/attendance/Attendance.php(166): view('attendance/viewemp', [...])
 8 SYSTEMPATH/CodeIgniter.php(933): App\Controllers\attendance\Attendance->viewemp('50', '1')
 9 SYSTEMPATH/CodeIgniter.php(509): CodeIgniter\CodeIgniter->runController(Object(App\Controllers\attendance\Attendance))
10 SYSTEMPATH/CodeIgniter.php(355): CodeIgniter\CodeIgniter->handleRequest(null, Object(Config\Cache), false)
11 SYSTEMPATH/Boot.php(325): CodeIgniter\CodeIgniter->run()
12 SYSTEMPATH/Boot.php(67): CodeIgniter\Boot::runCodeIgniter(Object(CodeIgniter\CodeIgniter))
13 FCPATH/index.php(56): CodeIgniter\Boot::bootWeb(Object(Config\Paths))
CRITICAL - 2025-02-10 04:00:02 --> [Caused by] CodeIgniter\Database\Exceptions\DatabaseException: Table 'if0_34654888_invoices.allbanks' doesn't exist
in SYSTEMPATH/Database/MySQLi/Connection.php on line 317.
 1 SYSTEMPATH/Database/BaseConnection.php(734): CodeIgniter\Database\MySQLi\Connection->execute('SELECT *
FROM `allbanks`
WHERE `Id` = \'1\'')
 2 SYSTEMPATH/Database/BaseConnection.php(648): CodeIgniter\Database\BaseConnection->simpleQuery('SELECT *
FROM `allbanks`
WHERE `Id` = \'1\'')
 3 SYSTEMPATH/Database/BaseBuilder.php(1782): CodeIgniter\Database\BaseConnection->query('SELECT *
FROM `allbanks`
WHERE `Id` = :Id:', [...], false)
 4 APPPATH/Helpers/fornames_helper.php(332): CodeIgniter\Database\BaseBuilder->getWhere([...])
 5 APPPATH/Views/attendance/viewemp.php(108): getbname('1')
 6 SYSTEMPATH/View/View.php(234): include('/home/vol18_1/infinityfree.com/if0_34654888/htdocs/office/codeigniter/app/Views/attendance/viewemp.php')
 7 SYSTEMPATH/View/View.php(237): CodeIgniter\View\View->CodeIgniter\View\{closure}()
 8 SYSTEMPATH/Common.php(1169): CodeIgniter\View\View->render('attendance/viewemp', [], true)
 9 APPPATH/Controllers/attendance/Attendance.php(166): view('attendance/viewemp', [...])
10 SYSTEMPATH/CodeIgniter.php(933): App\Controllers\attendance\Attendance->viewemp('50', '1')
11 SYSTEMPATH/CodeIgniter.php(509): CodeIgniter\CodeIgniter->runController(Object(App\Controllers\attendance\Attendance))
12 SYSTEMPATH/CodeIgniter.php(355): CodeIgniter\CodeIgniter->handleRequest(null, Object(Config\Cache), false)
13 SYSTEMPATH/Boot.php(325): CodeIgniter\CodeIgniter->run()
14 SYSTEMPATH/Boot.php(67): CodeIgniter\Boot::runCodeIgniter(Object(CodeIgniter\CodeIgniter))
15 FCPATH/index.php(56): CodeIgniter\Boot::bootWeb(Object(Config\Paths))
CRITICAL - 2025-02-10 04:00:02 --> [Caused by] mysqli_sql_exception: Table 'if0_34654888_invoices.allbanks' doesn't exist
in SYSTEMPATH/Database/MySQLi/Connection.php on line 312.
 1 SYSTEMPATH/Database/MySQLi/Connection.php(312): mysqli->query('SELECT *
FROM `allbanks`
WHERE `Id` = \'1\'', 0)
 2 SYSTEMPATH/Database/BaseConnection.php(734): CodeIgniter\Database\MySQLi\Connection->execute('SELECT *
FROM `allbanks`
WHERE `Id` = \'1\'')
 3 SYSTEMPATH/Database/BaseConnection.php(648): CodeIgniter\Database\BaseConnection->simpleQuery('SELECT *
FROM `allbanks`
WHERE `Id` = \'1\'')
 4 SYSTEMPATH/Database/BaseBuilder.php(1782): CodeIgniter\Database\BaseConnection->query('SELECT *
FROM `allbanks`
WHERE `Id` = :Id:', [...], false)
 5 APPPATH/Helpers/fornames_helper.php(332): CodeIgniter\Database\BaseBuilder->getWhere([...])
 6 APPPATH/Views/attendance/viewemp.php(108): getbname('1')
 7 SYSTEMPATH/View/View.php(234): include('/home/vol18_1/infinityfree.com/if0_34654888/htdocs/office/codeigniter/app/Views/attendance/viewemp.php')
 8 SYSTEMPATH/View/View.php(237): CodeIgniter\View\View->CodeIgniter\View\{closure}()
 9 SYSTEMPATH/Common.php(1169): CodeIgniter\View\View->render('attendance/viewemp', [], true)
10 APPPATH/Controllers/attendance/Attendance.php(166): view('attendance/viewemp', [...])
11 SYSTEMPATH/CodeIgniter.php(933): App\Controllers\attendance\Attendance->viewemp('50', '1')
12 SYSTEMPATH/CodeIgniter.php(509): CodeIgniter\CodeIgniter->runController(Object(App\Controllers\attendance\Attendance))
13 SYSTEMPATH/CodeIgniter.php(355): CodeIgniter\CodeIgniter->handleRequest(null, Object(Config\Cache), false)
14 SYSTEMPATH/Boot.php(325): CodeIgniter\CodeIgniter->run()
15 SYSTEMPATH/Boot.php(67): CodeIgniter\Boot::runCodeIgniter(Object(CodeIgniter\CodeIgniter))
16 FCPATH/index.php(56): CodeIgniter\Boot::bootWeb(Object(Config\Paths))
ERROR - 2025-02-10 04:01:56 --> mysqli_sql_exception: Table 'if0_34654888_invoices.allBanks' doesn't exist in /home/vol18_1/infinityfree.com/if0_34654888/htdocs/office/codeigniter/system/Database/MySQLi/Connection.php:312
Stack trace:
#0 /home/vol18_1/infinityfree.com/if0_34654888/htdocs/office/codeigniter/system/Database/MySQLi/Connection.php(312): mysqli->query('SELECT * From a...', 0)
#1 /home/vol18_1/infinityfree.com/if0_34654888/htdocs/office/codeigniter/system/Database/BaseConnection.php(734): CodeIgniter\Database\MySQLi\Connection->execute('SELECT * From a...')
#2 /home/vol18_1/infinityfree.com/if0_34654888/htdocs/office/codeigniter/system/Database/BaseConnection.php(648): CodeIgniter\Database\BaseConnection->simpleQuery('SELECT * From a...')
#3 /home/vol18_1/infinityfree.com/if0_34654888/htdocs/office/codeigniter/app/Models/attendance/AttendanceModel.php(391): CodeIgniter\Database\BaseConnection->query('SELECT * From a...')
#4 /home/vol18_1/infinityfree.com/if0_34654888/htdocs/office/codeigniter/app/Controllers/attendance/Attendance.php(58): App\Models\attendance\AttendanceModel->getBanks()
#5 /home/vol18_1/infinityfree.com/if0_34654888/htdocs/office/codeigniter/system/CodeIgniter.php(933): App\Controllers\attendance\Attendance->addemp()
#6 /home/vol18_1/infinityfree.com/if0_34654888/htdocs/office/codeigniter/system/CodeIgniter.php(509): CodeIgniter\CodeIgniter->runController(Object(App\Controllers\attendance\Attendance))
#7 /home/vol18_1/infinityfree.com/if0_34654888/htdocs/office/codeigniter/system/CodeIgniter.php(355): CodeIgniter\CodeIgniter->handleRequest(NULL, Object(Config\Cache), false)
#8 /home/vol18_1/infinityfree.com/if0_34654888/htdocs/office/codeigniter/system/Boot.php(325): CodeIgniter\CodeIgniter->run()
#9 /home/vol18_1/infinityfree.com/if0_34654888/htdocs/office/codeigniter/system/Boot.php(67): CodeIgniter\Boot::runCodeIgniter(Object(CodeIgniter\CodeIgniter))
#10 /home/vol18_1/infinityfree.com/if0_34654888/htdocs/office/codeigniter/public/index.php(56): CodeIgniter\Boot::bootWeb(Object(Config\Paths))
#11 {main}
CRITICAL - 2025-02-10 04:01:56 --> CodeIgniter\Database\Exceptions\DatabaseException: Table 'if0_34654888_invoices.allBanks' doesn't exist
[Method: GET, Route: attendance/addemp]
in SYSTEMPATH/Database/BaseConnection.php on line 688.
 1 APPPATH/Models/attendance/AttendanceModel.php(391): CodeIgniter\Database\BaseConnection->query('SELECT * From allBanks')
 2 APPPATH/Controllers/attendance/Attendance.php(58): App\Models\attendance\AttendanceModel->getBanks()
 3 SYSTEMPATH/CodeIgniter.php(933): App\Controllers\attendance\Attendance->addemp()
 4 SYSTEMPATH/CodeIgniter.php(509): CodeIgniter\CodeIgniter->runController(Object(App\Controllers\attendance\Attendance))
 5 SYSTEMPATH/CodeIgniter.php(355): CodeIgniter\CodeIgniter->handleRequest(null, Object(Config\Cache), false)
 6 SYSTEMPATH/Boot.php(325): CodeIgniter\CodeIgniter->run()
 7 SYSTEMPATH/Boot.php(67): CodeIgniter\Boot::runCodeIgniter(Object(CodeIgniter\CodeIgniter))
 8 FCPATH/index.php(56): CodeIgniter\Boot::bootWeb(Object(Config\Paths))
CRITICAL - 2025-02-10 04:01:56 --> [Caused by] CodeIgniter\Database\Exceptions\DatabaseException: Table 'if0_34654888_invoices.allBanks' doesn't exist
in SYSTEMPATH/Database/MySQLi/Connection.php on line 317.
 1 SYSTEMPATH/Database/BaseConnection.php(734): CodeIgniter\Database\MySQLi\Connection->execute('SELECT * From allBanks')
 2 SYSTEMPATH/Database/BaseConnection.php(648): CodeIgniter\Database\BaseConnection->simpleQuery('SELECT * From allBanks')
 3 APPPATH/Models/attendance/AttendanceModel.php(391): CodeIgniter\Database\BaseConnection->query('SELECT * From allBanks')
 4 APPPATH/Controllers/attendance/Attendance.php(58): App\Models\attendance\AttendanceModel->getBanks()
 5 SYSTEMPATH/CodeIgniter.php(933): App\Controllers\attendance\Attendance->addemp()
 6 SYSTEMPATH/CodeIgniter.php(509): CodeIgniter\CodeIgniter->runController(Object(App\Controllers\attendance\Attendance))
 7 SYSTEMPATH/CodeIgniter.php(355): CodeIgniter\CodeIgniter->handleRequest(null, Object(Config\Cache), false)
 8 SYSTEMPATH/Boot.php(325): CodeIgniter\CodeIgniter->run()
 9 SYSTEMPATH/Boot.php(67): CodeIgniter\Boot::runCodeIgniter(Object(CodeIgniter\CodeIgniter))
10 FCPATH/index.php(56): CodeIgniter\Boot::bootWeb(Object(Config\Paths))
CRITICAL - 2025-02-10 04:01:56 --> [Caused by] mysqli_sql_exception: Table 'if0_34654888_invoices.allBanks' doesn't exist
in SYSTEMPATH/Database/MySQLi/Connection.php on line 312.
 1 SYSTEMPATH/Database/MySQLi/Connection.php(312): mysqli->query('SELECT * From allBanks', 0)
 2 SYSTEMPATH/Database/BaseConnection.php(734): CodeIgniter\Database\MySQLi\Connection->execute('SELECT * From allBanks')
 3 SYSTEMPATH/Database/BaseConnection.php(648): CodeIgniter\Database\BaseConnection->simpleQuery('SELECT * From allBanks')
 4 APPPATH/Models/attendance/AttendanceModel.php(391): CodeIgniter\Database\BaseConnection->query('SELECT * From allBanks')
 5 APPPATH/Controllers/attendance/Attendance.php(58): App\Models\attendance\AttendanceModel->getBanks()
 6 SYSTEMPATH/CodeIgniter.php(933): App\Controllers\attendance\Attendance->addemp()
 7 SYSTEMPATH/CodeIgniter.php(509): CodeIgniter\CodeIgniter->runController(Object(App\Controllers\attendance\Attendance))
 8 SYSTEMPATH/CodeIgniter.php(355): CodeIgniter\CodeIgniter->handleRequest(null, Object(Config\Cache), false)
 9 SYSTEMPATH/Boot.php(325): CodeIgniter\CodeIgniter->run()
10 SYSTEMPATH/Boot.php(67): CodeIgniter\Boot::runCodeIgniter(Object(CodeIgniter\CodeIgniter))
11 FCPATH/index.php(56): CodeIgniter\Boot::bootWeb(Object(Config\Paths))
ERROR - 2025-02-10 05:43:37 --> mysqli_sql_exception: Column 'shop' cannot be null in /home/vol18_1/infinityfree.com/if0_34654888/htdocs/office/codeigniter/system/Database/MySQLi/Connection.php:312
Stack trace:
#0 /home/vol18_1/infinityfree.com/if0_34654888/htdocs/office/codeigniter/system/Database/MySQLi/Connection.php(312): mysqli->query('INSERT INTO `ci...', 0)
#1 /home/vol18_1/infinityfree.com/if0_34654888/htdocs/office/codeigniter/system/Database/BaseConnection.php(734): CodeIgniter\Database\MySQLi\Connection->execute('INSERT INTO `ci...')
#2 /home/vol18_1/infinityfree.com/if0_34654888/htdocs/office/codeigniter/system/Database/BaseConnection.php(648): CodeIgniter\Database\BaseConnection->simpleQuery('INSERT INTO `ci...')
#3 /home/vol18_1/infinityfree.com/if0_34654888/htdocs/office/codeigniter/system/Database/BaseBuilder.php(2340): CodeIgniter\Database\BaseConnection->query('INSERT INTO `ci...', Array, false)
#4 /home/vol18_1/infinityfree.com/if0_34654888/htdocs/office/codeigniter/app/Models/DailyModel.php(355): CodeIgniter\Database\BaseBuilder->insert(Array)
#5 /home/vol18_1/infinityfree.com/if0_34654888/htdocs/office/codeigniter/app/Controllers/Cinout.php(137): App\Models\DailyModel->savedc(Array, 'cinout')
#6 /home/vol18_1/infinityfree.com/if0_34654888/htdocs/office/codeigniter/system/CodeIgniter.php(933): App\Controllers\Cinout->save()
#7 /home/vol18_1/infinityfree.com/if0_34654888/htdocs/office/codeigniter/system/CodeIgniter.php(509): CodeIgniter\CodeIgniter->runController(Object(App\Controllers\Cinout))
#8 /home/vol18_1/infinityfree.com/if0_34654888/htdocs/office/codeigniter/system/CodeIgniter.php(355): CodeIgniter\CodeIgniter->handleRequest(NULL, Object(Config\Cache), false)
#9 /home/vol18_1/infinityfree.com/if0_34654888/htdocs/office/codeigniter/system/Boot.php(325): CodeIgniter\CodeIgniter->run()
#10 /home/vol18_1/infinityfree.com/if0_34654888/htdocs/office/codeigniter/system/Boot.php(67): CodeIgniter\Boot::runCodeIgniter(Object(CodeIgniter\CodeIgniter))
#11 /home/vol18_1/infinityfree.com/if0_34654888/htdocs/office/codeigniter/public/index.php(56): CodeIgniter\Boot::bootWeb(Object(Config\Paths))
#12 {main}
CRITICAL - 2025-02-10 05:43:37 --> CodeIgniter\Database\Exceptions\DatabaseException: Column 'shop' cannot be null
[Method: POST, Route: cinoutsave]
in SYSTEMPATH/Database/BaseConnection.php on line 688.
 1 SYSTEMPATH/Database/BaseBuilder.php(2340): CodeIgniter\Database\BaseConnection->query('INSERT INTO `cinout` (`shop`, `cin`, `purchase`, `purchasenot`, `local`, `foreigner`, `remark`, `userid`, `username`, `saveDate`) VALUES (:shop:, :cin:, :purchase:, :purchasenot:, :local:, :foreigner:, :remark:, :userid:, :username:, :saveDate:)', [...], false)
 2 APPPATH/Models/DailyModel.php(355): CodeIgniter\Database\BaseBuilder->insert([...])
 3 APPPATH/Controllers/Cinout.php(137): App\Models\DailyModel->savedc([...], 'cinout')
 4 SYSTEMPATH/CodeIgniter.php(933): App\Controllers\Cinout->save()
 5 SYSTEMPATH/CodeIgniter.php(509): CodeIgniter\CodeIgniter->runController(Object(App\Controllers\Cinout))
 6 SYSTEMPATH/CodeIgniter.php(355): CodeIgniter\CodeIgniter->handleRequest(null, Object(Config\Cache), false)
 7 SYSTEMPATH/Boot.php(325): CodeIgniter\CodeIgniter->run()
 8 SYSTEMPATH/Boot.php(67): CodeIgniter\Boot::runCodeIgniter(Object(CodeIgniter\CodeIgniter))
 9 FCPATH/index.php(56): CodeIgniter\Boot::bootWeb(Object(Config\Paths))
CRITICAL - 2025-02-10 05:43:37 --> [Caused by] CodeIgniter\Database\Exceptions\DatabaseException: Column 'shop' cannot be null
in SYSTEMPATH/Database/MySQLi/Connection.php on line 317.
 1 SYSTEMPATH/Database/BaseConnection.php(734): CodeIgniter\Database\MySQLi\Connection->execute('INSERT INTO `cinout` (`shop`, `cin`, `purchase`, `purchasenot`, `local`, `foreigner`, `remark`, `userid`, `username`, `saveDate`) VALUES (NULL, \'1\', 0, 1, 1, 0, \'JUST TRY\', NULL, NULL, \'2025-02-10 05:43:37\')')
 2 SYSTEMPATH/Database/BaseConnection.php(648): CodeIgniter\Database\BaseConnection->simpleQuery('INSERT INTO `cinout` (`shop`, `cin`, `purchase`, `purchasenot`, `local`, `foreigner`, `remark`, `userid`, `username`, `saveDate`) VALUES (NULL, \'1\', 0, 1, 1, 0, \'JUST TRY\', NULL, NULL, \'2025-02-10 05:43:37\')')
 3 SYSTEMPATH/Database/BaseBuilder.php(2340): CodeIgniter\Database\BaseConnection->query('INSERT INTO `cinout` (`shop`, `cin`, `purchase`, `purchasenot`, `local`, `foreigner`, `remark`, `userid`, `username`, `saveDate`) VALUES (:shop:, :cin:, :purchase:, :purchasenot:, :local:, :foreigner:, :remark:, :userid:, :username:, :saveDate:)', [...], false)
 4 APPPATH/Models/DailyModel.php(355): CodeIgniter\Database\BaseBuilder->insert([...])
 5 APPPATH/Controllers/Cinout.php(137): App\Models\DailyModel->savedc([...], 'cinout')
 6 SYSTEMPATH/CodeIgniter.php(933): App\Controllers\Cinout->save()
 7 SYSTEMPATH/CodeIgniter.php(509): CodeIgniter\CodeIgniter->runController(Object(App\Controllers\Cinout))
 8 SYSTEMPATH/CodeIgniter.php(355): CodeIgniter\CodeIgniter->handleRequest(null, Object(Config\Cache), false)
 9 SYSTEMPATH/Boot.php(325): CodeIgniter\CodeIgniter->run()
10 SYSTEMPATH/Boot.php(67): CodeIgniter\Boot::runCodeIgniter(Object(CodeIgniter\CodeIgniter))
11 FCPATH/index.php(56): CodeIgniter\Boot::bootWeb(Object(Config\Paths))
CRITICAL - 2025-02-10 05:43:37 --> [Caused by] mysqli_sql_exception: Column 'shop' cannot be null
in SYSTEMPATH/Database/MySQLi/Connection.php on line 312.
 1 SYSTEMPATH/Database/MySQLi/Connection.php(312): mysqli->query('INSERT INTO `cinout` (`shop`, `cin`, `purchase`, `purchasenot`, `local`, `foreigner`, `remark`, `userid`, `username`, `saveDate`) VALUES (NULL, \'1\', 0, 1, 1, 0, \'JUST TRY\', NULL, NULL, \'2025-02-10 05:43:37\')', 0)
 2 SYSTEMPATH/Database/BaseConnection.php(734): CodeIgniter\Database\MySQLi\Connection->execute('INSERT INTO `cinout` (`shop`, `cin`, `purchase`, `purchasenot`, `local`, `foreigner`, `remark`, `userid`, `username`, `saveDate`) VALUES (NULL, \'1\', 0, 1, 1, 0, \'JUST TRY\', NULL, NULL, \'2025-02-10 05:43:37\')')
 3 SYSTEMPATH/Database/BaseConnection.php(648): CodeIgniter\Database\BaseConnection->simpleQuery('INSERT INTO `cinout` (`shop`, `cin`, `purchase`, `purchasenot`, `local`, `foreigner`, `remark`, `userid`, `username`, `saveDate`) VALUES (NULL, \'1\', 0, 1, 1, 0, \'JUST TRY\', NULL, NULL, \'2025-02-10 05:43:37\')')
 4 SYSTEMPATH/Database/BaseBuilder.php(2340): CodeIgniter\Database\BaseConnection->query('INSERT INTO `cinout` (`shop`, `cin`, `purchase`, `purchasenot`, `local`, `foreigner`, `remark`, `userid`, `username`, `saveDate`) VALUES (:shop:, :cin:, :purchase:, :purchasenot:, :local:, :foreigner:, :remark:, :userid:, :username:, :saveDate:)', [...], false)
 5 APPPATH/Models/DailyModel.php(355): CodeIgniter\Database\BaseBuilder->insert([...])
 6 APPPATH/Controllers/Cinout.php(137): App\Models\DailyModel->savedc([...], 'cinout')
 7 SYSTEMPATH/CodeIgniter.php(933): App\Controllers\Cinout->save()
 8 SYSTEMPATH/CodeIgniter.php(509): CodeIgniter\CodeIgniter->runController(Object(App\Controllers\Cinout))
 9 SYSTEMPATH/CodeIgniter.php(355): CodeIgniter\CodeIgniter->handleRequest(null, Object(Config\Cache), false)
10 SYSTEMPATH/Boot.php(325): CodeIgniter\CodeIgniter->run()
11 SYSTEMPATH/Boot.php(67): CodeIgniter\Boot::runCodeIgniter(Object(CodeIgniter\CodeIgniter))
12 FCPATH/index.php(56): CodeIgniter\Boot::bootWeb(Object(Config\Paths))
ERROR - 2025-02-10 11:27:41 --> mysqli_sql_exception: Column 'userid' cannot be null in /home/vol18_1/infinityfree.com/if0_34654888/htdocs/office/codeigniter/system/Database/MySQLi/Connection.php:312
Stack trace:
#0 /home/vol18_1/infinityfree.com/if0_34654888/htdocs/office/codeigniter/system/Database/MySQLi/Connection.php(312): mysqli->query('INSERT INTO `ci...', 0)
#1 /home/vol18_1/infinityfree.com/if0_34654888/htdocs/office/codeigniter/system/Database/BaseConnection.php(734): CodeIgniter\Database\MySQLi\Connection->execute('INSERT INTO `ci...')
#2 /home/vol18_1/infinityfree.com/if0_34654888/htdocs/office/codeigniter/system/Database/BaseConnection.php(648): CodeIgniter\Database\BaseConnection->simpleQuery('INSERT INTO `ci...')
#3 /home/vol18_1/infinityfree.com/if0_34654888/htdocs/office/codeigniter/system/Database/BaseBuilder.php(2340): CodeIgniter\Database\BaseConnection->query('INSERT INTO `ci...', Array, false)
#4 /home/vol18_1/infinityfree.com/if0_34654888/htdocs/office/codeigniter/app/Models/DailyModel.php(355): CodeIgniter\Database\BaseBuilder->insert(Array)
#5 /home/vol18_1/infinityfree.com/if0_34654888/htdocs/office/codeigniter/app/Controllers/Cinout.php(137): App\Models\DailyModel->savedc(Array, 'cinout')
#6 /home/vol18_1/infinityfree.com/if0_34654888/htdocs/office/codeigniter/system/CodeIgniter.php(933): App\Controllers\Cinout->save()
#7 /home/vol18_1/infinityfree.com/if0_34654888/htdocs/office/codeigniter/system/CodeIgniter.php(509): CodeIgniter\CodeIgniter->runController(Object(App\Controllers\Cinout))
#8 /home/vol18_1/infinityfree.com/if0_34654888/htdocs/office/codeigniter/system/CodeIgniter.php(355): CodeIgniter\CodeIgniter->handleRequest(NULL, Object(Config\Cache), false)
#9 /home/vol18_1/infinityfree.com/if0_34654888/htdocs/office/codeigniter/system/Boot.php(325): CodeIgniter\CodeIgniter->run()
#10 /home/vol18_1/infinityfree.com/if0_34654888/htdocs/office/codeigniter/system/Boot.php(67): CodeIgniter\Boot::runCodeIgniter(Object(CodeIgniter\CodeIgniter))
#11 /home/vol18_1/infinityfree.com/if0_34654888/htdocs/office/codeigniter/public/index.php(56): CodeIgniter\Boot::bootWeb(Object(Config\Paths))
#12 {main}
CRITICAL - 2025-02-10 11:27:41 --> CodeIgniter\Database\Exceptions\DatabaseException: Column 'userid' cannot be null
[Method: POST, Route: cinoutsave]
in SYSTEMPATH/Database/BaseConnection.php on line 688.
 1 SYSTEMPATH/Database/BaseBuilder.php(2340): CodeIgniter\Database\BaseConnection->query('INSERT INTO `cinout` (`shop`, `cin`, `purchase`, `purchasenot`, `local`, `foreigner`, `remark`, `userid`, `username`, `saveDate`) VALUES (:shop:, :cin:, :purchase:, :purchasenot:, :local:, :foreigner:, :remark:, :userid:, :username:, :saveDate:)', [...], false)
 2 APPPATH/Models/DailyModel.php(355): CodeIgniter\Database\BaseBuilder->insert([...])
 3 APPPATH/Controllers/Cinout.php(137): App\Models\DailyModel->savedc([...], 'cinout')
 4 SYSTEMPATH/CodeIgniter.php(933): App\Controllers\Cinout->save()
 5 SYSTEMPATH/CodeIgniter.php(509): CodeIgniter\CodeIgniter->runController(Object(App\Controllers\Cinout))
 6 SYSTEMPATH/CodeIgniter.php(355): CodeIgniter\CodeIgniter->handleRequest(null, Object(Config\Cache), false)
 7 SYSTEMPATH/Boot.php(325): CodeIgniter\CodeIgniter->run()
 8 SYSTEMPATH/Boot.php(67): CodeIgniter\Boot::runCodeIgniter(Object(CodeIgniter\CodeIgniter))
 9 FCPATH/index.php(56): CodeIgniter\Boot::bootWeb(Object(Config\Paths))
CRITICAL - 2025-02-10 11:27:41 --> [Caused by] CodeIgniter\Database\Exceptions\DatabaseException: Column 'userid' cannot be null
in SYSTEMPATH/Database/MySQLi/Connection.php on line 317.
 1 SYSTEMPATH/Database/BaseConnection.php(734): CodeIgniter\Database\MySQLi\Connection->execute('INSERT INTO `cinout` (`shop`, `cin`, `purchase`, `purchasenot`, `local`, `foreigner`, `remark`, `userid`, `username`, `saveDate`) VALUES (\'5\', \'1\', 1, 0, 0, 1, \'ARABIC\', NULL, NULL, \'2025-02-10 11:27:41\')')
 2 SYSTEMPATH/Database/BaseConnection.php(648): CodeIgniter\Database\BaseConnection->simpleQuery('INSERT INTO `cinout` (`shop`, `cin`, `purchase`, `purchasenot`, `local`, `foreigner`, `remark`, `userid`, `username`, `saveDate`) VALUES (\'5\', \'1\', 1, 0, 0, 1, \'ARABIC\', NULL, NULL, \'2025-02-10 11:27:41\')')
 3 SYSTEMPATH/Database/BaseBuilder.php(2340): CodeIgniter\Database\BaseConnection->query('INSERT INTO `cinout` (`shop`, `cin`, `purchase`, `purchasenot`, `local`, `foreigner`, `remark`, `userid`, `username`, `saveDate`) VALUES (:shop:, :cin:, :purchase:, :purchasenot:, :local:, :foreigner:, :remark:, :userid:, :username:, :saveDate:)', [...], false)
 4 APPPATH/Models/DailyModel.php(355): CodeIgniter\Database\BaseBuilder->insert([...])
 5 APPPATH/Controllers/Cinout.php(137): App\Models\DailyModel->savedc([...], 'cinout')
 6 SYSTEMPATH/CodeIgniter.php(933): App\Controllers\Cinout->save()
 7 SYSTEMPATH/CodeIgniter.php(509): CodeIgniter\CodeIgniter->runController(Object(App\Controllers\Cinout))
 8 SYSTEMPATH/CodeIgniter.php(355): CodeIgniter\CodeIgniter->handleRequest(null, Object(Config\Cache), false)
 9 SYSTEMPATH/Boot.php(325): CodeIgniter\CodeIgniter->run()
10 SYSTEMPATH/Boot.php(67): CodeIgniter\Boot::runCodeIgniter(Object(CodeIgniter\CodeIgniter))
11 FCPATH/index.php(56): CodeIgniter\Boot::bootWeb(Object(Config\Paths))
CRITICAL - 2025-02-10 11:27:41 --> [Caused by] mysqli_sql_exception: Column 'userid' cannot be null
in SYSTEMPATH/Database/MySQLi/Connection.php on line 312.
 1 SYSTEMPATH/Database/MySQLi/Connection.php(312): mysqli->query('INSERT INTO `cinout` (`shop`, `cin`, `purchase`, `purchasenot`, `local`, `foreigner`, `remark`, `userid`, `username`, `saveDate`) VALUES (\'5\', \'1\', 1, 0, 0, 1, \'ARABIC\', NULL, NULL, \'2025-02-10 11:27:41\')', 0)
 2 SYSTEMPATH/Database/BaseConnection.php(734): CodeIgniter\Database\MySQLi\Connection->execute('INSERT INTO `cinout` (`shop`, `cin`, `purchase`, `purchasenot`, `local`, `foreigner`, `remark`, `userid`, `username`, `saveDate`) VALUES (\'5\', \'1\', 1, 0, 0, 1, \'ARABIC\', NULL, NULL, \'2025-02-10 11:27:41\')')
 3 SYSTEMPATH/Database/BaseConnection.php(648): CodeIgniter\Database\BaseConnection->simpleQuery('INSERT INTO `cinout` (`shop`, `cin`, `purchase`, `purchasenot`, `local`, `foreigner`, `remark`, `userid`, `username`, `saveDate`) VALUES (\'5\', \'1\', 1, 0, 0, 1, \'ARABIC\', NULL, NULL, \'2025-02-10 11:27:41\')')
 4 SYSTEMPATH/Database/BaseBuilder.php(2340): CodeIgniter\Database\BaseConnection->query('INSERT INTO `cinout` (`shop`, `cin`, `purchase`, `purchasenot`, `local`, `foreigner`, `remark`, `userid`, `username`, `saveDate`) VALUES (:shop:, :cin:, :purchase:, :purchasenot:, :local:, :foreigner:, :remark:, :userid:, :username:, :saveDate:)', [...], false)
 5 APPPATH/Models/DailyModel.php(355): CodeIgniter\Database\BaseBuilder->insert([...])
 6 APPPATH/Controllers/Cinout.php(137): App\Models\DailyModel->savedc([...], 'cinout')
 7 SYSTEMPATH/CodeIgniter.php(933): App\Controllers\Cinout->save()
 8 SYSTEMPATH/CodeIgniter.php(509): CodeIgniter\CodeIgniter->runController(Object(App\Controllers\Cinout))
 9 SYSTEMPATH/CodeIgniter.php(355): CodeIgniter\CodeIgniter->handleRequest(null, Object(Config\Cache), false)
10 SYSTEMPATH/Boot.php(325): CodeIgniter\CodeIgniter->run()
11 SYSTEMPATH/Boot.php(67): CodeIgniter\Boot::runCodeIgniter(Object(CodeIgniter\CodeIgniter))
12 FCPATH/index.php(56): CodeIgniter\Boot::bootWeb(Object(Config\Paths))
