CRITICAL - 2025-05-09 06:38:02 --> TypeError: Unsupported operand types: float / string
[Method: GET, Route: attendance/bringAtt]
in APPPATH/Controllers/attendance/Attendance.php on line 1823.
 1 APPPATH/Controllers/attendance/Attendance.php(951): App\Controllers\attendance\Attendance->perhour(69.2300000000000039790393202565610408782958984375, '')
 2 SYSTEMPATH/CodeIgniter.php(933): App\Controllers\attendance\Attendance->bringAtt()
 3 SYSTEMPATH/CodeIgniter.php(509): CodeIgniter\CodeIgniter->runController(Object(App\Controllers\attendance\Attendance))
 4 SYSTEMPATH/CodeIgniter.php(355): CodeIgniter\CodeIgniter->handleRequest(null, Object(Config\Cache), false)
 5 SYSTEMPATH/Boot.php(325): CodeIgniter\CodeIgniter->run()
 6 SYSTEMPATH/Boot.php(67): CodeIgniter\Boot::runCodeIgniter(Object(CodeIgniter\CodeIgniter))
 7 FCPATH/index.php(56): CodeIgniter\Boot::bootWeb(Object(Config\Paths))
CRITICAL - 2025-05-09 09:51:35 --> TypeError: Unsupported operand types: float / string
[Method: GET, Route: attendance/bringAtt]
in APPPATH/Controllers/attendance/Attendance.php on line 1823.
 1 APPPATH/Controllers/attendance/Attendance.php(951): App\Controllers\attendance\Attendance->perhour(69.2300000000000039790393202565610408782958984375, '')
 2 SYSTEMPATH/CodeIgniter.php(933): App\Controllers\attendance\Attendance->bringAtt()
 3 SYSTEMPATH/CodeIgniter.php(509): CodeIgniter\CodeIgniter->runController(Object(App\Controllers\attendance\Attendance))
 4 SYSTEMPATH/CodeIgniter.php(355): CodeIgniter\CodeIgniter->handleRequest(null, Object(Config\Cache), false)
 5 SYSTEMPATH/Boot.php(325): CodeIgniter\CodeIgniter->run()
 6 SYSTEMPATH/Boot.php(67): CodeIgniter\Boot::runCodeIgniter(Object(CodeIgniter\CodeIgniter))
 7 FCPATH/index.php(56): CodeIgniter\Boot::bootWeb(Object(Config\Paths))
CRITICAL - 2025-05-09 09:51:46 --> TypeError: Unsupported operand types: float / string
[Method: GET, Route: attendance/bringAtt]
in APPPATH/Controllers/attendance/Attendance.php on line 1823.
 1 APPPATH/Controllers/attendance/Attendance.php(951): App\Controllers\attendance\Attendance->perhour(69.2300000000000039790393202565610408782958984375, '')
 2 SYSTEMPATH/CodeIgniter.php(933): App\Controllers\attendance\Attendance->bringAtt()
 3 SYSTEMPATH/CodeIgniter.php(509): CodeIgniter\CodeIgniter->runController(Object(App\Controllers\attendance\Attendance))
 4 SYSTEMPATH/CodeIgniter.php(355): CodeIgniter\CodeIgniter->handleRequest(null, Object(Config\Cache), false)
 5 SYSTEMPATH/Boot.php(325): CodeIgniter\CodeIgniter->run()
 6 SYSTEMPATH/Boot.php(67): CodeIgniter\Boot::runCodeIgniter(Object(CodeIgniter\CodeIgniter))
 7 FCPATH/index.php(56): CodeIgniter\Boot::bootWeb(Object(Config\Paths))
CRITICAL - 2025-05-09 09:51:52 --> TypeError: Unsupported operand types: float / string
[Method: GET, Route: attendance/bringAtt]
in APPPATH/Controllers/attendance/Attendance.php on line 1823.
 1 APPPATH/Controllers/attendance/Attendance.php(951): App\Controllers\attendance\Attendance->perhour(69.2300000000000039790393202565610408782958984375, '')
 2 SYSTEMPATH/CodeIgniter.php(933): App\Controllers\attendance\Attendance->bringAtt()
 3 SYSTEMPATH/CodeIgniter.php(509): CodeIgniter\CodeIgniter->runController(Object(App\Controllers\attendance\Attendance))
 4 SYSTEMPATH/CodeIgniter.php(355): CodeIgniter\CodeIgniter->handleRequest(null, Object(Config\Cache), false)
 5 SYSTEMPATH/Boot.php(325): CodeIgniter\CodeIgniter->run()
 6 SYSTEMPATH/Boot.php(67): CodeIgniter\Boot::runCodeIgniter(Object(CodeIgniter\CodeIgniter))
 7 FCPATH/index.php(56): CodeIgniter\Boot::bootWeb(Object(Config\Paths))
ERROR - 2025-05-09 10:34:59 --> mysqli_sql_exception: Column 'userid' cannot be null in /home/vol18_1/infinityfree.com/if0_34654888/htdocs/office/codeigniter/system/Database/MySQLi/Connection.php:312
Stack trace:
#0 /home/vol18_1/infinityfree.com/if0_34654888/htdocs/office/codeigniter/system/Database/MySQLi/Connection.php(312): mysqli->query('INSERT INTO `ba...', 0)
#1 /home/vol18_1/infinityfree.com/if0_34654888/htdocs/office/codeigniter/system/Database/BaseConnection.php(734): CodeIgniter\Database\MySQLi\Connection->execute('INSERT INTO `ba...')
#2 /home/vol18_1/infinityfree.com/if0_34654888/htdocs/office/codeigniter/system/Database/BaseConnection.php(648): CodeIgniter\Database\BaseConnection->simpleQuery('INSERT INTO `ba...')
#3 /home/vol18_1/infinityfree.com/if0_34654888/htdocs/office/codeigniter/system/Database/BaseBuilder.php(2340): CodeIgniter\Database\BaseConnection->query('INSERT INTO `ba...', Array, false)
#4 /home/vol18_1/infinityfree.com/if0_34654888/htdocs/office/codeigniter/app/Models/DailyModel.php(398): CodeIgniter\Database\BaseBuilder->insert(Array)
#5 /home/vol18_1/infinityfree.com/if0_34654888/htdocs/office/codeigniter/app/Controllers/Cdbtors.php(93): App\Models\DailyModel->gadd(Array, 'balancesheet')
#6 /home/vol18_1/infinityfree.com/if0_34654888/htdocs/office/codeigniter/system/CodeIgniter.php(933): App\Controllers\Cdbtors->save()
#7 /home/vol18_1/infinityfree.com/if0_34654888/htdocs/office/codeigniter/system/CodeIgniter.php(509): CodeIgniter\CodeIgniter->runController(Object(App\Controllers\Cdbtors))
#8 /home/vol18_1/infinityfree.com/if0_34654888/htdocs/office/codeigniter/system/CodeIgniter.php(355): CodeIgniter\CodeIgniter->handleRequest(NULL, Object(Config\Cache), false)
#9 /home/vol18_1/infinityfree.com/if0_34654888/htdocs/office/codeigniter/system/Boot.php(325): CodeIgniter\CodeIgniter->run()
#10 /home/vol18_1/infinityfree.com/if0_34654888/htdocs/office/codeigniter/system/Boot.php(67): CodeIgniter\Boot::runCodeIgniter(Object(CodeIgniter\CodeIgniter))
#11 /home/vol18_1/infinityfree.com/if0_34654888/htdocs/office/codeigniter/public/index.php(56): CodeIgniter\Boot::bootWeb(Object(Config\Paths))
#12 {main}
CRITICAL - 2025-05-09 10:34:59 --> CodeIgniter\Database\Exceptions\DatabaseException: Column 'userid' cannot be null
[Method: POST, Route: cdbtorsSave]
in SYSTEMPATH/Database/BaseConnection.php on line 688.
 1 SYSTEMPATH/Database/BaseBuilder.php(2340): CodeIgniter\Database\BaseConnection->query('INSERT INTO `balancesheet` (`ddate`, `duedate`, `dinvNo`, `ddescrip`, `damount`, `dbc`, `userid`, `username`, `saveDate`) VALUES (:ddate:, :duedate:, :dinvNo:, :ddescrip:, :damount:, :dbc:, :userid:, :username:, :saveDate:)', [...], false)
 2 APPPATH/Models/DailyModel.php(398): CodeIgniter\Database\BaseBuilder->insert([...])
 3 APPPATH/Controllers/Cdbtors.php(93): App\Models\DailyModel->gadd([...], 'balancesheet')
 4 SYSTEMPATH/CodeIgniter.php(933): App\Controllers\Cdbtors->save()
 5 SYSTEMPATH/CodeIgniter.php(509): CodeIgniter\CodeIgniter->runController(Object(App\Controllers\Cdbtors))
 6 SYSTEMPATH/CodeIgniter.php(355): CodeIgniter\CodeIgniter->handleRequest(null, Object(Config\Cache), false)
 7 SYSTEMPATH/Boot.php(325): CodeIgniter\CodeIgniter->run()
 8 SYSTEMPATH/Boot.php(67): CodeIgniter\Boot::runCodeIgniter(Object(CodeIgniter\CodeIgniter))
 9 FCPATH/index.php(56): CodeIgniter\Boot::bootWeb(Object(Config\Paths))
CRITICAL - 2025-05-09 10:34:59 --> [Caused by] CodeIgniter\Database\Exceptions\DatabaseException: Column 'userid' cannot be null
in SYSTEMPATH/Database/MySQLi/Connection.php on line 317.
 1 SYSTEMPATH/Database/BaseConnection.php(734): CodeIgniter\Database\MySQLi\Connection->execute('INSERT INTO `balancesheet` (`ddate`, `duedate`, `dinvNo`, `ddescrip`, `damount`, `dbc`, `userid`, `username`, `saveDate`) VALUES (\'2025-04-30\', \'2025-04-30\', \'SI/25/2043\', \'REVENUE SHARING GL5 FOR MARCH 2025\', \'251.05\', \'358\', NULL, NULL, \'2025-05-09 10:34:59\')')
 2 SYSTEMPATH/Database/BaseConnection.php(648): CodeIgniter\Database\BaseConnection->simpleQuery('INSERT INTO `balancesheet` (`ddate`, `duedate`, `dinvNo`, `ddescrip`, `damount`, `dbc`, `userid`, `username`, `saveDate`) VALUES (\'2025-04-30\', \'2025-04-30\', \'SI/25/2043\', \'REVENUE SHARING GL5 FOR MARCH 2025\', \'251.05\', \'358\', NULL, NULL, \'2025-05-09 10:34:59\')')
 3 SYSTEMPATH/Database/BaseBuilder.php(2340): CodeIgniter\Database\BaseConnection->query('INSERT INTO `balancesheet` (`ddate`, `duedate`, `dinvNo`, `ddescrip`, `damount`, `dbc`, `userid`, `username`, `saveDate`) VALUES (:ddate:, :duedate:, :dinvNo:, :ddescrip:, :damount:, :dbc:, :userid:, :username:, :saveDate:)', [...], false)
 4 APPPATH/Models/DailyModel.php(398): CodeIgniter\Database\BaseBuilder->insert([...])
 5 APPPATH/Controllers/Cdbtors.php(93): App\Models\DailyModel->gadd([...], 'balancesheet')
 6 SYSTEMPATH/CodeIgniter.php(933): App\Controllers\Cdbtors->save()
 7 SYSTEMPATH/CodeIgniter.php(509): CodeIgniter\CodeIgniter->runController(Object(App\Controllers\Cdbtors))
 8 SYSTEMPATH/CodeIgniter.php(355): CodeIgniter\CodeIgniter->handleRequest(null, Object(Config\Cache), false)
 9 SYSTEMPATH/Boot.php(325): CodeIgniter\CodeIgniter->run()
10 SYSTEMPATH/Boot.php(67): CodeIgniter\Boot::runCodeIgniter(Object(CodeIgniter\CodeIgniter))
11 FCPATH/index.php(56): CodeIgniter\Boot::bootWeb(Object(Config\Paths))
CRITICAL - 2025-05-09 10:34:59 --> [Caused by] mysqli_sql_exception: Column 'userid' cannot be null
in SYSTEMPATH/Database/MySQLi/Connection.php on line 312.
 1 SYSTEMPATH/Database/MySQLi/Connection.php(312): mysqli->query('INSERT INTO `balancesheet` (`ddate`, `duedate`, `dinvNo`, `ddescrip`, `damount`, `dbc`, `userid`, `username`, `saveDate`) VALUES (\'2025-04-30\', \'2025-04-30\', \'SI/25/2043\', \'REVENUE SHARING GL5 FOR MARCH 2025\', \'251.05\', \'358\', NULL, NULL, \'2025-05-09 10:34:59\')', 0)
 2 SYSTEMPATH/Database/BaseConnection.php(734): CodeIgniter\Database\MySQLi\Connection->execute('INSERT INTO `balancesheet` (`ddate`, `duedate`, `dinvNo`, `ddescrip`, `damount`, `dbc`, `userid`, `username`, `saveDate`) VALUES (\'2025-04-30\', \'2025-04-30\', \'SI/25/2043\', \'REVENUE SHARING GL5 FOR MARCH 2025\', \'251.05\', \'358\', NULL, NULL, \'2025-05-09 10:34:59\')')
 3 SYSTEMPATH/Database/BaseConnection.php(648): CodeIgniter\Database\BaseConnection->simpleQuery('INSERT INTO `balancesheet` (`ddate`, `duedate`, `dinvNo`, `ddescrip`, `damount`, `dbc`, `userid`, `username`, `saveDate`) VALUES (\'2025-04-30\', \'2025-04-30\', \'SI/25/2043\', \'REVENUE SHARING GL5 FOR MARCH 2025\', \'251.05\', \'358\', NULL, NULL, \'2025-05-09 10:34:59\')')
 4 SYSTEMPATH/Database/BaseBuilder.php(2340): CodeIgniter\Database\BaseConnection->query('INSERT INTO `balancesheet` (`ddate`, `duedate`, `dinvNo`, `ddescrip`, `damount`, `dbc`, `userid`, `username`, `saveDate`) VALUES (:ddate:, :duedate:, :dinvNo:, :ddescrip:, :damount:, :dbc:, :userid:, :username:, :saveDate:)', [...], false)
 5 APPPATH/Models/DailyModel.php(398): CodeIgniter\Database\BaseBuilder->insert([...])
 6 APPPATH/Controllers/Cdbtors.php(93): App\Models\DailyModel->gadd([...], 'balancesheet')
 7 SYSTEMPATH/CodeIgniter.php(933): App\Controllers\Cdbtors->save()
 8 SYSTEMPATH/CodeIgniter.php(509): CodeIgniter\CodeIgniter->runController(Object(App\Controllers\Cdbtors))
 9 SYSTEMPATH/CodeIgniter.php(355): CodeIgniter\CodeIgniter->handleRequest(null, Object(Config\Cache), false)
10 SYSTEMPATH/Boot.php(325): CodeIgniter\CodeIgniter->run()
11 SYSTEMPATH/Boot.php(67): CodeIgniter\Boot::runCodeIgniter(Object(CodeIgniter\CodeIgniter))
12 FCPATH/index.php(56): CodeIgniter\Boot::bootWeb(Object(Config\Paths))
ERROR - 2025-05-09 10:35:08 --> mysqli_sql_exception: Column 'userid' cannot be null in /home/vol18_1/infinityfree.com/if0_34654888/htdocs/office/codeigniter/system/Database/MySQLi/Connection.php:312
Stack trace:
#0 /home/vol18_1/infinityfree.com/if0_34654888/htdocs/office/codeigniter/system/Database/MySQLi/Connection.php(312): mysqli->query('INSERT INTO `ba...', 0)
#1 /home/vol18_1/infinityfree.com/if0_34654888/htdocs/office/codeigniter/system/Database/BaseConnection.php(734): CodeIgniter\Database\MySQLi\Connection->execute('INSERT INTO `ba...')
#2 /home/vol18_1/infinityfree.com/if0_34654888/htdocs/office/codeigniter/system/Database/BaseConnection.php(648): CodeIgniter\Database\BaseConnection->simpleQuery('INSERT INTO `ba...')
#3 /home/vol18_1/infinityfree.com/if0_34654888/htdocs/office/codeigniter/system/Database/BaseBuilder.php(2340): CodeIgniter\Database\BaseConnection->query('INSERT INTO `ba...', Array, false)
#4 /home/vol18_1/infinityfree.com/if0_34654888/htdocs/office/codeigniter/app/Models/DailyModel.php(398): CodeIgniter\Database\BaseBuilder->insert(Array)
#5 /home/vol18_1/infinityfree.com/if0_34654888/htdocs/office/codeigniter/app/Controllers/Cdbtors.php(93): App\Models\DailyModel->gadd(Array, 'balancesheet')
#6 /home/vol18_1/infinityfree.com/if0_34654888/htdocs/office/codeigniter/system/CodeIgniter.php(933): App\Controllers\Cdbtors->save()
#7 /home/vol18_1/infinityfree.com/if0_34654888/htdocs/office/codeigniter/system/CodeIgniter.php(509): CodeIgniter\CodeIgniter->runController(Object(App\Controllers\Cdbtors))
#8 /home/vol18_1/infinityfree.com/if0_34654888/htdocs/office/codeigniter/system/CodeIgniter.php(355): CodeIgniter\CodeIgniter->handleRequest(NULL, Object(Config\Cache), false)
#9 /home/vol18_1/infinityfree.com/if0_34654888/htdocs/office/codeigniter/system/Boot.php(325): CodeIgniter\CodeIgniter->run()
#10 /home/vol18_1/infinityfree.com/if0_34654888/htdocs/office/codeigniter/system/Boot.php(67): CodeIgniter\Boot::runCodeIgniter(Object(CodeIgniter\CodeIgniter))
#11 /home/vol18_1/infinityfree.com/if0_34654888/htdocs/office/codeigniter/public/index.php(56): CodeIgniter\Boot::bootWeb(Object(Config\Paths))
#12 {main}
CRITICAL - 2025-05-09 10:35:08 --> CodeIgniter\Database\Exceptions\DatabaseException: Column 'userid' cannot be null
[Method: POST, Route: cdbtorsSave]
in SYSTEMPATH/Database/BaseConnection.php on line 688.
 1 SYSTEMPATH/Database/BaseBuilder.php(2340): CodeIgniter\Database\BaseConnection->query('INSERT INTO `balancesheet` (`ddate`, `duedate`, `dinvNo`, `ddescrip`, `damount`, `dbc`, `userid`, `username`, `saveDate`) VALUES (:ddate:, :duedate:, :dinvNo:, :ddescrip:, :damount:, :dbc:, :userid:, :username:, :saveDate:)', [...], false)
 2 APPPATH/Models/DailyModel.php(398): CodeIgniter\Database\BaseBuilder->insert([...])
 3 APPPATH/Controllers/Cdbtors.php(93): App\Models\DailyModel->gadd([...], 'balancesheet')
 4 SYSTEMPATH/CodeIgniter.php(933): App\Controllers\Cdbtors->save()
 5 SYSTEMPATH/CodeIgniter.php(509): CodeIgniter\CodeIgniter->runController(Object(App\Controllers\Cdbtors))
 6 SYSTEMPATH/CodeIgniter.php(355): CodeIgniter\CodeIgniter->handleRequest(null, Object(Config\Cache), false)
 7 SYSTEMPATH/Boot.php(325): CodeIgniter\CodeIgniter->run()
 8 SYSTEMPATH/Boot.php(67): CodeIgniter\Boot::runCodeIgniter(Object(CodeIgniter\CodeIgniter))
 9 FCPATH/index.php(56): CodeIgniter\Boot::bootWeb(Object(Config\Paths))
CRITICAL - 2025-05-09 10:35:08 --> [Caused by] CodeIgniter\Database\Exceptions\DatabaseException: Column 'userid' cannot be null
in SYSTEMPATH/Database/MySQLi/Connection.php on line 317.
 1 SYSTEMPATH/Database/BaseConnection.php(734): CodeIgniter\Database\MySQLi\Connection->execute('INSERT INTO `balancesheet` (`ddate`, `duedate`, `dinvNo`, `ddescrip`, `damount`, `dbc`, `userid`, `username`, `saveDate`) VALUES (\'2025-04-30\', \'2025-04-30\', \'SI/25/2043\', \'REVENUE SHARING GL5 FOR MARCH 2025\', \'251.05\', \'358\', NULL, NULL, \'2025-05-09 10:35:08\')')
 2 SYSTEMPATH/Database/BaseConnection.php(648): CodeIgniter\Database\BaseConnection->simpleQuery('INSERT INTO `balancesheet` (`ddate`, `duedate`, `dinvNo`, `ddescrip`, `damount`, `dbc`, `userid`, `username`, `saveDate`) VALUES (\'2025-04-30\', \'2025-04-30\', \'SI/25/2043\', \'REVENUE SHARING GL5 FOR MARCH 2025\', \'251.05\', \'358\', NULL, NULL, \'2025-05-09 10:35:08\')')
 3 SYSTEMPATH/Database/BaseBuilder.php(2340): CodeIgniter\Database\BaseConnection->query('INSERT INTO `balancesheet` (`ddate`, `duedate`, `dinvNo`, `ddescrip`, `damount`, `dbc`, `userid`, `username`, `saveDate`) VALUES (:ddate:, :duedate:, :dinvNo:, :ddescrip:, :damount:, :dbc:, :userid:, :username:, :saveDate:)', [...], false)
 4 APPPATH/Models/DailyModel.php(398): CodeIgniter\Database\BaseBuilder->insert([...])
 5 APPPATH/Controllers/Cdbtors.php(93): App\Models\DailyModel->gadd([...], 'balancesheet')
 6 SYSTEMPATH/CodeIgniter.php(933): App\Controllers\Cdbtors->save()
 7 SYSTEMPATH/CodeIgniter.php(509): CodeIgniter\CodeIgniter->runController(Object(App\Controllers\Cdbtors))
 8 SYSTEMPATH/CodeIgniter.php(355): CodeIgniter\CodeIgniter->handleRequest(null, Object(Config\Cache), false)
 9 SYSTEMPATH/Boot.php(325): CodeIgniter\CodeIgniter->run()
10 SYSTEMPATH/Boot.php(67): CodeIgniter\Boot::runCodeIgniter(Object(CodeIgniter\CodeIgniter))
11 FCPATH/index.php(56): CodeIgniter\Boot::bootWeb(Object(Config\Paths))
CRITICAL - 2025-05-09 10:35:08 --> [Caused by] mysqli_sql_exception: Column 'userid' cannot be null
in SYSTEMPATH/Database/MySQLi/Connection.php on line 312.
 1 SYSTEMPATH/Database/MySQLi/Connection.php(312): mysqli->query('INSERT INTO `balancesheet` (`ddate`, `duedate`, `dinvNo`, `ddescrip`, `damount`, `dbc`, `userid`, `username`, `saveDate`) VALUES (\'2025-04-30\', \'2025-04-30\', \'SI/25/2043\', \'REVENUE SHARING GL5 FOR MARCH 2025\', \'251.05\', \'358\', NULL, NULL, \'2025-05-09 10:35:08\')', 0)
 2 SYSTEMPATH/Database/BaseConnection.php(734): CodeIgniter\Database\MySQLi\Connection->execute('INSERT INTO `balancesheet` (`ddate`, `duedate`, `dinvNo`, `ddescrip`, `damount`, `dbc`, `userid`, `username`, `saveDate`) VALUES (\'2025-04-30\', \'2025-04-30\', \'SI/25/2043\', \'REVENUE SHARING GL5 FOR MARCH 2025\', \'251.05\', \'358\', NULL, NULL, \'2025-05-09 10:35:08\')')
 3 SYSTEMPATH/Database/BaseConnection.php(648): CodeIgniter\Database\BaseConnection->simpleQuery('INSERT INTO `balancesheet` (`ddate`, `duedate`, `dinvNo`, `ddescrip`, `damount`, `dbc`, `userid`, `username`, `saveDate`) VALUES (\'2025-04-30\', \'2025-04-30\', \'SI/25/2043\', \'REVENUE SHARING GL5 FOR MARCH 2025\', \'251.05\', \'358\', NULL, NULL, \'2025-05-09 10:35:08\')')
 4 SYSTEMPATH/Database/BaseBuilder.php(2340): CodeIgniter\Database\BaseConnection->query('INSERT INTO `balancesheet` (`ddate`, `duedate`, `dinvNo`, `ddescrip`, `damount`, `dbc`, `userid`, `username`, `saveDate`) VALUES (:ddate:, :duedate:, :dinvNo:, :ddescrip:, :damount:, :dbc:, :userid:, :username:, :saveDate:)', [...], false)
 5 APPPATH/Models/DailyModel.php(398): CodeIgniter\Database\BaseBuilder->insert([...])
 6 APPPATH/Controllers/Cdbtors.php(93): App\Models\DailyModel->gadd([...], 'balancesheet')
 7 SYSTEMPATH/CodeIgniter.php(933): App\Controllers\Cdbtors->save()
 8 SYSTEMPATH/CodeIgniter.php(509): CodeIgniter\CodeIgniter->runController(Object(App\Controllers\Cdbtors))
 9 SYSTEMPATH/CodeIgniter.php(355): CodeIgniter\CodeIgniter->handleRequest(null, Object(Config\Cache), false)
10 SYSTEMPATH/Boot.php(325): CodeIgniter\CodeIgniter->run()
11 SYSTEMPATH/Boot.php(67): CodeIgniter\Boot::runCodeIgniter(Object(CodeIgniter\CodeIgniter))
12 FCPATH/index.php(56): CodeIgniter\Boot::bootWeb(Object(Config\Paths))
ERROR - 2025-05-09 11:00:09 --> Error connecting to the database: mysqli_sql_exception: Connection refused in /home/vol18_1/infinityfree.com/if0_34654888/htdocs/office/codeigniter/system/Database/MySQLi/Connection.php:186
Stack trace:
#0 /home/vol18_1/infinityfree.com/if0_34654888/htdocs/office/codeigniter/system/Database/MySQLi/Connection.php(186): mysqli->real_connect('sql101.infinity...', 'if0_34654888', Object(SensitiveParameterValue), 'if0_34654888_in...', 3306, '', 0)
#1 /home/vol18_1/infinityfree.com/if0_34654888/htdocs/office/codeigniter/system/Database/BaseConnection.php(421): CodeIgniter\Database\MySQLi\Connection->connect(false)
#2 /home/vol18_1/infinityfree.com/if0_34654888/htdocs/office/codeigniter/system/Database/BaseConnection.php(616): CodeIgniter\Database\BaseConnection->initialize()
#3 /home/vol18_1/infinityfree.com/if0_34654888/htdocs/office/codeigniter/system/Database/BaseBuilder.php(2340): CodeIgniter\Database\BaseConnection->query('INSERT INTO `ba...', Array, false)
#4 /home/vol18_1/infinityfree.com/if0_34654888/htdocs/office/codeigniter/app/Models/DailyModel.php(398): CodeIgniter\Database\BaseBuilder->insert(Array)
#5 /home/vol18_1/infinityfree.com/if0_34654888/htdocs/office/codeigniter/app/Controllers/Cdbtors.php(93): App\Models\DailyModel->gadd(Array, 'balancesheet')
#6 /home/vol18_1/infinityfree.com/if0_34654888/htdocs/office/codeigniter/system/CodeIgniter.php(933): App\Controllers\Cdbtors->save()
#7 /home/vol18_1/infinityfree.com/if0_34654888/htdocs/office/codeigniter/system/CodeIgniter.php(509): CodeIgniter\CodeIgniter->runController(Object(App\Controllers\Cdbtors))
#8 /home/vol18_1/infinityfree.com/if0_34654888/htdocs/office/codeigniter/system/CodeIgniter.php(355): CodeIgniter\CodeIgniter->handleRequest(NULL, Object(Config\Cache), false)
#9 /home/vol18_1/infinityfree.com/if0_34654888/htdocs/office/codeigniter/system/Boot.php(325): CodeIgniter\CodeIgniter->run()
#10 /home/vol18_1/infinityfree.com/if0_34654888/htdocs/office/codeigniter/system/Boot.php(67): CodeIgniter\Boot::runCodeIgniter(Object(CodeIgniter\CodeIgniter))
#11 /home/vol18_1/infinityfree.com/if0_34654888/htdocs/office/codeigniter/public/index.php(56): CodeIgniter\Boot::bootWeb(Object(Config\Paths))
#12 {main}

Next CodeIgniter\Database\Exceptions\DatabaseException: Connection refused in /home/vol18_1/infinityfree.com/if0_34654888/htdocs/office/codeigniter/system/Database/MySQLi/Connection.php:231
Stack trace:
#0 /home/vol18_1/infinityfree.com/if0_34654888/htdocs/office/codeigniter/system/Database/BaseConnection.php(421): CodeIgniter\Database\MySQLi\Connection->connect(false)
#1 /home/vol18_1/infinityfree.com/if0_34654888/htdocs/office/codeigniter/system/Database/BaseConnection.php(616): CodeIgniter\Database\BaseConnection->initialize()
#2 /home/vol18_1/infinityfree.com/if0_34654888/htdocs/office/codeigniter/system/Database/BaseBuilder.php(2340): CodeIgniter\Database\BaseConnection->query('INSERT INTO `ba...', Array, false)
#3 /home/vol18_1/infinityfree.com/if0_34654888/htdocs/office/codeigniter/app/Models/DailyModel.php(398): CodeIgniter\Database\BaseBuilder->insert(Array)
#4 /home/vol18_1/infinityfree.com/if0_34654888/htdocs/office/codeigniter/app/Controllers/Cdbtors.php(93): App\Models\DailyModel->gadd(Array, 'balancesheet')
#5 /home/vol18_1/infinityfree.com/if0_34654888/htdocs/office/codeigniter/system/CodeIgniter.php(933): App\Controllers\Cdbtors->save()
#6 /home/vol18_1/infinityfree.com/if0_34654888/htdocs/office/codeigniter/system/CodeIgniter.php(509): CodeIgniter\CodeIgniter->runController(Object(App\Controllers\Cdbtors))
#7 /home/vol18_1/infinityfree.com/if0_34654888/htdocs/office/codeigniter/system/CodeIgniter.php(355): CodeIgniter\CodeIgniter->handleRequest(NULL, Object(Config\Cache), false)
#8 /home/vol18_1/infinityfree.com/if0_34654888/htdocs/office/codeigniter/system/Boot.php(325): CodeIgniter\CodeIgniter->run()
#9 /home/vol18_1/infinityfree.com/if0_34654888/htdocs/office/codeigniter/system/Boot.php(67): CodeIgniter\Boot::runCodeIgniter(Object(CodeIgniter\CodeIgniter))
#10 /home/vol18_1/infinityfree.com/if0_34654888/htdocs/office/codeigniter/public/index.php(56): CodeIgniter\Boot::bootWeb(Object(Config\Paths))
#11 {main}
CRITICAL - 2025-05-09 11:00:09 --> CodeIgniter\Database\Exceptions\DatabaseException: Unable to connect to the database.
Main connection [MySQLi]: Connection refused
[Method: POST, Route: cdbtorsSave]
in SYSTEMPATH/Database/BaseConnection.php on line 467.
 1 SYSTEMPATH/Database/BaseConnection.php(616): CodeIgniter\Database\BaseConnection->initialize()
 2 SYSTEMPATH/Database/BaseBuilder.php(2340): CodeIgniter\Database\BaseConnection->query('INSERT INTO `balancesheet` (`ddate`, `duedate`, `dinvNo`, `ddescrip`, `damount`, `dbc`, `userid`, `username`, `saveDate`) VALUES (:ddate:, :duedate:, :dinvNo:, :ddescrip:, :damount:, :dbc:, :userid:, :username:, :saveDate:)', [...], false)
 3 APPPATH/Models/DailyModel.php(398): CodeIgniter\Database\BaseBuilder->insert([...])
 4 APPPATH/Controllers/Cdbtors.php(93): App\Models\DailyModel->gadd([...], 'balancesheet')
 5 SYSTEMPATH/CodeIgniter.php(933): App\Controllers\Cdbtors->save()
 6 SYSTEMPATH/CodeIgniter.php(509): CodeIgniter\CodeIgniter->runController(Object(App\Controllers\Cdbtors))
 7 SYSTEMPATH/CodeIgniter.php(355): CodeIgniter\CodeIgniter->handleRequest(null, Object(Config\Cache), false)
 8 SYSTEMPATH/Boot.php(325): CodeIgniter\CodeIgniter->run()
 9 SYSTEMPATH/Boot.php(67): CodeIgniter\Boot::runCodeIgniter(Object(CodeIgniter\CodeIgniter))
10 FCPATH/index.php(56): CodeIgniter\Boot::bootWeb(Object(Config\Paths))
ERROR - 2025-05-09 13:14:44 --> mysqli_sql_exception: You have an error in your SQL syntax; check the manual that corresponds to your MariaDB server version for the right syntax to use near 'AND active=1' at line 1 in /home/vol18_1/infinityfree.com/if0_34654888/htdocs/office/codeigniter/system/Database/MySQLi/Connection.php:312
Stack trace:
#0 /home/vol18_1/infinityfree.com/if0_34654888/htdocs/office/codeigniter/system/Database/MySQLi/Connection.php(312): mysqli->query('SELECT * FROM e...', 0)
#1 /home/vol18_1/infinityfree.com/if0_34654888/htdocs/office/codeigniter/system/Database/BaseConnection.php(734): CodeIgniter\Database\MySQLi\Connection->execute('SELECT * FROM e...')
#2 /home/vol18_1/infinityfree.com/if0_34654888/htdocs/office/codeigniter/system/Database/BaseConnection.php(648): CodeIgniter\Database\BaseConnection->simpleQuery('SELECT * FROM e...')
#3 /home/vol18_1/infinityfree.com/if0_34654888/htdocs/office/codeigniter/app/Models/attendance/AttendanceModel.php(171): CodeIgniter\Database\BaseConnection->query('SELECT * FROM e...')
#4 /home/vol18_1/infinityfree.com/if0_34654888/htdocs/office/codeigniter/app/Controllers/attendance/Attendance.php(486): App\Models\attendance\AttendanceModel->getEmpBylocation(NULL)
#5 /home/vol18_1/infinityfree.com/if0_34654888/htdocs/office/codeigniter/system/CodeIgniter.php(933): App\Controllers\attendance\Attendance->addPunch()
#6 /home/vol18_1/infinityfree.com/if0_34654888/htdocs/office/codeigniter/system/CodeIgniter.php(509): CodeIgniter\CodeIgniter->runController(Object(App\Controllers\attendance\Attendance))
#7 /home/vol18_1/infinityfree.com/if0_34654888/htdocs/office/codeigniter/system/CodeIgniter.php(355): CodeIgniter\CodeIgniter->handleRequest(NULL, Object(Config\Cache), false)
#8 /home/vol18_1/infinityfree.com/if0_34654888/htdocs/office/codeigniter/system/Boot.php(325): CodeIgniter\CodeIgniter->run()
#9 /home/vol18_1/infinityfree.com/if0_34654888/htdocs/office/codeigniter/system/Boot.php(67): CodeIgniter\Boot::runCodeIgniter(Object(CodeIgniter\CodeIgniter))
#10 /home/vol18_1/infinityfree.com/if0_34654888/htdocs/office/codeigniter/public/index.php(56): CodeIgniter\Boot::bootWeb(Object(Config\Paths))
#11 {main}
CRITICAL - 2025-05-09 13:14:44 --> CodeIgniter\Database\Exceptions\DatabaseException: You have an error in your SQL syntax; check the manual that corresponds to your MariaDB server version for the right syntax to use near 'AND active=1' at line 1
[Method: GET, Route: attendance/addPunch]
in SYSTEMPATH/Database/BaseConnection.php on line 688.
 1 APPPATH/Models/attendance/AttendanceModel.php(171): CodeIgniter\Database\BaseConnection->query('SELECT * FROM employees WHERE 1 AND location= AND active=1')
 2 APPPATH/Controllers/attendance/Attendance.php(486): App\Models\attendance\AttendanceModel->getEmpBylocation(null)
 3 SYSTEMPATH/CodeIgniter.php(933): App\Controllers\attendance\Attendance->addPunch()
 4 SYSTEMPATH/CodeIgniter.php(509): CodeIgniter\CodeIgniter->runController(Object(App\Controllers\attendance\Attendance))
 5 SYSTEMPATH/CodeIgniter.php(355): CodeIgniter\CodeIgniter->handleRequest(null, Object(Config\Cache), false)
 6 SYSTEMPATH/Boot.php(325): CodeIgniter\CodeIgniter->run()
 7 SYSTEMPATH/Boot.php(67): CodeIgniter\Boot::runCodeIgniter(Object(CodeIgniter\CodeIgniter))
 8 FCPATH/index.php(56): CodeIgniter\Boot::bootWeb(Object(Config\Paths))
CRITICAL - 2025-05-09 13:14:44 --> [Caused by] CodeIgniter\Database\Exceptions\DatabaseException: You have an error in your SQL syntax; check the manual that corresponds to your MariaDB server version for the right syntax to use near 'AND active=1' at line 1
in SYSTEMPATH/Database/MySQLi/Connection.php on line 317.
 1 SYSTEMPATH/Database/BaseConnection.php(734): CodeIgniter\Database\MySQLi\Connection->execute('SELECT * FROM employees WHERE 1 AND location= AND active=1')
 2 SYSTEMPATH/Database/BaseConnection.php(648): CodeIgniter\Database\BaseConnection->simpleQuery('SELECT * FROM employees WHERE 1 AND location= AND active=1')
 3 APPPATH/Models/attendance/AttendanceModel.php(171): CodeIgniter\Database\BaseConnection->query('SELECT * FROM employees WHERE 1 AND location= AND active=1')
 4 APPPATH/Controllers/attendance/Attendance.php(486): App\Models\attendance\AttendanceModel->getEmpBylocation(null)
 5 SYSTEMPATH/CodeIgniter.php(933): App\Controllers\attendance\Attendance->addPunch()
 6 SYSTEMPATH/CodeIgniter.php(509): CodeIgniter\CodeIgniter->runController(Object(App\Controllers\attendance\Attendance))
 7 SYSTEMPATH/CodeIgniter.php(355): CodeIgniter\CodeIgniter->handleRequest(null, Object(Config\Cache), false)
 8 SYSTEMPATH/Boot.php(325): CodeIgniter\CodeIgniter->run()
 9 SYSTEMPATH/Boot.php(67): CodeIgniter\Boot::runCodeIgniter(Object(CodeIgniter\CodeIgniter))
10 FCPATH/index.php(56): CodeIgniter\Boot::bootWeb(Object(Config\Paths))
CRITICAL - 2025-05-09 13:14:44 --> [Caused by] mysqli_sql_exception: You have an error in your SQL syntax; check the manual that corresponds to your MariaDB server version for the right syntax to use near 'AND active=1' at line 1
in SYSTEMPATH/Database/MySQLi/Connection.php on line 312.
 1 SYSTEMPATH/Database/MySQLi/Connection.php(312): mysqli->query('SELECT * FROM employees WHERE 1 AND location= AND active=1', 0)
 2 SYSTEMPATH/Database/BaseConnection.php(734): CodeIgniter\Database\MySQLi\Connection->execute('SELECT * FROM employees WHERE 1 AND location= AND active=1')
 3 SYSTEMPATH/Database/BaseConnection.php(648): CodeIgniter\Database\BaseConnection->simpleQuery('SELECT * FROM employees WHERE 1 AND location= AND active=1')
 4 APPPATH/Models/attendance/AttendanceModel.php(171): CodeIgniter\Database\BaseConnection->query('SELECT * FROM employees WHERE 1 AND location= AND active=1')
 5 APPPATH/Controllers/attendance/Attendance.php(486): App\Models\attendance\AttendanceModel->getEmpBylocation(null)
 6 SYSTEMPATH/CodeIgniter.php(933): App\Controllers\attendance\Attendance->addPunch()
 7 SYSTEMPATH/CodeIgniter.php(509): CodeIgniter\CodeIgniter->runController(Object(App\Controllers\attendance\Attendance))
 8 SYSTEMPATH/CodeIgniter.php(355): CodeIgniter\CodeIgniter->handleRequest(null, Object(Config\Cache), false)
 9 SYSTEMPATH/Boot.php(325): CodeIgniter\CodeIgniter->run()
10 SYSTEMPATH/Boot.php(67): CodeIgniter\Boot::runCodeIgniter(Object(CodeIgniter\CodeIgniter))
11 FCPATH/index.php(56): CodeIgniter\Boot::bootWeb(Object(Config\Paths))
