ERROR - 2024-12-16 09:59:38 --> mysqli_sql_exception: Column 'shop' cannot be null in /home/vol18_1/infinityfree.com/if0_34654888/htdocs/office/codeigniter/system/Database/MySQLi/Connection.php:312
Stack trace:
#0 /home/vol18_1/infinityfree.com/if0_34654888/htdocs/office/codeigniter/system/Database/MySQLi/Connection.php(312): mysqli->query('INSERT INTO `ci...', 0)
#1 /home/vol18_1/infinityfree.com/if0_34654888/htdocs/office/codeigniter/system/Database/BaseConnection.php(734): CodeIgniter\Database\MySQLi\Connection->execute('INSERT INTO `ci...')
#2 /home/vol18_1/infinityfree.com/if0_34654888/htdocs/office/codeigniter/system/Database/BaseConnection.php(648): CodeIgniter\Database\BaseConnection->simpleQuery('INSERT INTO `ci...')
#3 /home/vol18_1/infinityfree.com/if0_34654888/htdocs/office/codeigniter/system/Database/BaseBuilder.php(2340): CodeIgniter\Database\BaseConnection->query('INSERT INTO `ci...', Array, false)
#4 /home/vol18_1/infinityfree.com/if0_34654888/htdocs/office/codeigniter/app/Models/DailyModel.php(355): CodeIgniter\Database\BaseBuilder->insert(Array)
#5 /home/vol18_1/infinityfree.com/if0_34654888/htdocs/office/codeigniter/app/Controllers/Cinout.php(137): App\Models\DailyModel->savedc(Array, 'cinout')
#6 /home/vol18_1/infinityfree.com/if0_34654888/htdocs/office/codeigniter/system/CodeIgniter.php(933): App\Controllers\Cinout->save()
#7 /home/vol18_1/infinityfree.com/if0_34654888/htdocs/office/codeigniter/system/CodeIgniter.php(509): CodeIgniter\CodeIgniter->runController(Object(App\Controllers\Cinout))
#8 /home/vol18_1/infinityfree.com/if0_34654888/htdocs/office/codeigniter/system/CodeIgniter.php(355): CodeIgniter\CodeIgniter->handleRequest(NULL, Object(Config\Cache), false)
#9 /home/vol18_1/infinityfree.com/if0_34654888/htdocs/office/codeigniter/system/Boot.php(325): CodeIgniter\CodeIgniter->run()
#10 /home/vol18_1/infinityfree.com/if0_34654888/htdocs/office/codeigniter/system/Boot.php(67): CodeIgniter\Boot::runCodeIgniter(Object(CodeIgniter\CodeIgniter))
#11 /home/vol18_1/infinityfree.com/if0_34654888/htdocs/office/codeigniter/public/index.php(56): CodeIgniter\Boot::bootWeb(Object(Config\Paths))
#12 {main}
CRITICAL - 2024-12-16 09:59:38 --> CodeIgniter\Database\Exceptions\DatabaseException: Column 'shop' cannot be null
[Method: POST, Route: cinoutsave]
in SYSTEMPATH/Database/BaseConnection.php on line 688.
 1 SYSTEMPATH/Database/BaseBuilder.php(2340): CodeIgniter\Database\BaseConnection->query('INSERT INTO `cinout` (`shop`, `cin`, `purchase`, `purchasenot`, `local`, `foreigner`, `remark`, `userid`, `username`, `saveDate`) VALUES (:shop:, :cin:, :purchase:, :purchasenot:, :local:, :foreigner:, :remark:, :userid:, :username:, :saveDate:)', [...], false)
 2 APPPATH/Models/DailyModel.php(355): CodeIgniter\Database\BaseBuilder->insert([...])
 3 APPPATH/Controllers/Cinout.php(137): App\Models\DailyModel->savedc([...], 'cinout')
 4 SYSTEMPATH/CodeIgniter.php(933): App\Controllers\Cinout->save()
 5 SYSTEMPATH/CodeIgniter.php(509): CodeIgniter\CodeIgniter->runController(Object(App\Controllers\Cinout))
 6 SYSTEMPATH/CodeIgniter.php(355): CodeIgniter\CodeIgniter->handleRequest(null, Object(Config\Cache), false)
 7 SYSTEMPATH/Boot.php(325): CodeIgniter\CodeIgniter->run()
 8 SYSTEMPATH/Boot.php(67): CodeIgniter\Boot::runCodeIgniter(Object(CodeIgniter\CodeIgniter))
 9 FCPATH/index.php(56): CodeIgniter\Boot::bootWeb(Object(Config\Paths))
CRITICAL - 2024-12-16 09:59:38 --> [Caused by] CodeIgniter\Database\Exceptions\DatabaseException: Column 'shop' cannot be null
in SYSTEMPATH/Database/MySQLi/Connection.php on line 317.
 1 SYSTEMPATH/Database/BaseConnection.php(734): CodeIgniter\Database\MySQLi\Connection->execute('INSERT INTO `cinout` (`shop`, `cin`, `purchase`, `purchasenot`, `local`, `foreigner`, `remark`, `userid`, `username`, `saveDate`) VALUES (NULL, \'3\', 1, 0, 0, 1, \'ARABIC\', NULL, NULL, \'2024-12-16 09:59:38\')')
 2 SYSTEMPATH/Database/BaseConnection.php(648): CodeIgniter\Database\BaseConnection->simpleQuery('INSERT INTO `cinout` (`shop`, `cin`, `purchase`, `purchasenot`, `local`, `foreigner`, `remark`, `userid`, `username`, `saveDate`) VALUES (NULL, \'3\', 1, 0, 0, 1, \'ARABIC\', NULL, NULL, \'2024-12-16 09:59:38\')')
 3 SYSTEMPATH/Database/BaseBuilder.php(2340): CodeIgniter\Database\BaseConnection->query('INSERT INTO `cinout` (`shop`, `cin`, `purchase`, `purchasenot`, `local`, `foreigner`, `remark`, `userid`, `username`, `saveDate`) VALUES (:shop:, :cin:, :purchase:, :purchasenot:, :local:, :foreigner:, :remark:, :userid:, :username:, :saveDate:)', [...], false)
 4 APPPATH/Models/DailyModel.php(355): CodeIgniter\Database\BaseBuilder->insert([...])
 5 APPPATH/Controllers/Cinout.php(137): App\Models\DailyModel->savedc([...], 'cinout')
 6 SYSTEMPATH/CodeIgniter.php(933): App\Controllers\Cinout->save()
 7 SYSTEMPATH/CodeIgniter.php(509): CodeIgniter\CodeIgniter->runController(Object(App\Controllers\Cinout))
 8 SYSTEMPATH/CodeIgniter.php(355): CodeIgniter\CodeIgniter->handleRequest(null, Object(Config\Cache), false)
 9 SYSTEMPATH/Boot.php(325): CodeIgniter\CodeIgniter->run()
10 SYSTEMPATH/Boot.php(67): CodeIgniter\Boot::runCodeIgniter(Object(CodeIgniter\CodeIgniter))
11 FCPATH/index.php(56): CodeIgniter\Boot::bootWeb(Object(Config\Paths))
CRITICAL - 2024-12-16 09:59:38 --> [Caused by] mysqli_sql_exception: Column 'shop' cannot be null
in SYSTEMPATH/Database/MySQLi/Connection.php on line 312.
 1 SYSTEMPATH/Database/MySQLi/Connection.php(312): mysqli->query('INSERT INTO `cinout` (`shop`, `cin`, `purchase`, `purchasenot`, `local`, `foreigner`, `remark`, `userid`, `username`, `saveDate`) VALUES (NULL, \'3\', 1, 0, 0, 1, \'ARABIC\', NULL, NULL, \'2024-12-16 09:59:38\')', 0)
 2 SYSTEMPATH/Database/BaseConnection.php(734): CodeIgniter\Database\MySQLi\Connection->execute('INSERT INTO `cinout` (`shop`, `cin`, `purchase`, `purchasenot`, `local`, `foreigner`, `remark`, `userid`, `username`, `saveDate`) VALUES (NULL, \'3\', 1, 0, 0, 1, \'ARABIC\', NULL, NULL, \'2024-12-16 09:59:38\')')
 3 SYSTEMPATH/Database/BaseConnection.php(648): CodeIgniter\Database\BaseConnection->simpleQuery('INSERT INTO `cinout` (`shop`, `cin`, `purchase`, `purchasenot`, `local`, `foreigner`, `remark`, `userid`, `username`, `saveDate`) VALUES (NULL, \'3\', 1, 0, 0, 1, \'ARABIC\', NULL, NULL, \'2024-12-16 09:59:38\')')
 4 SYSTEMPATH/Database/BaseBuilder.php(2340): CodeIgniter\Database\BaseConnection->query('INSERT INTO `cinout` (`shop`, `cin`, `purchase`, `purchasenot`, `local`, `foreigner`, `remark`, `userid`, `username`, `saveDate`) VALUES (:shop:, :cin:, :purchase:, :purchasenot:, :local:, :foreigner:, :remark:, :userid:, :username:, :saveDate:)', [...], false)
 5 APPPATH/Models/DailyModel.php(355): CodeIgniter\Database\BaseBuilder->insert([...])
 6 APPPATH/Controllers/Cinout.php(137): App\Models\DailyModel->savedc([...], 'cinout')
 7 SYSTEMPATH/CodeIgniter.php(933): App\Controllers\Cinout->save()
 8 SYSTEMPATH/CodeIgniter.php(509): CodeIgniter\CodeIgniter->runController(Object(App\Controllers\Cinout))
 9 SYSTEMPATH/CodeIgniter.php(355): CodeIgniter\CodeIgniter->handleRequest(null, Object(Config\Cache), false)
10 SYSTEMPATH/Boot.php(325): CodeIgniter\CodeIgniter->run()
11 SYSTEMPATH/Boot.php(67): CodeIgniter\Boot::runCodeIgniter(Object(CodeIgniter\CodeIgniter))
12 FCPATH/index.php(56): CodeIgniter\Boot::bootWeb(Object(Config\Paths))
ERROR - 2024-12-16 09:59:44 --> mysqli_sql_exception: Column 'shop' cannot be null in /home/vol18_1/infinityfree.com/if0_34654888/htdocs/office/codeigniter/system/Database/MySQLi/Connection.php:312
Stack trace:
#0 /home/vol18_1/infinityfree.com/if0_34654888/htdocs/office/codeigniter/system/Database/MySQLi/Connection.php(312): mysqli->query('INSERT INTO `ci...', 0)
#1 /home/vol18_1/infinityfree.com/if0_34654888/htdocs/office/codeigniter/system/Database/BaseConnection.php(734): CodeIgniter\Database\MySQLi\Connection->execute('INSERT INTO `ci...')
#2 /home/vol18_1/infinityfree.com/if0_34654888/htdocs/office/codeigniter/system/Database/BaseConnection.php(648): CodeIgniter\Database\BaseConnection->simpleQuery('INSERT INTO `ci...')
#3 /home/vol18_1/infinityfree.com/if0_34654888/htdocs/office/codeigniter/system/Database/BaseBuilder.php(2340): CodeIgniter\Database\BaseConnection->query('INSERT INTO `ci...', Array, false)
#4 /home/vol18_1/infinityfree.com/if0_34654888/htdocs/office/codeigniter/app/Models/DailyModel.php(355): CodeIgniter\Database\BaseBuilder->insert(Array)
#5 /home/vol18_1/infinityfree.com/if0_34654888/htdocs/office/codeigniter/app/Controllers/Cinout.php(137): App\Models\DailyModel->savedc(Array, 'cinout')
#6 /home/vol18_1/infinityfree.com/if0_34654888/htdocs/office/codeigniter/system/CodeIgniter.php(933): App\Controllers\Cinout->save()
#7 /home/vol18_1/infinityfree.com/if0_34654888/htdocs/office/codeigniter/system/CodeIgniter.php(509): CodeIgniter\CodeIgniter->runController(Object(App\Controllers\Cinout))
#8 /home/vol18_1/infinityfree.com/if0_34654888/htdocs/office/codeigniter/system/CodeIgniter.php(355): CodeIgniter\CodeIgniter->handleRequest(NULL, Object(Config\Cache), false)
#9 /home/vol18_1/infinityfree.com/if0_34654888/htdocs/office/codeigniter/system/Boot.php(325): CodeIgniter\CodeIgniter->run()
#10 /home/vol18_1/infinityfree.com/if0_34654888/htdocs/office/codeigniter/system/Boot.php(67): CodeIgniter\Boot::runCodeIgniter(Object(CodeIgniter\CodeIgniter))
#11 /home/vol18_1/infinityfree.com/if0_34654888/htdocs/office/codeigniter/public/index.php(56): CodeIgniter\Boot::bootWeb(Object(Config\Paths))
#12 {main}
CRITICAL - 2024-12-16 09:59:44 --> CodeIgniter\Database\Exceptions\DatabaseException: Column 'shop' cannot be null
[Method: POST, Route: cinoutsave]
in SYSTEMPATH/Database/BaseConnection.php on line 688.
 1 SYSTEMPATH/Database/BaseBuilder.php(2340): CodeIgniter\Database\BaseConnection->query('INSERT INTO `cinout` (`shop`, `cin`, `purchase`, `purchasenot`, `local`, `foreigner`, `remark`, `userid`, `username`, `saveDate`) VALUES (:shop:, :cin:, :purchase:, :purchasenot:, :local:, :foreigner:, :remark:, :userid:, :username:, :saveDate:)', [...], false)
 2 APPPATH/Models/DailyModel.php(355): CodeIgniter\Database\BaseBuilder->insert([...])
 3 APPPATH/Controllers/Cinout.php(137): App\Models\DailyModel->savedc([...], 'cinout')
 4 SYSTEMPATH/CodeIgniter.php(933): App\Controllers\Cinout->save()
 5 SYSTEMPATH/CodeIgniter.php(509): CodeIgniter\CodeIgniter->runController(Object(App\Controllers\Cinout))
 6 SYSTEMPATH/CodeIgniter.php(355): CodeIgniter\CodeIgniter->handleRequest(null, Object(Config\Cache), false)
 7 SYSTEMPATH/Boot.php(325): CodeIgniter\CodeIgniter->run()
 8 SYSTEMPATH/Boot.php(67): CodeIgniter\Boot::runCodeIgniter(Object(CodeIgniter\CodeIgniter))
 9 FCPATH/index.php(56): CodeIgniter\Boot::bootWeb(Object(Config\Paths))
CRITICAL - 2024-12-16 09:59:44 --> [Caused by] CodeIgniter\Database\Exceptions\DatabaseException: Column 'shop' cannot be null
in SYSTEMPATH/Database/MySQLi/Connection.php on line 317.
 1 SYSTEMPATH/Database/BaseConnection.php(734): CodeIgniter\Database\MySQLi\Connection->execute('INSERT INTO `cinout` (`shop`, `cin`, `purchase`, `purchasenot`, `local`, `foreigner`, `remark`, `userid`, `username`, `saveDate`) VALUES (NULL, \'3\', 1, 0, 0, 1, \'ARABIC\', NULL, NULL, \'2024-12-16 09:59:44\')')
 2 SYSTEMPATH/Database/BaseConnection.php(648): CodeIgniter\Database\BaseConnection->simpleQuery('INSERT INTO `cinout` (`shop`, `cin`, `purchase`, `purchasenot`, `local`, `foreigner`, `remark`, `userid`, `username`, `saveDate`) VALUES (NULL, \'3\', 1, 0, 0, 1, \'ARABIC\', NULL, NULL, \'2024-12-16 09:59:44\')')
 3 SYSTEMPATH/Database/BaseBuilder.php(2340): CodeIgniter\Database\BaseConnection->query('INSERT INTO `cinout` (`shop`, `cin`, `purchase`, `purchasenot`, `local`, `foreigner`, `remark`, `userid`, `username`, `saveDate`) VALUES (:shop:, :cin:, :purchase:, :purchasenot:, :local:, :foreigner:, :remark:, :userid:, :username:, :saveDate:)', [...], false)
 4 APPPATH/Models/DailyModel.php(355): CodeIgniter\Database\BaseBuilder->insert([...])
 5 APPPATH/Controllers/Cinout.php(137): App\Models\DailyModel->savedc([...], 'cinout')
 6 SYSTEMPATH/CodeIgniter.php(933): App\Controllers\Cinout->save()
 7 SYSTEMPATH/CodeIgniter.php(509): CodeIgniter\CodeIgniter->runController(Object(App\Controllers\Cinout))
 8 SYSTEMPATH/CodeIgniter.php(355): CodeIgniter\CodeIgniter->handleRequest(null, Object(Config\Cache), false)
 9 SYSTEMPATH/Boot.php(325): CodeIgniter\CodeIgniter->run()
10 SYSTEMPATH/Boot.php(67): CodeIgniter\Boot::runCodeIgniter(Object(CodeIgniter\CodeIgniter))
11 FCPATH/index.php(56): CodeIgniter\Boot::bootWeb(Object(Config\Paths))
CRITICAL - 2024-12-16 09:59:44 --> [Caused by] mysqli_sql_exception: Column 'shop' cannot be null
in SYSTEMPATH/Database/MySQLi/Connection.php on line 312.
 1 SYSTEMPATH/Database/MySQLi/Connection.php(312): mysqli->query('INSERT INTO `cinout` (`shop`, `cin`, `purchase`, `purchasenot`, `local`, `foreigner`, `remark`, `userid`, `username`, `saveDate`) VALUES (NULL, \'3\', 1, 0, 0, 1, \'ARABIC\', NULL, NULL, \'2024-12-16 09:59:44\')', 0)
 2 SYSTEMPATH/Database/BaseConnection.php(734): CodeIgniter\Database\MySQLi\Connection->execute('INSERT INTO `cinout` (`shop`, `cin`, `purchase`, `purchasenot`, `local`, `foreigner`, `remark`, `userid`, `username`, `saveDate`) VALUES (NULL, \'3\', 1, 0, 0, 1, \'ARABIC\', NULL, NULL, \'2024-12-16 09:59:44\')')
 3 SYSTEMPATH/Database/BaseConnection.php(648): CodeIgniter\Database\BaseConnection->simpleQuery('INSERT INTO `cinout` (`shop`, `cin`, `purchase`, `purchasenot`, `local`, `foreigner`, `remark`, `userid`, `username`, `saveDate`) VALUES (NULL, \'3\', 1, 0, 0, 1, \'ARABIC\', NULL, NULL, \'2024-12-16 09:59:44\')')
 4 SYSTEMPATH/Database/BaseBuilder.php(2340): CodeIgniter\Database\BaseConnection->query('INSERT INTO `cinout` (`shop`, `cin`, `purchase`, `purchasenot`, `local`, `foreigner`, `remark`, `userid`, `username`, `saveDate`) VALUES (:shop:, :cin:, :purchase:, :purchasenot:, :local:, :foreigner:, :remark:, :userid:, :username:, :saveDate:)', [...], false)
 5 APPPATH/Models/DailyModel.php(355): CodeIgniter\Database\BaseBuilder->insert([...])
 6 APPPATH/Controllers/Cinout.php(137): App\Models\DailyModel->savedc([...], 'cinout')
 7 SYSTEMPATH/CodeIgniter.php(933): App\Controllers\Cinout->save()
 8 SYSTEMPATH/CodeIgniter.php(509): CodeIgniter\CodeIgniter->runController(Object(App\Controllers\Cinout))
 9 SYSTEMPATH/CodeIgniter.php(355): CodeIgniter\CodeIgniter->handleRequest(null, Object(Config\Cache), false)
10 SYSTEMPATH/Boot.php(325): CodeIgniter\CodeIgniter->run()
11 SYSTEMPATH/Boot.php(67): CodeIgniter\Boot::runCodeIgniter(Object(CodeIgniter\CodeIgniter))
12 FCPATH/index.php(56): CodeIgniter\Boot::bootWeb(Object(Config\Paths))
ERROR - 2024-12-16 09:59:48 --> mysqli_sql_exception: Column 'shop' cannot be null in /home/vol18_1/infinityfree.com/if0_34654888/htdocs/office/codeigniter/system/Database/MySQLi/Connection.php:312
Stack trace:
#0 /home/vol18_1/infinityfree.com/if0_34654888/htdocs/office/codeigniter/system/Database/MySQLi/Connection.php(312): mysqli->query('INSERT INTO `ci...', 0)
#1 /home/vol18_1/infinityfree.com/if0_34654888/htdocs/office/codeigniter/system/Database/BaseConnection.php(734): CodeIgniter\Database\MySQLi\Connection->execute('INSERT INTO `ci...')
#2 /home/vol18_1/infinityfree.com/if0_34654888/htdocs/office/codeigniter/system/Database/BaseConnection.php(648): CodeIgniter\Database\BaseConnection->simpleQuery('INSERT INTO `ci...')
#3 /home/vol18_1/infinityfree.com/if0_34654888/htdocs/office/codeigniter/system/Database/BaseBuilder.php(2340): CodeIgniter\Database\BaseConnection->query('INSERT INTO `ci...', Array, false)
#4 /home/vol18_1/infinityfree.com/if0_34654888/htdocs/office/codeigniter/app/Models/DailyModel.php(355): CodeIgniter\Database\BaseBuilder->insert(Array)
#5 /home/vol18_1/infinityfree.com/if0_34654888/htdocs/office/codeigniter/app/Controllers/Cinout.php(137): App\Models\DailyModel->savedc(Array, 'cinout')
#6 /home/vol18_1/infinityfree.com/if0_34654888/htdocs/office/codeigniter/system/CodeIgniter.php(933): App\Controllers\Cinout->save()
#7 /home/vol18_1/infinityfree.com/if0_34654888/htdocs/office/codeigniter/system/CodeIgniter.php(509): CodeIgniter\CodeIgniter->runController(Object(App\Controllers\Cinout))
#8 /home/vol18_1/infinityfree.com/if0_34654888/htdocs/office/codeigniter/system/CodeIgniter.php(355): CodeIgniter\CodeIgniter->handleRequest(NULL, Object(Config\Cache), false)
#9 /home/vol18_1/infinityfree.com/if0_34654888/htdocs/office/codeigniter/system/Boot.php(325): CodeIgniter\CodeIgniter->run()
#10 /home/vol18_1/infinityfree.com/if0_34654888/htdocs/office/codeigniter/system/Boot.php(67): CodeIgniter\Boot::runCodeIgniter(Object(CodeIgniter\CodeIgniter))
#11 /home/vol18_1/infinityfree.com/if0_34654888/htdocs/office/codeigniter/public/index.php(56): CodeIgniter\Boot::bootWeb(Object(Config\Paths))
#12 {main}
CRITICAL - 2024-12-16 09:59:48 --> CodeIgniter\Database\Exceptions\DatabaseException: Column 'shop' cannot be null
[Method: POST, Route: cinoutsave]
in SYSTEMPATH/Database/BaseConnection.php on line 688.
 1 SYSTEMPATH/Database/BaseBuilder.php(2340): CodeIgniter\Database\BaseConnection->query('INSERT INTO `cinout` (`shop`, `cin`, `purchase`, `purchasenot`, `local`, `foreigner`, `remark`, `userid`, `username`, `saveDate`) VALUES (:shop:, :cin:, :purchase:, :purchasenot:, :local:, :foreigner:, :remark:, :userid:, :username:, :saveDate:)', [...], false)
 2 APPPATH/Models/DailyModel.php(355): CodeIgniter\Database\BaseBuilder->insert([...])
 3 APPPATH/Controllers/Cinout.php(137): App\Models\DailyModel->savedc([...], 'cinout')
 4 SYSTEMPATH/CodeIgniter.php(933): App\Controllers\Cinout->save()
 5 SYSTEMPATH/CodeIgniter.php(509): CodeIgniter\CodeIgniter->runController(Object(App\Controllers\Cinout))
 6 SYSTEMPATH/CodeIgniter.php(355): CodeIgniter\CodeIgniter->handleRequest(null, Object(Config\Cache), false)
 7 SYSTEMPATH/Boot.php(325): CodeIgniter\CodeIgniter->run()
 8 SYSTEMPATH/Boot.php(67): CodeIgniter\Boot::runCodeIgniter(Object(CodeIgniter\CodeIgniter))
 9 FCPATH/index.php(56): CodeIgniter\Boot::bootWeb(Object(Config\Paths))
CRITICAL - 2024-12-16 09:59:48 --> [Caused by] CodeIgniter\Database\Exceptions\DatabaseException: Column 'shop' cannot be null
in SYSTEMPATH/Database/MySQLi/Connection.php on line 317.
 1 SYSTEMPATH/Database/BaseConnection.php(734): CodeIgniter\Database\MySQLi\Connection->execute('INSERT INTO `cinout` (`shop`, `cin`, `purchase`, `purchasenot`, `local`, `foreigner`, `remark`, `userid`, `username`, `saveDate`) VALUES (NULL, \'3\', 1, 0, 0, 1, \'ARABIC\', NULL, NULL, \'2024-12-16 09:59:48\')')
 2 SYSTEMPATH/Database/BaseConnection.php(648): CodeIgniter\Database\BaseConnection->simpleQuery('INSERT INTO `cinout` (`shop`, `cin`, `purchase`, `purchasenot`, `local`, `foreigner`, `remark`, `userid`, `username`, `saveDate`) VALUES (NULL, \'3\', 1, 0, 0, 1, \'ARABIC\', NULL, NULL, \'2024-12-16 09:59:48\')')
 3 SYSTEMPATH/Database/BaseBuilder.php(2340): CodeIgniter\Database\BaseConnection->query('INSERT INTO `cinout` (`shop`, `cin`, `purchase`, `purchasenot`, `local`, `foreigner`, `remark`, `userid`, `username`, `saveDate`) VALUES (:shop:, :cin:, :purchase:, :purchasenot:, :local:, :foreigner:, :remark:, :userid:, :username:, :saveDate:)', [...], false)
 4 APPPATH/Models/DailyModel.php(355): CodeIgniter\Database\BaseBuilder->insert([...])
 5 APPPATH/Controllers/Cinout.php(137): App\Models\DailyModel->savedc([...], 'cinout')
 6 SYSTEMPATH/CodeIgniter.php(933): App\Controllers\Cinout->save()
 7 SYSTEMPATH/CodeIgniter.php(509): CodeIgniter\CodeIgniter->runController(Object(App\Controllers\Cinout))
 8 SYSTEMPATH/CodeIgniter.php(355): CodeIgniter\CodeIgniter->handleRequest(null, Object(Config\Cache), false)
 9 SYSTEMPATH/Boot.php(325): CodeIgniter\CodeIgniter->run()
10 SYSTEMPATH/Boot.php(67): CodeIgniter\Boot::runCodeIgniter(Object(CodeIgniter\CodeIgniter))
11 FCPATH/index.php(56): CodeIgniter\Boot::bootWeb(Object(Config\Paths))
CRITICAL - 2024-12-16 09:59:48 --> [Caused by] mysqli_sql_exception: Column 'shop' cannot be null
in SYSTEMPATH/Database/MySQLi/Connection.php on line 312.
 1 SYSTEMPATH/Database/MySQLi/Connection.php(312): mysqli->query('INSERT INTO `cinout` (`shop`, `cin`, `purchase`, `purchasenot`, `local`, `foreigner`, `remark`, `userid`, `username`, `saveDate`) VALUES (NULL, \'3\', 1, 0, 0, 1, \'ARABIC\', NULL, NULL, \'2024-12-16 09:59:48\')', 0)
 2 SYSTEMPATH/Database/BaseConnection.php(734): CodeIgniter\Database\MySQLi\Connection->execute('INSERT INTO `cinout` (`shop`, `cin`, `purchase`, `purchasenot`, `local`, `foreigner`, `remark`, `userid`, `username`, `saveDate`) VALUES (NULL, \'3\', 1, 0, 0, 1, \'ARABIC\', NULL, NULL, \'2024-12-16 09:59:48\')')
 3 SYSTEMPATH/Database/BaseConnection.php(648): CodeIgniter\Database\BaseConnection->simpleQuery('INSERT INTO `cinout` (`shop`, `cin`, `purchase`, `purchasenot`, `local`, `foreigner`, `remark`, `userid`, `username`, `saveDate`) VALUES (NULL, \'3\', 1, 0, 0, 1, \'ARABIC\', NULL, NULL, \'2024-12-16 09:59:48\')')
 4 SYSTEMPATH/Database/BaseBuilder.php(2340): CodeIgniter\Database\BaseConnection->query('INSERT INTO `cinout` (`shop`, `cin`, `purchase`, `purchasenot`, `local`, `foreigner`, `remark`, `userid`, `username`, `saveDate`) VALUES (:shop:, :cin:, :purchase:, :purchasenot:, :local:, :foreigner:, :remark:, :userid:, :username:, :saveDate:)', [...], false)
 5 APPPATH/Models/DailyModel.php(355): CodeIgniter\Database\BaseBuilder->insert([...])
 6 APPPATH/Controllers/Cinout.php(137): App\Models\DailyModel->savedc([...], 'cinout')
 7 SYSTEMPATH/CodeIgniter.php(933): App\Controllers\Cinout->save()
 8 SYSTEMPATH/CodeIgniter.php(509): CodeIgniter\CodeIgniter->runController(Object(App\Controllers\Cinout))
 9 SYSTEMPATH/CodeIgniter.php(355): CodeIgniter\CodeIgniter->handleRequest(null, Object(Config\Cache), false)
10 SYSTEMPATH/Boot.php(325): CodeIgniter\CodeIgniter->run()
11 SYSTEMPATH/Boot.php(67): CodeIgniter\Boot::runCodeIgniter(Object(CodeIgniter\CodeIgniter))
12 FCPATH/index.php(56): CodeIgniter\Boot::bootWeb(Object(Config\Paths))
ERROR - 2024-12-16 09:59:52 --> mysqli_sql_exception: Column 'shop' cannot be null in /home/vol18_1/infinityfree.com/if0_34654888/htdocs/office/codeigniter/system/Database/MySQLi/Connection.php:312
Stack trace:
#0 /home/vol18_1/infinityfree.com/if0_34654888/htdocs/office/codeigniter/system/Database/MySQLi/Connection.php(312): mysqli->query('INSERT INTO `ci...', 0)
#1 /home/vol18_1/infinityfree.com/if0_34654888/htdocs/office/codeigniter/system/Database/BaseConnection.php(734): CodeIgniter\Database\MySQLi\Connection->execute('INSERT INTO `ci...')
#2 /home/vol18_1/infinityfree.com/if0_34654888/htdocs/office/codeigniter/system/Database/BaseConnection.php(648): CodeIgniter\Database\BaseConnection->simpleQuery('INSERT INTO `ci...')
#3 /home/vol18_1/infinityfree.com/if0_34654888/htdocs/office/codeigniter/system/Database/BaseBuilder.php(2340): CodeIgniter\Database\BaseConnection->query('INSERT INTO `ci...', Array, false)
#4 /home/vol18_1/infinityfree.com/if0_34654888/htdocs/office/codeigniter/app/Models/DailyModel.php(355): CodeIgniter\Database\BaseBuilder->insert(Array)
#5 /home/vol18_1/infinityfree.com/if0_34654888/htdocs/office/codeigniter/app/Controllers/Cinout.php(137): App\Models\DailyModel->savedc(Array, 'cinout')
#6 /home/vol18_1/infinityfree.com/if0_34654888/htdocs/office/codeigniter/system/CodeIgniter.php(933): App\Controllers\Cinout->save()
#7 /home/vol18_1/infinityfree.com/if0_34654888/htdocs/office/codeigniter/system/CodeIgniter.php(509): CodeIgniter\CodeIgniter->runController(Object(App\Controllers\Cinout))
#8 /home/vol18_1/infinityfree.com/if0_34654888/htdocs/office/codeigniter/system/CodeIgniter.php(355): CodeIgniter\CodeIgniter->handleRequest(NULL, Object(Config\Cache), false)
#9 /home/vol18_1/infinityfree.com/if0_34654888/htdocs/office/codeigniter/system/Boot.php(325): CodeIgniter\CodeIgniter->run()
#10 /home/vol18_1/infinityfree.com/if0_34654888/htdocs/office/codeigniter/system/Boot.php(67): CodeIgniter\Boot::runCodeIgniter(Object(CodeIgniter\CodeIgniter))
#11 /home/vol18_1/infinityfree.com/if0_34654888/htdocs/office/codeigniter/public/index.php(56): CodeIgniter\Boot::bootWeb(Object(Config\Paths))
#12 {main}
CRITICAL - 2024-12-16 09:59:52 --> CodeIgniter\Database\Exceptions\DatabaseException: Column 'shop' cannot be null
[Method: POST, Route: cinoutsave]
in SYSTEMPATH/Database/BaseConnection.php on line 688.
 1 SYSTEMPATH/Database/BaseBuilder.php(2340): CodeIgniter\Database\BaseConnection->query('INSERT INTO `cinout` (`shop`, `cin`, `purchase`, `purchasenot`, `local`, `foreigner`, `remark`, `userid`, `username`, `saveDate`) VALUES (:shop:, :cin:, :purchase:, :purchasenot:, :local:, :foreigner:, :remark:, :userid:, :username:, :saveDate:)', [...], false)
 2 APPPATH/Models/DailyModel.php(355): CodeIgniter\Database\BaseBuilder->insert([...])
 3 APPPATH/Controllers/Cinout.php(137): App\Models\DailyModel->savedc([...], 'cinout')
 4 SYSTEMPATH/CodeIgniter.php(933): App\Controllers\Cinout->save()
 5 SYSTEMPATH/CodeIgniter.php(509): CodeIgniter\CodeIgniter->runController(Object(App\Controllers\Cinout))
 6 SYSTEMPATH/CodeIgniter.php(355): CodeIgniter\CodeIgniter->handleRequest(null, Object(Config\Cache), false)
 7 SYSTEMPATH/Boot.php(325): CodeIgniter\CodeIgniter->run()
 8 SYSTEMPATH/Boot.php(67): CodeIgniter\Boot::runCodeIgniter(Object(CodeIgniter\CodeIgniter))
 9 FCPATH/index.php(56): CodeIgniter\Boot::bootWeb(Object(Config\Paths))
CRITICAL - 2024-12-16 09:59:52 --> [Caused by] CodeIgniter\Database\Exceptions\DatabaseException: Column 'shop' cannot be null
in SYSTEMPATH/Database/MySQLi/Connection.php on line 317.
 1 SYSTEMPATH/Database/BaseConnection.php(734): CodeIgniter\Database\MySQLi\Connection->execute('INSERT INTO `cinout` (`shop`, `cin`, `purchase`, `purchasenot`, `local`, `foreigner`, `remark`, `userid`, `username`, `saveDate`) VALUES (NULL, \'3\', 1, 0, 0, 1, \'ARABIC\', NULL, NULL, \'2024-12-16 09:59:52\')')
 2 SYSTEMPATH/Database/BaseConnection.php(648): CodeIgniter\Database\BaseConnection->simpleQuery('INSERT INTO `cinout` (`shop`, `cin`, `purchase`, `purchasenot`, `local`, `foreigner`, `remark`, `userid`, `username`, `saveDate`) VALUES (NULL, \'3\', 1, 0, 0, 1, \'ARABIC\', NULL, NULL, \'2024-12-16 09:59:52\')')
 3 SYSTEMPATH/Database/BaseBuilder.php(2340): CodeIgniter\Database\BaseConnection->query('INSERT INTO `cinout` (`shop`, `cin`, `purchase`, `purchasenot`, `local`, `foreigner`, `remark`, `userid`, `username`, `saveDate`) VALUES (:shop:, :cin:, :purchase:, :purchasenot:, :local:, :foreigner:, :remark:, :userid:, :username:, :saveDate:)', [...], false)
 4 APPPATH/Models/DailyModel.php(355): CodeIgniter\Database\BaseBuilder->insert([...])
 5 APPPATH/Controllers/Cinout.php(137): App\Models\DailyModel->savedc([...], 'cinout')
 6 SYSTEMPATH/CodeIgniter.php(933): App\Controllers\Cinout->save()
 7 SYSTEMPATH/CodeIgniter.php(509): CodeIgniter\CodeIgniter->runController(Object(App\Controllers\Cinout))
 8 SYSTEMPATH/CodeIgniter.php(355): CodeIgniter\CodeIgniter->handleRequest(null, Object(Config\Cache), false)
 9 SYSTEMPATH/Boot.php(325): CodeIgniter\CodeIgniter->run()
10 SYSTEMPATH/Boot.php(67): CodeIgniter\Boot::runCodeIgniter(Object(CodeIgniter\CodeIgniter))
11 FCPATH/index.php(56): CodeIgniter\Boot::bootWeb(Object(Config\Paths))
CRITICAL - 2024-12-16 09:59:52 --> [Caused by] mysqli_sql_exception: Column 'shop' cannot be null
in SYSTEMPATH/Database/MySQLi/Connection.php on line 312.
 1 SYSTEMPATH/Database/MySQLi/Connection.php(312): mysqli->query('INSERT INTO `cinout` (`shop`, `cin`, `purchase`, `purchasenot`, `local`, `foreigner`, `remark`, `userid`, `username`, `saveDate`) VALUES (NULL, \'3\', 1, 0, 0, 1, \'ARABIC\', NULL, NULL, \'2024-12-16 09:59:52\')', 0)
 2 SYSTEMPATH/Database/BaseConnection.php(734): CodeIgniter\Database\MySQLi\Connection->execute('INSERT INTO `cinout` (`shop`, `cin`, `purchase`, `purchasenot`, `local`, `foreigner`, `remark`, `userid`, `username`, `saveDate`) VALUES (NULL, \'3\', 1, 0, 0, 1, \'ARABIC\', NULL, NULL, \'2024-12-16 09:59:52\')')
 3 SYSTEMPATH/Database/BaseConnection.php(648): CodeIgniter\Database\BaseConnection->simpleQuery('INSERT INTO `cinout` (`shop`, `cin`, `purchase`, `purchasenot`, `local`, `foreigner`, `remark`, `userid`, `username`, `saveDate`) VALUES (NULL, \'3\', 1, 0, 0, 1, \'ARABIC\', NULL, NULL, \'2024-12-16 09:59:52\')')
 4 SYSTEMPATH/Database/BaseBuilder.php(2340): CodeIgniter\Database\BaseConnection->query('INSERT INTO `cinout` (`shop`, `cin`, `purchase`, `purchasenot`, `local`, `foreigner`, `remark`, `userid`, `username`, `saveDate`) VALUES (:shop:, :cin:, :purchase:, :purchasenot:, :local:, :foreigner:, :remark:, :userid:, :username:, :saveDate:)', [...], false)
 5 APPPATH/Models/DailyModel.php(355): CodeIgniter\Database\BaseBuilder->insert([...])
 6 APPPATH/Controllers/Cinout.php(137): App\Models\DailyModel->savedc([...], 'cinout')
 7 SYSTEMPATH/CodeIgniter.php(933): App\Controllers\Cinout->save()
 8 SYSTEMPATH/CodeIgniter.php(509): CodeIgniter\CodeIgniter->runController(Object(App\Controllers\Cinout))
 9 SYSTEMPATH/CodeIgniter.php(355): CodeIgniter\CodeIgniter->handleRequest(null, Object(Config\Cache), false)
10 SYSTEMPATH/Boot.php(325): CodeIgniter\CodeIgniter->run()
11 SYSTEMPATH/Boot.php(67): CodeIgniter\Boot::runCodeIgniter(Object(CodeIgniter\CodeIgniter))
12 FCPATH/index.php(56): CodeIgniter\Boot::bootWeb(Object(Config\Paths))
ERROR - 2024-12-16 09:59:53 --> mysqli_sql_exception: Column 'shop' cannot be null in /home/vol18_1/infinityfree.com/if0_34654888/htdocs/office/codeigniter/system/Database/MySQLi/Connection.php:312
Stack trace:
#0 /home/vol18_1/infinityfree.com/if0_34654888/htdocs/office/codeigniter/system/Database/MySQLi/Connection.php(312): mysqli->query('INSERT INTO `ci...', 0)
#1 /home/vol18_1/infinityfree.com/if0_34654888/htdocs/office/codeigniter/system/Database/BaseConnection.php(734): CodeIgniter\Database\MySQLi\Connection->execute('INSERT INTO `ci...')
#2 /home/vol18_1/infinityfree.com/if0_34654888/htdocs/office/codeigniter/system/Database/BaseConnection.php(648): CodeIgniter\Database\BaseConnection->simpleQuery('INSERT INTO `ci...')
#3 /home/vol18_1/infinityfree.com/if0_34654888/htdocs/office/codeigniter/system/Database/BaseBuilder.php(2340): CodeIgniter\Database\BaseConnection->query('INSERT INTO `ci...', Array, false)
#4 /home/vol18_1/infinityfree.com/if0_34654888/htdocs/office/codeigniter/app/Models/DailyModel.php(355): CodeIgniter\Database\BaseBuilder->insert(Array)
#5 /home/vol18_1/infinityfree.com/if0_34654888/htdocs/office/codeigniter/app/Controllers/Cinout.php(137): App\Models\DailyModel->savedc(Array, 'cinout')
#6 /home/vol18_1/infinityfree.com/if0_34654888/htdocs/office/codeigniter/system/CodeIgniter.php(933): App\Controllers\Cinout->save()
#7 /home/vol18_1/infinityfree.com/if0_34654888/htdocs/office/codeigniter/system/CodeIgniter.php(509): CodeIgniter\CodeIgniter->runController(Object(App\Controllers\Cinout))
#8 /home/vol18_1/infinityfree.com/if0_34654888/htdocs/office/codeigniter/system/CodeIgniter.php(355): CodeIgniter\CodeIgniter->handleRequest(NULL, Object(Config\Cache), false)
#9 /home/vol18_1/infinityfree.com/if0_34654888/htdocs/office/codeigniter/system/Boot.php(325): CodeIgniter\CodeIgniter->run()
#10 /home/vol18_1/infinityfree.com/if0_34654888/htdocs/office/codeigniter/system/Boot.php(67): CodeIgniter\Boot::runCodeIgniter(Object(CodeIgniter\CodeIgniter))
#11 /home/vol18_1/infinityfree.com/if0_34654888/htdocs/office/codeigniter/public/index.php(56): CodeIgniter\Boot::bootWeb(Object(Config\Paths))
#12 {main}
CRITICAL - 2024-12-16 09:59:53 --> CodeIgniter\Database\Exceptions\DatabaseException: Column 'shop' cannot be null
[Method: POST, Route: cinoutsave]
in SYSTEMPATH/Database/BaseConnection.php on line 688.
 1 SYSTEMPATH/Database/BaseBuilder.php(2340): CodeIgniter\Database\BaseConnection->query('INSERT INTO `cinout` (`shop`, `cin`, `purchase`, `purchasenot`, `local`, `foreigner`, `remark`, `userid`, `username`, `saveDate`) VALUES (:shop:, :cin:, :purchase:, :purchasenot:, :local:, :foreigner:, :remark:, :userid:, :username:, :saveDate:)', [...], false)
 2 APPPATH/Models/DailyModel.php(355): CodeIgniter\Database\BaseBuilder->insert([...])
 3 APPPATH/Controllers/Cinout.php(137): App\Models\DailyModel->savedc([...], 'cinout')
 4 SYSTEMPATH/CodeIgniter.php(933): App\Controllers\Cinout->save()
 5 SYSTEMPATH/CodeIgniter.php(509): CodeIgniter\CodeIgniter->runController(Object(App\Controllers\Cinout))
 6 SYSTEMPATH/CodeIgniter.php(355): CodeIgniter\CodeIgniter->handleRequest(null, Object(Config\Cache), false)
 7 SYSTEMPATH/Boot.php(325): CodeIgniter\CodeIgniter->run()
 8 SYSTEMPATH/Boot.php(67): CodeIgniter\Boot::runCodeIgniter(Object(CodeIgniter\CodeIgniter))
 9 FCPATH/index.php(56): CodeIgniter\Boot::bootWeb(Object(Config\Paths))
CRITICAL - 2024-12-16 09:59:53 --> [Caused by] CodeIgniter\Database\Exceptions\DatabaseException: Column 'shop' cannot be null
in SYSTEMPATH/Database/MySQLi/Connection.php on line 317.
 1 SYSTEMPATH/Database/BaseConnection.php(734): CodeIgniter\Database\MySQLi\Connection->execute('INSERT INTO `cinout` (`shop`, `cin`, `purchase`, `purchasenot`, `local`, `foreigner`, `remark`, `userid`, `username`, `saveDate`) VALUES (NULL, \'3\', 1, 0, 0, 1, \'ARABIC\', NULL, NULL, \'2024-12-16 09:59:53\')')
 2 SYSTEMPATH/Database/BaseConnection.php(648): CodeIgniter\Database\BaseConnection->simpleQuery('INSERT INTO `cinout` (`shop`, `cin`, `purchase`, `purchasenot`, `local`, `foreigner`, `remark`, `userid`, `username`, `saveDate`) VALUES (NULL, \'3\', 1, 0, 0, 1, \'ARABIC\', NULL, NULL, \'2024-12-16 09:59:53\')')
 3 SYSTEMPATH/Database/BaseBuilder.php(2340): CodeIgniter\Database\BaseConnection->query('INSERT INTO `cinout` (`shop`, `cin`, `purchase`, `purchasenot`, `local`, `foreigner`, `remark`, `userid`, `username`, `saveDate`) VALUES (:shop:, :cin:, :purchase:, :purchasenot:, :local:, :foreigner:, :remark:, :userid:, :username:, :saveDate:)', [...], false)
 4 APPPATH/Models/DailyModel.php(355): CodeIgniter\Database\BaseBuilder->insert([...])
 5 APPPATH/Controllers/Cinout.php(137): App\Models\DailyModel->savedc([...], 'cinout')
 6 SYSTEMPATH/CodeIgniter.php(933): App\Controllers\Cinout->save()
 7 SYSTEMPATH/CodeIgniter.php(509): CodeIgniter\CodeIgniter->runController(Object(App\Controllers\Cinout))
 8 SYSTEMPATH/CodeIgniter.php(355): CodeIgniter\CodeIgniter->handleRequest(null, Object(Config\Cache), false)
 9 SYSTEMPATH/Boot.php(325): CodeIgniter\CodeIgniter->run()
10 SYSTEMPATH/Boot.php(67): CodeIgniter\Boot::runCodeIgniter(Object(CodeIgniter\CodeIgniter))
11 FCPATH/index.php(56): CodeIgniter\Boot::bootWeb(Object(Config\Paths))
CRITICAL - 2024-12-16 09:59:53 --> [Caused by] mysqli_sql_exception: Column 'shop' cannot be null
in SYSTEMPATH/Database/MySQLi/Connection.php on line 312.
 1 SYSTEMPATH/Database/MySQLi/Connection.php(312): mysqli->query('INSERT INTO `cinout` (`shop`, `cin`, `purchase`, `purchasenot`, `local`, `foreigner`, `remark`, `userid`, `username`, `saveDate`) VALUES (NULL, \'3\', 1, 0, 0, 1, \'ARABIC\', NULL, NULL, \'2024-12-16 09:59:53\')', 0)
 2 SYSTEMPATH/Database/BaseConnection.php(734): CodeIgniter\Database\MySQLi\Connection->execute('INSERT INTO `cinout` (`shop`, `cin`, `purchase`, `purchasenot`, `local`, `foreigner`, `remark`, `userid`, `username`, `saveDate`) VALUES (NULL, \'3\', 1, 0, 0, 1, \'ARABIC\', NULL, NULL, \'2024-12-16 09:59:53\')')
 3 SYSTEMPATH/Database/BaseConnection.php(648): CodeIgniter\Database\BaseConnection->simpleQuery('INSERT INTO `cinout` (`shop`, `cin`, `purchase`, `purchasenot`, `local`, `foreigner`, `remark`, `userid`, `username`, `saveDate`) VALUES (NULL, \'3\', 1, 0, 0, 1, \'ARABIC\', NULL, NULL, \'2024-12-16 09:59:53\')')
 4 SYSTEMPATH/Database/BaseBuilder.php(2340): CodeIgniter\Database\BaseConnection->query('INSERT INTO `cinout` (`shop`, `cin`, `purchase`, `purchasenot`, `local`, `foreigner`, `remark`, `userid`, `username`, `saveDate`) VALUES (:shop:, :cin:, :purchase:, :purchasenot:, :local:, :foreigner:, :remark:, :userid:, :username:, :saveDate:)', [...], false)
 5 APPPATH/Models/DailyModel.php(355): CodeIgniter\Database\BaseBuilder->insert([...])
 6 APPPATH/Controllers/Cinout.php(137): App\Models\DailyModel->savedc([...], 'cinout')
 7 SYSTEMPATH/CodeIgniter.php(933): App\Controllers\Cinout->save()
 8 SYSTEMPATH/CodeIgniter.php(509): CodeIgniter\CodeIgniter->runController(Object(App\Controllers\Cinout))
 9 SYSTEMPATH/CodeIgniter.php(355): CodeIgniter\CodeIgniter->handleRequest(null, Object(Config\Cache), false)
10 SYSTEMPATH/Boot.php(325): CodeIgniter\CodeIgniter->run()
11 SYSTEMPATH/Boot.php(67): CodeIgniter\Boot::runCodeIgniter(Object(CodeIgniter\CodeIgniter))
12 FCPATH/index.php(56): CodeIgniter\Boot::bootWeb(Object(Config\Paths))
ERROR - 2024-12-16 09:59:55 --> mysqli_sql_exception: Column 'shop' cannot be null in /home/vol18_1/infinityfree.com/if0_34654888/htdocs/office/codeigniter/system/Database/MySQLi/Connection.php:312
Stack trace:
#0 /home/vol18_1/infinityfree.com/if0_34654888/htdocs/office/codeigniter/system/Database/MySQLi/Connection.php(312): mysqli->query('INSERT INTO `ci...', 0)
#1 /home/vol18_1/infinityfree.com/if0_34654888/htdocs/office/codeigniter/system/Database/BaseConnection.php(734): CodeIgniter\Database\MySQLi\Connection->execute('INSERT INTO `ci...')
#2 /home/vol18_1/infinityfree.com/if0_34654888/htdocs/office/codeigniter/system/Database/BaseConnection.php(648): CodeIgniter\Database\BaseConnection->simpleQuery('INSERT INTO `ci...')
#3 /home/vol18_1/infinityfree.com/if0_34654888/htdocs/office/codeigniter/system/Database/BaseBuilder.php(2340): CodeIgniter\Database\BaseConnection->query('INSERT INTO `ci...', Array, false)
#4 /home/vol18_1/infinityfree.com/if0_34654888/htdocs/office/codeigniter/app/Models/DailyModel.php(355): CodeIgniter\Database\BaseBuilder->insert(Array)
#5 /home/vol18_1/infinityfree.com/if0_34654888/htdocs/office/codeigniter/app/Controllers/Cinout.php(137): App\Models\DailyModel->savedc(Array, 'cinout')
#6 /home/vol18_1/infinityfree.com/if0_34654888/htdocs/office/codeigniter/system/CodeIgniter.php(933): App\Controllers\Cinout->save()
#7 /home/vol18_1/infinityfree.com/if0_34654888/htdocs/office/codeigniter/system/CodeIgniter.php(509): CodeIgniter\CodeIgniter->runController(Object(App\Controllers\Cinout))
#8 /home/vol18_1/infinityfree.com/if0_34654888/htdocs/office/codeigniter/system/CodeIgniter.php(355): CodeIgniter\CodeIgniter->handleRequest(NULL, Object(Config\Cache), false)
#9 /home/vol18_1/infinityfree.com/if0_34654888/htdocs/office/codeigniter/system/Boot.php(325): CodeIgniter\CodeIgniter->run()
#10 /home/vol18_1/infinityfree.com/if0_34654888/htdocs/office/codeigniter/system/Boot.php(67): CodeIgniter\Boot::runCodeIgniter(Object(CodeIgniter\CodeIgniter))
#11 /home/vol18_1/infinityfree.com/if0_34654888/htdocs/office/codeigniter/public/index.php(56): CodeIgniter\Boot::bootWeb(Object(Config\Paths))
#12 {main}
CRITICAL - 2024-12-16 09:59:55 --> CodeIgniter\Database\Exceptions\DatabaseException: Column 'shop' cannot be null
[Method: POST, Route: cinoutsave]
in SYSTEMPATH/Database/BaseConnection.php on line 688.
 1 SYSTEMPATH/Database/BaseBuilder.php(2340): CodeIgniter\Database\BaseConnection->query('INSERT INTO `cinout` (`shop`, `cin`, `purchase`, `purchasenot`, `local`, `foreigner`, `remark`, `userid`, `username`, `saveDate`) VALUES (:shop:, :cin:, :purchase:, :purchasenot:, :local:, :foreigner:, :remark:, :userid:, :username:, :saveDate:)', [...], false)
 2 APPPATH/Models/DailyModel.php(355): CodeIgniter\Database\BaseBuilder->insert([...])
 3 APPPATH/Controllers/Cinout.php(137): App\Models\DailyModel->savedc([...], 'cinout')
 4 SYSTEMPATH/CodeIgniter.php(933): App\Controllers\Cinout->save()
 5 SYSTEMPATH/CodeIgniter.php(509): CodeIgniter\CodeIgniter->runController(Object(App\Controllers\Cinout))
 6 SYSTEMPATH/CodeIgniter.php(355): CodeIgniter\CodeIgniter->handleRequest(null, Object(Config\Cache), false)
 7 SYSTEMPATH/Boot.php(325): CodeIgniter\CodeIgniter->run()
 8 SYSTEMPATH/Boot.php(67): CodeIgniter\Boot::runCodeIgniter(Object(CodeIgniter\CodeIgniter))
 9 FCPATH/index.php(56): CodeIgniter\Boot::bootWeb(Object(Config\Paths))
CRITICAL - 2024-12-16 09:59:55 --> [Caused by] CodeIgniter\Database\Exceptions\DatabaseException: Column 'shop' cannot be null
in SYSTEMPATH/Database/MySQLi/Connection.php on line 317.
 1 SYSTEMPATH/Database/BaseConnection.php(734): CodeIgniter\Database\MySQLi\Connection->execute('INSERT INTO `cinout` (`shop`, `cin`, `purchase`, `purchasenot`, `local`, `foreigner`, `remark`, `userid`, `username`, `saveDate`) VALUES (NULL, \'3\', 1, 0, 0, 1, \'ARABIC\', NULL, NULL, \'2024-12-16 09:59:55\')')
 2 SYSTEMPATH/Database/BaseConnection.php(648): CodeIgniter\Database\BaseConnection->simpleQuery('INSERT INTO `cinout` (`shop`, `cin`, `purchase`, `purchasenot`, `local`, `foreigner`, `remark`, `userid`, `username`, `saveDate`) VALUES (NULL, \'3\', 1, 0, 0, 1, \'ARABIC\', NULL, NULL, \'2024-12-16 09:59:55\')')
 3 SYSTEMPATH/Database/BaseBuilder.php(2340): CodeIgniter\Database\BaseConnection->query('INSERT INTO `cinout` (`shop`, `cin`, `purchase`, `purchasenot`, `local`, `foreigner`, `remark`, `userid`, `username`, `saveDate`) VALUES (:shop:, :cin:, :purchase:, :purchasenot:, :local:, :foreigner:, :remark:, :userid:, :username:, :saveDate:)', [...], false)
 4 APPPATH/Models/DailyModel.php(355): CodeIgniter\Database\BaseBuilder->insert([...])
 5 APPPATH/Controllers/Cinout.php(137): App\Models\DailyModel->savedc([...], 'cinout')
 6 SYSTEMPATH/CodeIgniter.php(933): App\Controllers\Cinout->save()
 7 SYSTEMPATH/CodeIgniter.php(509): CodeIgniter\CodeIgniter->runController(Object(App\Controllers\Cinout))
 8 SYSTEMPATH/CodeIgniter.php(355): CodeIgniter\CodeIgniter->handleRequest(null, Object(Config\Cache), false)
 9 SYSTEMPATH/Boot.php(325): CodeIgniter\CodeIgniter->run()
10 SYSTEMPATH/Boot.php(67): CodeIgniter\Boot::runCodeIgniter(Object(CodeIgniter\CodeIgniter))
11 FCPATH/index.php(56): CodeIgniter\Boot::bootWeb(Object(Config\Paths))
CRITICAL - 2024-12-16 09:59:55 --> [Caused by] mysqli_sql_exception: Column 'shop' cannot be null
in SYSTEMPATH/Database/MySQLi/Connection.php on line 312.
 1 SYSTEMPATH/Database/MySQLi/Connection.php(312): mysqli->query('INSERT INTO `cinout` (`shop`, `cin`, `purchase`, `purchasenot`, `local`, `foreigner`, `remark`, `userid`, `username`, `saveDate`) VALUES (NULL, \'3\', 1, 0, 0, 1, \'ARABIC\', NULL, NULL, \'2024-12-16 09:59:55\')', 0)
 2 SYSTEMPATH/Database/BaseConnection.php(734): CodeIgniter\Database\MySQLi\Connection->execute('INSERT INTO `cinout` (`shop`, `cin`, `purchase`, `purchasenot`, `local`, `foreigner`, `remark`, `userid`, `username`, `saveDate`) VALUES (NULL, \'3\', 1, 0, 0, 1, \'ARABIC\', NULL, NULL, \'2024-12-16 09:59:55\')')
 3 SYSTEMPATH/Database/BaseConnection.php(648): CodeIgniter\Database\BaseConnection->simpleQuery('INSERT INTO `cinout` (`shop`, `cin`, `purchase`, `purchasenot`, `local`, `foreigner`, `remark`, `userid`, `username`, `saveDate`) VALUES (NULL, \'3\', 1, 0, 0, 1, \'ARABIC\', NULL, NULL, \'2024-12-16 09:59:55\')')
 4 SYSTEMPATH/Database/BaseBuilder.php(2340): CodeIgniter\Database\BaseConnection->query('INSERT INTO `cinout` (`shop`, `cin`, `purchase`, `purchasenot`, `local`, `foreigner`, `remark`, `userid`, `username`, `saveDate`) VALUES (:shop:, :cin:, :purchase:, :purchasenot:, :local:, :foreigner:, :remark:, :userid:, :username:, :saveDate:)', [...], false)
 5 APPPATH/Models/DailyModel.php(355): CodeIgniter\Database\BaseBuilder->insert([...])
 6 APPPATH/Controllers/Cinout.php(137): App\Models\DailyModel->savedc([...], 'cinout')
 7 SYSTEMPATH/CodeIgniter.php(933): App\Controllers\Cinout->save()
 8 SYSTEMPATH/CodeIgniter.php(509): CodeIgniter\CodeIgniter->runController(Object(App\Controllers\Cinout))
 9 SYSTEMPATH/CodeIgniter.php(355): CodeIgniter\CodeIgniter->handleRequest(null, Object(Config\Cache), false)
10 SYSTEMPATH/Boot.php(325): CodeIgniter\CodeIgniter->run()
11 SYSTEMPATH/Boot.php(67): CodeIgniter\Boot::runCodeIgniter(Object(CodeIgniter\CodeIgniter))
12 FCPATH/index.php(56): CodeIgniter\Boot::bootWeb(Object(Config\Paths))
ERROR - 2024-12-16 10:00:10 --> mysqli_sql_exception: Column 'shop' cannot be null in /home/vol18_1/infinityfree.com/if0_34654888/htdocs/office/codeigniter/system/Database/MySQLi/Connection.php:312
Stack trace:
#0 /home/vol18_1/infinityfree.com/if0_34654888/htdocs/office/codeigniter/system/Database/MySQLi/Connection.php(312): mysqli->query('INSERT INTO `ci...', 0)
#1 /home/vol18_1/infinityfree.com/if0_34654888/htdocs/office/codeigniter/system/Database/BaseConnection.php(734): CodeIgniter\Database\MySQLi\Connection->execute('INSERT INTO `ci...')
#2 /home/vol18_1/infinityfree.com/if0_34654888/htdocs/office/codeigniter/system/Database/BaseConnection.php(648): CodeIgniter\Database\BaseConnection->simpleQuery('INSERT INTO `ci...')
#3 /home/vol18_1/infinityfree.com/if0_34654888/htdocs/office/codeigniter/system/Database/BaseBuilder.php(2340): CodeIgniter\Database\BaseConnection->query('INSERT INTO `ci...', Array, false)
#4 /home/vol18_1/infinityfree.com/if0_34654888/htdocs/office/codeigniter/app/Models/DailyModel.php(355): CodeIgniter\Database\BaseBuilder->insert(Array)
#5 /home/vol18_1/infinityfree.com/if0_34654888/htdocs/office/codeigniter/app/Controllers/Cinout.php(137): App\Models\DailyModel->savedc(Array, 'cinout')
#6 /home/vol18_1/infinityfree.com/if0_34654888/htdocs/office/codeigniter/system/CodeIgniter.php(933): App\Controllers\Cinout->save()
#7 /home/vol18_1/infinityfree.com/if0_34654888/htdocs/office/codeigniter/system/CodeIgniter.php(509): CodeIgniter\CodeIgniter->runController(Object(App\Controllers\Cinout))
#8 /home/vol18_1/infinityfree.com/if0_34654888/htdocs/office/codeigniter/system/CodeIgniter.php(355): CodeIgniter\CodeIgniter->handleRequest(NULL, Object(Config\Cache), false)
#9 /home/vol18_1/infinityfree.com/if0_34654888/htdocs/office/codeigniter/system/Boot.php(325): CodeIgniter\CodeIgniter->run()
#10 /home/vol18_1/infinityfree.com/if0_34654888/htdocs/office/codeigniter/system/Boot.php(67): CodeIgniter\Boot::runCodeIgniter(Object(CodeIgniter\CodeIgniter))
#11 /home/vol18_1/infinityfree.com/if0_34654888/htdocs/office/codeigniter/public/index.php(56): CodeIgniter\Boot::bootWeb(Object(Config\Paths))
#12 {main}
CRITICAL - 2024-12-16 10:00:10 --> CodeIgniter\Database\Exceptions\DatabaseException: Column 'shop' cannot be null
[Method: POST, Route: cinoutsave]
in SYSTEMPATH/Database/BaseConnection.php on line 688.
 1 SYSTEMPATH/Database/BaseBuilder.php(2340): CodeIgniter\Database\BaseConnection->query('INSERT INTO `cinout` (`shop`, `cin`, `purchase`, `purchasenot`, `local`, `foreigner`, `remark`, `userid`, `username`, `saveDate`) VALUES (:shop:, :cin:, :purchase:, :purchasenot:, :local:, :foreigner:, :remark:, :userid:, :username:, :saveDate:)', [...], false)
 2 APPPATH/Models/DailyModel.php(355): CodeIgniter\Database\BaseBuilder->insert([...])
 3 APPPATH/Controllers/Cinout.php(137): App\Models\DailyModel->savedc([...], 'cinout')
 4 SYSTEMPATH/CodeIgniter.php(933): App\Controllers\Cinout->save()
 5 SYSTEMPATH/CodeIgniter.php(509): CodeIgniter\CodeIgniter->runController(Object(App\Controllers\Cinout))
 6 SYSTEMPATH/CodeIgniter.php(355): CodeIgniter\CodeIgniter->handleRequest(null, Object(Config\Cache), false)
 7 SYSTEMPATH/Boot.php(325): CodeIgniter\CodeIgniter->run()
 8 SYSTEMPATH/Boot.php(67): CodeIgniter\Boot::runCodeIgniter(Object(CodeIgniter\CodeIgniter))
 9 FCPATH/index.php(56): CodeIgniter\Boot::bootWeb(Object(Config\Paths))
CRITICAL - 2024-12-16 10:00:10 --> [Caused by] CodeIgniter\Database\Exceptions\DatabaseException: Column 'shop' cannot be null
in SYSTEMPATH/Database/MySQLi/Connection.php on line 317.
 1 SYSTEMPATH/Database/BaseConnection.php(734): CodeIgniter\Database\MySQLi\Connection->execute('INSERT INTO `cinout` (`shop`, `cin`, `purchase`, `purchasenot`, `local`, `foreigner`, `remark`, `userid`, `username`, `saveDate`) VALUES (NULL, \'3\', 1, 0, 0, 1, \'ARABIC\', NULL, NULL, \'2024-12-16 10:00:10\')')
 2 SYSTEMPATH/Database/BaseConnection.php(648): CodeIgniter\Database\BaseConnection->simpleQuery('INSERT INTO `cinout` (`shop`, `cin`, `purchase`, `purchasenot`, `local`, `foreigner`, `remark`, `userid`, `username`, `saveDate`) VALUES (NULL, \'3\', 1, 0, 0, 1, \'ARABIC\', NULL, NULL, \'2024-12-16 10:00:10\')')
 3 SYSTEMPATH/Database/BaseBuilder.php(2340): CodeIgniter\Database\BaseConnection->query('INSERT INTO `cinout` (`shop`, `cin`, `purchase`, `purchasenot`, `local`, `foreigner`, `remark`, `userid`, `username`, `saveDate`) VALUES (:shop:, :cin:, :purchase:, :purchasenot:, :local:, :foreigner:, :remark:, :userid:, :username:, :saveDate:)', [...], false)
 4 APPPATH/Models/DailyModel.php(355): CodeIgniter\Database\BaseBuilder->insert([...])
 5 APPPATH/Controllers/Cinout.php(137): App\Models\DailyModel->savedc([...], 'cinout')
 6 SYSTEMPATH/CodeIgniter.php(933): App\Controllers\Cinout->save()
 7 SYSTEMPATH/CodeIgniter.php(509): CodeIgniter\CodeIgniter->runController(Object(App\Controllers\Cinout))
 8 SYSTEMPATH/CodeIgniter.php(355): CodeIgniter\CodeIgniter->handleRequest(null, Object(Config\Cache), false)
 9 SYSTEMPATH/Boot.php(325): CodeIgniter\CodeIgniter->run()
10 SYSTEMPATH/Boot.php(67): CodeIgniter\Boot::runCodeIgniter(Object(CodeIgniter\CodeIgniter))
11 FCPATH/index.php(56): CodeIgniter\Boot::bootWeb(Object(Config\Paths))
CRITICAL - 2024-12-16 10:00:10 --> [Caused by] mysqli_sql_exception: Column 'shop' cannot be null
in SYSTEMPATH/Database/MySQLi/Connection.php on line 312.
 1 SYSTEMPATH/Database/MySQLi/Connection.php(312): mysqli->query('INSERT INTO `cinout` (`shop`, `cin`, `purchase`, `purchasenot`, `local`, `foreigner`, `remark`, `userid`, `username`, `saveDate`) VALUES (NULL, \'3\', 1, 0, 0, 1, \'ARABIC\', NULL, NULL, \'2024-12-16 10:00:10\')', 0)
 2 SYSTEMPATH/Database/BaseConnection.php(734): CodeIgniter\Database\MySQLi\Connection->execute('INSERT INTO `cinout` (`shop`, `cin`, `purchase`, `purchasenot`, `local`, `foreigner`, `remark`, `userid`, `username`, `saveDate`) VALUES (NULL, \'3\', 1, 0, 0, 1, \'ARABIC\', NULL, NULL, \'2024-12-16 10:00:10\')')
 3 SYSTEMPATH/Database/BaseConnection.php(648): CodeIgniter\Database\BaseConnection->simpleQuery('INSERT INTO `cinout` (`shop`, `cin`, `purchase`, `purchasenot`, `local`, `foreigner`, `remark`, `userid`, `username`, `saveDate`) VALUES (NULL, \'3\', 1, 0, 0, 1, \'ARABIC\', NULL, NULL, \'2024-12-16 10:00:10\')')
 4 SYSTEMPATH/Database/BaseBuilder.php(2340): CodeIgniter\Database\BaseConnection->query('INSERT INTO `cinout` (`shop`, `cin`, `purchase`, `purchasenot`, `local`, `foreigner`, `remark`, `userid`, `username`, `saveDate`) VALUES (:shop:, :cin:, :purchase:, :purchasenot:, :local:, :foreigner:, :remark:, :userid:, :username:, :saveDate:)', [...], false)
 5 APPPATH/Models/DailyModel.php(355): CodeIgniter\Database\BaseBuilder->insert([...])
 6 APPPATH/Controllers/Cinout.php(137): App\Models\DailyModel->savedc([...], 'cinout')
 7 SYSTEMPATH/CodeIgniter.php(933): App\Controllers\Cinout->save()
 8 SYSTEMPATH/CodeIgniter.php(509): CodeIgniter\CodeIgniter->runController(Object(App\Controllers\Cinout))
 9 SYSTEMPATH/CodeIgniter.php(355): CodeIgniter\CodeIgniter->handleRequest(null, Object(Config\Cache), false)
10 SYSTEMPATH/Boot.php(325): CodeIgniter\CodeIgniter->run()
11 SYSTEMPATH/Boot.php(67): CodeIgniter\Boot::runCodeIgniter(Object(CodeIgniter\CodeIgniter))
12 FCPATH/index.php(56): CodeIgniter\Boot::bootWeb(Object(Config\Paths))
ERROR - 2024-12-16 10:00:11 --> mysqli_sql_exception: Column 'shop' cannot be null in /home/vol18_1/infinityfree.com/if0_34654888/htdocs/office/codeigniter/system/Database/MySQLi/Connection.php:312
Stack trace:
#0 /home/vol18_1/infinityfree.com/if0_34654888/htdocs/office/codeigniter/system/Database/MySQLi/Connection.php(312): mysqli->query('INSERT INTO `ci...', 0)
#1 /home/vol18_1/infinityfree.com/if0_34654888/htdocs/office/codeigniter/system/Database/BaseConnection.php(734): CodeIgniter\Database\MySQLi\Connection->execute('INSERT INTO `ci...')
#2 /home/vol18_1/infinityfree.com/if0_34654888/htdocs/office/codeigniter/system/Database/BaseConnection.php(648): CodeIgniter\Database\BaseConnection->simpleQuery('INSERT INTO `ci...')
#3 /home/vol18_1/infinityfree.com/if0_34654888/htdocs/office/codeigniter/system/Database/BaseBuilder.php(2340): CodeIgniter\Database\BaseConnection->query('INSERT INTO `ci...', Array, false)
#4 /home/vol18_1/infinityfree.com/if0_34654888/htdocs/office/codeigniter/app/Models/DailyModel.php(355): CodeIgniter\Database\BaseBuilder->insert(Array)
#5 /home/vol18_1/infinityfree.com/if0_34654888/htdocs/office/codeigniter/app/Controllers/Cinout.php(137): App\Models\DailyModel->savedc(Array, 'cinout')
#6 /home/vol18_1/infinityfree.com/if0_34654888/htdocs/office/codeigniter/system/CodeIgniter.php(933): App\Controllers\Cinout->save()
#7 /home/vol18_1/infinityfree.com/if0_34654888/htdocs/office/codeigniter/system/CodeIgniter.php(509): CodeIgniter\CodeIgniter->runController(Object(App\Controllers\Cinout))
#8 /home/vol18_1/infinityfree.com/if0_34654888/htdocs/office/codeigniter/system/CodeIgniter.php(355): CodeIgniter\CodeIgniter->handleRequest(NULL, Object(Config\Cache), false)
#9 /home/vol18_1/infinityfree.com/if0_34654888/htdocs/office/codeigniter/system/Boot.php(325): CodeIgniter\CodeIgniter->run()
#10 /home/vol18_1/infinityfree.com/if0_34654888/htdocs/office/codeigniter/system/Boot.php(67): CodeIgniter\Boot::runCodeIgniter(Object(CodeIgniter\CodeIgniter))
#11 /home/vol18_1/infinityfree.com/if0_34654888/htdocs/office/codeigniter/public/index.php(56): CodeIgniter\Boot::bootWeb(Object(Config\Paths))
#12 {main}
CRITICAL - 2024-12-16 10:00:11 --> CodeIgniter\Database\Exceptions\DatabaseException: Column 'shop' cannot be null
[Method: POST, Route: cinoutsave]
in SYSTEMPATH/Database/BaseConnection.php on line 688.
 1 SYSTEMPATH/Database/BaseBuilder.php(2340): CodeIgniter\Database\BaseConnection->query('INSERT INTO `cinout` (`shop`, `cin`, `purchase`, `purchasenot`, `local`, `foreigner`, `remark`, `userid`, `username`, `saveDate`) VALUES (:shop:, :cin:, :purchase:, :purchasenot:, :local:, :foreigner:, :remark:, :userid:, :username:, :saveDate:)', [...], false)
 2 APPPATH/Models/DailyModel.php(355): CodeIgniter\Database\BaseBuilder->insert([...])
 3 APPPATH/Controllers/Cinout.php(137): App\Models\DailyModel->savedc([...], 'cinout')
 4 SYSTEMPATH/CodeIgniter.php(933): App\Controllers\Cinout->save()
 5 SYSTEMPATH/CodeIgniter.php(509): CodeIgniter\CodeIgniter->runController(Object(App\Controllers\Cinout))
 6 SYSTEMPATH/CodeIgniter.php(355): CodeIgniter\CodeIgniter->handleRequest(null, Object(Config\Cache), false)
 7 SYSTEMPATH/Boot.php(325): CodeIgniter\CodeIgniter->run()
 8 SYSTEMPATH/Boot.php(67): CodeIgniter\Boot::runCodeIgniter(Object(CodeIgniter\CodeIgniter))
 9 FCPATH/index.php(56): CodeIgniter\Boot::bootWeb(Object(Config\Paths))
CRITICAL - 2024-12-16 10:00:11 --> [Caused by] CodeIgniter\Database\Exceptions\DatabaseException: Column 'shop' cannot be null
in SYSTEMPATH/Database/MySQLi/Connection.php on line 317.
 1 SYSTEMPATH/Database/BaseConnection.php(734): CodeIgniter\Database\MySQLi\Connection->execute('INSERT INTO `cinout` (`shop`, `cin`, `purchase`, `purchasenot`, `local`, `foreigner`, `remark`, `userid`, `username`, `saveDate`) VALUES (NULL, \'3\', 1, 0, 0, 1, \'ARABIC\', NULL, NULL, \'2024-12-16 10:00:11\')')
 2 SYSTEMPATH/Database/BaseConnection.php(648): CodeIgniter\Database\BaseConnection->simpleQuery('INSERT INTO `cinout` (`shop`, `cin`, `purchase`, `purchasenot`, `local`, `foreigner`, `remark`, `userid`, `username`, `saveDate`) VALUES (NULL, \'3\', 1, 0, 0, 1, \'ARABIC\', NULL, NULL, \'2024-12-16 10:00:11\')')
 3 SYSTEMPATH/Database/BaseBuilder.php(2340): CodeIgniter\Database\BaseConnection->query('INSERT INTO `cinout` (`shop`, `cin`, `purchase`, `purchasenot`, `local`, `foreigner`, `remark`, `userid`, `username`, `saveDate`) VALUES (:shop:, :cin:, :purchase:, :purchasenot:, :local:, :foreigner:, :remark:, :userid:, :username:, :saveDate:)', [...], false)
 4 APPPATH/Models/DailyModel.php(355): CodeIgniter\Database\BaseBuilder->insert([...])
 5 APPPATH/Controllers/Cinout.php(137): App\Models\DailyModel->savedc([...], 'cinout')
 6 SYSTEMPATH/CodeIgniter.php(933): App\Controllers\Cinout->save()
 7 SYSTEMPATH/CodeIgniter.php(509): CodeIgniter\CodeIgniter->runController(Object(App\Controllers\Cinout))
 8 SYSTEMPATH/CodeIgniter.php(355): CodeIgniter\CodeIgniter->handleRequest(null, Object(Config\Cache), false)
 9 SYSTEMPATH/Boot.php(325): CodeIgniter\CodeIgniter->run()
10 SYSTEMPATH/Boot.php(67): CodeIgniter\Boot::runCodeIgniter(Object(CodeIgniter\CodeIgniter))
11 FCPATH/index.php(56): CodeIgniter\Boot::bootWeb(Object(Config\Paths))
CRITICAL - 2024-12-16 10:00:11 --> [Caused by] mysqli_sql_exception: Column 'shop' cannot be null
in SYSTEMPATH/Database/MySQLi/Connection.php on line 312.
 1 SYSTEMPATH/Database/MySQLi/Connection.php(312): mysqli->query('INSERT INTO `cinout` (`shop`, `cin`, `purchase`, `purchasenot`, `local`, `foreigner`, `remark`, `userid`, `username`, `saveDate`) VALUES (NULL, \'3\', 1, 0, 0, 1, \'ARABIC\', NULL, NULL, \'2024-12-16 10:00:11\')', 0)
 2 SYSTEMPATH/Database/BaseConnection.php(734): CodeIgniter\Database\MySQLi\Connection->execute('INSERT INTO `cinout` (`shop`, `cin`, `purchase`, `purchasenot`, `local`, `foreigner`, `remark`, `userid`, `username`, `saveDate`) VALUES (NULL, \'3\', 1, 0, 0, 1, \'ARABIC\', NULL, NULL, \'2024-12-16 10:00:11\')')
 3 SYSTEMPATH/Database/BaseConnection.php(648): CodeIgniter\Database\BaseConnection->simpleQuery('INSERT INTO `cinout` (`shop`, `cin`, `purchase`, `purchasenot`, `local`, `foreigner`, `remark`, `userid`, `username`, `saveDate`) VALUES (NULL, \'3\', 1, 0, 0, 1, \'ARABIC\', NULL, NULL, \'2024-12-16 10:00:11\')')
 4 SYSTEMPATH/Database/BaseBuilder.php(2340): CodeIgniter\Database\BaseConnection->query('INSERT INTO `cinout` (`shop`, `cin`, `purchase`, `purchasenot`, `local`, `foreigner`, `remark`, `userid`, `username`, `saveDate`) VALUES (:shop:, :cin:, :purchase:, :purchasenot:, :local:, :foreigner:, :remark:, :userid:, :username:, :saveDate:)', [...], false)
 5 APPPATH/Models/DailyModel.php(355): CodeIgniter\Database\BaseBuilder->insert([...])
 6 APPPATH/Controllers/Cinout.php(137): App\Models\DailyModel->savedc([...], 'cinout')
 7 SYSTEMPATH/CodeIgniter.php(933): App\Controllers\Cinout->save()
 8 SYSTEMPATH/CodeIgniter.php(509): CodeIgniter\CodeIgniter->runController(Object(App\Controllers\Cinout))
 9 SYSTEMPATH/CodeIgniter.php(355): CodeIgniter\CodeIgniter->handleRequest(null, Object(Config\Cache), false)
10 SYSTEMPATH/Boot.php(325): CodeIgniter\CodeIgniter->run()
11 SYSTEMPATH/Boot.php(67): CodeIgniter\Boot::runCodeIgniter(Object(CodeIgniter\CodeIgniter))
12 FCPATH/index.php(56): CodeIgniter\Boot::bootWeb(Object(Config\Paths))
ERROR - 2024-12-16 10:00:33 --> mysqli_sql_exception: Column 'shop' cannot be null in /home/vol18_1/infinityfree.com/if0_34654888/htdocs/office/codeigniter/system/Database/MySQLi/Connection.php:312
Stack trace:
#0 /home/vol18_1/infinityfree.com/if0_34654888/htdocs/office/codeigniter/system/Database/MySQLi/Connection.php(312): mysqli->query('INSERT INTO `ci...', 0)
#1 /home/vol18_1/infinityfree.com/if0_34654888/htdocs/office/codeigniter/system/Database/BaseConnection.php(734): CodeIgniter\Database\MySQLi\Connection->execute('INSERT INTO `ci...')
#2 /home/vol18_1/infinityfree.com/if0_34654888/htdocs/office/codeigniter/system/Database/BaseConnection.php(648): CodeIgniter\Database\BaseConnection->simpleQuery('INSERT INTO `ci...')
#3 /home/vol18_1/infinityfree.com/if0_34654888/htdocs/office/codeigniter/system/Database/BaseBuilder.php(2340): CodeIgniter\Database\BaseConnection->query('INSERT INTO `ci...', Array, false)
#4 /home/vol18_1/infinityfree.com/if0_34654888/htdocs/office/codeigniter/app/Models/DailyModel.php(355): CodeIgniter\Database\BaseBuilder->insert(Array)
#5 /home/vol18_1/infinityfree.com/if0_34654888/htdocs/office/codeigniter/app/Controllers/Cinout.php(137): App\Models\DailyModel->savedc(Array, 'cinout')
#6 /home/vol18_1/infinityfree.com/if0_34654888/htdocs/office/codeigniter/system/CodeIgniter.php(933): App\Controllers\Cinout->save()
#7 /home/vol18_1/infinityfree.com/if0_34654888/htdocs/office/codeigniter/system/CodeIgniter.php(509): CodeIgniter\CodeIgniter->runController(Object(App\Controllers\Cinout))
#8 /home/vol18_1/infinityfree.com/if0_34654888/htdocs/office/codeigniter/system/CodeIgniter.php(355): CodeIgniter\CodeIgniter->handleRequest(NULL, Object(Config\Cache), false)
#9 /home/vol18_1/infinityfree.com/if0_34654888/htdocs/office/codeigniter/system/Boot.php(325): CodeIgniter\CodeIgniter->run()
#10 /home/vol18_1/infinityfree.com/if0_34654888/htdocs/office/codeigniter/system/Boot.php(67): CodeIgniter\Boot::runCodeIgniter(Object(CodeIgniter\CodeIgniter))
#11 /home/vol18_1/infinityfree.com/if0_34654888/htdocs/office/codeigniter/public/index.php(56): CodeIgniter\Boot::bootWeb(Object(Config\Paths))
#12 {main}
CRITICAL - 2024-12-16 10:00:33 --> CodeIgniter\Database\Exceptions\DatabaseException: Column 'shop' cannot be null
[Method: POST, Route: cinoutsave]
in SYSTEMPATH/Database/BaseConnection.php on line 688.
 1 SYSTEMPATH/Database/BaseBuilder.php(2340): CodeIgniter\Database\BaseConnection->query('INSERT INTO `cinout` (`shop`, `cin`, `purchase`, `purchasenot`, `local`, `foreigner`, `remark`, `userid`, `username`, `saveDate`) VALUES (:shop:, :cin:, :purchase:, :purchasenot:, :local:, :foreigner:, :remark:, :userid:, :username:, :saveDate:)', [...], false)
 2 APPPATH/Models/DailyModel.php(355): CodeIgniter\Database\BaseBuilder->insert([...])
 3 APPPATH/Controllers/Cinout.php(137): App\Models\DailyModel->savedc([...], 'cinout')
 4 SYSTEMPATH/CodeIgniter.php(933): App\Controllers\Cinout->save()
 5 SYSTEMPATH/CodeIgniter.php(509): CodeIgniter\CodeIgniter->runController(Object(App\Controllers\Cinout))
 6 SYSTEMPATH/CodeIgniter.php(355): CodeIgniter\CodeIgniter->handleRequest(null, Object(Config\Cache), false)
 7 SYSTEMPATH/Boot.php(325): CodeIgniter\CodeIgniter->run()
 8 SYSTEMPATH/Boot.php(67): CodeIgniter\Boot::runCodeIgniter(Object(CodeIgniter\CodeIgniter))
 9 FCPATH/index.php(56): CodeIgniter\Boot::bootWeb(Object(Config\Paths))
CRITICAL - 2024-12-16 10:00:33 --> [Caused by] CodeIgniter\Database\Exceptions\DatabaseException: Column 'shop' cannot be null
in SYSTEMPATH/Database/MySQLi/Connection.php on line 317.
 1 SYSTEMPATH/Database/BaseConnection.php(734): CodeIgniter\Database\MySQLi\Connection->execute('INSERT INTO `cinout` (`shop`, `cin`, `purchase`, `purchasenot`, `local`, `foreigner`, `remark`, `userid`, `username`, `saveDate`) VALUES (NULL, \'2\', 0, 1, 0, 1, \'JUST TRY\', NULL, NULL, \'2024-12-16 10:00:33\')')
 2 SYSTEMPATH/Database/BaseConnection.php(648): CodeIgniter\Database\BaseConnection->simpleQuery('INSERT INTO `cinout` (`shop`, `cin`, `purchase`, `purchasenot`, `local`, `foreigner`, `remark`, `userid`, `username`, `saveDate`) VALUES (NULL, \'2\', 0, 1, 0, 1, \'JUST TRY\', NULL, NULL, \'2024-12-16 10:00:33\')')
 3 SYSTEMPATH/Database/BaseBuilder.php(2340): CodeIgniter\Database\BaseConnection->query('INSERT INTO `cinout` (`shop`, `cin`, `purchase`, `purchasenot`, `local`, `foreigner`, `remark`, `userid`, `username`, `saveDate`) VALUES (:shop:, :cin:, :purchase:, :purchasenot:, :local:, :foreigner:, :remark:, :userid:, :username:, :saveDate:)', [...], false)
 4 APPPATH/Models/DailyModel.php(355): CodeIgniter\Database\BaseBuilder->insert([...])
 5 APPPATH/Controllers/Cinout.php(137): App\Models\DailyModel->savedc([...], 'cinout')
 6 SYSTEMPATH/CodeIgniter.php(933): App\Controllers\Cinout->save()
 7 SYSTEMPATH/CodeIgniter.php(509): CodeIgniter\CodeIgniter->runController(Object(App\Controllers\Cinout))
 8 SYSTEMPATH/CodeIgniter.php(355): CodeIgniter\CodeIgniter->handleRequest(null, Object(Config\Cache), false)
 9 SYSTEMPATH/Boot.php(325): CodeIgniter\CodeIgniter->run()
10 SYSTEMPATH/Boot.php(67): CodeIgniter\Boot::runCodeIgniter(Object(CodeIgniter\CodeIgniter))
11 FCPATH/index.php(56): CodeIgniter\Boot::bootWeb(Object(Config\Paths))
CRITICAL - 2024-12-16 10:00:33 --> [Caused by] mysqli_sql_exception: Column 'shop' cannot be null
in SYSTEMPATH/Database/MySQLi/Connection.php on line 312.
 1 SYSTEMPATH/Database/MySQLi/Connection.php(312): mysqli->query('INSERT INTO `cinout` (`shop`, `cin`, `purchase`, `purchasenot`, `local`, `foreigner`, `remark`, `userid`, `username`, `saveDate`) VALUES (NULL, \'2\', 0, 1, 0, 1, \'JUST TRY\', NULL, NULL, \'2024-12-16 10:00:33\')', 0)
 2 SYSTEMPATH/Database/BaseConnection.php(734): CodeIgniter\Database\MySQLi\Connection->execute('INSERT INTO `cinout` (`shop`, `cin`, `purchase`, `purchasenot`, `local`, `foreigner`, `remark`, `userid`, `username`, `saveDate`) VALUES (NULL, \'2\', 0, 1, 0, 1, \'JUST TRY\', NULL, NULL, \'2024-12-16 10:00:33\')')
 3 SYSTEMPATH/Database/BaseConnection.php(648): CodeIgniter\Database\BaseConnection->simpleQuery('INSERT INTO `cinout` (`shop`, `cin`, `purchase`, `purchasenot`, `local`, `foreigner`, `remark`, `userid`, `username`, `saveDate`) VALUES (NULL, \'2\', 0, 1, 0, 1, \'JUST TRY\', NULL, NULL, \'2024-12-16 10:00:33\')')
 4 SYSTEMPATH/Database/BaseBuilder.php(2340): CodeIgniter\Database\BaseConnection->query('INSERT INTO `cinout` (`shop`, `cin`, `purchase`, `purchasenot`, `local`, `foreigner`, `remark`, `userid`, `username`, `saveDate`) VALUES (:shop:, :cin:, :purchase:, :purchasenot:, :local:, :foreigner:, :remark:, :userid:, :username:, :saveDate:)', [...], false)
 5 APPPATH/Models/DailyModel.php(355): CodeIgniter\Database\BaseBuilder->insert([...])
 6 APPPATH/Controllers/Cinout.php(137): App\Models\DailyModel->savedc([...], 'cinout')
 7 SYSTEMPATH/CodeIgniter.php(933): App\Controllers\Cinout->save()
 8 SYSTEMPATH/CodeIgniter.php(509): CodeIgniter\CodeIgniter->runController(Object(App\Controllers\Cinout))
 9 SYSTEMPATH/CodeIgniter.php(355): CodeIgniter\CodeIgniter->handleRequest(null, Object(Config\Cache), false)
10 SYSTEMPATH/Boot.php(325): CodeIgniter\CodeIgniter->run()
11 SYSTEMPATH/Boot.php(67): CodeIgniter\Boot::runCodeIgniter(Object(CodeIgniter\CodeIgniter))
12 FCPATH/index.php(56): CodeIgniter\Boot::bootWeb(Object(Config\Paths))
ERROR - 2024-12-16 10:00:36 --> mysqli_sql_exception: Column 'shop' cannot be null in /home/vol18_1/infinityfree.com/if0_34654888/htdocs/office/codeigniter/system/Database/MySQLi/Connection.php:312
Stack trace:
#0 /home/vol18_1/infinityfree.com/if0_34654888/htdocs/office/codeigniter/system/Database/MySQLi/Connection.php(312): mysqli->query('INSERT INTO `ci...', 0)
#1 /home/vol18_1/infinityfree.com/if0_34654888/htdocs/office/codeigniter/system/Database/BaseConnection.php(734): CodeIgniter\Database\MySQLi\Connection->execute('INSERT INTO `ci...')
#2 /home/vol18_1/infinityfree.com/if0_34654888/htdocs/office/codeigniter/system/Database/BaseConnection.php(648): CodeIgniter\Database\BaseConnection->simpleQuery('INSERT INTO `ci...')
#3 /home/vol18_1/infinityfree.com/if0_34654888/htdocs/office/codeigniter/system/Database/BaseBuilder.php(2340): CodeIgniter\Database\BaseConnection->query('INSERT INTO `ci...', Array, false)
#4 /home/vol18_1/infinityfree.com/if0_34654888/htdocs/office/codeigniter/app/Models/DailyModel.php(355): CodeIgniter\Database\BaseBuilder->insert(Array)
#5 /home/vol18_1/infinityfree.com/if0_34654888/htdocs/office/codeigniter/app/Controllers/Cinout.php(137): App\Models\DailyModel->savedc(Array, 'cinout')
#6 /home/vol18_1/infinityfree.com/if0_34654888/htdocs/office/codeigniter/system/CodeIgniter.php(933): App\Controllers\Cinout->save()
#7 /home/vol18_1/infinityfree.com/if0_34654888/htdocs/office/codeigniter/system/CodeIgniter.php(509): CodeIgniter\CodeIgniter->runController(Object(App\Controllers\Cinout))
#8 /home/vol18_1/infinityfree.com/if0_34654888/htdocs/office/codeigniter/system/CodeIgniter.php(355): CodeIgniter\CodeIgniter->handleRequest(NULL, Object(Config\Cache), false)
#9 /home/vol18_1/infinityfree.com/if0_34654888/htdocs/office/codeigniter/system/Boot.php(325): CodeIgniter\CodeIgniter->run()
#10 /home/vol18_1/infinityfree.com/if0_34654888/htdocs/office/codeigniter/system/Boot.php(67): CodeIgniter\Boot::runCodeIgniter(Object(CodeIgniter\CodeIgniter))
#11 /home/vol18_1/infinityfree.com/if0_34654888/htdocs/office/codeigniter/public/index.php(56): CodeIgniter\Boot::bootWeb(Object(Config\Paths))
#12 {main}
CRITICAL - 2024-12-16 10:00:36 --> CodeIgniter\Database\Exceptions\DatabaseException: Column 'shop' cannot be null
[Method: POST, Route: cinoutsave]
in SYSTEMPATH/Database/BaseConnection.php on line 688.
 1 SYSTEMPATH/Database/BaseBuilder.php(2340): CodeIgniter\Database\BaseConnection->query('INSERT INTO `cinout` (`shop`, `cin`, `purchase`, `purchasenot`, `local`, `foreigner`, `remark`, `userid`, `username`, `saveDate`) VALUES (:shop:, :cin:, :purchase:, :purchasenot:, :local:, :foreigner:, :remark:, :userid:, :username:, :saveDate:)', [...], false)
 2 APPPATH/Models/DailyModel.php(355): CodeIgniter\Database\BaseBuilder->insert([...])
 3 APPPATH/Controllers/Cinout.php(137): App\Models\DailyModel->savedc([...], 'cinout')
 4 SYSTEMPATH/CodeIgniter.php(933): App\Controllers\Cinout->save()
 5 SYSTEMPATH/CodeIgniter.php(509): CodeIgniter\CodeIgniter->runController(Object(App\Controllers\Cinout))
 6 SYSTEMPATH/CodeIgniter.php(355): CodeIgniter\CodeIgniter->handleRequest(null, Object(Config\Cache), false)
 7 SYSTEMPATH/Boot.php(325): CodeIgniter\CodeIgniter->run()
 8 SYSTEMPATH/Boot.php(67): CodeIgniter\Boot::runCodeIgniter(Object(CodeIgniter\CodeIgniter))
 9 FCPATH/index.php(56): CodeIgniter\Boot::bootWeb(Object(Config\Paths))
CRITICAL - 2024-12-16 10:00:36 --> [Caused by] CodeIgniter\Database\Exceptions\DatabaseException: Column 'shop' cannot be null
in SYSTEMPATH/Database/MySQLi/Connection.php on line 317.
 1 SYSTEMPATH/Database/BaseConnection.php(734): CodeIgniter\Database\MySQLi\Connection->execute('INSERT INTO `cinout` (`shop`, `cin`, `purchase`, `purchasenot`, `local`, `foreigner`, `remark`, `userid`, `username`, `saveDate`) VALUES (NULL, \'2\', 0, 1, 0, 1, \'JUST TRY\', NULL, NULL, \'2024-12-16 10:00:36\')')
 2 SYSTEMPATH/Database/BaseConnection.php(648): CodeIgniter\Database\BaseConnection->simpleQuery('INSERT INTO `cinout` (`shop`, `cin`, `purchase`, `purchasenot`, `local`, `foreigner`, `remark`, `userid`, `username`, `saveDate`) VALUES (NULL, \'2\', 0, 1, 0, 1, \'JUST TRY\', NULL, NULL, \'2024-12-16 10:00:36\')')
 3 SYSTEMPATH/Database/BaseBuilder.php(2340): CodeIgniter\Database\BaseConnection->query('INSERT INTO `cinout` (`shop`, `cin`, `purchase`, `purchasenot`, `local`, `foreigner`, `remark`, `userid`, `username`, `saveDate`) VALUES (:shop:, :cin:, :purchase:, :purchasenot:, :local:, :foreigner:, :remark:, :userid:, :username:, :saveDate:)', [...], false)
 4 APPPATH/Models/DailyModel.php(355): CodeIgniter\Database\BaseBuilder->insert([...])
 5 APPPATH/Controllers/Cinout.php(137): App\Models\DailyModel->savedc([...], 'cinout')
 6 SYSTEMPATH/CodeIgniter.php(933): App\Controllers\Cinout->save()
 7 SYSTEMPATH/CodeIgniter.php(509): CodeIgniter\CodeIgniter->runController(Object(App\Controllers\Cinout))
 8 SYSTEMPATH/CodeIgniter.php(355): CodeIgniter\CodeIgniter->handleRequest(null, Object(Config\Cache), false)
 9 SYSTEMPATH/Boot.php(325): CodeIgniter\CodeIgniter->run()
10 SYSTEMPATH/Boot.php(67): CodeIgniter\Boot::runCodeIgniter(Object(CodeIgniter\CodeIgniter))
11 FCPATH/index.php(56): CodeIgniter\Boot::bootWeb(Object(Config\Paths))
CRITICAL - 2024-12-16 10:00:36 --> [Caused by] mysqli_sql_exception: Column 'shop' cannot be null
in SYSTEMPATH/Database/MySQLi/Connection.php on line 312.
 1 SYSTEMPATH/Database/MySQLi/Connection.php(312): mysqli->query('INSERT INTO `cinout` (`shop`, `cin`, `purchase`, `purchasenot`, `local`, `foreigner`, `remark`, `userid`, `username`, `saveDate`) VALUES (NULL, \'2\', 0, 1, 0, 1, \'JUST TRY\', NULL, NULL, \'2024-12-16 10:00:36\')', 0)
 2 SYSTEMPATH/Database/BaseConnection.php(734): CodeIgniter\Database\MySQLi\Connection->execute('INSERT INTO `cinout` (`shop`, `cin`, `purchase`, `purchasenot`, `local`, `foreigner`, `remark`, `userid`, `username`, `saveDate`) VALUES (NULL, \'2\', 0, 1, 0, 1, \'JUST TRY\', NULL, NULL, \'2024-12-16 10:00:36\')')
 3 SYSTEMPATH/Database/BaseConnection.php(648): CodeIgniter\Database\BaseConnection->simpleQuery('INSERT INTO `cinout` (`shop`, `cin`, `purchase`, `purchasenot`, `local`, `foreigner`, `remark`, `userid`, `username`, `saveDate`) VALUES (NULL, \'2\', 0, 1, 0, 1, \'JUST TRY\', NULL, NULL, \'2024-12-16 10:00:36\')')
 4 SYSTEMPATH/Database/BaseBuilder.php(2340): CodeIgniter\Database\BaseConnection->query('INSERT INTO `cinout` (`shop`, `cin`, `purchase`, `purchasenot`, `local`, `foreigner`, `remark`, `userid`, `username`, `saveDate`) VALUES (:shop:, :cin:, :purchase:, :purchasenot:, :local:, :foreigner:, :remark:, :userid:, :username:, :saveDate:)', [...], false)
 5 APPPATH/Models/DailyModel.php(355): CodeIgniter\Database\BaseBuilder->insert([...])
 6 APPPATH/Controllers/Cinout.php(137): App\Models\DailyModel->savedc([...], 'cinout')
 7 SYSTEMPATH/CodeIgniter.php(933): App\Controllers\Cinout->save()
 8 SYSTEMPATH/CodeIgniter.php(509): CodeIgniter\CodeIgniter->runController(Object(App\Controllers\Cinout))
 9 SYSTEMPATH/CodeIgniter.php(355): CodeIgniter\CodeIgniter->handleRequest(null, Object(Config\Cache), false)
10 SYSTEMPATH/Boot.php(325): CodeIgniter\CodeIgniter->run()
11 SYSTEMPATH/Boot.php(67): CodeIgniter\Boot::runCodeIgniter(Object(CodeIgniter\CodeIgniter))
12 FCPATH/index.php(56): CodeIgniter\Boot::bootWeb(Object(Config\Paths))
ERROR - 2024-12-16 10:00:37 --> mysqli_sql_exception: Column 'shop' cannot be null in /home/vol18_1/infinityfree.com/if0_34654888/htdocs/office/codeigniter/system/Database/MySQLi/Connection.php:312
Stack trace:
#0 /home/vol18_1/infinityfree.com/if0_34654888/htdocs/office/codeigniter/system/Database/MySQLi/Connection.php(312): mysqli->query('INSERT INTO `ci...', 0)
#1 /home/vol18_1/infinityfree.com/if0_34654888/htdocs/office/codeigniter/system/Database/BaseConnection.php(734): CodeIgniter\Database\MySQLi\Connection->execute('INSERT INTO `ci...')
#2 /home/vol18_1/infinityfree.com/if0_34654888/htdocs/office/codeigniter/system/Database/BaseConnection.php(648): CodeIgniter\Database\BaseConnection->simpleQuery('INSERT INTO `ci...')
#3 /home/vol18_1/infinityfree.com/if0_34654888/htdocs/office/codeigniter/system/Database/BaseBuilder.php(2340): CodeIgniter\Database\BaseConnection->query('INSERT INTO `ci...', Array, false)
#4 /home/vol18_1/infinityfree.com/if0_34654888/htdocs/office/codeigniter/app/Models/DailyModel.php(355): CodeIgniter\Database\BaseBuilder->insert(Array)
#5 /home/vol18_1/infinityfree.com/if0_34654888/htdocs/office/codeigniter/app/Controllers/Cinout.php(137): App\Models\DailyModel->savedc(Array, 'cinout')
#6 /home/vol18_1/infinityfree.com/if0_34654888/htdocs/office/codeigniter/system/CodeIgniter.php(933): App\Controllers\Cinout->save()
#7 /home/vol18_1/infinityfree.com/if0_34654888/htdocs/office/codeigniter/system/CodeIgniter.php(509): CodeIgniter\CodeIgniter->runController(Object(App\Controllers\Cinout))
#8 /home/vol18_1/infinityfree.com/if0_34654888/htdocs/office/codeigniter/system/CodeIgniter.php(355): CodeIgniter\CodeIgniter->handleRequest(NULL, Object(Config\Cache), false)
#9 /home/vol18_1/infinityfree.com/if0_34654888/htdocs/office/codeigniter/system/Boot.php(325): CodeIgniter\CodeIgniter->run()
#10 /home/vol18_1/infinityfree.com/if0_34654888/htdocs/office/codeigniter/system/Boot.php(67): CodeIgniter\Boot::runCodeIgniter(Object(CodeIgniter\CodeIgniter))
#11 /home/vol18_1/infinityfree.com/if0_34654888/htdocs/office/codeigniter/public/index.php(56): CodeIgniter\Boot::bootWeb(Object(Config\Paths))
#12 {main}
CRITICAL - 2024-12-16 10:00:37 --> CodeIgniter\Database\Exceptions\DatabaseException: Column 'shop' cannot be null
[Method: POST, Route: cinoutsave]
in SYSTEMPATH/Database/BaseConnection.php on line 688.
 1 SYSTEMPATH/Database/BaseBuilder.php(2340): CodeIgniter\Database\BaseConnection->query('INSERT INTO `cinout` (`shop`, `cin`, `purchase`, `purchasenot`, `local`, `foreigner`, `remark`, `userid`, `username`, `saveDate`) VALUES (:shop:, :cin:, :purchase:, :purchasenot:, :local:, :foreigner:, :remark:, :userid:, :username:, :saveDate:)', [...], false)
 2 APPPATH/Models/DailyModel.php(355): CodeIgniter\Database\BaseBuilder->insert([...])
 3 APPPATH/Controllers/Cinout.php(137): App\Models\DailyModel->savedc([...], 'cinout')
 4 SYSTEMPATH/CodeIgniter.php(933): App\Controllers\Cinout->save()
 5 SYSTEMPATH/CodeIgniter.php(509): CodeIgniter\CodeIgniter->runController(Object(App\Controllers\Cinout))
 6 SYSTEMPATH/CodeIgniter.php(355): CodeIgniter\CodeIgniter->handleRequest(null, Object(Config\Cache), false)
 7 SYSTEMPATH/Boot.php(325): CodeIgniter\CodeIgniter->run()
 8 SYSTEMPATH/Boot.php(67): CodeIgniter\Boot::runCodeIgniter(Object(CodeIgniter\CodeIgniter))
 9 FCPATH/index.php(56): CodeIgniter\Boot::bootWeb(Object(Config\Paths))
CRITICAL - 2024-12-16 10:00:37 --> [Caused by] CodeIgniter\Database\Exceptions\DatabaseException: Column 'shop' cannot be null
in SYSTEMPATH/Database/MySQLi/Connection.php on line 317.
 1 SYSTEMPATH/Database/BaseConnection.php(734): CodeIgniter\Database\MySQLi\Connection->execute('INSERT INTO `cinout` (`shop`, `cin`, `purchase`, `purchasenot`, `local`, `foreigner`, `remark`, `userid`, `username`, `saveDate`) VALUES (NULL, \'2\', 0, 1, 0, 1, \'JUST TRY\', NULL, NULL, \'2024-12-16 10:00:37\')')
 2 SYSTEMPATH/Database/BaseConnection.php(648): CodeIgniter\Database\BaseConnection->simpleQuery('INSERT INTO `cinout` (`shop`, `cin`, `purchase`, `purchasenot`, `local`, `foreigner`, `remark`, `userid`, `username`, `saveDate`) VALUES (NULL, \'2\', 0, 1, 0, 1, \'JUST TRY\', NULL, NULL, \'2024-12-16 10:00:37\')')
 3 SYSTEMPATH/Database/BaseBuilder.php(2340): CodeIgniter\Database\BaseConnection->query('INSERT INTO `cinout` (`shop`, `cin`, `purchase`, `purchasenot`, `local`, `foreigner`, `remark`, `userid`, `username`, `saveDate`) VALUES (:shop:, :cin:, :purchase:, :purchasenot:, :local:, :foreigner:, :remark:, :userid:, :username:, :saveDate:)', [...], false)
 4 APPPATH/Models/DailyModel.php(355): CodeIgniter\Database\BaseBuilder->insert([...])
 5 APPPATH/Controllers/Cinout.php(137): App\Models\DailyModel->savedc([...], 'cinout')
 6 SYSTEMPATH/CodeIgniter.php(933): App\Controllers\Cinout->save()
 7 SYSTEMPATH/CodeIgniter.php(509): CodeIgniter\CodeIgniter->runController(Object(App\Controllers\Cinout))
 8 SYSTEMPATH/CodeIgniter.php(355): CodeIgniter\CodeIgniter->handleRequest(null, Object(Config\Cache), false)
 9 SYSTEMPATH/Boot.php(325): CodeIgniter\CodeIgniter->run()
10 SYSTEMPATH/Boot.php(67): CodeIgniter\Boot::runCodeIgniter(Object(CodeIgniter\CodeIgniter))
11 FCPATH/index.php(56): CodeIgniter\Boot::bootWeb(Object(Config\Paths))
CRITICAL - 2024-12-16 10:00:37 --> [Caused by] mysqli_sql_exception: Column 'shop' cannot be null
in SYSTEMPATH/Database/MySQLi/Connection.php on line 312.
 1 SYSTEMPATH/Database/MySQLi/Connection.php(312): mysqli->query('INSERT INTO `cinout` (`shop`, `cin`, `purchase`, `purchasenot`, `local`, `foreigner`, `remark`, `userid`, `username`, `saveDate`) VALUES (NULL, \'2\', 0, 1, 0, 1, \'JUST TRY\', NULL, NULL, \'2024-12-16 10:00:37\')', 0)
 2 SYSTEMPATH/Database/BaseConnection.php(734): CodeIgniter\Database\MySQLi\Connection->execute('INSERT INTO `cinout` (`shop`, `cin`, `purchase`, `purchasenot`, `local`, `foreigner`, `remark`, `userid`, `username`, `saveDate`) VALUES (NULL, \'2\', 0, 1, 0, 1, \'JUST TRY\', NULL, NULL, \'2024-12-16 10:00:37\')')
 3 SYSTEMPATH/Database/BaseConnection.php(648): CodeIgniter\Database\BaseConnection->simpleQuery('INSERT INTO `cinout` (`shop`, `cin`, `purchase`, `purchasenot`, `local`, `foreigner`, `remark`, `userid`, `username`, `saveDate`) VALUES (NULL, \'2\', 0, 1, 0, 1, \'JUST TRY\', NULL, NULL, \'2024-12-16 10:00:37\')')
 4 SYSTEMPATH/Database/BaseBuilder.php(2340): CodeIgniter\Database\BaseConnection->query('INSERT INTO `cinout` (`shop`, `cin`, `purchase`, `purchasenot`, `local`, `foreigner`, `remark`, `userid`, `username`, `saveDate`) VALUES (:shop:, :cin:, :purchase:, :purchasenot:, :local:, :foreigner:, :remark:, :userid:, :username:, :saveDate:)', [...], false)
 5 APPPATH/Models/DailyModel.php(355): CodeIgniter\Database\BaseBuilder->insert([...])
 6 APPPATH/Controllers/Cinout.php(137): App\Models\DailyModel->savedc([...], 'cinout')
 7 SYSTEMPATH/CodeIgniter.php(933): App\Controllers\Cinout->save()
 8 SYSTEMPATH/CodeIgniter.php(509): CodeIgniter\CodeIgniter->runController(Object(App\Controllers\Cinout))
 9 SYSTEMPATH/CodeIgniter.php(355): CodeIgniter\CodeIgniter->handleRequest(null, Object(Config\Cache), false)
10 SYSTEMPATH/Boot.php(325): CodeIgniter\CodeIgniter->run()
11 SYSTEMPATH/Boot.php(67): CodeIgniter\Boot::runCodeIgniter(Object(CodeIgniter\CodeIgniter))
12 FCPATH/index.php(56): CodeIgniter\Boot::bootWeb(Object(Config\Paths))
ERROR - 2024-12-16 12:00:05 --> Error connecting to the database: mysqli_sql_exception: Connection refused in /home/vol18_1/infinityfree.com/if0_34654888/htdocs/office/codeigniter/system/Database/MySQLi/Connection.php:186
Stack trace:
#0 /home/vol18_1/infinityfree.com/if0_34654888/htdocs/office/codeigniter/system/Database/MySQLi/Connection.php(186): mysqli->real_connect('sql101.infinity...', 'if0_34654888', Object(SensitiveParameterValue), 'if0_34654888_in...', 3306, '', 0)
#1 /home/vol18_1/infinityfree.com/if0_34654888/htdocs/office/codeigniter/system/Database/BaseConnection.php(421): CodeIgniter\Database\MySQLi\Connection->connect(false)
#2 /home/vol18_1/infinityfree.com/if0_34654888/htdocs/office/codeigniter/system/Database/BaseConnection.php(616): CodeIgniter\Database\BaseConnection->initialize()
#3 /home/vol18_1/infinityfree.com/if0_34654888/htdocs/office/codeigniter/system/Database/BaseBuilder.php(2340): CodeIgniter\Database\BaseConnection->query('INSERT INTO `ci...', Array, false)
#4 /home/vol18_1/infinityfree.com/if0_34654888/htdocs/office/codeigniter/app/Models/DailyModel.php(355): CodeIgniter\Database\BaseBuilder->insert(Array)
#5 /home/vol18_1/infinityfree.com/if0_34654888/htdocs/office/codeigniter/app/Controllers/Cinout.php(137): App\Models\DailyModel->savedc(Array, 'cinout')
#6 /home/vol18_1/infinityfree.com/if0_34654888/htdocs/office/codeigniter/system/CodeIgniter.php(933): App\Controllers\Cinout->save()
#7 /home/vol18_1/infinityfree.com/if0_34654888/htdocs/office/codeigniter/system/CodeIgniter.php(509): CodeIgniter\CodeIgniter->runController(Object(App\Controllers\Cinout))
#8 /home/vol18_1/infinityfree.com/if0_34654888/htdocs/office/codeigniter/system/CodeIgniter.php(355): CodeIgniter\CodeIgniter->handleRequest(NULL, Object(Config\Cache), false)
#9 /home/vol18_1/infinityfree.com/if0_34654888/htdocs/office/codeigniter/system/Boot.php(325): CodeIgniter\CodeIgniter->run()
#10 /home/vol18_1/infinityfree.com/if0_34654888/htdocs/office/codeigniter/system/Boot.php(67): CodeIgniter\Boot::runCodeIgniter(Object(CodeIgniter\CodeIgniter))
#11 /home/vol18_1/infinityfree.com/if0_34654888/htdocs/office/codeigniter/public/index.php(56): CodeIgniter\Boot::bootWeb(Object(Config\Paths))
#12 {main}

Next CodeIgniter\Database\Exceptions\DatabaseException: Connection refused in /home/vol18_1/infinityfree.com/if0_34654888/htdocs/office/codeigniter/system/Database/MySQLi/Connection.php:231
Stack trace:
#0 /home/vol18_1/infinityfree.com/if0_34654888/htdocs/office/codeigniter/system/Database/BaseConnection.php(421): CodeIgniter\Database\MySQLi\Connection->connect(false)
#1 /home/vol18_1/infinityfree.com/if0_34654888/htdocs/office/codeigniter/system/Database/BaseConnection.php(616): CodeIgniter\Database\BaseConnection->initialize()
#2 /home/vol18_1/infinityfree.com/if0_34654888/htdocs/office/codeigniter/system/Database/BaseBuilder.php(2340): CodeIgniter\Database\BaseConnection->query('INSERT INTO `ci...', Array, false)
#3 /home/vol18_1/infinityfree.com/if0_34654888/htdocs/office/codeigniter/app/Models/DailyModel.php(355): CodeIgniter\Database\BaseBuilder->insert(Array)
#4 /home/vol18_1/infinityfree.com/if0_34654888/htdocs/office/codeigniter/app/Controllers/Cinout.php(137): App\Models\DailyModel->savedc(Array, 'cinout')
#5 /home/vol18_1/infinityfree.com/if0_34654888/htdocs/office/codeigniter/system/CodeIgniter.php(933): App\Controllers\Cinout->save()
#6 /home/vol18_1/infinityfree.com/if0_34654888/htdocs/office/codeigniter/system/CodeIgniter.php(509): CodeIgniter\CodeIgniter->runController(Object(App\Controllers\Cinout))
#7 /home/vol18_1/infinityfree.com/if0_34654888/htdocs/office/codeigniter/system/CodeIgniter.php(355): CodeIgniter\CodeIgniter->handleRequest(NULL, Object(Config\Cache), false)
#8 /home/vol18_1/infinityfree.com/if0_34654888/htdocs/office/codeigniter/system/Boot.php(325): CodeIgniter\CodeIgniter->run()
#9 /home/vol18_1/infinityfree.com/if0_34654888/htdocs/office/codeigniter/system/Boot.php(67): CodeIgniter\Boot::runCodeIgniter(Object(CodeIgniter\CodeIgniter))
#10 /home/vol18_1/infinityfree.com/if0_34654888/htdocs/office/codeigniter/public/index.php(56): CodeIgniter\Boot::bootWeb(Object(Config\Paths))
#11 {main}
CRITICAL - 2024-12-16 12:00:05 --> CodeIgniter\Database\Exceptions\DatabaseException: Unable to connect to the database.
Main connection [MySQLi]: Connection refused
[Method: POST, Route: cinoutsave]
in SYSTEMPATH/Database/BaseConnection.php on line 467.
 1 SYSTEMPATH/Database/BaseConnection.php(616): CodeIgniter\Database\BaseConnection->initialize()
 2 SYSTEMPATH/Database/BaseBuilder.php(2340): CodeIgniter\Database\BaseConnection->query('INSERT INTO `cinout` (`shop`, `cin`, `purchase`, `purchasenot`, `local`, `foreigner`, `remark`, `userid`, `username`, `saveDate`) VALUES (:shop:, :cin:, :purchase:, :purchasenot:, :local:, :foreigner:, :remark:, :userid:, :username:, :saveDate:)', [...], false)
 3 APPPATH/Models/DailyModel.php(355): CodeIgniter\Database\BaseBuilder->insert([...])
 4 APPPATH/Controllers/Cinout.php(137): App\Models\DailyModel->savedc([...], 'cinout')
 5 SYSTEMPATH/CodeIgniter.php(933): App\Controllers\Cinout->save()
 6 SYSTEMPATH/CodeIgniter.php(509): CodeIgniter\CodeIgniter->runController(Object(App\Controllers\Cinout))
 7 SYSTEMPATH/CodeIgniter.php(355): CodeIgniter\CodeIgniter->handleRequest(null, Object(Config\Cache), false)
 8 SYSTEMPATH/Boot.php(325): CodeIgniter\CodeIgniter->run()
 9 SYSTEMPATH/Boot.php(67): CodeIgniter\Boot::runCodeIgniter(Object(CodeIgniter\CodeIgniter))
10 FCPATH/index.php(56): CodeIgniter\Boot::bootWeb(Object(Config\Paths))
