CRITICAL - 2024-09-07 02:35:59 --> ErrorException: Undefined array key "thead"
[Method: GET, Route: printpdf/159]
in APPPATH\ThirdParty\tcpdf\tcpdf.php on line 16549.
 1 APPPATH\ThirdParty\tcpdf\tcpdf.php(16549): CodeIgniter\Debug\Exceptions->errorHandler(2, 'Undefined array key "thead"', 'C:\\updated\\htdocs\\codeigniter\\app\\ThirdParty\\tcpdf\\tcpdf.php', 16549)
 2 APPPATH\ThirdParty\tcpdf\tcpdf.php(17263): TCPDF->getHtmlDomArray('<table cellspacing="0" cellpadding="1" border="1"><tr><td COLSPAN="2">BUY&SAVE NIGHTLY SALES RECORD<marker style="font-size:0"/></td></tr><tr><td>SHOP NAME:<marker style="font-size:0"/></td><td><marker style="font-size:0"/></td></tr><tr><td>DATE:<marker style="font-size:0"/></td><td><marker style="font-size:0"/></td></tr> tr><td>TOTAL SALES:<marker style="font-size:0"/></td><td><marker style="font-size:0"/></td></tr> tr><td>CARD:<marker style="font-size:0"/></td><td><marker style="font-size:0"/></td></tr> tr><td>CASH:<marker style="font-size:0"/></td><td><marker style="font-size:0"/></td></tr></table>')
 3 APPPATH\Controllers\printpdf.php(100): TCPDF->writeHTML('<table cellspacing="0" cellpadding="1" border="1">
	<tr>
		<td COLSPAN="2">BUY&SAVE NIGHTLY SALES RECORD</td>
	</tr>
	<tr>
		<td>SHOP NAME:</td>
		<td></td>
	</tr>
	<tr>
		<td>DATE:</td>
		<td></td>
	</tr>
	tr>
		<td>TOTAL SALES:</td>
		<td></td>
	</tr>
	tr>
		<td>CARD:</td>
		<td></td>
	</tr>
	tr>
		<td>CASH:</td>
		<td></td>
	</tr>
</table>', true, false, false, false, '')
 4 SYSTEMPATH\CodeIgniter.php(933): App\Controllers\Printpdf->index('159')
 5 SYSTEMPATH\CodeIgniter.php(509): CodeIgniter\CodeIgniter->runController(Object(App\Controllers\Printpdf))
 6 SYSTEMPATH\CodeIgniter.php(355): CodeIgniter\CodeIgniter->handleRequest(null, Object(Config\Cache), false)
 7 SYSTEMPATH\Boot.php(325): CodeIgniter\CodeIgniter->run()
 8 SYSTEMPATH\Boot.php(67): CodeIgniter\Boot::runCodeIgniter(Object(CodeIgniter\CodeIgniter))
 9 FCPATH\index.php(56): CodeIgniter\Boot::bootWeb(Object(Config\Paths))
CRITICAL - 2024-09-07 02:36:00 --> ErrorException: Undefined array key "thead"
[Method: GET, Route: printpdf/159]
in APPPATH\ThirdParty\tcpdf\tcpdf.php on line 16549.
 1 APPPATH\ThirdParty\tcpdf\tcpdf.php(16549): CodeIgniter\Debug\Exceptions->errorHandler(2, 'Undefined array key "thead"', 'C:\\updated\\htdocs\\codeigniter\\app\\ThirdParty\\tcpdf\\tcpdf.php', 16549)
 2 APPPATH\ThirdParty\tcpdf\tcpdf.php(17263): TCPDF->getHtmlDomArray('<table cellspacing="0" cellpadding="1" border="1"><tr><td COLSPAN="2">BUY&SAVE NIGHTLY SALES RECORD<marker style="font-size:0"/></td></tr><tr><td>SHOP NAME:<marker style="font-size:0"/></td><td><marker style="font-size:0"/></td></tr><tr><td>DATE:<marker style="font-size:0"/></td><td><marker style="font-size:0"/></td></tr> tr><td>TOTAL SALES:<marker style="font-size:0"/></td><td><marker style="font-size:0"/></td></tr> tr><td>CARD:<marker style="font-size:0"/></td><td><marker style="font-size:0"/></td></tr> tr><td>CASH:<marker style="font-size:0"/></td><td><marker style="font-size:0"/></td></tr></table>')
 3 APPPATH\Controllers\printpdf.php(100): TCPDF->writeHTML('<table cellspacing="0" cellpadding="1" border="1">
	<tr>
		<td COLSPAN="2">BUY&SAVE NIGHTLY SALES RECORD</td>
	</tr>
	<tr>
		<td>SHOP NAME:</td>
		<td></td>
	</tr>
	<tr>
		<td>DATE:</td>
		<td></td>
	</tr>
	tr>
		<td>TOTAL SALES:</td>
		<td></td>
	</tr>
	tr>
		<td>CARD:</td>
		<td></td>
	</tr>
	tr>
		<td>CASH:</td>
		<td></td>
	</tr>
</table>', true, false, false, false, '')
 4 SYSTEMPATH\CodeIgniter.php(933): App\Controllers\Printpdf->index('159')
 5 SYSTEMPATH\CodeIgniter.php(509): CodeIgniter\CodeIgniter->runController(Object(App\Controllers\Printpdf))
 6 SYSTEMPATH\CodeIgniter.php(355): CodeIgniter\CodeIgniter->handleRequest(null, Object(Config\Cache), false)
 7 SYSTEMPATH\Boot.php(325): CodeIgniter\CodeIgniter->run()
 8 SYSTEMPATH\Boot.php(67): CodeIgniter\Boot::runCodeIgniter(Object(CodeIgniter\CodeIgniter))
 9 FCPATH\index.php(56): CodeIgniter\Boot::bootWeb(Object(Config\Paths))
CRITICAL - 2024-09-07 02:36:54 --> ErrorException: Undefined array key "thead"
[Method: GET, Route: printpdf/159]
in APPPATH\ThirdParty\tcpdf\tcpdf.php on line 16549.
 1 APPPATH\ThirdParty\tcpdf\tcpdf.php(16549): CodeIgniter\Debug\Exceptions->errorHandler(2, 'Undefined array key "thead"', 'C:\\updated\\htdocs\\codeigniter\\app\\ThirdParty\\tcpdf\\tcpdf.php', 16549)
 2 APPPATH\ThirdParty\tcpdf\tcpdf.php(17263): TCPDF->getHtmlDomArray('<table cellspacing="0" cellpadding="1" border="1"><tr><td COLSPAN="2">BUY&SAVE NIGHTLY SALES RECORD<marker style="font-size:0"/></td></tr><tr><td>SHOP NAME:<marker style="font-size:0"/></td><td><marker style="font-size:0"/></td></tr><tr><td>DATE:<marker style="font-size:0"/></td><td><marker style="font-size:0"/></td></tr> tr><td>TOTAL SALES:<marker style="font-size:0"/></td><td><marker style="font-size:0"/></td></tr> tr><td>CARD:<marker style="font-size:0"/></td><td><marker style="font-size:0"/></td></tr> tr><td>CASH:<marker style="font-size:0"/></td><td><marker style="font-size:0"/></td></tr></table>')
 3 APPPATH\Controllers\printpdf.php(100): TCPDF->writeHTML('<table cellspacing="0" cellpadding="1" border="1">
	<tr>
		<td COLSPAN="2">BUY&SAVE NIGHTLY SALES RECORD</td>
	</tr>
	<tr>
		<td>SHOP NAME:</td>
		<td></td>
	</tr>
	<tr>
		<td>DATE:</td>
		<td></td>
	</tr>
	tr>
		<td>TOTAL SALES:</td>
		<td></td>
	</tr>
	tr>
		<td>CARD:</td>
		<td></td>
	</tr>
	tr>
		<td>CASH:</td>
		<td></td>
	</tr>
</table>', true, false, false, false, '')
 4 SYSTEMPATH\CodeIgniter.php(933): App\Controllers\Printpdf->index('159')
 5 SYSTEMPATH\CodeIgniter.php(509): CodeIgniter\CodeIgniter->runController(Object(App\Controllers\Printpdf))
 6 SYSTEMPATH\CodeIgniter.php(355): CodeIgniter\CodeIgniter->handleRequest(null, Object(Config\Cache), false)
 7 SYSTEMPATH\Boot.php(325): CodeIgniter\CodeIgniter->run()
 8 SYSTEMPATH\Boot.php(67): CodeIgniter\Boot::runCodeIgniter(Object(CodeIgniter\CodeIgniter))
 9 FCPATH\index.php(56): CodeIgniter\Boot::bootWeb(Object(Config\Paths))
CRITICAL - 2024-09-07 02:38:17 --> ErrorException: Undefined array key "rows"
[Method: GET, Route: printpdf/159]
in APPPATH\ThirdParty\tcpdf\tcpdf.php on line 16980.
 1 APPPATH\ThirdParty\tcpdf\tcpdf.php(16980): CodeIgniter\Debug\Exceptions->errorHandler(2, 'Undefined array key "rows"', 'C:\\updated\\htdocs\\codeigniter\\app\\ThirdParty\\tcpdf\\tcpdf.php', 16980)
 2 APPPATH\ThirdParty\tcpdf\tcpdf.php(17263): TCPDF->getHtmlDomArray('<table cellspacing="0" cellpadding="1" border="1"><tr><td COLSPAN="2">BUY&SAVE NIGHTLY SALES RECORD<marker style="font-size:0"/></td></tr><tr><td>SHOP NAME:<marker style="font-size:0"/></td><td><marker style="font-size:0"/></td></tr><tr><td>DATE:<marker style="font-size:0"/></td><td><marker style="font-size:0"/></td></tr> tr><td>TOTAL SALES:<marker style="font-size:0"/></td><td><marker style="font-size:0"/></td></tr><tr><td>CARD:<marker style="font-size:0"/></td><td><marker style="font-size:0"/></td></tr><tr><td>CASH:<marker style="font-size:0"/></td><td><marker style="font-size:0"/></td></tr></table>')
 3 APPPATH\Controllers\printpdf.php(100): TCPDF->writeHTML('<table cellspacing="0" cellpadding="1" border="1">
	<tr>
		<td COLSPAN="2">BUY&SAVE NIGHTLY SALES RECORD</td>
	</tr>
	<tr>
		<td>SHOP NAME:</td>
		<td></td>
	</tr>
	<tr>
		<td>DATE:</td>
		<td></td>
	</tr>
	tr>
		<td>TOTAL SALES:</td>
		<td></td>
	</tr>
	<tr>
		<td>CARD:</td>
		<td></td>
	</tr>
	<tr>
		<td>CASH:</td>
		<td></td>
	</tr>
</table>', true, false, false, false, '')
 4 SYSTEMPATH\CodeIgniter.php(933): App\Controllers\Printpdf->index('159')
 5 SYSTEMPATH\CodeIgniter.php(509): CodeIgniter\CodeIgniter->runController(Object(App\Controllers\Printpdf))
 6 SYSTEMPATH\CodeIgniter.php(355): CodeIgniter\CodeIgniter->handleRequest(null, Object(Config\Cache), false)
 7 SYSTEMPATH\Boot.php(325): CodeIgniter\CodeIgniter->run()
 8 SYSTEMPATH\Boot.php(67): CodeIgniter\Boot::runCodeIgniter(Object(CodeIgniter\CodeIgniter))
 9 FCPATH\index.php(56): CodeIgniter\Boot::bootWeb(Object(Config\Paths))
CRITICAL - 2024-09-07 02:38:18 --> ErrorException: Undefined array key "rows"
[Method: GET, Route: printpdf/159]
in APPPATH\ThirdParty\tcpdf\tcpdf.php on line 16980.
 1 APPPATH\ThirdParty\tcpdf\tcpdf.php(16980): CodeIgniter\Debug\Exceptions->errorHandler(2, 'Undefined array key "rows"', 'C:\\updated\\htdocs\\codeigniter\\app\\ThirdParty\\tcpdf\\tcpdf.php', 16980)
 2 APPPATH\ThirdParty\tcpdf\tcpdf.php(17263): TCPDF->getHtmlDomArray('<table cellspacing="0" cellpadding="1" border="1"><tr><td COLSPAN="2">BUY&SAVE NIGHTLY SALES RECORD<marker style="font-size:0"/></td></tr><tr><td>SHOP NAME:<marker style="font-size:0"/></td><td><marker style="font-size:0"/></td></tr><tr><td>DATE:<marker style="font-size:0"/></td><td><marker style="font-size:0"/></td></tr> tr><td>TOTAL SALES:<marker style="font-size:0"/></td><td><marker style="font-size:0"/></td></tr><tr><td>CARD:<marker style="font-size:0"/></td><td><marker style="font-size:0"/></td></tr><tr><td>CASH:<marker style="font-size:0"/></td><td><marker style="font-size:0"/></td></tr></table>')
 3 APPPATH\Controllers\printpdf.php(100): TCPDF->writeHTML('<table cellspacing="0" cellpadding="1" border="1">
	<tr>
		<td COLSPAN="2">BUY&SAVE NIGHTLY SALES RECORD</td>
	</tr>
	<tr>
		<td>SHOP NAME:</td>
		<td></td>
	</tr>
	<tr>
		<td>DATE:</td>
		<td></td>
	</tr>
	tr>
		<td>TOTAL SALES:</td>
		<td></td>
	</tr>
	<tr>
		<td>CARD:</td>
		<td></td>
	</tr>
	<tr>
		<td>CASH:</td>
		<td></td>
	</tr>
</table>', true, false, false, false, '')
 4 SYSTEMPATH\CodeIgniter.php(933): App\Controllers\Printpdf->index('159')
 5 SYSTEMPATH\CodeIgniter.php(509): CodeIgniter\CodeIgniter->runController(Object(App\Controllers\Printpdf))
 6 SYSTEMPATH\CodeIgniter.php(355): CodeIgniter\CodeIgniter->handleRequest(null, Object(Config\Cache), false)
 7 SYSTEMPATH\Boot.php(325): CodeIgniter\CodeIgniter->run()
 8 SYSTEMPATH\Boot.php(67): CodeIgniter\Boot::runCodeIgniter(Object(CodeIgniter\CodeIgniter))
 9 FCPATH\index.php(56): CodeIgniter\Boot::bootWeb(Object(Config\Paths))
CRITICAL - 2024-09-07 03:50:40 --> ParseError: syntax error, unexpected token ":", expecting ")"
[Method: GET, Route: printpdf/161]
in APPPATH\Controllers\printpdf.php on line 133.
 1 SYSTEMPATH\Autoloader\Autoloader.php(296): CodeIgniter\Autoloader\Autoloader->includeFile('C:\\updated\\htdocs\\codeigniter\\app\\Controllers\\printpdf.php')
 2 SYSTEMPATH\Autoloader\Autoloader.php(272): CodeIgniter\Autoloader\Autoloader->loadInNamespace('App\\Controllers\\printpdf')
 3 [internal function]: CodeIgniter\Autoloader\Autoloader->loadClass('App\\Controllers\\printpdf')
 4 SYSTEMPATH\CodeIgniter.php(887): class_exists('\\App\\Controllers\\printpdf', true)
 5 SYSTEMPATH\CodeIgniter.php(496): CodeIgniter\CodeIgniter->startController()
 6 SYSTEMPATH\CodeIgniter.php(355): CodeIgniter\CodeIgniter->handleRequest(null, Object(Config\Cache), false)
 7 SYSTEMPATH\Boot.php(325): CodeIgniter\CodeIgniter->run()
 8 SYSTEMPATH\Boot.php(67): CodeIgniter\Boot::runCodeIgniter(Object(CodeIgniter\CodeIgniter))
 9 FCPATH\index.php(56): CodeIgniter\Boot::bootWeb(Object(Config\Paths))
CRITICAL - 2024-09-07 03:50:54 --> ParseError: syntax error, unexpected token ":", expecting ")"
[Method: GET, Route: printpdf/161]
in APPPATH\Controllers\printpdf.php on line 133.
 1 SYSTEMPATH\Autoloader\Autoloader.php(296): CodeIgniter\Autoloader\Autoloader->includeFile('C:\\updated\\htdocs\\codeigniter\\app\\Controllers\\printpdf.php')
 2 SYSTEMPATH\Autoloader\Autoloader.php(272): CodeIgniter\Autoloader\Autoloader->loadInNamespace('App\\Controllers\\printpdf')
 3 [internal function]: CodeIgniter\Autoloader\Autoloader->loadClass('App\\Controllers\\printpdf')
 4 SYSTEMPATH\CodeIgniter.php(887): class_exists('\\App\\Controllers\\printpdf', true)
 5 SYSTEMPATH\CodeIgniter.php(496): CodeIgniter\CodeIgniter->startController()
 6 SYSTEMPATH\CodeIgniter.php(355): CodeIgniter\CodeIgniter->handleRequest(null, Object(Config\Cache), false)
 7 SYSTEMPATH\Boot.php(325): CodeIgniter\CodeIgniter->run()
 8 SYSTEMPATH\Boot.php(67): CodeIgniter\Boot::runCodeIgniter(Object(CodeIgniter\CodeIgniter))
 9 FCPATH\index.php(56): CodeIgniter\Boot::bootWeb(Object(Config\Paths))
CRITICAL - 2024-09-07 03:51:16 --> ParseError: syntax error, unexpected token ":", expecting ")"
[Method: GET, Route: printpdf/161]
in APPPATH\Controllers\printpdf.php on line 133.
 1 SYSTEMPATH\Autoloader\Autoloader.php(296): CodeIgniter\Autoloader\Autoloader->includeFile('C:\\updated\\htdocs\\codeigniter\\app\\Controllers\\printpdf.php')
 2 SYSTEMPATH\Autoloader\Autoloader.php(272): CodeIgniter\Autoloader\Autoloader->loadInNamespace('App\\Controllers\\printpdf')
 3 [internal function]: CodeIgniter\Autoloader\Autoloader->loadClass('App\\Controllers\\printpdf')
 4 SYSTEMPATH\CodeIgniter.php(887): class_exists('\\App\\Controllers\\printpdf', true)
 5 SYSTEMPATH\CodeIgniter.php(496): CodeIgniter\CodeIgniter->startController()
 6 SYSTEMPATH\CodeIgniter.php(355): CodeIgniter\CodeIgniter->handleRequest(null, Object(Config\Cache), false)
 7 SYSTEMPATH\Boot.php(325): CodeIgniter\CodeIgniter->run()
 8 SYSTEMPATH\Boot.php(67): CodeIgniter\Boot::runCodeIgniter(Object(CodeIgniter\CodeIgniter))
 9 FCPATH\index.php(56): CodeIgniter\Boot::bootWeb(Object(Config\Paths))
CRITICAL - 2024-09-07 04:54:34 --> ErrorException: Undefined variable $sub8
[Method: GET, Route: dailyformUpdate/163]
in APPPATH\Views\dailyforms\dailyformupdate.php on line 192.
 1 APPPATH\Views\dailyforms\dailyformupdate.php(192): CodeIgniter\Debug\Exceptions->errorHandler(2, 'Undefined variable $sub8', 'C:\\updated\\htdocs\\codeigniter\\app\\Views\\dailyforms\\dailyformupdate.php', 192)
 2 SYSTEMPATH\View\View.php(234): include('C:\\updated\\htdocs\\codeigniter\\app\\Views\\dailyforms\\dailyformupdate.php')
 3 SYSTEMPATH\View\View.php(237): CodeIgniter\View\View->CodeIgniter\View\{closure}()
 4 SYSTEMPATH\Common.php(1169): CodeIgniter\View\View->render('dailyforms/dailyformupdate', [], true)
 5 APPPATH\Controllers\Dailyform.php(501): view('dailyforms/dailyformupdate', [...])
 6 SYSTEMPATH\CodeIgniter.php(933): App\Controllers\Dailyform->update('163')
 7 SYSTEMPATH\CodeIgniter.php(509): CodeIgniter\CodeIgniter->runController(Object(App\Controllers\Dailyform))
 8 SYSTEMPATH\CodeIgniter.php(355): CodeIgniter\CodeIgniter->handleRequest(null, Object(Config\Cache), false)
 9 SYSTEMPATH\Boot.php(325): CodeIgniter\CodeIgniter->run()
10 SYSTEMPATH\Boot.php(67): CodeIgniter\Boot::runCodeIgniter(Object(CodeIgniter\CodeIgniter))
11 FCPATH\index.php(56): CodeIgniter\Boot::bootWeb(Object(Config\Paths))
CRITICAL - 2024-09-07 05:14:34 --> ParseError: Invalid body indentation level (expecting an indentation level of at least 4)
[Method: GET, Route: printpdf/161]
in APPPATH\Controllers\printpdf.php on line 112.
 1 SYSTEMPATH\Autoloader\Autoloader.php(296): CodeIgniter\Autoloader\Autoloader->includeFile('C:\\updated\\htdocs\\codeigniter\\app\\Controllers\\printpdf.php')
 2 SYSTEMPATH\Autoloader\Autoloader.php(272): CodeIgniter\Autoloader\Autoloader->loadInNamespace('App\\Controllers\\printpdf')
 3 [internal function]: CodeIgniter\Autoloader\Autoloader->loadClass('App\\Controllers\\printpdf')
 4 SYSTEMPATH\CodeIgniter.php(887): class_exists('\\App\\Controllers\\printpdf', true)
 5 SYSTEMPATH\CodeIgniter.php(496): CodeIgniter\CodeIgniter->startController()
 6 SYSTEMPATH\CodeIgniter.php(355): CodeIgniter\CodeIgniter->handleRequest(null, Object(Config\Cache), false)
 7 SYSTEMPATH\Boot.php(325): CodeIgniter\CodeIgniter->run()
 8 SYSTEMPATH\Boot.php(67): CodeIgniter\Boot::runCodeIgniter(Object(CodeIgniter\CodeIgniter))
 9 FCPATH\index.php(56): CodeIgniter\Boot::bootWeb(Object(Config\Paths))
CRITICAL - 2024-09-07 05:14:35 --> ParseError: Invalid body indentation level (expecting an indentation level of at least 4)
[Method: GET, Route: printpdf/161]
in APPPATH\Controllers\printpdf.php on line 112.
 1 SYSTEMPATH\Autoloader\Autoloader.php(296): CodeIgniter\Autoloader\Autoloader->includeFile('C:\\updated\\htdocs\\codeigniter\\app\\Controllers\\printpdf.php')
 2 SYSTEMPATH\Autoloader\Autoloader.php(272): CodeIgniter\Autoloader\Autoloader->loadInNamespace('App\\Controllers\\printpdf')
 3 [internal function]: CodeIgniter\Autoloader\Autoloader->loadClass('App\\Controllers\\printpdf')
 4 SYSTEMPATH\CodeIgniter.php(887): class_exists('\\App\\Controllers\\printpdf', true)
 5 SYSTEMPATH\CodeIgniter.php(496): CodeIgniter\CodeIgniter->startController()
 6 SYSTEMPATH\CodeIgniter.php(355): CodeIgniter\CodeIgniter->handleRequest(null, Object(Config\Cache), false)
 7 SYSTEMPATH\Boot.php(325): CodeIgniter\CodeIgniter->run()
 8 SYSTEMPATH\Boot.php(67): CodeIgniter\Boot::runCodeIgniter(Object(CodeIgniter\CodeIgniter))
 9 FCPATH\index.php(56): CodeIgniter\Boot::bootWeb(Object(Config\Paths))
CRITICAL - 2024-09-07 05:14:35 --> ParseError: Invalid body indentation level (expecting an indentation level of at least 4)
[Method: GET, Route: printpdf/161]
in APPPATH\Controllers\printpdf.php on line 112.
 1 SYSTEMPATH\Autoloader\Autoloader.php(296): CodeIgniter\Autoloader\Autoloader->includeFile('C:\\updated\\htdocs\\codeigniter\\app\\Controllers\\printpdf.php')
 2 SYSTEMPATH\Autoloader\Autoloader.php(272): CodeIgniter\Autoloader\Autoloader->loadInNamespace('App\\Controllers\\printpdf')
 3 [internal function]: CodeIgniter\Autoloader\Autoloader->loadClass('App\\Controllers\\printpdf')
 4 SYSTEMPATH\CodeIgniter.php(887): class_exists('\\App\\Controllers\\printpdf', true)
 5 SYSTEMPATH\CodeIgniter.php(496): CodeIgniter\CodeIgniter->startController()
 6 SYSTEMPATH\CodeIgniter.php(355): CodeIgniter\CodeIgniter->handleRequest(null, Object(Config\Cache), false)
 7 SYSTEMPATH\Boot.php(325): CodeIgniter\CodeIgniter->run()
 8 SYSTEMPATH\Boot.php(67): CodeIgniter\Boot::runCodeIgniter(Object(CodeIgniter\CodeIgniter))
 9 FCPATH\index.php(56): CodeIgniter\Boot::bootWeb(Object(Config\Paths))
CRITICAL - 2024-09-07 05:19:29 --> ParseError: Invalid body indentation level (expecting an indentation level of at least 4)
[Method: GET, Route: printpdf/161]
in APPPATH\Controllers\printpdf.php on line 112.
 1 SYSTEMPATH\Autoloader\Autoloader.php(296): CodeIgniter\Autoloader\Autoloader->includeFile('C:\\updated\\htdocs\\codeigniter\\app\\Controllers\\printpdf.php')
 2 SYSTEMPATH\Autoloader\Autoloader.php(272): CodeIgniter\Autoloader\Autoloader->loadInNamespace('App\\Controllers\\printpdf')
 3 [internal function]: CodeIgniter\Autoloader\Autoloader->loadClass('App\\Controllers\\printpdf')
 4 SYSTEMPATH\CodeIgniter.php(887): class_exists('\\App\\Controllers\\printpdf', true)
 5 SYSTEMPATH\CodeIgniter.php(496): CodeIgniter\CodeIgniter->startController()
 6 SYSTEMPATH\CodeIgniter.php(355): CodeIgniter\CodeIgniter->handleRequest(null, Object(Config\Cache), false)
 7 SYSTEMPATH\Boot.php(325): CodeIgniter\CodeIgniter->run()
 8 SYSTEMPATH\Boot.php(67): CodeIgniter\Boot::runCodeIgniter(Object(CodeIgniter\CodeIgniter))
 9 FCPATH\index.php(56): CodeIgniter\Boot::bootWeb(Object(Config\Paths))
CRITICAL - 2024-09-07 05:19:30 --> ParseError: Invalid body indentation level (expecting an indentation level of at least 4)
[Method: GET, Route: printpdf/161]
in APPPATH\Controllers\printpdf.php on line 112.
 1 SYSTEMPATH\Autoloader\Autoloader.php(296): CodeIgniter\Autoloader\Autoloader->includeFile('C:\\updated\\htdocs\\codeigniter\\app\\Controllers\\printpdf.php')
 2 SYSTEMPATH\Autoloader\Autoloader.php(272): CodeIgniter\Autoloader\Autoloader->loadInNamespace('App\\Controllers\\printpdf')
 3 [internal function]: CodeIgniter\Autoloader\Autoloader->loadClass('App\\Controllers\\printpdf')
 4 SYSTEMPATH\CodeIgniter.php(887): class_exists('\\App\\Controllers\\printpdf', true)
 5 SYSTEMPATH\CodeIgniter.php(496): CodeIgniter\CodeIgniter->startController()
 6 SYSTEMPATH\CodeIgniter.php(355): CodeIgniter\CodeIgniter->handleRequest(null, Object(Config\Cache), false)
 7 SYSTEMPATH\Boot.php(325): CodeIgniter\CodeIgniter->run()
 8 SYSTEMPATH\Boot.php(67): CodeIgniter\Boot::runCodeIgniter(Object(CodeIgniter\CodeIgniter))
 9 FCPATH\index.php(56): CodeIgniter\Boot::bootWeb(Object(Config\Paths))
CRITICAL - 2024-09-07 05:19:30 --> ParseError: Invalid body indentation level (expecting an indentation level of at least 4)
[Method: GET, Route: printpdf/161]
in APPPATH\Controllers\printpdf.php on line 112.
 1 SYSTEMPATH\Autoloader\Autoloader.php(296): CodeIgniter\Autoloader\Autoloader->includeFile('C:\\updated\\htdocs\\codeigniter\\app\\Controllers\\printpdf.php')
 2 SYSTEMPATH\Autoloader\Autoloader.php(272): CodeIgniter\Autoloader\Autoloader->loadInNamespace('App\\Controllers\\printpdf')
 3 [internal function]: CodeIgniter\Autoloader\Autoloader->loadClass('App\\Controllers\\printpdf')
 4 SYSTEMPATH\CodeIgniter.php(887): class_exists('\\App\\Controllers\\printpdf', true)
 5 SYSTEMPATH\CodeIgniter.php(496): CodeIgniter\CodeIgniter->startController()
 6 SYSTEMPATH\CodeIgniter.php(355): CodeIgniter\CodeIgniter->handleRequest(null, Object(Config\Cache), false)
 7 SYSTEMPATH\Boot.php(325): CodeIgniter\CodeIgniter->run()
 8 SYSTEMPATH\Boot.php(67): CodeIgniter\Boot::runCodeIgniter(Object(CodeIgniter\CodeIgniter))
 9 FCPATH\index.php(56): CodeIgniter\Boot::bootWeb(Object(Config\Paths))
CRITICAL - 2024-09-07 05:42:23 --> ParseError: Invalid body indentation level (expecting an indentation level of at least 4)
[Method: GET, Route: printpdf/161]
in APPPATH\Controllers\printpdf.php on line 113.
 1 SYSTEMPATH\Autoloader\Autoloader.php(296): CodeIgniter\Autoloader\Autoloader->includeFile('C:\\updated\\htdocs\\codeigniter\\app\\Controllers\\printpdf.php')
 2 SYSTEMPATH\Autoloader\Autoloader.php(272): CodeIgniter\Autoloader\Autoloader->loadInNamespace('App\\Controllers\\printpdf')
 3 [internal function]: CodeIgniter\Autoloader\Autoloader->loadClass('App\\Controllers\\printpdf')
 4 SYSTEMPATH\CodeIgniter.php(887): class_exists('\\App\\Controllers\\printpdf', true)
 5 SYSTEMPATH\CodeIgniter.php(496): CodeIgniter\CodeIgniter->startController()
 6 SYSTEMPATH\CodeIgniter.php(355): CodeIgniter\CodeIgniter->handleRequest(null, Object(Config\Cache), false)
 7 SYSTEMPATH\Boot.php(325): CodeIgniter\CodeIgniter->run()
 8 SYSTEMPATH\Boot.php(67): CodeIgniter\Boot::runCodeIgniter(Object(CodeIgniter\CodeIgniter))
 9 FCPATH\index.php(56): CodeIgniter\Boot::bootWeb(Object(Config\Paths))
CRITICAL - 2024-09-07 05:42:24 --> ParseError: Invalid body indentation level (expecting an indentation level of at least 4)
[Method: GET, Route: printpdf/161]
in APPPATH\Controllers\printpdf.php on line 113.
 1 SYSTEMPATH\Autoloader\Autoloader.php(296): CodeIgniter\Autoloader\Autoloader->includeFile('C:\\updated\\htdocs\\codeigniter\\app\\Controllers\\printpdf.php')
 2 SYSTEMPATH\Autoloader\Autoloader.php(272): CodeIgniter\Autoloader\Autoloader->loadInNamespace('App\\Controllers\\printpdf')
 3 [internal function]: CodeIgniter\Autoloader\Autoloader->loadClass('App\\Controllers\\printpdf')
 4 SYSTEMPATH\CodeIgniter.php(887): class_exists('\\App\\Controllers\\printpdf', true)
 5 SYSTEMPATH\CodeIgniter.php(496): CodeIgniter\CodeIgniter->startController()
 6 SYSTEMPATH\CodeIgniter.php(355): CodeIgniter\CodeIgniter->handleRequest(null, Object(Config\Cache), false)
 7 SYSTEMPATH\Boot.php(325): CodeIgniter\CodeIgniter->run()
 8 SYSTEMPATH\Boot.php(67): CodeIgniter\Boot::runCodeIgniter(Object(CodeIgniter\CodeIgniter))
 9 FCPATH\index.php(56): CodeIgniter\Boot::bootWeb(Object(Config\Paths))
CRITICAL - 2024-09-07 05:42:25 --> ParseError: Invalid body indentation level (expecting an indentation level of at least 4)
[Method: GET, Route: printpdf/161]
in APPPATH\Controllers\printpdf.php on line 113.
 1 SYSTEMPATH\Autoloader\Autoloader.php(296): CodeIgniter\Autoloader\Autoloader->includeFile('C:\\updated\\htdocs\\codeigniter\\app\\Controllers\\printpdf.php')
 2 SYSTEMPATH\Autoloader\Autoloader.php(272): CodeIgniter\Autoloader\Autoloader->loadInNamespace('App\\Controllers\\printpdf')
 3 [internal function]: CodeIgniter\Autoloader\Autoloader->loadClass('App\\Controllers\\printpdf')
 4 SYSTEMPATH\CodeIgniter.php(887): class_exists('\\App\\Controllers\\printpdf', true)
 5 SYSTEMPATH\CodeIgniter.php(496): CodeIgniter\CodeIgniter->startController()
 6 SYSTEMPATH\CodeIgniter.php(355): CodeIgniter\CodeIgniter->handleRequest(null, Object(Config\Cache), false)
 7 SYSTEMPATH\Boot.php(325): CodeIgniter\CodeIgniter->run()
 8 SYSTEMPATH\Boot.php(67): CodeIgniter\Boot::runCodeIgniter(Object(CodeIgniter\CodeIgniter))
 9 FCPATH\index.php(56): CodeIgniter\Boot::bootWeb(Object(Config\Paths))
CRITICAL - 2024-09-07 05:43:14 --> ParseError: Invalid body indentation level (expecting an indentation level of at least 4)
[Method: GET, Route: printpdf/161]
in APPPATH\Controllers\printpdf.php on line 113.
 1 SYSTEMPATH\Autoloader\Autoloader.php(296): CodeIgniter\Autoloader\Autoloader->includeFile('C:\\updated\\htdocs\\codeigniter\\app\\Controllers\\printpdf.php')
 2 SYSTEMPATH\Autoloader\Autoloader.php(272): CodeIgniter\Autoloader\Autoloader->loadInNamespace('App\\Controllers\\printpdf')
 3 [internal function]: CodeIgniter\Autoloader\Autoloader->loadClass('App\\Controllers\\printpdf')
 4 SYSTEMPATH\CodeIgniter.php(887): class_exists('\\App\\Controllers\\printpdf', true)
 5 SYSTEMPATH\CodeIgniter.php(496): CodeIgniter\CodeIgniter->startController()
 6 SYSTEMPATH\CodeIgniter.php(355): CodeIgniter\CodeIgniter->handleRequest(null, Object(Config\Cache), false)
 7 SYSTEMPATH\Boot.php(325): CodeIgniter\CodeIgniter->run()
 8 SYSTEMPATH\Boot.php(67): CodeIgniter\Boot::runCodeIgniter(Object(CodeIgniter\CodeIgniter))
 9 FCPATH\index.php(56): CodeIgniter\Boot::bootWeb(Object(Config\Paths))
CRITICAL - 2024-09-07 05:43:14 --> ParseError: Invalid body indentation level (expecting an indentation level of at least 4)
[Method: GET, Route: printpdf/161]
in APPPATH\Controllers\printpdf.php on line 113.
 1 SYSTEMPATH\Autoloader\Autoloader.php(296): CodeIgniter\Autoloader\Autoloader->includeFile('C:\\updated\\htdocs\\codeigniter\\app\\Controllers\\printpdf.php')
 2 SYSTEMPATH\Autoloader\Autoloader.php(272): CodeIgniter\Autoloader\Autoloader->loadInNamespace('App\\Controllers\\printpdf')
 3 [internal function]: CodeIgniter\Autoloader\Autoloader->loadClass('App\\Controllers\\printpdf')
 4 SYSTEMPATH\CodeIgniter.php(887): class_exists('\\App\\Controllers\\printpdf', true)
 5 SYSTEMPATH\CodeIgniter.php(496): CodeIgniter\CodeIgniter->startController()
 6 SYSTEMPATH\CodeIgniter.php(355): CodeIgniter\CodeIgniter->handleRequest(null, Object(Config\Cache), false)
 7 SYSTEMPATH\Boot.php(325): CodeIgniter\CodeIgniter->run()
 8 SYSTEMPATH\Boot.php(67): CodeIgniter\Boot::runCodeIgniter(Object(CodeIgniter\CodeIgniter))
 9 FCPATH\index.php(56): CodeIgniter\Boot::bootWeb(Object(Config\Paths))
CRITICAL - 2024-09-07 05:43:14 --> ParseError: Invalid body indentation level (expecting an indentation level of at least 4)
[Method: GET, Route: printpdf/161]
in APPPATH\Controllers\printpdf.php on line 113.
 1 SYSTEMPATH\Autoloader\Autoloader.php(296): CodeIgniter\Autoloader\Autoloader->includeFile('C:\\updated\\htdocs\\codeigniter\\app\\Controllers\\printpdf.php')
 2 SYSTEMPATH\Autoloader\Autoloader.php(272): CodeIgniter\Autoloader\Autoloader->loadInNamespace('App\\Controllers\\printpdf')
 3 [internal function]: CodeIgniter\Autoloader\Autoloader->loadClass('App\\Controllers\\printpdf')
 4 SYSTEMPATH\CodeIgniter.php(887): class_exists('\\App\\Controllers\\printpdf', true)
 5 SYSTEMPATH\CodeIgniter.php(496): CodeIgniter\CodeIgniter->startController()
 6 SYSTEMPATH\CodeIgniter.php(355): CodeIgniter\CodeIgniter->handleRequest(null, Object(Config\Cache), false)
 7 SYSTEMPATH\Boot.php(325): CodeIgniter\CodeIgniter->run()
 8 SYSTEMPATH\Boot.php(67): CodeIgniter\Boot::runCodeIgniter(Object(CodeIgniter\CodeIgniter))
 9 FCPATH\index.php(56): CodeIgniter\Boot::bootWeb(Object(Config\Paths))
CRITICAL - 2024-09-07 05:43:15 --> ParseError: Invalid body indentation level (expecting an indentation level of at least 4)
[Method: GET, Route: printpdf/161]
in APPPATH\Controllers\printpdf.php on line 113.
 1 SYSTEMPATH\Autoloader\Autoloader.php(296): CodeIgniter\Autoloader\Autoloader->includeFile('C:\\updated\\htdocs\\codeigniter\\app\\Controllers\\printpdf.php')
 2 SYSTEMPATH\Autoloader\Autoloader.php(272): CodeIgniter\Autoloader\Autoloader->loadInNamespace('App\\Controllers\\printpdf')
 3 [internal function]: CodeIgniter\Autoloader\Autoloader->loadClass('App\\Controllers\\printpdf')
 4 SYSTEMPATH\CodeIgniter.php(887): class_exists('\\App\\Controllers\\printpdf', true)
 5 SYSTEMPATH\CodeIgniter.php(496): CodeIgniter\CodeIgniter->startController()
 6 SYSTEMPATH\CodeIgniter.php(355): CodeIgniter\CodeIgniter->handleRequest(null, Object(Config\Cache), false)
 7 SYSTEMPATH\Boot.php(325): CodeIgniter\CodeIgniter->run()
 8 SYSTEMPATH\Boot.php(67): CodeIgniter\Boot::runCodeIgniter(Object(CodeIgniter\CodeIgniter))
 9 FCPATH\index.php(56): CodeIgniter\Boot::bootWeb(Object(Config\Paths))
CRITICAL - 2024-09-07 05:43:45 --> ParseError: Invalid body indentation level (expecting an indentation level of at least 4)
[Method: GET, Route: printpdf/161]
in APPPATH\Controllers\printpdf.php on line 113.
 1 SYSTEMPATH\Autoloader\Autoloader.php(296): CodeIgniter\Autoloader\Autoloader->includeFile('C:\\updated\\htdocs\\codeigniter\\app\\Controllers\\printpdf.php')
 2 SYSTEMPATH\Autoloader\Autoloader.php(272): CodeIgniter\Autoloader\Autoloader->loadInNamespace('App\\Controllers\\printpdf')
 3 [internal function]: CodeIgniter\Autoloader\Autoloader->loadClass('App\\Controllers\\printpdf')
 4 SYSTEMPATH\CodeIgniter.php(887): class_exists('\\App\\Controllers\\printpdf', true)
 5 SYSTEMPATH\CodeIgniter.php(496): CodeIgniter\CodeIgniter->startController()
 6 SYSTEMPATH\CodeIgniter.php(355): CodeIgniter\CodeIgniter->handleRequest(null, Object(Config\Cache), false)
 7 SYSTEMPATH\Boot.php(325): CodeIgniter\CodeIgniter->run()
 8 SYSTEMPATH\Boot.php(67): CodeIgniter\Boot::runCodeIgniter(Object(CodeIgniter\CodeIgniter))
 9 FCPATH\index.php(56): CodeIgniter\Boot::bootWeb(Object(Config\Paths))
CRITICAL - 2024-09-07 05:43:46 --> ParseError: Invalid body indentation level (expecting an indentation level of at least 4)
[Method: GET, Route: printpdf/161]
in APPPATH\Controllers\printpdf.php on line 113.
 1 SYSTEMPATH\Autoloader\Autoloader.php(296): CodeIgniter\Autoloader\Autoloader->includeFile('C:\\updated\\htdocs\\codeigniter\\app\\Controllers\\printpdf.php')
 2 SYSTEMPATH\Autoloader\Autoloader.php(272): CodeIgniter\Autoloader\Autoloader->loadInNamespace('App\\Controllers\\printpdf')
 3 [internal function]: CodeIgniter\Autoloader\Autoloader->loadClass('App\\Controllers\\printpdf')
 4 SYSTEMPATH\CodeIgniter.php(887): class_exists('\\App\\Controllers\\printpdf', true)
 5 SYSTEMPATH\CodeIgniter.php(496): CodeIgniter\CodeIgniter->startController()
 6 SYSTEMPATH\CodeIgniter.php(355): CodeIgniter\CodeIgniter->handleRequest(null, Object(Config\Cache), false)
 7 SYSTEMPATH\Boot.php(325): CodeIgniter\CodeIgniter->run()
 8 SYSTEMPATH\Boot.php(67): CodeIgniter\Boot::runCodeIgniter(Object(CodeIgniter\CodeIgniter))
 9 FCPATH\index.php(56): CodeIgniter\Boot::bootWeb(Object(Config\Paths))
CRITICAL - 2024-09-07 05:43:46 --> ParseError: Invalid body indentation level (expecting an indentation level of at least 4)
[Method: GET, Route: printpdf/161]
in APPPATH\Controllers\printpdf.php on line 113.
 1 SYSTEMPATH\Autoloader\Autoloader.php(296): CodeIgniter\Autoloader\Autoloader->includeFile('C:\\updated\\htdocs\\codeigniter\\app\\Controllers\\printpdf.php')
 2 SYSTEMPATH\Autoloader\Autoloader.php(272): CodeIgniter\Autoloader\Autoloader->loadInNamespace('App\\Controllers\\printpdf')
 3 [internal function]: CodeIgniter\Autoloader\Autoloader->loadClass('App\\Controllers\\printpdf')
 4 SYSTEMPATH\CodeIgniter.php(887): class_exists('\\App\\Controllers\\printpdf', true)
 5 SYSTEMPATH\CodeIgniter.php(496): CodeIgniter\CodeIgniter->startController()
 6 SYSTEMPATH\CodeIgniter.php(355): CodeIgniter\CodeIgniter->handleRequest(null, Object(Config\Cache), false)
 7 SYSTEMPATH\Boot.php(325): CodeIgniter\CodeIgniter->run()
 8 SYSTEMPATH\Boot.php(67): CodeIgniter\Boot::runCodeIgniter(Object(CodeIgniter\CodeIgniter))
 9 FCPATH\index.php(56): CodeIgniter\Boot::bootWeb(Object(Config\Paths))
CRITICAL - 2024-09-07 05:43:46 --> ParseError: Invalid body indentation level (expecting an indentation level of at least 4)
[Method: GET, Route: printpdf/161]
in APPPATH\Controllers\printpdf.php on line 113.
 1 SYSTEMPATH\Autoloader\Autoloader.php(296): CodeIgniter\Autoloader\Autoloader->includeFile('C:\\updated\\htdocs\\codeigniter\\app\\Controllers\\printpdf.php')
 2 SYSTEMPATH\Autoloader\Autoloader.php(272): CodeIgniter\Autoloader\Autoloader->loadInNamespace('App\\Controllers\\printpdf')
 3 [internal function]: CodeIgniter\Autoloader\Autoloader->loadClass('App\\Controllers\\printpdf')
 4 SYSTEMPATH\CodeIgniter.php(887): class_exists('\\App\\Controllers\\printpdf', true)
 5 SYSTEMPATH\CodeIgniter.php(496): CodeIgniter\CodeIgniter->startController()
 6 SYSTEMPATH\CodeIgniter.php(355): CodeIgniter\CodeIgniter->handleRequest(null, Object(Config\Cache), false)
 7 SYSTEMPATH\Boot.php(325): CodeIgniter\CodeIgniter->run()
 8 SYSTEMPATH\Boot.php(67): CodeIgniter\Boot::runCodeIgniter(Object(CodeIgniter\CodeIgniter))
 9 FCPATH\index.php(56): CodeIgniter\Boot::bootWeb(Object(Config\Paths))
CRITICAL - 2024-09-07 05:43:47 --> ParseError: Invalid body indentation level (expecting an indentation level of at least 4)
[Method: GET, Route: printpdf/161]
in APPPATH\Controllers\printpdf.php on line 113.
 1 SYSTEMPATH\Autoloader\Autoloader.php(296): CodeIgniter\Autoloader\Autoloader->includeFile('C:\\updated\\htdocs\\codeigniter\\app\\Controllers\\printpdf.php')
 2 SYSTEMPATH\Autoloader\Autoloader.php(272): CodeIgniter\Autoloader\Autoloader->loadInNamespace('App\\Controllers\\printpdf')
 3 [internal function]: CodeIgniter\Autoloader\Autoloader->loadClass('App\\Controllers\\printpdf')
 4 SYSTEMPATH\CodeIgniter.php(887): class_exists('\\App\\Controllers\\printpdf', true)
 5 SYSTEMPATH\CodeIgniter.php(496): CodeIgniter\CodeIgniter->startController()
 6 SYSTEMPATH\CodeIgniter.php(355): CodeIgniter\CodeIgniter->handleRequest(null, Object(Config\Cache), false)
 7 SYSTEMPATH\Boot.php(325): CodeIgniter\CodeIgniter->run()
 8 SYSTEMPATH\Boot.php(67): CodeIgniter\Boot::runCodeIgniter(Object(CodeIgniter\CodeIgniter))
 9 FCPATH\index.php(56): CodeIgniter\Boot::bootWeb(Object(Config\Paths))
CRITICAL - 2024-09-07 05:43:53 --> ParseError: Invalid body indentation level (expecting an indentation level of at least 4)
[Method: GET, Route: printpdf/161]
in APPPATH\Controllers\printpdf.php on line 113.
 1 SYSTEMPATH\Autoloader\Autoloader.php(296): CodeIgniter\Autoloader\Autoloader->includeFile('C:\\updated\\htdocs\\codeigniter\\app\\Controllers\\printpdf.php')
 2 SYSTEMPATH\Autoloader\Autoloader.php(272): CodeIgniter\Autoloader\Autoloader->loadInNamespace('App\\Controllers\\printpdf')
 3 [internal function]: CodeIgniter\Autoloader\Autoloader->loadClass('App\\Controllers\\printpdf')
 4 SYSTEMPATH\CodeIgniter.php(887): class_exists('\\App\\Controllers\\printpdf', true)
 5 SYSTEMPATH\CodeIgniter.php(496): CodeIgniter\CodeIgniter->startController()
 6 SYSTEMPATH\CodeIgniter.php(355): CodeIgniter\CodeIgniter->handleRequest(null, Object(Config\Cache), false)
 7 SYSTEMPATH\Boot.php(325): CodeIgniter\CodeIgniter->run()
 8 SYSTEMPATH\Boot.php(67): CodeIgniter\Boot::runCodeIgniter(Object(CodeIgniter\CodeIgniter))
 9 FCPATH\index.php(56): CodeIgniter\Boot::bootWeb(Object(Config\Paths))
CRITICAL - 2024-09-07 05:44:21 --> ParseError: Invalid body indentation level (expecting an indentation level of at least 4)
[Method: GET, Route: printpdf/161]
in APPPATH\Controllers\printpdf.php on line 113.
 1 SYSTEMPATH\Autoloader\Autoloader.php(296): CodeIgniter\Autoloader\Autoloader->includeFile('C:\\updated\\htdocs\\codeigniter\\app\\Controllers\\printpdf.php')
 2 SYSTEMPATH\Autoloader\Autoloader.php(272): CodeIgniter\Autoloader\Autoloader->loadInNamespace('App\\Controllers\\printpdf')
 3 [internal function]: CodeIgniter\Autoloader\Autoloader->loadClass('App\\Controllers\\printpdf')
 4 SYSTEMPATH\CodeIgniter.php(887): class_exists('\\App\\Controllers\\printpdf', true)
 5 SYSTEMPATH\CodeIgniter.php(496): CodeIgniter\CodeIgniter->startController()
 6 SYSTEMPATH\CodeIgniter.php(355): CodeIgniter\CodeIgniter->handleRequest(null, Object(Config\Cache), false)
 7 SYSTEMPATH\Boot.php(325): CodeIgniter\CodeIgniter->run()
 8 SYSTEMPATH\Boot.php(67): CodeIgniter\Boot::runCodeIgniter(Object(CodeIgniter\CodeIgniter))
 9 FCPATH\index.php(56): CodeIgniter\Boot::bootWeb(Object(Config\Paths))
CRITICAL - 2024-09-07 05:44:22 --> ParseError: Invalid body indentation level (expecting an indentation level of at least 4)
[Method: GET, Route: printpdf/161]
in APPPATH\Controllers\printpdf.php on line 113.
 1 SYSTEMPATH\Autoloader\Autoloader.php(296): CodeIgniter\Autoloader\Autoloader->includeFile('C:\\updated\\htdocs\\codeigniter\\app\\Controllers\\printpdf.php')
 2 SYSTEMPATH\Autoloader\Autoloader.php(272): CodeIgniter\Autoloader\Autoloader->loadInNamespace('App\\Controllers\\printpdf')
 3 [internal function]: CodeIgniter\Autoloader\Autoloader->loadClass('App\\Controllers\\printpdf')
 4 SYSTEMPATH\CodeIgniter.php(887): class_exists('\\App\\Controllers\\printpdf', true)
 5 SYSTEMPATH\CodeIgniter.php(496): CodeIgniter\CodeIgniter->startController()
 6 SYSTEMPATH\CodeIgniter.php(355): CodeIgniter\CodeIgniter->handleRequest(null, Object(Config\Cache), false)
 7 SYSTEMPATH\Boot.php(325): CodeIgniter\CodeIgniter->run()
 8 SYSTEMPATH\Boot.php(67): CodeIgniter\Boot::runCodeIgniter(Object(CodeIgniter\CodeIgniter))
 9 FCPATH\index.php(56): CodeIgniter\Boot::bootWeb(Object(Config\Paths))
CRITICAL - 2024-09-07 05:44:22 --> ParseError: Invalid body indentation level (expecting an indentation level of at least 4)
[Method: GET, Route: printpdf/161]
in APPPATH\Controllers\printpdf.php on line 113.
 1 SYSTEMPATH\Autoloader\Autoloader.php(296): CodeIgniter\Autoloader\Autoloader->includeFile('C:\\updated\\htdocs\\codeigniter\\app\\Controllers\\printpdf.php')
 2 SYSTEMPATH\Autoloader\Autoloader.php(272): CodeIgniter\Autoloader\Autoloader->loadInNamespace('App\\Controllers\\printpdf')
 3 [internal function]: CodeIgniter\Autoloader\Autoloader->loadClass('App\\Controllers\\printpdf')
 4 SYSTEMPATH\CodeIgniter.php(887): class_exists('\\App\\Controllers\\printpdf', true)
 5 SYSTEMPATH\CodeIgniter.php(496): CodeIgniter\CodeIgniter->startController()
 6 SYSTEMPATH\CodeIgniter.php(355): CodeIgniter\CodeIgniter->handleRequest(null, Object(Config\Cache), false)
 7 SYSTEMPATH\Boot.php(325): CodeIgniter\CodeIgniter->run()
 8 SYSTEMPATH\Boot.php(67): CodeIgniter\Boot::runCodeIgniter(Object(CodeIgniter\CodeIgniter))
 9 FCPATH\index.php(56): CodeIgniter\Boot::bootWeb(Object(Config\Paths))
CRITICAL - 2024-09-07 05:44:22 --> ParseError: Invalid body indentation level (expecting an indentation level of at least 4)
[Method: GET, Route: printpdf/161]
in APPPATH\Controllers\printpdf.php on line 113.
 1 SYSTEMPATH\Autoloader\Autoloader.php(296): CodeIgniter\Autoloader\Autoloader->includeFile('C:\\updated\\htdocs\\codeigniter\\app\\Controllers\\printpdf.php')
 2 SYSTEMPATH\Autoloader\Autoloader.php(272): CodeIgniter\Autoloader\Autoloader->loadInNamespace('App\\Controllers\\printpdf')
 3 [internal function]: CodeIgniter\Autoloader\Autoloader->loadClass('App\\Controllers\\printpdf')
 4 SYSTEMPATH\CodeIgniter.php(887): class_exists('\\App\\Controllers\\printpdf', true)
 5 SYSTEMPATH\CodeIgniter.php(496): CodeIgniter\CodeIgniter->startController()
 6 SYSTEMPATH\CodeIgniter.php(355): CodeIgniter\CodeIgniter->handleRequest(null, Object(Config\Cache), false)
 7 SYSTEMPATH\Boot.php(325): CodeIgniter\CodeIgniter->run()
 8 SYSTEMPATH\Boot.php(67): CodeIgniter\Boot::runCodeIgniter(Object(CodeIgniter\CodeIgniter))
 9 FCPATH\index.php(56): CodeIgniter\Boot::bootWeb(Object(Config\Paths))
CRITICAL - 2024-09-07 05:44:22 --> ParseError: Invalid body indentation level (expecting an indentation level of at least 4)
[Method: GET, Route: printpdf/161]
in APPPATH\Controllers\printpdf.php on line 113.
 1 SYSTEMPATH\Autoloader\Autoloader.php(296): CodeIgniter\Autoloader\Autoloader->includeFile('C:\\updated\\htdocs\\codeigniter\\app\\Controllers\\printpdf.php')
 2 SYSTEMPATH\Autoloader\Autoloader.php(272): CodeIgniter\Autoloader\Autoloader->loadInNamespace('App\\Controllers\\printpdf')
 3 [internal function]: CodeIgniter\Autoloader\Autoloader->loadClass('App\\Controllers\\printpdf')
 4 SYSTEMPATH\CodeIgniter.php(887): class_exists('\\App\\Controllers\\printpdf', true)
 5 SYSTEMPATH\CodeIgniter.php(496): CodeIgniter\CodeIgniter->startController()
 6 SYSTEMPATH\CodeIgniter.php(355): CodeIgniter\CodeIgniter->handleRequest(null, Object(Config\Cache), false)
 7 SYSTEMPATH\Boot.php(325): CodeIgniter\CodeIgniter->run()
 8 SYSTEMPATH\Boot.php(67): CodeIgniter\Boot::runCodeIgniter(Object(CodeIgniter\CodeIgniter))
 9 FCPATH\index.php(56): CodeIgniter\Boot::bootWeb(Object(Config\Paths))
CRITICAL - 2024-09-07 05:44:31 --> ParseError: Invalid body indentation level (expecting an indentation level of at least 4)
[Method: GET, Route: printpdf/161]
in APPPATH\Controllers\printpdf.php on line 113.
 1 SYSTEMPATH\Autoloader\Autoloader.php(296): CodeIgniter\Autoloader\Autoloader->includeFile('C:\\updated\\htdocs\\codeigniter\\app\\Controllers\\printpdf.php')
 2 SYSTEMPATH\Autoloader\Autoloader.php(272): CodeIgniter\Autoloader\Autoloader->loadInNamespace('App\\Controllers\\printpdf')
 3 [internal function]: CodeIgniter\Autoloader\Autoloader->loadClass('App\\Controllers\\printpdf')
 4 SYSTEMPATH\CodeIgniter.php(887): class_exists('\\App\\Controllers\\printpdf', true)
 5 SYSTEMPATH\CodeIgniter.php(496): CodeIgniter\CodeIgniter->startController()
 6 SYSTEMPATH\CodeIgniter.php(355): CodeIgniter\CodeIgniter->handleRequest(null, Object(Config\Cache), false)
 7 SYSTEMPATH\Boot.php(325): CodeIgniter\CodeIgniter->run()
 8 SYSTEMPATH\Boot.php(67): CodeIgniter\Boot::runCodeIgniter(Object(CodeIgniter\CodeIgniter))
 9 FCPATH\index.php(56): CodeIgniter\Boot::bootWeb(Object(Config\Paths))
CRITICAL - 2024-09-07 05:46:01 --> ParseError: Invalid body indentation level (expecting an indentation level of at least 4)
[Method: GET, Route: printpdf/161]
in APPPATH\Controllers\printpdf.php on line 113.
 1 SYSTEMPATH\Autoloader\Autoloader.php(296): CodeIgniter\Autoloader\Autoloader->includeFile('C:\\updated\\htdocs\\codeigniter\\app\\Controllers\\printpdf.php')
 2 SYSTEMPATH\Autoloader\Autoloader.php(272): CodeIgniter\Autoloader\Autoloader->loadInNamespace('App\\Controllers\\printpdf')
 3 [internal function]: CodeIgniter\Autoloader\Autoloader->loadClass('App\\Controllers\\printpdf')
 4 SYSTEMPATH\CodeIgniter.php(887): class_exists('\\App\\Controllers\\printpdf', true)
 5 SYSTEMPATH\CodeIgniter.php(496): CodeIgniter\CodeIgniter->startController()
 6 SYSTEMPATH\CodeIgniter.php(355): CodeIgniter\CodeIgniter->handleRequest(null, Object(Config\Cache), false)
 7 SYSTEMPATH\Boot.php(325): CodeIgniter\CodeIgniter->run()
 8 SYSTEMPATH\Boot.php(67): CodeIgniter\Boot::runCodeIgniter(Object(CodeIgniter\CodeIgniter))
 9 FCPATH\index.php(56): CodeIgniter\Boot::bootWeb(Object(Config\Paths))
CRITICAL - 2024-09-07 05:48:03 --> ParseError: Invalid body indentation level (expecting an indentation level of at least 4)
[Method: GET, Route: printpdf/161]
in APPPATH\Controllers\printpdf.php on line 113.
 1 SYSTEMPATH\Autoloader\Autoloader.php(296): CodeIgniter\Autoloader\Autoloader->includeFile('C:\\updated\\htdocs\\codeigniter\\app\\Controllers\\printpdf.php')
 2 SYSTEMPATH\Autoloader\Autoloader.php(272): CodeIgniter\Autoloader\Autoloader->loadInNamespace('App\\Controllers\\printpdf')
 3 [internal function]: CodeIgniter\Autoloader\Autoloader->loadClass('App\\Controllers\\printpdf')
 4 SYSTEMPATH\CodeIgniter.php(887): class_exists('\\App\\Controllers\\printpdf', true)
 5 SYSTEMPATH\CodeIgniter.php(496): CodeIgniter\CodeIgniter->startController()
 6 SYSTEMPATH\CodeIgniter.php(355): CodeIgniter\CodeIgniter->handleRequest(null, Object(Config\Cache), false)
 7 SYSTEMPATH\Boot.php(325): CodeIgniter\CodeIgniter->run()
 8 SYSTEMPATH\Boot.php(67): CodeIgniter\Boot::runCodeIgniter(Object(CodeIgniter\CodeIgniter))
 9 FCPATH\index.php(56): CodeIgniter\Boot::bootWeb(Object(Config\Paths))
CRITICAL - 2024-09-07 05:48:03 --> ParseError: Invalid body indentation level (expecting an indentation level of at least 4)
[Method: GET, Route: printpdf/161]
in APPPATH\Controllers\printpdf.php on line 113.
 1 SYSTEMPATH\Autoloader\Autoloader.php(296): CodeIgniter\Autoloader\Autoloader->includeFile('C:\\updated\\htdocs\\codeigniter\\app\\Controllers\\printpdf.php')
 2 SYSTEMPATH\Autoloader\Autoloader.php(272): CodeIgniter\Autoloader\Autoloader->loadInNamespace('App\\Controllers\\printpdf')
 3 [internal function]: CodeIgniter\Autoloader\Autoloader->loadClass('App\\Controllers\\printpdf')
 4 SYSTEMPATH\CodeIgniter.php(887): class_exists('\\App\\Controllers\\printpdf', true)
 5 SYSTEMPATH\CodeIgniter.php(496): CodeIgniter\CodeIgniter->startController()
 6 SYSTEMPATH\CodeIgniter.php(355): CodeIgniter\CodeIgniter->handleRequest(null, Object(Config\Cache), false)
 7 SYSTEMPATH\Boot.php(325): CodeIgniter\CodeIgniter->run()
 8 SYSTEMPATH\Boot.php(67): CodeIgniter\Boot::runCodeIgniter(Object(CodeIgniter\CodeIgniter))
 9 FCPATH\index.php(56): CodeIgniter\Boot::bootWeb(Object(Config\Paths))
CRITICAL - 2024-09-07 05:48:03 --> ParseError: Invalid body indentation level (expecting an indentation level of at least 4)
[Method: GET, Route: printpdf/161]
in APPPATH\Controllers\printpdf.php on line 113.
 1 SYSTEMPATH\Autoloader\Autoloader.php(296): CodeIgniter\Autoloader\Autoloader->includeFile('C:\\updated\\htdocs\\codeigniter\\app\\Controllers\\printpdf.php')
 2 SYSTEMPATH\Autoloader\Autoloader.php(272): CodeIgniter\Autoloader\Autoloader->loadInNamespace('App\\Controllers\\printpdf')
 3 [internal function]: CodeIgniter\Autoloader\Autoloader->loadClass('App\\Controllers\\printpdf')
 4 SYSTEMPATH\CodeIgniter.php(887): class_exists('\\App\\Controllers\\printpdf', true)
 5 SYSTEMPATH\CodeIgniter.php(496): CodeIgniter\CodeIgniter->startController()
 6 SYSTEMPATH\CodeIgniter.php(355): CodeIgniter\CodeIgniter->handleRequest(null, Object(Config\Cache), false)
 7 SYSTEMPATH\Boot.php(325): CodeIgniter\CodeIgniter->run()
 8 SYSTEMPATH\Boot.php(67): CodeIgniter\Boot::runCodeIgniter(Object(CodeIgniter\CodeIgniter))
 9 FCPATH\index.php(56): CodeIgniter\Boot::bootWeb(Object(Config\Paths))
CRITICAL - 2024-09-07 05:48:03 --> ParseError: Invalid body indentation level (expecting an indentation level of at least 4)
[Method: GET, Route: printpdf/161]
in APPPATH\Controllers\printpdf.php on line 113.
 1 SYSTEMPATH\Autoloader\Autoloader.php(296): CodeIgniter\Autoloader\Autoloader->includeFile('C:\\updated\\htdocs\\codeigniter\\app\\Controllers\\printpdf.php')
 2 SYSTEMPATH\Autoloader\Autoloader.php(272): CodeIgniter\Autoloader\Autoloader->loadInNamespace('App\\Controllers\\printpdf')
 3 [internal function]: CodeIgniter\Autoloader\Autoloader->loadClass('App\\Controllers\\printpdf')
 4 SYSTEMPATH\CodeIgniter.php(887): class_exists('\\App\\Controllers\\printpdf', true)
 5 SYSTEMPATH\CodeIgniter.php(496): CodeIgniter\CodeIgniter->startController()
 6 SYSTEMPATH\CodeIgniter.php(355): CodeIgniter\CodeIgniter->handleRequest(null, Object(Config\Cache), false)
 7 SYSTEMPATH\Boot.php(325): CodeIgniter\CodeIgniter->run()
 8 SYSTEMPATH\Boot.php(67): CodeIgniter\Boot::runCodeIgniter(Object(CodeIgniter\CodeIgniter))
 9 FCPATH\index.php(56): CodeIgniter\Boot::bootWeb(Object(Config\Paths))
CRITICAL - 2024-09-07 05:48:03 --> ParseError: Invalid body indentation level (expecting an indentation level of at least 4)
[Method: GET, Route: printpdf/161]
in APPPATH\Controllers\printpdf.php on line 113.
 1 SYSTEMPATH\Autoloader\Autoloader.php(296): CodeIgniter\Autoloader\Autoloader->includeFile('C:\\updated\\htdocs\\codeigniter\\app\\Controllers\\printpdf.php')
 2 SYSTEMPATH\Autoloader\Autoloader.php(272): CodeIgniter\Autoloader\Autoloader->loadInNamespace('App\\Controllers\\printpdf')
 3 [internal function]: CodeIgniter\Autoloader\Autoloader->loadClass('App\\Controllers\\printpdf')
 4 SYSTEMPATH\CodeIgniter.php(887): class_exists('\\App\\Controllers\\printpdf', true)
 5 SYSTEMPATH\CodeIgniter.php(496): CodeIgniter\CodeIgniter->startController()
 6 SYSTEMPATH\CodeIgniter.php(355): CodeIgniter\CodeIgniter->handleRequest(null, Object(Config\Cache), false)
 7 SYSTEMPATH\Boot.php(325): CodeIgniter\CodeIgniter->run()
 8 SYSTEMPATH\Boot.php(67): CodeIgniter\Boot::runCodeIgniter(Object(CodeIgniter\CodeIgniter))
 9 FCPATH\index.php(56): CodeIgniter\Boot::bootWeb(Object(Config\Paths))
CRITICAL - 2024-09-07 05:48:15 --> ParseError: Invalid body indentation level (expecting an indentation level of at least 4)
[Method: GET, Route: printpdf/161]
in APPPATH\Controllers\printpdf.php on line 113.
 1 SYSTEMPATH\Autoloader\Autoloader.php(296): CodeIgniter\Autoloader\Autoloader->includeFile('C:\\updated\\htdocs\\codeigniter\\app\\Controllers\\printpdf.php')
 2 SYSTEMPATH\Autoloader\Autoloader.php(272): CodeIgniter\Autoloader\Autoloader->loadInNamespace('App\\Controllers\\printpdf')
 3 [internal function]: CodeIgniter\Autoloader\Autoloader->loadClass('App\\Controllers\\printpdf')
 4 SYSTEMPATH\CodeIgniter.php(887): class_exists('\\App\\Controllers\\printpdf', true)
 5 SYSTEMPATH\CodeIgniter.php(496): CodeIgniter\CodeIgniter->startController()
 6 SYSTEMPATH\CodeIgniter.php(355): CodeIgniter\CodeIgniter->handleRequest(null, Object(Config\Cache), false)
 7 SYSTEMPATH\Boot.php(325): CodeIgniter\CodeIgniter->run()
 8 SYSTEMPATH\Boot.php(67): CodeIgniter\Boot::runCodeIgniter(Object(CodeIgniter\CodeIgniter))
 9 FCPATH\index.php(56): CodeIgniter\Boot::bootWeb(Object(Config\Paths))
CRITICAL - 2024-09-07 05:49:45 --> ParseError: syntax error, unexpected token "<<"
[Method: GET, Route: printpdf/161]
in APPPATH\Controllers\printpdf.php on line 141.
 1 SYSTEMPATH\Autoloader\Autoloader.php(296): CodeIgniter\Autoloader\Autoloader->includeFile('C:\\updated\\htdocs\\codeigniter\\app\\Controllers\\printpdf.php')
 2 SYSTEMPATH\Autoloader\Autoloader.php(272): CodeIgniter\Autoloader\Autoloader->loadInNamespace('App\\Controllers\\printpdf')
 3 [internal function]: CodeIgniter\Autoloader\Autoloader->loadClass('App\\Controllers\\printpdf')
 4 SYSTEMPATH\CodeIgniter.php(887): class_exists('\\App\\Controllers\\printpdf', true)
 5 SYSTEMPATH\CodeIgniter.php(496): CodeIgniter\CodeIgniter->startController()
 6 SYSTEMPATH\CodeIgniter.php(355): CodeIgniter\CodeIgniter->handleRequest(null, Object(Config\Cache), false)
 7 SYSTEMPATH\Boot.php(325): CodeIgniter\CodeIgniter->run()
 8 SYSTEMPATH\Boot.php(67): CodeIgniter\Boot::runCodeIgniter(Object(CodeIgniter\CodeIgniter))
 9 FCPATH\index.php(56): CodeIgniter\Boot::bootWeb(Object(Config\Paths))
CRITICAL - 2024-09-07 05:49:47 --> ParseError: syntax error, unexpected token "<<"
[Method: GET, Route: printpdf/161]
in APPPATH\Controllers\printpdf.php on line 141.
 1 SYSTEMPATH\Autoloader\Autoloader.php(296): CodeIgniter\Autoloader\Autoloader->includeFile('C:\\updated\\htdocs\\codeigniter\\app\\Controllers\\printpdf.php')
 2 SYSTEMPATH\Autoloader\Autoloader.php(272): CodeIgniter\Autoloader\Autoloader->loadInNamespace('App\\Controllers\\printpdf')
 3 [internal function]: CodeIgniter\Autoloader\Autoloader->loadClass('App\\Controllers\\printpdf')
 4 SYSTEMPATH\CodeIgniter.php(887): class_exists('\\App\\Controllers\\printpdf', true)
 5 SYSTEMPATH\CodeIgniter.php(496): CodeIgniter\CodeIgniter->startController()
 6 SYSTEMPATH\CodeIgniter.php(355): CodeIgniter\CodeIgniter->handleRequest(null, Object(Config\Cache), false)
 7 SYSTEMPATH\Boot.php(325): CodeIgniter\CodeIgniter->run()
 8 SYSTEMPATH\Boot.php(67): CodeIgniter\Boot::runCodeIgniter(Object(CodeIgniter\CodeIgniter))
 9 FCPATH\index.php(56): CodeIgniter\Boot::bootWeb(Object(Config\Paths))
CRITICAL - 2024-09-07 05:49:48 --> ParseError: syntax error, unexpected token "<<"
[Method: GET, Route: printpdf/161]
in APPPATH\Controllers\printpdf.php on line 141.
 1 SYSTEMPATH\Autoloader\Autoloader.php(296): CodeIgniter\Autoloader\Autoloader->includeFile('C:\\updated\\htdocs\\codeigniter\\app\\Controllers\\printpdf.php')
 2 SYSTEMPATH\Autoloader\Autoloader.php(272): CodeIgniter\Autoloader\Autoloader->loadInNamespace('App\\Controllers\\printpdf')
 3 [internal function]: CodeIgniter\Autoloader\Autoloader->loadClass('App\\Controllers\\printpdf')
 4 SYSTEMPATH\CodeIgniter.php(887): class_exists('\\App\\Controllers\\printpdf', true)
 5 SYSTEMPATH\CodeIgniter.php(496): CodeIgniter\CodeIgniter->startController()
 6 SYSTEMPATH\CodeIgniter.php(355): CodeIgniter\CodeIgniter->handleRequest(null, Object(Config\Cache), false)
 7 SYSTEMPATH\Boot.php(325): CodeIgniter\CodeIgniter->run()
 8 SYSTEMPATH\Boot.php(67): CodeIgniter\Boot::runCodeIgniter(Object(CodeIgniter\CodeIgniter))
 9 FCPATH\index.php(56): CodeIgniter\Boot::bootWeb(Object(Config\Paths))
CRITICAL - 2024-09-07 05:49:48 --> ParseError: syntax error, unexpected token "<<"
[Method: GET, Route: printpdf/161]
in APPPATH\Controllers\printpdf.php on line 141.
 1 SYSTEMPATH\Autoloader\Autoloader.php(296): CodeIgniter\Autoloader\Autoloader->includeFile('C:\\updated\\htdocs\\codeigniter\\app\\Controllers\\printpdf.php')
 2 SYSTEMPATH\Autoloader\Autoloader.php(272): CodeIgniter\Autoloader\Autoloader->loadInNamespace('App\\Controllers\\printpdf')
 3 [internal function]: CodeIgniter\Autoloader\Autoloader->loadClass('App\\Controllers\\printpdf')
 4 SYSTEMPATH\CodeIgniter.php(887): class_exists('\\App\\Controllers\\printpdf', true)
 5 SYSTEMPATH\CodeIgniter.php(496): CodeIgniter\CodeIgniter->startController()
 6 SYSTEMPATH\CodeIgniter.php(355): CodeIgniter\CodeIgniter->handleRequest(null, Object(Config\Cache), false)
 7 SYSTEMPATH\Boot.php(325): CodeIgniter\CodeIgniter->run()
 8 SYSTEMPATH\Boot.php(67): CodeIgniter\Boot::runCodeIgniter(Object(CodeIgniter\CodeIgniter))
 9 FCPATH\index.php(56): CodeIgniter\Boot::bootWeb(Object(Config\Paths))
CRITICAL - 2024-09-07 05:49:49 --> ParseError: syntax error, unexpected token "<<"
[Method: GET, Route: printpdf/161]
in APPPATH\Controllers\printpdf.php on line 141.
 1 SYSTEMPATH\Autoloader\Autoloader.php(296): CodeIgniter\Autoloader\Autoloader->includeFile('C:\\updated\\htdocs\\codeigniter\\app\\Controllers\\printpdf.php')
 2 SYSTEMPATH\Autoloader\Autoloader.php(272): CodeIgniter\Autoloader\Autoloader->loadInNamespace('App\\Controllers\\printpdf')
 3 [internal function]: CodeIgniter\Autoloader\Autoloader->loadClass('App\\Controllers\\printpdf')
 4 SYSTEMPATH\CodeIgniter.php(887): class_exists('\\App\\Controllers\\printpdf', true)
 5 SYSTEMPATH\CodeIgniter.php(496): CodeIgniter\CodeIgniter->startController()
 6 SYSTEMPATH\CodeIgniter.php(355): CodeIgniter\CodeIgniter->handleRequest(null, Object(Config\Cache), false)
 7 SYSTEMPATH\Boot.php(325): CodeIgniter\CodeIgniter->run()
 8 SYSTEMPATH\Boot.php(67): CodeIgniter\Boot::runCodeIgniter(Object(CodeIgniter\CodeIgniter))
 9 FCPATH\index.php(56): CodeIgniter\Boot::bootWeb(Object(Config\Paths))
CRITICAL - 2024-09-07 05:50:42 --> ParseError: syntax error, unexpected token "<<"
[Method: GET, Route: printpdf/161]
in APPPATH\Controllers\printpdf.php on line 141.
 1 SYSTEMPATH\Autoloader\Autoloader.php(296): CodeIgniter\Autoloader\Autoloader->includeFile('C:\\updated\\htdocs\\codeigniter\\app\\Controllers\\printpdf.php')
 2 SYSTEMPATH\Autoloader\Autoloader.php(272): CodeIgniter\Autoloader\Autoloader->loadInNamespace('App\\Controllers\\printpdf')
 3 [internal function]: CodeIgniter\Autoloader\Autoloader->loadClass('App\\Controllers\\printpdf')
 4 SYSTEMPATH\CodeIgniter.php(887): class_exists('\\App\\Controllers\\printpdf', true)
 5 SYSTEMPATH\CodeIgniter.php(496): CodeIgniter\CodeIgniter->startController()
 6 SYSTEMPATH\CodeIgniter.php(355): CodeIgniter\CodeIgniter->handleRequest(null, Object(Config\Cache), false)
 7 SYSTEMPATH\Boot.php(325): CodeIgniter\CodeIgniter->run()
 8 SYSTEMPATH\Boot.php(67): CodeIgniter\Boot::runCodeIgniter(Object(CodeIgniter\CodeIgniter))
 9 FCPATH\index.php(56): CodeIgniter\Boot::bootWeb(Object(Config\Paths))
CRITICAL - 2024-09-07 05:50:43 --> ParseError: syntax error, unexpected token "<<"
[Method: GET, Route: printpdf/161]
in APPPATH\Controllers\printpdf.php on line 141.
 1 SYSTEMPATH\Autoloader\Autoloader.php(296): CodeIgniter\Autoloader\Autoloader->includeFile('C:\\updated\\htdocs\\codeigniter\\app\\Controllers\\printpdf.php')
 2 SYSTEMPATH\Autoloader\Autoloader.php(272): CodeIgniter\Autoloader\Autoloader->loadInNamespace('App\\Controllers\\printpdf')
 3 [internal function]: CodeIgniter\Autoloader\Autoloader->loadClass('App\\Controllers\\printpdf')
 4 SYSTEMPATH\CodeIgniter.php(887): class_exists('\\App\\Controllers\\printpdf', true)
 5 SYSTEMPATH\CodeIgniter.php(496): CodeIgniter\CodeIgniter->startController()
 6 SYSTEMPATH\CodeIgniter.php(355): CodeIgniter\CodeIgniter->handleRequest(null, Object(Config\Cache), false)
 7 SYSTEMPATH\Boot.php(325): CodeIgniter\CodeIgniter->run()
 8 SYSTEMPATH\Boot.php(67): CodeIgniter\Boot::runCodeIgniter(Object(CodeIgniter\CodeIgniter))
 9 FCPATH\index.php(56): CodeIgniter\Boot::bootWeb(Object(Config\Paths))
CRITICAL - 2024-09-07 05:50:43 --> ParseError: syntax error, unexpected token "<<"
[Method: GET, Route: printpdf/161]
in APPPATH\Controllers\printpdf.php on line 141.
 1 SYSTEMPATH\Autoloader\Autoloader.php(296): CodeIgniter\Autoloader\Autoloader->includeFile('C:\\updated\\htdocs\\codeigniter\\app\\Controllers\\printpdf.php')
 2 SYSTEMPATH\Autoloader\Autoloader.php(272): CodeIgniter\Autoloader\Autoloader->loadInNamespace('App\\Controllers\\printpdf')
 3 [internal function]: CodeIgniter\Autoloader\Autoloader->loadClass('App\\Controllers\\printpdf')
 4 SYSTEMPATH\CodeIgniter.php(887): class_exists('\\App\\Controllers\\printpdf', true)
 5 SYSTEMPATH\CodeIgniter.php(496): CodeIgniter\CodeIgniter->startController()
 6 SYSTEMPATH\CodeIgniter.php(355): CodeIgniter\CodeIgniter->handleRequest(null, Object(Config\Cache), false)
 7 SYSTEMPATH\Boot.php(325): CodeIgniter\CodeIgniter->run()
 8 SYSTEMPATH\Boot.php(67): CodeIgniter\Boot::runCodeIgniter(Object(CodeIgniter\CodeIgniter))
 9 FCPATH\index.php(56): CodeIgniter\Boot::bootWeb(Object(Config\Paths))
CRITICAL - 2024-09-07 05:50:43 --> ParseError: syntax error, unexpected token "<<"
[Method: GET, Route: printpdf/161]
in APPPATH\Controllers\printpdf.php on line 141.
 1 SYSTEMPATH\Autoloader\Autoloader.php(296): CodeIgniter\Autoloader\Autoloader->includeFile('C:\\updated\\htdocs\\codeigniter\\app\\Controllers\\printpdf.php')
 2 SYSTEMPATH\Autoloader\Autoloader.php(272): CodeIgniter\Autoloader\Autoloader->loadInNamespace('App\\Controllers\\printpdf')
 3 [internal function]: CodeIgniter\Autoloader\Autoloader->loadClass('App\\Controllers\\printpdf')
 4 SYSTEMPATH\CodeIgniter.php(887): class_exists('\\App\\Controllers\\printpdf', true)
 5 SYSTEMPATH\CodeIgniter.php(496): CodeIgniter\CodeIgniter->startController()
 6 SYSTEMPATH\CodeIgniter.php(355): CodeIgniter\CodeIgniter->handleRequest(null, Object(Config\Cache), false)
 7 SYSTEMPATH\Boot.php(325): CodeIgniter\CodeIgniter->run()
 8 SYSTEMPATH\Boot.php(67): CodeIgniter\Boot::runCodeIgniter(Object(CodeIgniter\CodeIgniter))
 9 FCPATH\index.php(56): CodeIgniter\Boot::bootWeb(Object(Config\Paths))
CRITICAL - 2024-09-07 05:51:31 --> ParseError: syntax error, unexpected token "<<"
[Method: GET, Route: printpdf/161]
in APPPATH\Controllers\printpdf.php on line 141.
 1 SYSTEMPATH\Autoloader\Autoloader.php(296): CodeIgniter\Autoloader\Autoloader->includeFile('C:\\updated\\htdocs\\codeigniter\\app\\Controllers\\printpdf.php')
 2 SYSTEMPATH\Autoloader\Autoloader.php(272): CodeIgniter\Autoloader\Autoloader->loadInNamespace('App\\Controllers\\printpdf')
 3 [internal function]: CodeIgniter\Autoloader\Autoloader->loadClass('App\\Controllers\\printpdf')
 4 SYSTEMPATH\CodeIgniter.php(887): class_exists('\\App\\Controllers\\printpdf', true)
 5 SYSTEMPATH\CodeIgniter.php(496): CodeIgniter\CodeIgniter->startController()
 6 SYSTEMPATH\CodeIgniter.php(355): CodeIgniter\CodeIgniter->handleRequest(null, Object(Config\Cache), false)
 7 SYSTEMPATH\Boot.php(325): CodeIgniter\CodeIgniter->run()
 8 SYSTEMPATH\Boot.php(67): CodeIgniter\Boot::runCodeIgniter(Object(CodeIgniter\CodeIgniter))
 9 FCPATH\index.php(56): CodeIgniter\Boot::bootWeb(Object(Config\Paths))
CRITICAL - 2024-09-07 05:51:31 --> ParseError: syntax error, unexpected token "<<"
[Method: GET, Route: printpdf/161]
in APPPATH\Controllers\printpdf.php on line 141.
 1 SYSTEMPATH\Autoloader\Autoloader.php(296): CodeIgniter\Autoloader\Autoloader->includeFile('C:\\updated\\htdocs\\codeigniter\\app\\Controllers\\printpdf.php')
 2 SYSTEMPATH\Autoloader\Autoloader.php(272): CodeIgniter\Autoloader\Autoloader->loadInNamespace('App\\Controllers\\printpdf')
 3 [internal function]: CodeIgniter\Autoloader\Autoloader->loadClass('App\\Controllers\\printpdf')
 4 SYSTEMPATH\CodeIgniter.php(887): class_exists('\\App\\Controllers\\printpdf', true)
 5 SYSTEMPATH\CodeIgniter.php(496): CodeIgniter\CodeIgniter->startController()
 6 SYSTEMPATH\CodeIgniter.php(355): CodeIgniter\CodeIgniter->handleRequest(null, Object(Config\Cache), false)
 7 SYSTEMPATH\Boot.php(325): CodeIgniter\CodeIgniter->run()
 8 SYSTEMPATH\Boot.php(67): CodeIgniter\Boot::runCodeIgniter(Object(CodeIgniter\CodeIgniter))
 9 FCPATH\index.php(56): CodeIgniter\Boot::bootWeb(Object(Config\Paths))
CRITICAL - 2024-09-07 05:51:32 --> ParseError: syntax error, unexpected token "<<"
[Method: GET, Route: printpdf/161]
in APPPATH\Controllers\printpdf.php on line 141.
 1 SYSTEMPATH\Autoloader\Autoloader.php(296): CodeIgniter\Autoloader\Autoloader->includeFile('C:\\updated\\htdocs\\codeigniter\\app\\Controllers\\printpdf.php')
 2 SYSTEMPATH\Autoloader\Autoloader.php(272): CodeIgniter\Autoloader\Autoloader->loadInNamespace('App\\Controllers\\printpdf')
 3 [internal function]: CodeIgniter\Autoloader\Autoloader->loadClass('App\\Controllers\\printpdf')
 4 SYSTEMPATH\CodeIgniter.php(887): class_exists('\\App\\Controllers\\printpdf', true)
 5 SYSTEMPATH\CodeIgniter.php(496): CodeIgniter\CodeIgniter->startController()
 6 SYSTEMPATH\CodeIgniter.php(355): CodeIgniter\CodeIgniter->handleRequest(null, Object(Config\Cache), false)
 7 SYSTEMPATH\Boot.php(325): CodeIgniter\CodeIgniter->run()
 8 SYSTEMPATH\Boot.php(67): CodeIgniter\Boot::runCodeIgniter(Object(CodeIgniter\CodeIgniter))
 9 FCPATH\index.php(56): CodeIgniter\Boot::bootWeb(Object(Config\Paths))
CRITICAL - 2024-09-07 05:51:32 --> ParseError: syntax error, unexpected token "<<"
[Method: GET, Route: printpdf/161]
in APPPATH\Controllers\printpdf.php on line 141.
 1 SYSTEMPATH\Autoloader\Autoloader.php(296): CodeIgniter\Autoloader\Autoloader->includeFile('C:\\updated\\htdocs\\codeigniter\\app\\Controllers\\printpdf.php')
 2 SYSTEMPATH\Autoloader\Autoloader.php(272): CodeIgniter\Autoloader\Autoloader->loadInNamespace('App\\Controllers\\printpdf')
 3 [internal function]: CodeIgniter\Autoloader\Autoloader->loadClass('App\\Controllers\\printpdf')
 4 SYSTEMPATH\CodeIgniter.php(887): class_exists('\\App\\Controllers\\printpdf', true)
 5 SYSTEMPATH\CodeIgniter.php(496): CodeIgniter\CodeIgniter->startController()
 6 SYSTEMPATH\CodeIgniter.php(355): CodeIgniter\CodeIgniter->handleRequest(null, Object(Config\Cache), false)
 7 SYSTEMPATH\Boot.php(325): CodeIgniter\CodeIgniter->run()
 8 SYSTEMPATH\Boot.php(67): CodeIgniter\Boot::runCodeIgniter(Object(CodeIgniter\CodeIgniter))
 9 FCPATH\index.php(56): CodeIgniter\Boot::bootWeb(Object(Config\Paths))
CRITICAL - 2024-09-07 05:51:32 --> ParseError: syntax error, unexpected token "<<"
[Method: GET, Route: printpdf/161]
in APPPATH\Controllers\printpdf.php on line 141.
 1 SYSTEMPATH\Autoloader\Autoloader.php(296): CodeIgniter\Autoloader\Autoloader->includeFile('C:\\updated\\htdocs\\codeigniter\\app\\Controllers\\printpdf.php')
 2 SYSTEMPATH\Autoloader\Autoloader.php(272): CodeIgniter\Autoloader\Autoloader->loadInNamespace('App\\Controllers\\printpdf')
 3 [internal function]: CodeIgniter\Autoloader\Autoloader->loadClass('App\\Controllers\\printpdf')
 4 SYSTEMPATH\CodeIgniter.php(887): class_exists('\\App\\Controllers\\printpdf', true)
 5 SYSTEMPATH\CodeIgniter.php(496): CodeIgniter\CodeIgniter->startController()
 6 SYSTEMPATH\CodeIgniter.php(355): CodeIgniter\CodeIgniter->handleRequest(null, Object(Config\Cache), false)
 7 SYSTEMPATH\Boot.php(325): CodeIgniter\CodeIgniter->run()
 8 SYSTEMPATH\Boot.php(67): CodeIgniter\Boot::runCodeIgniter(Object(CodeIgniter\CodeIgniter))
 9 FCPATH\index.php(56): CodeIgniter\Boot::bootWeb(Object(Config\Paths))
CRITICAL - 2024-09-07 05:51:32 --> ParseError: syntax error, unexpected token "<<"
[Method: GET, Route: printpdf/161]
in APPPATH\Controllers\printpdf.php on line 141.
 1 SYSTEMPATH\Autoloader\Autoloader.php(296): CodeIgniter\Autoloader\Autoloader->includeFile('C:\\updated\\htdocs\\codeigniter\\app\\Controllers\\printpdf.php')
 2 SYSTEMPATH\Autoloader\Autoloader.php(272): CodeIgniter\Autoloader\Autoloader->loadInNamespace('App\\Controllers\\printpdf')
 3 [internal function]: CodeIgniter\Autoloader\Autoloader->loadClass('App\\Controllers\\printpdf')
 4 SYSTEMPATH\CodeIgniter.php(887): class_exists('\\App\\Controllers\\printpdf', true)
 5 SYSTEMPATH\CodeIgniter.php(496): CodeIgniter\CodeIgniter->startController()
 6 SYSTEMPATH\CodeIgniter.php(355): CodeIgniter\CodeIgniter->handleRequest(null, Object(Config\Cache), false)
 7 SYSTEMPATH\Boot.php(325): CodeIgniter\CodeIgniter->run()
 8 SYSTEMPATH\Boot.php(67): CodeIgniter\Boot::runCodeIgniter(Object(CodeIgniter\CodeIgniter))
 9 FCPATH\index.php(56): CodeIgniter\Boot::bootWeb(Object(Config\Paths))
CRITICAL - 2024-09-07 05:51:33 --> ParseError: syntax error, unexpected token "<<"
[Method: GET, Route: printpdf/161]
in APPPATH\Controllers\printpdf.php on line 141.
 1 SYSTEMPATH\Autoloader\Autoloader.php(296): CodeIgniter\Autoloader\Autoloader->includeFile('C:\\updated\\htdocs\\codeigniter\\app\\Controllers\\printpdf.php')
 2 SYSTEMPATH\Autoloader\Autoloader.php(272): CodeIgniter\Autoloader\Autoloader->loadInNamespace('App\\Controllers\\printpdf')
 3 [internal function]: CodeIgniter\Autoloader\Autoloader->loadClass('App\\Controllers\\printpdf')
 4 SYSTEMPATH\CodeIgniter.php(887): class_exists('\\App\\Controllers\\printpdf', true)
 5 SYSTEMPATH\CodeIgniter.php(496): CodeIgniter\CodeIgniter->startController()
 6 SYSTEMPATH\CodeIgniter.php(355): CodeIgniter\CodeIgniter->handleRequest(null, Object(Config\Cache), false)
 7 SYSTEMPATH\Boot.php(325): CodeIgniter\CodeIgniter->run()
 8 SYSTEMPATH\Boot.php(67): CodeIgniter\Boot::runCodeIgniter(Object(CodeIgniter\CodeIgniter))
 9 FCPATH\index.php(56): CodeIgniter\Boot::bootWeb(Object(Config\Paths))
CRITICAL - 2024-09-07 05:51:33 --> ParseError: syntax error, unexpected token "<<"
[Method: GET, Route: printpdf/161]
in APPPATH\Controllers\printpdf.php on line 141.
 1 SYSTEMPATH\Autoloader\Autoloader.php(296): CodeIgniter\Autoloader\Autoloader->includeFile('C:\\updated\\htdocs\\codeigniter\\app\\Controllers\\printpdf.php')
 2 SYSTEMPATH\Autoloader\Autoloader.php(272): CodeIgniter\Autoloader\Autoloader->loadInNamespace('App\\Controllers\\printpdf')
 3 [internal function]: CodeIgniter\Autoloader\Autoloader->loadClass('App\\Controllers\\printpdf')
 4 SYSTEMPATH\CodeIgniter.php(887): class_exists('\\App\\Controllers\\printpdf', true)
 5 SYSTEMPATH\CodeIgniter.php(496): CodeIgniter\CodeIgniter->startController()
 6 SYSTEMPATH\CodeIgniter.php(355): CodeIgniter\CodeIgniter->handleRequest(null, Object(Config\Cache), false)
 7 SYSTEMPATH\Boot.php(325): CodeIgniter\CodeIgniter->run()
 8 SYSTEMPATH\Boot.php(67): CodeIgniter\Boot::runCodeIgniter(Object(CodeIgniter\CodeIgniter))
 9 FCPATH\index.php(56): CodeIgniter\Boot::bootWeb(Object(Config\Paths))
CRITICAL - 2024-09-07 05:53:08 --> ParseError: syntax error, unexpected token "<<"
[Method: GET, Route: printpdf/161]
in APPPATH\Controllers\printpdf.php on line 141.
 1 SYSTEMPATH\Autoloader\Autoloader.php(296): CodeIgniter\Autoloader\Autoloader->includeFile('C:\\updated\\htdocs\\codeigniter\\app\\Controllers\\printpdf.php')
 2 SYSTEMPATH\Autoloader\Autoloader.php(272): CodeIgniter\Autoloader\Autoloader->loadInNamespace('App\\Controllers\\printpdf')
 3 [internal function]: CodeIgniter\Autoloader\Autoloader->loadClass('App\\Controllers\\printpdf')
 4 SYSTEMPATH\CodeIgniter.php(887): class_exists('\\App\\Controllers\\printpdf', true)
 5 SYSTEMPATH\CodeIgniter.php(496): CodeIgniter\CodeIgniter->startController()
 6 SYSTEMPATH\CodeIgniter.php(355): CodeIgniter\CodeIgniter->handleRequest(null, Object(Config\Cache), false)
 7 SYSTEMPATH\Boot.php(325): CodeIgniter\CodeIgniter->run()
 8 SYSTEMPATH\Boot.php(67): CodeIgniter\Boot::runCodeIgniter(Object(CodeIgniter\CodeIgniter))
 9 FCPATH\index.php(56): CodeIgniter\Boot::bootWeb(Object(Config\Paths))
CRITICAL - 2024-09-07 05:53:09 --> ParseError: syntax error, unexpected token "<<"
[Method: GET, Route: printpdf/161]
in APPPATH\Controllers\printpdf.php on line 141.
 1 SYSTEMPATH\Autoloader\Autoloader.php(296): CodeIgniter\Autoloader\Autoloader->includeFile('C:\\updated\\htdocs\\codeigniter\\app\\Controllers\\printpdf.php')
 2 SYSTEMPATH\Autoloader\Autoloader.php(272): CodeIgniter\Autoloader\Autoloader->loadInNamespace('App\\Controllers\\printpdf')
 3 [internal function]: CodeIgniter\Autoloader\Autoloader->loadClass('App\\Controllers\\printpdf')
 4 SYSTEMPATH\CodeIgniter.php(887): class_exists('\\App\\Controllers\\printpdf', true)
 5 SYSTEMPATH\CodeIgniter.php(496): CodeIgniter\CodeIgniter->startController()
 6 SYSTEMPATH\CodeIgniter.php(355): CodeIgniter\CodeIgniter->handleRequest(null, Object(Config\Cache), false)
 7 SYSTEMPATH\Boot.php(325): CodeIgniter\CodeIgniter->run()
 8 SYSTEMPATH\Boot.php(67): CodeIgniter\Boot::runCodeIgniter(Object(CodeIgniter\CodeIgniter))
 9 FCPATH\index.php(56): CodeIgniter\Boot::bootWeb(Object(Config\Paths))
CRITICAL - 2024-09-07 05:53:09 --> ParseError: syntax error, unexpected token "<<"
[Method: GET, Route: printpdf/161]
in APPPATH\Controllers\printpdf.php on line 141.
 1 SYSTEMPATH\Autoloader\Autoloader.php(296): CodeIgniter\Autoloader\Autoloader->includeFile('C:\\updated\\htdocs\\codeigniter\\app\\Controllers\\printpdf.php')
 2 SYSTEMPATH\Autoloader\Autoloader.php(272): CodeIgniter\Autoloader\Autoloader->loadInNamespace('App\\Controllers\\printpdf')
 3 [internal function]: CodeIgniter\Autoloader\Autoloader->loadClass('App\\Controllers\\printpdf')
 4 SYSTEMPATH\CodeIgniter.php(887): class_exists('\\App\\Controllers\\printpdf', true)
 5 SYSTEMPATH\CodeIgniter.php(496): CodeIgniter\CodeIgniter->startController()
 6 SYSTEMPATH\CodeIgniter.php(355): CodeIgniter\CodeIgniter->handleRequest(null, Object(Config\Cache), false)
 7 SYSTEMPATH\Boot.php(325): CodeIgniter\CodeIgniter->run()
 8 SYSTEMPATH\Boot.php(67): CodeIgniter\Boot::runCodeIgniter(Object(CodeIgniter\CodeIgniter))
 9 FCPATH\index.php(56): CodeIgniter\Boot::bootWeb(Object(Config\Paths))
CRITICAL - 2024-09-07 05:53:09 --> ParseError: syntax error, unexpected token "<<"
[Method: GET, Route: printpdf/161]
in APPPATH\Controllers\printpdf.php on line 141.
 1 SYSTEMPATH\Autoloader\Autoloader.php(296): CodeIgniter\Autoloader\Autoloader->includeFile('C:\\updated\\htdocs\\codeigniter\\app\\Controllers\\printpdf.php')
 2 SYSTEMPATH\Autoloader\Autoloader.php(272): CodeIgniter\Autoloader\Autoloader->loadInNamespace('App\\Controllers\\printpdf')
 3 [internal function]: CodeIgniter\Autoloader\Autoloader->loadClass('App\\Controllers\\printpdf')
 4 SYSTEMPATH\CodeIgniter.php(887): class_exists('\\App\\Controllers\\printpdf', true)
 5 SYSTEMPATH\CodeIgniter.php(496): CodeIgniter\CodeIgniter->startController()
 6 SYSTEMPATH\CodeIgniter.php(355): CodeIgniter\CodeIgniter->handleRequest(null, Object(Config\Cache), false)
 7 SYSTEMPATH\Boot.php(325): CodeIgniter\CodeIgniter->run()
 8 SYSTEMPATH\Boot.php(67): CodeIgniter\Boot::runCodeIgniter(Object(CodeIgniter\CodeIgniter))
 9 FCPATH\index.php(56): CodeIgniter\Boot::bootWeb(Object(Config\Paths))
CRITICAL - 2024-09-07 05:53:09 --> ParseError: syntax error, unexpected token "<<"
[Method: GET, Route: printpdf/161]
in APPPATH\Controllers\printpdf.php on line 141.
 1 SYSTEMPATH\Autoloader\Autoloader.php(296): CodeIgniter\Autoloader\Autoloader->includeFile('C:\\updated\\htdocs\\codeigniter\\app\\Controllers\\printpdf.php')
 2 SYSTEMPATH\Autoloader\Autoloader.php(272): CodeIgniter\Autoloader\Autoloader->loadInNamespace('App\\Controllers\\printpdf')
 3 [internal function]: CodeIgniter\Autoloader\Autoloader->loadClass('App\\Controllers\\printpdf')
 4 SYSTEMPATH\CodeIgniter.php(887): class_exists('\\App\\Controllers\\printpdf', true)
 5 SYSTEMPATH\CodeIgniter.php(496): CodeIgniter\CodeIgniter->startController()
 6 SYSTEMPATH\CodeIgniter.php(355): CodeIgniter\CodeIgniter->handleRequest(null, Object(Config\Cache), false)
 7 SYSTEMPATH\Boot.php(325): CodeIgniter\CodeIgniter->run()
 8 SYSTEMPATH\Boot.php(67): CodeIgniter\Boot::runCodeIgniter(Object(CodeIgniter\CodeIgniter))
 9 FCPATH\index.php(56): CodeIgniter\Boot::bootWeb(Object(Config\Paths))
CRITICAL - 2024-09-07 05:54:40 --> ParseError: syntax error, unexpected token "<<"
[Method: GET, Route: printpdf/161]
in APPPATH\Controllers\printpdf.php on line 141.
 1 SYSTEMPATH\Autoloader\Autoloader.php(296): CodeIgniter\Autoloader\Autoloader->includeFile('C:\\updated\\htdocs\\codeigniter\\app\\Controllers\\printpdf.php')
 2 SYSTEMPATH\Autoloader\Autoloader.php(272): CodeIgniter\Autoloader\Autoloader->loadInNamespace('App\\Controllers\\printpdf')
 3 [internal function]: CodeIgniter\Autoloader\Autoloader->loadClass('App\\Controllers\\printpdf')
 4 SYSTEMPATH\CodeIgniter.php(887): class_exists('\\App\\Controllers\\printpdf', true)
 5 SYSTEMPATH\CodeIgniter.php(496): CodeIgniter\CodeIgniter->startController()
 6 SYSTEMPATH\CodeIgniter.php(355): CodeIgniter\CodeIgniter->handleRequest(null, Object(Config\Cache), false)
 7 SYSTEMPATH\Boot.php(325): CodeIgniter\CodeIgniter->run()
 8 SYSTEMPATH\Boot.php(67): CodeIgniter\Boot::runCodeIgniter(Object(CodeIgniter\CodeIgniter))
 9 FCPATH\index.php(56): CodeIgniter\Boot::bootWeb(Object(Config\Paths))
CRITICAL - 2024-09-07 05:55:13 --> ParseError: syntax error, unexpected token "<<"
[Method: GET, Route: printpdf/161]
in APPPATH\Controllers\printpdf.php on line 141.
 1 SYSTEMPATH\Autoloader\Autoloader.php(296): CodeIgniter\Autoloader\Autoloader->includeFile('C:\\updated\\htdocs\\codeigniter\\app\\Controllers\\printpdf.php')
 2 SYSTEMPATH\Autoloader\Autoloader.php(272): CodeIgniter\Autoloader\Autoloader->loadInNamespace('App\\Controllers\\printpdf')
 3 [internal function]: CodeIgniter\Autoloader\Autoloader->loadClass('App\\Controllers\\printpdf')
 4 SYSTEMPATH\CodeIgniter.php(887): class_exists('\\App\\Controllers\\printpdf', true)
 5 SYSTEMPATH\CodeIgniter.php(496): CodeIgniter\CodeIgniter->startController()
 6 SYSTEMPATH\CodeIgniter.php(355): CodeIgniter\CodeIgniter->handleRequest(null, Object(Config\Cache), false)
 7 SYSTEMPATH\Boot.php(325): CodeIgniter\CodeIgniter->run()
 8 SYSTEMPATH\Boot.php(67): CodeIgniter\Boot::runCodeIgniter(Object(CodeIgniter\CodeIgniter))
 9 FCPATH\index.php(56): CodeIgniter\Boot::bootWeb(Object(Config\Paths))
CRITICAL - 2024-09-07 06:15:15 --> ErrorException: Undefined variable $sub1
[Method: GET, Route: printpdf/161]
in APPPATH\Controllers\printpdf.php on line 141.
 1 APPPATH\Controllers\printpdf.php(141): CodeIgniter\Debug\Exceptions->errorHandler(2, 'Undefined variable $sub1', 'C:\\updated\\htdocs\\codeigniter\\app\\Controllers\\printpdf.php', 141)
 2 SYSTEMPATH\CodeIgniter.php(933): App\Controllers\Printpdf->index('161')
 3 SYSTEMPATH\CodeIgniter.php(509): CodeIgniter\CodeIgniter->runController(Object(App\Controllers\Printpdf))
 4 SYSTEMPATH\CodeIgniter.php(355): CodeIgniter\CodeIgniter->handleRequest(null, Object(Config\Cache), false)
 5 SYSTEMPATH\Boot.php(325): CodeIgniter\CodeIgniter->run()
 6 SYSTEMPATH\Boot.php(67): CodeIgniter\Boot::runCodeIgniter(Object(CodeIgniter\CodeIgniter))
 7 FCPATH\index.php(56): CodeIgniter\Boot::bootWeb(Object(Config\Paths))
CRITICAL - 2024-09-07 06:15:17 --> ErrorException: Undefined variable $sub1
[Method: GET, Route: printpdf/161]
in APPPATH\Controllers\printpdf.php on line 141.
 1 APPPATH\Controllers\printpdf.php(141): CodeIgniter\Debug\Exceptions->errorHandler(2, 'Undefined variable $sub1', 'C:\\updated\\htdocs\\codeigniter\\app\\Controllers\\printpdf.php', 141)
 2 SYSTEMPATH\CodeIgniter.php(933): App\Controllers\Printpdf->index('161')
 3 SYSTEMPATH\CodeIgniter.php(509): CodeIgniter\CodeIgniter->runController(Object(App\Controllers\Printpdf))
 4 SYSTEMPATH\CodeIgniter.php(355): CodeIgniter\CodeIgniter->handleRequest(null, Object(Config\Cache), false)
 5 SYSTEMPATH\Boot.php(325): CodeIgniter\CodeIgniter->run()
 6 SYSTEMPATH\Boot.php(67): CodeIgniter\Boot::runCodeIgniter(Object(CodeIgniter\CodeIgniter))
 7 FCPATH\index.php(56): CodeIgniter\Boot::bootWeb(Object(Config\Paths))
CRITICAL - 2024-09-07 07:25:34 --> ErrorException: Undefined variable $userid
[Method: POST, Route: dailyformAdd]
in APPPATH\Controllers\Dailyform.php on line 44.
 1 APPPATH\Controllers\Dailyform.php(44): CodeIgniter\Debug\Exceptions->errorHandler(2, 'Undefined variable $userid', 'C:\\updated\\htdocs\\codeigniter\\app\\Controllers\\Dailyform.php', 44)
 2 SYSTEMPATH\CodeIgniter.php(933): App\Controllers\Dailyform->add()
 3 SYSTEMPATH\CodeIgniter.php(509): CodeIgniter\CodeIgniter->runController(Object(App\Controllers\Dailyform))
 4 SYSTEMPATH\CodeIgniter.php(355): CodeIgniter\CodeIgniter->handleRequest(null, Object(Config\Cache), false)
 5 SYSTEMPATH\Boot.php(325): CodeIgniter\CodeIgniter->run()
 6 SYSTEMPATH\Boot.php(67): CodeIgniter\Boot::runCodeIgniter(Object(CodeIgniter\CodeIgniter))
 7 FCPATH\index.php(56): CodeIgniter\Boot::bootWeb(Object(Config\Paths))
CRITICAL - 2024-09-07 07:27:30 --> ErrorException: Undefined variable $userid
[Method: POST, Route: dailyformAdd]
in APPPATH\Controllers\Dailyform.php on line 44.
 1 APPPATH\Controllers\Dailyform.php(44): CodeIgniter\Debug\Exceptions->errorHandler(2, 'Undefined variable $userid', 'C:\\updated\\htdocs\\codeigniter\\app\\Controllers\\Dailyform.php', 44)
 2 SYSTEMPATH\CodeIgniter.php(933): App\Controllers\Dailyform->add()
 3 SYSTEMPATH\CodeIgniter.php(509): CodeIgniter\CodeIgniter->runController(Object(App\Controllers\Dailyform))
 4 SYSTEMPATH\CodeIgniter.php(355): CodeIgniter\CodeIgniter->handleRequest(null, Object(Config\Cache), false)
 5 SYSTEMPATH\Boot.php(325): CodeIgniter\CodeIgniter->run()
 6 SYSTEMPATH\Boot.php(67): CodeIgniter\Boot::runCodeIgniter(Object(CodeIgniter\CodeIgniter))
 7 FCPATH\index.php(56): CodeIgniter\Boot::bootWeb(Object(Config\Paths))
CRITICAL - 2024-09-07 07:27:57 --> ErrorException: Undefined variable $userid
[Method: POST, Route: dailyformAdd]
in APPPATH\Controllers\Dailyform.php on line 44.
 1 APPPATH\Controllers\Dailyform.php(44): CodeIgniter\Debug\Exceptions->errorHandler(2, 'Undefined variable $userid', 'C:\\updated\\htdocs\\codeigniter\\app\\Controllers\\Dailyform.php', 44)
 2 SYSTEMPATH\CodeIgniter.php(933): App\Controllers\Dailyform->add()
 3 SYSTEMPATH\CodeIgniter.php(509): CodeIgniter\CodeIgniter->runController(Object(App\Controllers\Dailyform))
 4 SYSTEMPATH\CodeIgniter.php(355): CodeIgniter\CodeIgniter->handleRequest(null, Object(Config\Cache), false)
 5 SYSTEMPATH\Boot.php(325): CodeIgniter\CodeIgniter->run()
 6 SYSTEMPATH\Boot.php(67): CodeIgniter\Boot::runCodeIgniter(Object(CodeIgniter\CodeIgniter))
 7 FCPATH\index.php(56): CodeIgniter\Boot::bootWeb(Object(Config\Paths))
CRITICAL - 2024-09-07 15:14:46 --> ParseError: syntax error, unexpected token "else", expecting "function" or "const"
[Method: POST, Route: updatedRecord/171]
in APPPATH\Controllers\Rfupdate.php on line 362.
 1 SYSTEMPATH\Autoloader\Autoloader.php(296): CodeIgniter\Autoloader\Autoloader->includeFile('C:\\updated\\htdocs\\codeigniter\\app\\Controllers\\rfupdate.php')
 2 SYSTEMPATH\Autoloader\Autoloader.php(272): CodeIgniter\Autoloader\Autoloader->loadInNamespace('App\\Controllers\\rfupdate')
 3 [internal function]: CodeIgniter\Autoloader\Autoloader->loadClass('App\\Controllers\\rfupdate')
 4 SYSTEMPATH\CodeIgniter.php(887): class_exists('\\App\\Controllers\\rfupdate', true)
 5 SYSTEMPATH\CodeIgniter.php(496): CodeIgniter\CodeIgniter->startController()
 6 SYSTEMPATH\CodeIgniter.php(355): CodeIgniter\CodeIgniter->handleRequest(null, Object(Config\Cache), false)
 7 SYSTEMPATH\Boot.php(325): CodeIgniter\CodeIgniter->run()
 8 SYSTEMPATH\Boot.php(67): CodeIgniter\Boot::runCodeIgniter(Object(CodeIgniter\CodeIgniter))
 9 FCPATH\index.php(56): CodeIgniter\Boot::bootWeb(Object(Config\Paths))
